<?xml version="1.0" encoding="UTF-8"?>
<ns0:test-suite xmlns:ns0="urn:model.allure.qatools.yandex.ru" start="1443743347205" stop="1443746044194" version="1.4.20-SNAPSHOT">
   <name>plugins.GitPluginTest</name>
   <test-cases>
      <test-case start="1443743347205" stop="1443743347237" status="canceled">
         <name>name_remote_repo</name>
         <failure>
            <message>AssumptionViolatedException: Docker is needed for the test</message>
            <stack-trace>org.junit.internal.AssumptionViolatedException: Docker is needed for the test
	at org.jenkinsci.test.acceptance.junit.WithDocker$RuleImpl$1.hasDocker(WithDocker.java:49)
	at org.jenkinsci.test.acceptance.junit.WithDocker$RuleImpl$1.evaluate(WithDocker.java:40)
	at org.jenkinsci.test.acceptance.junit.JenkinsAcceptanceTestRule$1.evaluate(JenkinsAcceptanceTestRule.java:55)
	at org.junit.runners.ParentRunner.runLeaf(ParentRunner.java:271)
	at org.junit.runners.BlockJUnit4ClassRunner.runChild(BlockJUnit4ClassRunner.java:70)
	at org.junit.runners.BlockJUnit4ClassRunner.runChild(BlockJUnit4ClassRunner.java:50)
	at org.junit.runners.ParentRunner$3.run(ParentRunner.java:238)
	at org.junit.runners.ParentRunner$1.schedule(ParentRunner.java:63)
	at org.junit.runners.ParentRunner.runChildren(ParentRunner.java:236)
	at org.junit.runners.ParentRunner.access$000(ParentRunner.java:53)
	at org.junit.runners.ParentRunner$2.evaluate(ParentRunner.java:229)
	at org.junit.runners.ParentRunner.run(ParentRunner.java:309)
	at org.apache.maven.surefire.junit4.JUnit4Provider.execute(JUnit4Provider.java:264)
	at org.apache.maven.surefire.junit4.JUnit4Provider.executeTestSet(JUnit4Provider.java:153)
	at org.apache.maven.surefire.junit4.JUnit4Provider.invoke(JUnit4Provider.java:124)
	at org.apache.maven.surefire.booter.ForkedBooter.invokeProviderInSameClassLoader(ForkedBooter.java:200)
	at org.apache.maven.surefire.booter.ForkedBooter.runSuitesInProcess(ForkedBooter.java:153)
	at org.apache.maven.surefire.booter.ForkedBooter.main(ForkedBooter.java:103)
</stack-trace>
         </failure>
         <steps/>
         <attachments/>
         <labels>
            <label name="host" value="Abduls-MBP.home"/>
            <label name="thread" value="35252@Abduls-MBP.home.main(1)"/>
         </labels>
      </test-case>
      <test-case start="1443743347243" stop="1443743347273" status="canceled">
         <name>checkout_branch</name>
         <failure>
            <message>AssumptionViolatedException: Docker is needed for the test</message>
            <stack-trace>org.junit.internal.AssumptionViolatedException: Docker is needed for the test
	at org.jenkinsci.test.acceptance.junit.WithDocker$RuleImpl$1.hasDocker(WithDocker.java:49)
	at org.jenkinsci.test.acceptance.junit.WithDocker$RuleImpl$1.evaluate(WithDocker.java:40)
	at org.jenkinsci.test.acceptance.junit.JenkinsAcceptanceTestRule$1.evaluate(JenkinsAcceptanceTestRule.java:55)
	at org.junit.runners.ParentRunner.runLeaf(ParentRunner.java:271)
	at org.junit.runners.BlockJUnit4ClassRunner.runChild(BlockJUnit4ClassRunner.java:70)
	at org.junit.runners.BlockJUnit4ClassRunner.runChild(BlockJUnit4ClassRunner.java:50)
	at org.junit.runners.ParentRunner$3.run(ParentRunner.java:238)
	at org.junit.runners.ParentRunner$1.schedule(ParentRunner.java:63)
	at org.junit.runners.ParentRunner.runChildren(ParentRunner.java:236)
	at org.junit.runners.ParentRunner.access$000(ParentRunner.java:53)
	at org.junit.runners.ParentRunner$2.evaluate(ParentRunner.java:229)
	at org.junit.runners.ParentRunner.run(ParentRunner.java:309)
	at org.apache.maven.surefire.junit4.JUnit4Provider.execute(JUnit4Provider.java:264)
	at org.apache.maven.surefire.junit4.JUnit4Provider.executeTestSet(JUnit4Provider.java:153)
	at org.apache.maven.surefire.junit4.JUnit4Provider.invoke(JUnit4Provider.java:124)
	at org.apache.maven.surefire.booter.ForkedBooter.invokeProviderInSameClassLoader(ForkedBooter.java:200)
	at org.apache.maven.surefire.booter.ForkedBooter.runSuitesInProcess(ForkedBooter.java:153)
	at org.apache.maven.surefire.booter.ForkedBooter.main(ForkedBooter.java:103)
</stack-trace>
         </failure>
         <steps/>
         <attachments/>
         <labels>
            <label name="host" value="Abduls-MBP.home"/>
            <label name="thread" value="35252@Abduls-MBP.home.main(1)"/>
         </labels>
      </test-case>
      <test-case start="1443743347278" stop="1443743347306" status="canceled">
         <name>check_revision</name>
         <failure>
            <message>AssumptionViolatedException: Docker is needed for the test</message>
            <stack-trace>org.junit.internal.AssumptionViolatedException: Docker is needed for the test
	at org.jenkinsci.test.acceptance.junit.WithDocker$RuleImpl$1.hasDocker(WithDocker.java:49)
	at org.jenkinsci.test.acceptance.junit.WithDocker$RuleImpl$1.evaluate(WithDocker.java:40)
	at org.jenkinsci.test.acceptance.junit.JenkinsAcceptanceTestRule$1.evaluate(JenkinsAcceptanceTestRule.java:55)
	at org.junit.runners.ParentRunner.runLeaf(ParentRunner.java:271)
	at org.junit.runners.BlockJUnit4ClassRunner.runChild(BlockJUnit4ClassRunner.java:70)
	at org.junit.runners.BlockJUnit4ClassRunner.runChild(BlockJUnit4ClassRunner.java:50)
	at org.junit.runners.ParentRunner$3.run(ParentRunner.java:238)
	at org.junit.runners.ParentRunner$1.schedule(ParentRunner.java:63)
	at org.junit.runners.ParentRunner.runChildren(ParentRunner.java:236)
	at org.junit.runners.ParentRunner.access$000(ParentRunner.java:53)
	at org.junit.runners.ParentRunner$2.evaluate(ParentRunner.java:229)
	at org.junit.runners.ParentRunner.run(ParentRunner.java:309)
	at org.apache.maven.surefire.junit4.JUnit4Provider.execute(JUnit4Provider.java:264)
	at org.apache.maven.surefire.junit4.JUnit4Provider.executeTestSet(JUnit4Provider.java:153)
	at org.apache.maven.surefire.junit4.JUnit4Provider.invoke(JUnit4Provider.java:124)
	at org.apache.maven.surefire.booter.ForkedBooter.invokeProviderInSameClassLoader(ForkedBooter.java:200)
	at org.apache.maven.surefire.booter.ForkedBooter.runSuitesInProcess(ForkedBooter.java:153)
	at org.apache.maven.surefire.booter.ForkedBooter.main(ForkedBooter.java:103)
</stack-trace>
         </failure>
         <steps/>
         <attachments/>
         <labels>
            <label name="host" value="Abduls-MBP.home"/>
            <label name="thread" value="35252@Abduls-MBP.home.main(1)"/>
         </labels>
      </test-case>
      <test-case start="1443743347311" stop="1443743347347" status="canceled">
         <name>checkout_to_local_dir</name>
         <failure>
            <message>AssumptionViolatedException: Docker is needed for the test</message>
            <stack-trace>org.junit.internal.AssumptionViolatedException: Docker is needed for the test
	at org.jenkinsci.test.acceptance.junit.WithDocker$RuleImpl$1.hasDocker(WithDocker.java:49)
	at org.jenkinsci.test.acceptance.junit.WithDocker$RuleImpl$1.evaluate(WithDocker.java:40)
	at org.jenkinsci.test.acceptance.junit.JenkinsAcceptanceTestRule$1.evaluate(JenkinsAcceptanceTestRule.java:55)
	at org.junit.runners.ParentRunner.runLeaf(ParentRunner.java:271)
	at org.junit.runners.BlockJUnit4ClassRunner.runChild(BlockJUnit4ClassRunner.java:70)
	at org.junit.runners.BlockJUnit4ClassRunner.runChild(BlockJUnit4ClassRunner.java:50)
	at org.junit.runners.ParentRunner$3.run(ParentRunner.java:238)
	at org.junit.runners.ParentRunner$1.schedule(ParentRunner.java:63)
	at org.junit.runners.ParentRunner.runChildren(ParentRunner.java:236)
	at org.junit.runners.ParentRunner.access$000(ParentRunner.java:53)
	at org.junit.runners.ParentRunner$2.evaluate(ParentRunner.java:229)
	at org.junit.runners.ParentRunner.run(ParentRunner.java:309)
	at org.apache.maven.surefire.junit4.JUnit4Provider.execute(JUnit4Provider.java:264)
	at org.apache.maven.surefire.junit4.JUnit4Provider.executeTestSet(JUnit4Provider.java:153)
	at org.apache.maven.surefire.junit4.JUnit4Provider.invoke(JUnit4Provider.java:124)
	at org.apache.maven.surefire.booter.ForkedBooter.invokeProviderInSameClassLoader(ForkedBooter.java:200)
	at org.apache.maven.surefire.booter.ForkedBooter.runSuitesInProcess(ForkedBooter.java:153)
	at org.apache.maven.surefire.booter.ForkedBooter.main(ForkedBooter.java:103)
</stack-trace>
         </failure>
         <steps/>
         <attachments/>
         <labels>
            <label name="host" value="Abduls-MBP.home"/>
            <label name="thread" value="35252@Abduls-MBP.home.main(1)"/>
         </labels>
      </test-case>
      <test-case start="1443743347354" stop="1443743347386" status="canceled">
         <name>checkout_local_branch</name>
         <failure>
            <message>AssumptionViolatedException: Docker is needed for the test</message>
            <stack-trace>org.junit.internal.AssumptionViolatedException: Docker is needed for the test
	at org.jenkinsci.test.acceptance.junit.WithDocker$RuleImpl$1.hasDocker(WithDocker.java:49)
	at org.jenkinsci.test.acceptance.junit.WithDocker$RuleImpl$1.evaluate(WithDocker.java:40)
	at org.jenkinsci.test.acceptance.junit.JenkinsAcceptanceTestRule$1.evaluate(JenkinsAcceptanceTestRule.java:55)
	at org.junit.runners.ParentRunner.runLeaf(ParentRunner.java:271)
	at org.junit.runners.BlockJUnit4ClassRunner.runChild(BlockJUnit4ClassRunner.java:70)
	at org.junit.runners.BlockJUnit4ClassRunner.runChild(BlockJUnit4ClassRunner.java:50)
	at org.junit.runners.ParentRunner$3.run(ParentRunner.java:238)
	at org.junit.runners.ParentRunner$1.schedule(ParentRunner.java:63)
	at org.junit.runners.ParentRunner.runChildren(ParentRunner.java:236)
	at org.junit.runners.ParentRunner.access$000(ParentRunner.java:53)
	at org.junit.runners.ParentRunner$2.evaluate(ParentRunner.java:229)
	at org.junit.runners.ParentRunner.run(ParentRunner.java:309)
	at org.apache.maven.surefire.junit4.JUnit4Provider.execute(JUnit4Provider.java:264)
	at org.apache.maven.surefire.junit4.JUnit4Provider.executeTestSet(JUnit4Provider.java:153)
	at org.apache.maven.surefire.junit4.JUnit4Provider.invoke(JUnit4Provider.java:124)
	at org.apache.maven.surefire.booter.ForkedBooter.invokeProviderInSameClassLoader(ForkedBooter.java:200)
	at org.apache.maven.surefire.booter.ForkedBooter.runSuitesInProcess(ForkedBooter.java:153)
	at org.apache.maven.surefire.booter.ForkedBooter.main(ForkedBooter.java:103)
</stack-trace>
         </failure>
         <steps/>
         <attachments/>
         <labels>
            <label name="host" value="Abduls-MBP.home"/>
            <label name="thread" value="35252@Abduls-MBP.home.main(1)"/>
         </labels>
      </test-case>
      <test-case start="1443743347390" stop="1443743347418" status="canceled">
         <name>update_submodules_recursively</name>
         <failure>
            <message>AssumptionViolatedException: Docker is needed for the test</message>
            <stack-trace>org.junit.internal.AssumptionViolatedException: Docker is needed for the test
	at org.jenkinsci.test.acceptance.junit.WithDocker$RuleImpl$1.hasDocker(WithDocker.java:49)
	at org.jenkinsci.test.acceptance.junit.WithDocker$RuleImpl$1.evaluate(WithDocker.java:40)
	at org.jenkinsci.test.acceptance.junit.JenkinsAcceptanceTestRule$1.evaluate(JenkinsAcceptanceTestRule.java:55)
	at org.junit.runners.ParentRunner.runLeaf(ParentRunner.java:271)
	at org.junit.runners.BlockJUnit4ClassRunner.runChild(BlockJUnit4ClassRunner.java:70)
	at org.junit.runners.BlockJUnit4ClassRunner.runChild(BlockJUnit4ClassRunner.java:50)
	at org.junit.runners.ParentRunner$3.run(ParentRunner.java:238)
	at org.junit.runners.ParentRunner$1.schedule(ParentRunner.java:63)
	at org.junit.runners.ParentRunner.runChildren(ParentRunner.java:236)
	at org.junit.runners.ParentRunner.access$000(ParentRunner.java:53)
	at org.junit.runners.ParentRunner$2.evaluate(ParentRunner.java:229)
	at org.junit.runners.ParentRunner.run(ParentRunner.java:309)
	at org.apache.maven.surefire.junit4.JUnit4Provider.execute(JUnit4Provider.java:264)
	at org.apache.maven.surefire.junit4.JUnit4Provider.executeTestSet(JUnit4Provider.java:153)
	at org.apache.maven.surefire.junit4.JUnit4Provider.invoke(JUnit4Provider.java:124)
	at org.apache.maven.surefire.booter.ForkedBooter.invokeProviderInSameClassLoader(ForkedBooter.java:200)
	at org.apache.maven.surefire.booter.ForkedBooter.runSuitesInProcess(ForkedBooter.java:153)
	at org.apache.maven.surefire.booter.ForkedBooter.main(ForkedBooter.java:103)
</stack-trace>
         </failure>
         <steps/>
         <attachments/>
         <labels>
            <label name="host" value="Abduls-MBP.home"/>
            <label name="thread" value="35252@Abduls-MBP.home.main(1)"/>
         </labels>
      </test-case>
      <test-case start="1443743347424" stop="1443743347455" status="canceled">
         <name>poll_for_changes</name>
         <failure>
            <message>AssumptionViolatedException: Docker is needed for the test</message>
            <stack-trace>org.junit.internal.AssumptionViolatedException: Docker is needed for the test
	at org.jenkinsci.test.acceptance.junit.WithDocker$RuleImpl$1.hasDocker(WithDocker.java:49)
	at org.jenkinsci.test.acceptance.junit.WithDocker$RuleImpl$1.evaluate(WithDocker.java:40)
	at org.jenkinsci.test.acceptance.junit.JenkinsAcceptanceTestRule$1.evaluate(JenkinsAcceptanceTestRule.java:55)
	at org.junit.runners.ParentRunner.runLeaf(ParentRunner.java:271)
	at org.junit.runners.BlockJUnit4ClassRunner.runChild(BlockJUnit4ClassRunner.java:70)
	at org.junit.runners.BlockJUnit4ClassRunner.runChild(BlockJUnit4ClassRunner.java:50)
	at org.junit.runners.ParentRunner$3.run(ParentRunner.java:238)
	at org.junit.runners.ParentRunner$1.schedule(ParentRunner.java:63)
	at org.junit.runners.ParentRunner.runChildren(ParentRunner.java:236)
	at org.junit.runners.ParentRunner.access$000(ParentRunner.java:53)
	at org.junit.runners.ParentRunner$2.evaluate(ParentRunner.java:229)
	at org.junit.runners.ParentRunner.run(ParentRunner.java:309)
	at org.apache.maven.surefire.junit4.JUnit4Provider.execute(JUnit4Provider.java:264)
	at org.apache.maven.surefire.junit4.JUnit4Provider.executeTestSet(JUnit4Provider.java:153)
	at org.apache.maven.surefire.junit4.JUnit4Provider.invoke(JUnit4Provider.java:124)
	at org.apache.maven.surefire.booter.ForkedBooter.invokeProviderInSameClassLoader(ForkedBooter.java:200)
	at org.apache.maven.surefire.booter.ForkedBooter.runSuitesInProcess(ForkedBooter.java:153)
	at org.apache.maven.surefire.booter.ForkedBooter.main(ForkedBooter.java:103)
</stack-trace>
         </failure>
         <steps/>
         <attachments/>
         <labels>
            <label name="host" value="Abduls-MBP.home"/>
            <label name="thread" value="35252@Abduls-MBP.home.main(1)"/>
         </labels>
      </test-case>
      <test-case start="1443743347460" stop="1443743347496" status="canceled">
         <name>simple_checkout</name>
         <failure>
            <message>AssumptionViolatedException: Docker is needed for the test</message>
            <stack-trace>org.junit.internal.AssumptionViolatedException: Docker is needed for the test
	at org.jenkinsci.test.acceptance.junit.WithDocker$RuleImpl$1.hasDocker(WithDocker.java:49)
	at org.jenkinsci.test.acceptance.junit.WithDocker$RuleImpl$1.evaluate(WithDocker.java:40)
	at org.jenkinsci.test.acceptance.junit.JenkinsAcceptanceTestRule$1.evaluate(JenkinsAcceptanceTestRule.java:55)
	at org.junit.runners.ParentRunner.runLeaf(ParentRunner.java:271)
	at org.junit.runners.BlockJUnit4ClassRunner.runChild(BlockJUnit4ClassRunner.java:70)
	at org.junit.runners.BlockJUnit4ClassRunner.runChild(BlockJUnit4ClassRunner.java:50)
	at org.junit.runners.ParentRunner$3.run(ParentRunner.java:238)
	at org.junit.runners.ParentRunner$1.schedule(ParentRunner.java:63)
	at org.junit.runners.ParentRunner.runChildren(ParentRunner.java:236)
	at org.junit.runners.ParentRunner.access$000(ParentRunner.java:53)
	at org.junit.runners.ParentRunner$2.evaluate(ParentRunner.java:229)
	at org.junit.runners.ParentRunner.run(ParentRunner.java:309)
	at org.apache.maven.surefire.junit4.JUnit4Provider.execute(JUnit4Provider.java:264)
	at org.apache.maven.surefire.junit4.JUnit4Provider.executeTestSet(JUnit4Provider.java:153)
	at org.apache.maven.surefire.junit4.JUnit4Provider.invoke(JUnit4Provider.java:124)
	at org.apache.maven.surefire.booter.ForkedBooter.invokeProviderInSameClassLoader(ForkedBooter.java:200)
	at org.apache.maven.surefire.booter.ForkedBooter.runSuitesInProcess(ForkedBooter.java:153)
	at org.apache.maven.surefire.booter.ForkedBooter.main(ForkedBooter.java:103)
</stack-trace>
         </failure>
         <steps/>
         <attachments/>
         <labels>
            <label name="host" value="Abduls-MBP.home"/>
            <label name="thread" value="35252@Abduls-MBP.home.main(1)"/>
         </labels>
      </test-case>
   </test-cases>
   <labels>
      <label name="framework" value="JUnit"/>
      <label name="language" value="JAVA"/>
   </labels>
</ns0:test-suite>
