<?xml version="1.0" encoding="UTF-8"?>
<ns0:test-suite xmlns:ns0="urn:model.allure.qatools.yandex.ru" start="1443744945759" stop="1443745655811" version="1.4.20-SNAPSHOT">
   <name>plugins.Subversion_Version154_PluginTest</name>
   <test-cases>
      <test-case start="1443744945759" stop="1443744945786" status="canceled">
         <name>run_basic_subversion_build_svn_userPwd</name>
         <failure>
            <message>AssumptionViolatedException: Docker is needed for the test</message>
            <stack-trace>org.junit.internal.AssumptionViolatedException: Docker is needed for the test
	at org.jenkinsci.test.acceptance.junit.WithDocker$RuleImpl$1.hasDocker(WithDocker.java:49)
	at org.jenkinsci.test.acceptance.junit.WithDocker$RuleImpl$1.evaluate(WithDocker.java:40)
	at org.jenkinsci.test.acceptance.junit.JenkinsAcceptanceTestRule$1.evaluate(JenkinsAcceptanceTestRule.java:55)
	at org.junit.runners.ParentRunner.runLeaf(ParentRunner.java:271)
	at org.junit.runners.BlockJUnit4ClassRunner.runChild(BlockJUnit4ClassRunner.java:70)
	at org.junit.runners.BlockJUnit4ClassRunner.runChild(BlockJUnit4ClassRunner.java:50)
	at org.junit.runners.ParentRunner$3.run(ParentRunner.java:238)
	at org.junit.runners.ParentRunner$1.schedule(ParentRunner.java:63)
	at org.junit.runners.ParentRunner.runChildren(ParentRunner.java:236)
	at org.junit.runners.ParentRunner.access$000(ParentRunner.java:53)
	at org.junit.runners.ParentRunner$2.evaluate(ParentRunner.java:229)
	at org.junit.runners.ParentRunner.run(ParentRunner.java:309)
	at org.apache.maven.surefire.junit4.JUnit4Provider.execute(JUnit4Provider.java:264)
	at org.apache.maven.surefire.junit4.JUnit4Provider.executeTestSet(JUnit4Provider.java:153)
	at org.apache.maven.surefire.junit4.JUnit4Provider.invoke(JUnit4Provider.java:124)
	at org.apache.maven.surefire.booter.ForkedBooter.invokeProviderInSameClassLoader(ForkedBooter.java:200)
	at org.apache.maven.surefire.booter.ForkedBooter.runSuitesInProcess(ForkedBooter.java:153)
	at org.apache.maven.surefire.booter.ForkedBooter.main(ForkedBooter.java:103)
</stack-trace>
         </failure>
         <steps/>
         <attachments/>
         <labels>
            <label name="host" value="Abduls-MBP.home"/>
            <label name="thread" value="35249@Abduls-MBP.home.main(1)"/>
         </labels>
      </test-case>
      <test-case start="1443744945790" stop="1443744945823" status="canceled">
         <name>run_basic_subversion_build_userPwd</name>
         <failure>
            <message>AssumptionViolatedException: Docker is needed for the test</message>
            <stack-trace>org.junit.internal.AssumptionViolatedException: Docker is needed for the test
	at org.jenkinsci.test.acceptance.junit.WithDocker$RuleImpl$1.hasDocker(WithDocker.java:49)
	at org.jenkinsci.test.acceptance.junit.WithDocker$RuleImpl$1.evaluate(WithDocker.java:40)
	at org.jenkinsci.test.acceptance.junit.JenkinsAcceptanceTestRule$1.evaluate(JenkinsAcceptanceTestRule.java:55)
	at org.junit.runners.ParentRunner.runLeaf(ParentRunner.java:271)
	at org.junit.runners.BlockJUnit4ClassRunner.runChild(BlockJUnit4ClassRunner.java:70)
	at org.junit.runners.BlockJUnit4ClassRunner.runChild(BlockJUnit4ClassRunner.java:50)
	at org.junit.runners.ParentRunner$3.run(ParentRunner.java:238)
	at org.junit.runners.ParentRunner$1.schedule(ParentRunner.java:63)
	at org.junit.runners.ParentRunner.runChildren(ParentRunner.java:236)
	at org.junit.runners.ParentRunner.access$000(ParentRunner.java:53)
	at org.junit.runners.ParentRunner$2.evaluate(ParentRunner.java:229)
	at org.junit.runners.ParentRunner.run(ParentRunner.java:309)
	at org.apache.maven.surefire.junit4.JUnit4Provider.execute(JUnit4Provider.java:264)
	at org.apache.maven.surefire.junit4.JUnit4Provider.executeTestSet(JUnit4Provider.java:153)
	at org.apache.maven.surefire.junit4.JUnit4Provider.invoke(JUnit4Provider.java:124)
	at org.apache.maven.surefire.booter.ForkedBooter.invokeProviderInSameClassLoader(ForkedBooter.java:200)
	at org.apache.maven.surefire.booter.ForkedBooter.runSuitesInProcess(ForkedBooter.java:153)
	at org.apache.maven.surefire.booter.ForkedBooter.main(ForkedBooter.java:103)
</stack-trace>
         </failure>
         <steps/>
         <attachments/>
         <labels>
            <label name="host" value="Abduls-MBP.home"/>
            <label name="thread" value="35249@Abduls-MBP.home.main(1)"/>
         </labels>
      </test-case>
      <test-case start="1443744945838" stop="1443744945866" status="canceled">
         <name>run_basic_subversion_build</name>
         <failure>
            <message>AssumptionViolatedException: Docker is needed for the test</message>
            <stack-trace>org.junit.internal.AssumptionViolatedException: Docker is needed for the test
	at org.jenkinsci.test.acceptance.junit.WithDocker$RuleImpl$1.hasDocker(WithDocker.java:49)
	at org.jenkinsci.test.acceptance.junit.WithDocker$RuleImpl$1.evaluate(WithDocker.java:40)
	at org.jenkinsci.test.acceptance.junit.JenkinsAcceptanceTestRule$1.evaluate(JenkinsAcceptanceTestRule.java:55)
	at org.junit.runners.ParentRunner.runLeaf(ParentRunner.java:271)
	at org.junit.runners.BlockJUnit4ClassRunner.runChild(BlockJUnit4ClassRunner.java:70)
	at org.junit.runners.BlockJUnit4ClassRunner.runChild(BlockJUnit4ClassRunner.java:50)
	at org.junit.runners.ParentRunner$3.run(ParentRunner.java:238)
	at org.junit.runners.ParentRunner$1.schedule(ParentRunner.java:63)
	at org.junit.runners.ParentRunner.runChildren(ParentRunner.java:236)
	at org.junit.runners.ParentRunner.access$000(ParentRunner.java:53)
	at org.junit.runners.ParentRunner$2.evaluate(ParentRunner.java:229)
	at org.junit.runners.ParentRunner.run(ParentRunner.java:309)
	at org.apache.maven.surefire.junit4.JUnit4Provider.execute(JUnit4Provider.java:264)
	at org.apache.maven.surefire.junit4.JUnit4Provider.executeTestSet(JUnit4Provider.java:153)
	at org.apache.maven.surefire.junit4.JUnit4Provider.invoke(JUnit4Provider.java:124)
	at org.apache.maven.surefire.booter.ForkedBooter.invokeProviderInSameClassLoader(ForkedBooter.java:200)
	at org.apache.maven.surefire.booter.ForkedBooter.runSuitesInProcess(ForkedBooter.java:153)
	at org.apache.maven.surefire.booter.ForkedBooter.main(ForkedBooter.java:103)
</stack-trace>
         </failure>
         <steps/>
         <attachments/>
         <labels>
            <label name="host" value="Abduls-MBP.home"/>
            <label name="thread" value="35249@Abduls-MBP.home.main(1)"/>
         </labels>
      </test-case>
      <test-case start="1443744945879" stop="1443744945925" status="canceled">
         <name>checkout_specific_revision</name>
         <failure>
            <message>AssumptionViolatedException: Docker is needed for the test</message>
            <stack-trace>org.junit.internal.AssumptionViolatedException: Docker is needed for the test
	at org.jenkinsci.test.acceptance.junit.WithDocker$RuleImpl$1.hasDocker(WithDocker.java:49)
	at org.jenkinsci.test.acceptance.junit.WithDocker$RuleImpl$1.evaluate(WithDocker.java:40)
	at org.jenkinsci.test.acceptance.junit.JenkinsAcceptanceTestRule$1.evaluate(JenkinsAcceptanceTestRule.java:55)
	at org.junit.runners.ParentRunner.runLeaf(ParentRunner.java:271)
	at org.junit.runners.BlockJUnit4ClassRunner.runChild(BlockJUnit4ClassRunner.java:70)
	at org.junit.runners.BlockJUnit4ClassRunner.runChild(BlockJUnit4ClassRunner.java:50)
	at org.junit.runners.ParentRunner$3.run(ParentRunner.java:238)
	at org.junit.runners.ParentRunner$1.schedule(ParentRunner.java:63)
	at org.junit.runners.ParentRunner.runChildren(ParentRunner.java:236)
	at org.junit.runners.ParentRunner.access$000(ParentRunner.java:53)
	at org.junit.runners.ParentRunner$2.evaluate(ParentRunner.java:229)
	at org.junit.runners.ParentRunner.run(ParentRunner.java:309)
	at org.apache.maven.surefire.junit4.JUnit4Provider.execute(JUnit4Provider.java:264)
	at org.apache.maven.surefire.junit4.JUnit4Provider.executeTestSet(JUnit4Provider.java:153)
	at org.apache.maven.surefire.junit4.JUnit4Provider.invoke(JUnit4Provider.java:124)
	at org.apache.maven.surefire.booter.ForkedBooter.invokeProviderInSameClassLoader(ForkedBooter.java:200)
	at org.apache.maven.surefire.booter.ForkedBooter.runSuitesInProcess(ForkedBooter.java:153)
	at org.apache.maven.surefire.booter.ForkedBooter.main(ForkedBooter.java:103)
</stack-trace>
         </failure>
         <steps/>
         <attachments/>
         <labels>
            <label name="host" value="Abduls-MBP.home"/>
            <label name="thread" value="35249@Abduls-MBP.home.main(1)"/>
         </labels>
      </test-case>
      <test-case start="1443744945929" stop="1443744945964" status="canceled">
         <name>always_checkout_fresh_copy</name>
         <failure>
            <message>AssumptionViolatedException: Docker is needed for the test</message>
            <stack-trace>org.junit.internal.AssumptionViolatedException: Docker is needed for the test
	at org.jenkinsci.test.acceptance.junit.WithDocker$RuleImpl$1.hasDocker(WithDocker.java:49)
	at org.jenkinsci.test.acceptance.junit.WithDocker$RuleImpl$1.evaluate(WithDocker.java:40)
	at org.jenkinsci.test.acceptance.junit.JenkinsAcceptanceTestRule$1.evaluate(JenkinsAcceptanceTestRule.java:55)
	at org.junit.runners.ParentRunner.runLeaf(ParentRunner.java:271)
	at org.junit.runners.BlockJUnit4ClassRunner.runChild(BlockJUnit4ClassRunner.java:70)
	at org.junit.runners.BlockJUnit4ClassRunner.runChild(BlockJUnit4ClassRunner.java:50)
	at org.junit.runners.ParentRunner$3.run(ParentRunner.java:238)
	at org.junit.runners.ParentRunner$1.schedule(ParentRunner.java:63)
	at org.junit.runners.ParentRunner.runChildren(ParentRunner.java:236)
	at org.junit.runners.ParentRunner.access$000(ParentRunner.java:53)
	at org.junit.runners.ParentRunner$2.evaluate(ParentRunner.java:229)
	at org.junit.runners.ParentRunner.run(ParentRunner.java:309)
	at org.apache.maven.surefire.junit4.JUnit4Provider.execute(JUnit4Provider.java:264)
	at org.apache.maven.surefire.junit4.JUnit4Provider.executeTestSet(JUnit4Provider.java:153)
	at org.apache.maven.surefire.junit4.JUnit4Provider.invoke(JUnit4Provider.java:124)
	at org.apache.maven.surefire.booter.ForkedBooter.invokeProviderInSameClassLoader(ForkedBooter.java:200)
	at org.apache.maven.surefire.booter.ForkedBooter.runSuitesInProcess(ForkedBooter.java:153)
	at org.apache.maven.surefire.booter.ForkedBooter.main(ForkedBooter.java:103)
</stack-trace>
         </failure>
         <steps/>
         <attachments/>
         <labels>
            <label name="host" value="Abduls-MBP.home"/>
            <label name="thread" value="35249@Abduls-MBP.home.main(1)"/>
         </labels>
      </test-case>
   </test-cases>
   <labels>
      <label name="framework" value="JUnit"/>
      <label name="language" value="JAVA"/>
   </labels>
</ns0:test-suite>
