<?xml version="1.0" encoding="UTF-8"?>
<testsuite name="plugins.no_docker.LdapPluginNoDockerTest" time="0" tests="3" errors="0" skipped="3" failures="0">
  <properties>
    <property name="java.runtime.name" value="Java(TM) SE Runtime Environment"/>
    <property name="sun.boot.library.path" value="/Library/Java/JavaVirtualMachines/jdk1.8.0_60.jdk/Contents/Home/jre/lib"/>
    <property name="java.vm.version" value="25.60-b23"/>
    <property name="gopherProxySet" value="false"/>
    <property name="java.vm.vendor" value="Oracle Corporation"/>
    <property name="maven.multiModuleProjectDirectory" value="/Users/abduljewel/Documents/c/spiderqa/sample-test-projects/acceptance-test-harness"/>
    <property name="java.vendor.url" value="http://java.oracle.com/"/>
    <property name="path.separator" value=":"/>
    <property name="guice.disable.misplaced.annotation.check" value="true"/>
    <property name="java.vm.name" value="Java HotSpot(TM) 64-Bit Server VM"/>
    <property name="file.encoding.pkg" value="sun.io"/>
    <property name="user.country" value="US"/>
    <property name="sun.java.launcher" value="SUN_STANDARD"/>
    <property name="sun.os.patch.level" value="unknown"/>
    <property name="java.vm.specification.name" value="Java Virtual Machine Specification"/>
    <property name="user.dir" value="/Users/abduljewel/Documents/c/spiderqa/sample-test-projects/acceptance-test-harness"/>
    <property name="java.runtime.version" value="1.8.0_60-b27"/>
    <property name="java.awt.graphicsenv" value="sun.awt.CGraphicsEnvironment"/>
    <property name="java.endorsed.dirs" value="/Library/Java/JavaVirtualMachines/jdk1.8.0_60.jdk/Contents/Home/jre/lib/endorsed"/>
    <property name="os.arch" value="x86_64"/>
    <property name="java.io.tmpdir" value="/var/folders/lk/l859yg616c9cbtgfnt9szgjc0000gn/T/"/>
    <property name="line.separator" value="&#10;"/>
    <property name="java.vm.specification.vendor" value="Oracle Corporation"/>
    <property name="os.name" value="Mac OS X"/>
    <property name="classworlds.conf" value="/usr/local/Cellar/maven/3.3.3/libexec/bin/m2.conf"/>
    <property name="sun.jnu.encoding" value="UTF-8"/>
    <property name="java.library.path" value="/Users/abduljewel/Library/Java/Extensions:/Library/Java/Extensions:/Network/Library/Java/Extensions:/System/Library/Java/Extensions:/usr/lib/java:."/>
    <property name="java.specification.name" value="Java Platform API Specification"/>
    <property name="java.class.version" value="52.0"/>
    <property name="sun.management.compiler" value="HotSpot 64-Bit Tiered Compilers"/>
    <property name="os.version" value="10.10.5"/>
    <property name="http.nonProxyHosts" value="local|*.local|169.254/16|*.169.254/16"/>
    <property name="user.home" value="/Users/abduljewel"/>
    <property name="user.timezone" value="America/New_York"/>
    <property name="java.awt.printerjob" value="sun.lwawt.macosx.CPrinterJob"/>
    <property name="java.specification.version" value="1.8"/>
    <property name="file.encoding" value="UTF-8"/>
    <property name="user.name" value="abduljewel"/>
    <property name="java.class.path" value="/usr/local/Cellar/maven/3.3.3/libexec/boot/plexus-classworlds-2.5.2.jar"/>
    <property name="java.vm.specification.version" value="1.8"/>
    <property name="sun.arch.data.model" value="64"/>
    <property name="java.home" value="/Library/Java/JavaVirtualMachines/jdk1.8.0_60.jdk/Contents/Home/jre"/>
    <property name="sun.java.command" value="org.codehaus.plexus.classworlds.launcher.Launcher clean test"/>
    <property name="java.specification.vendor" value="Oracle Corporation"/>
    <property name="user.language" value="en"/>
    <property name="awt.toolkit" value="sun.lwawt.macosx.LWCToolkit"/>
    <property name="java.vm.info" value="mixed mode"/>
    <property name="java.version" value="1.8.0_60"/>
    <property name="java.ext.dirs" value="/Users/abduljewel/Library/Java/Extensions:/Library/Java/JavaVirtualMachines/jdk1.8.0_60.jdk/Contents/Home/jre/lib/ext:/Library/Java/Extensions:/Network/Library/Java/Extensions:/System/Library/Java/Extensions:/usr/lib/java"/>
    <property name="sun.boot.class.path" value="/Library/Java/JavaVirtualMachines/jdk1.8.0_60.jdk/Contents/Home/jre/lib/resources.jar:/Library/Java/JavaVirtualMachines/jdk1.8.0_60.jdk/Contents/Home/jre/lib/rt.jar:/Library/Java/JavaVirtualMachines/jdk1.8.0_60.jdk/Contents/Home/jre/lib/sunrsasign.jar:/Library/Java/JavaVirtualMachines/jdk1.8.0_60.jdk/Contents/Home/jre/lib/jsse.jar:/Library/Java/JavaVirtualMachines/jdk1.8.0_60.jdk/Contents/Home/jre/lib/jce.jar:/Library/Java/JavaVirtualMachines/jdk1.8.0_60.jdk/Contents/Home/jre/lib/charsets.jar:/Library/Java/JavaVirtualMachines/jdk1.8.0_60.jdk/Contents/Home/jre/lib/jfr.jar:/Library/Java/JavaVirtualMachines/jdk1.8.0_60.jdk/Contents/Home/jre/classes"/>
    <property name="java.vendor" value="Oracle Corporation"/>
    <property name="maven.home" value="/usr/local/Cellar/maven/3.3.3/libexec"/>
    <property name="file.separator" value="/"/>
    <property name="java.vendor.url.bug" value="http://bugreport.sun.com/bugreport/"/>
    <property name="sun.cpu.endian" value="little"/>
    <property name="sun.io.unicode.encoding" value="UnicodeBig"/>
    <property name="socksNonProxyHosts" value="local|*.local|169.254/16|*.169.254/16"/>
    <property name="ftp.nonProxyHosts" value="local|*.local|169.254/16|*.169.254/16"/>
    <property name="sun.cpu.isalist" value=""/>
  </properties>
  <testcase name="wannabe_cannot_login_to_Jenkins_after_LDAP_security_configured" classname="plugins.no_docker.LdapPluginNoDockerTest" time="0">
    <skipped/>
    <system-out><![CDATA[testCaseResult=ru.yandex.qatools.allure.model.TestCaseResult@68479e8b[
  name=poll_for_changes
  title=<null>
  description=<null>
  failure=ru.yandex.qatools.allure.model.Failure@4e951fb1
  start=1443744145892
  stop=1443744216978
  status=BROKEN
  severity=<null>
  steps=[]
  attachments=[]
  labels=[ru.yandex.qatools.allure.model.Label@1b317e7d, ru.yandex.qatools.allure.model.Label@1bb4c431]
  parameters=<null>
]
testCaseResult={
   "start" : 1443744145892,
   "stop" : 1443744216978,
   "status" : "broken",
   "name" : "poll_for_changes",
   "failure" : {
      "message" : "NoSuchMethodError: org.apache.http.entity.ContentType.create(Ljava/lang/String;[Lorg/apache/http/NameValuePair;)Lorg/apache/http/entity/ContentType;",
      "stack-trace" : "java.lang.NoSuchMethodError: org.apache.http.entity.ContentType.create(Ljava/lang/String;[Lorg/apache/http/NameValuePair;)Lorg/apache/http/entity/ContentType;\n\tat org.apache.http.entity.mime.MultipartEntityBuilder.buildEntity(MultipartEntityBuilder.java:209)\n\tat org.apache.http.entity.mime.MultipartEntityBuilder.build(MultipartEntityBuilder.java:230)\n\tat org.jenkinsci.test.acceptance.update_center.PluginMetadata.uploadTo(PluginMetadata.java:65)\n\tat org.jenkinsci.test.acceptance.po.PluginManager.installPlugins(PluginManager.java:173)\n\tat org.jenkinsci.test.acceptance.junit.WithPlugins$RuleImpl$1.doInstall(WithPlugins.java:139)\n\tat org.jenkinsci.test.acceptance.junit.WithPlugins$RuleImpl$1.installPlugins(WithPlugins.java:119)\n\tat org.jenkinsci.test.acceptance.junit.WithPlugins$RuleImpl$1.evaluate(WithPlugins.java:92)\n\tat org.jenkinsci.test.acceptance.junit.JenkinsAcceptanceTestRule$1$2$1.evaluate(JenkinsAcceptanceTestRule.java:129)\n\tat org.jenkinsci.test.acceptance.junit.FilterRule$1.evaluate(FilterRule.java:62)\n\tat org.jenkinsci.test.acceptance.junit.JenkinsAcceptanceTestRule$1.evaluate(JenkinsAcceptanceTestRule.java:55)\n\tat org.junit.runners.ParentRunner.runLeaf(ParentRunner.java:271)\n\tat org.junit.runners.BlockJUnit4ClassRunner.runChild(BlockJUnit4ClassRunner.java:70)\n\tat org.junit.runners.BlockJUnit4ClassRunner.runChild(BlockJUnit4ClassRunner.java:50)\n\tat org.junit.runners.ParentRunner$3.run(ParentRunner.java:238)\n\tat org.junit.runners.ParentRunner$1.schedule(ParentRunner.java:63)\n\tat org.junit.runners.ParentRunner.runChildren(ParentRunner.java:236)\n\tat org.junit.runners.ParentRunner.access$000(ParentRunner.java:53)\n\tat org.junit.runners.ParentRunner$2.evaluate(ParentRunner.java:229)\n\tat org.junit.runners.ParentRunner.run(ParentRunner.java:309)\n\tat org.apache.maven.surefire.junit4.JUnit4Provider.execute(JUnit4Provider.java:264)\n\tat org.apache.maven.surefire.junit4.JUnit4Provider.executeTestSet(JUnit4Provider.java:153)\n\tat org.apache.maven.surefire.junit4.JUnit4Provider.invoke(JUnit4Provider.java:124)\n\tat org.apache.maven.surefire.booter.ForkedBooter.invokeProviderInSameClassLoader(ForkedBooter.java:200)\n\tat org.apache.maven.surefire.booter.ForkedBooter.runSuitesInProcess(ForkedBooter.java:153)\n\tat org.apache.maven.surefire.booter.ForkedBooter.main(ForkedBooter.java:103)\n"
   },
   "steps" : {
      "step" : [ ]
   },
   "attachments" : {
      "attachment" : [ ]
   },
   "labels" : {
      "label" : [ {
         "name" : "host",
         "value" : "Abduls-MBP.home"
      }, {
         "name" : "thread",
         "value" : "35252@Abduls-MBP.home.main(1)"
      } ]
   }
}
testCase=ru.yandex.qatools.allure.model.TestCase@4fd3b20a[
  _id=d3d6bfd6-533b-429b-af0d-07ec9e7c4845
  executionId=7701d757-07c3-4ee5-9df4-52c16ef79685
  result=ru.yandex.qatools.allure.model.TestCaseResult@68479e8b
]
testCase={
   "_id" : "d3d6bfd6-533b-429b-af0d-07ec9e7c4845",
   "executionId" : "7701d757-07c3-4ee5-9df4-52c16ef79685",
   "result" : {
      "start" : 1443744145892,
      "stop" : 1443744216978,
      "status" : "broken",
      "name" : "poll_for_changes",
      "failure" : {
         "message" : "NoSuchMethodError: org.apache.http.entity.ContentType.create(Ljava/lang/String;[Lorg/apache/http/NameValuePair;)Lorg/apache/http/entity/ContentType;",
         "stack-trace" : "java.lang.NoSuchMethodError: org.apache.http.entity.ContentType.create(Ljava/lang/String;[Lorg/apache/http/NameValuePair;)Lorg/apache/http/entity/ContentType;\n\tat org.apache.http.entity.mime.MultipartEntityBuilder.buildEntity(MultipartEntityBuilder.java:209)\n\tat org.apache.http.entity.mime.MultipartEntityBuilder.build(MultipartEntityBuilder.java:230)\n\tat org.jenkinsci.test.acceptance.update_center.PluginMetadata.uploadTo(PluginMetadata.java:65)\n\tat org.jenkinsci.test.acceptance.po.PluginManager.installPlugins(PluginManager.java:173)\n\tat org.jenkinsci.test.acceptance.junit.WithPlugins$RuleImpl$1.doInstall(WithPlugins.java:139)\n\tat org.jenkinsci.test.acceptance.junit.WithPlugins$RuleImpl$1.installPlugins(WithPlugins.java:119)\n\tat org.jenkinsci.test.acceptance.junit.WithPlugins$RuleImpl$1.evaluate(WithPlugins.java:92)\n\tat org.jenkinsci.test.acceptance.junit.JenkinsAcceptanceTestRule$1$2$1.evaluate(JenkinsAcceptanceTestRule.java:129)\n\tat org.jenkinsci.test.acceptance.junit.FilterRule$1.evaluate(FilterRule.java:62)\n\tat org.jenkinsci.test.acceptance.junit.JenkinsAcceptanceTestRule$1.evaluate(JenkinsAcceptanceTestRule.java:55)\n\tat org.junit.runners.ParentRunner.runLeaf(ParentRunner.java:271)\n\tat org.junit.runners.BlockJUnit4ClassRunner.runChild(BlockJUnit4ClassRunner.java:70)\n\tat org.junit.runners.BlockJUnit4ClassRunner.runChild(BlockJUnit4ClassRunner.java:50)\n\tat org.junit.runners.ParentRunner$3.run(ParentRunner.java:238)\n\tat org.junit.runners.ParentRunner$1.schedule(ParentRunner.java:63)\n\tat org.junit.runners.ParentRunner.runChildren(ParentRunner.java:236)\n\tat org.junit.runners.ParentRunner.access$000(ParentRunner.java:53)\n\tat org.junit.runners.ParentRunner$2.evaluate(ParentRunner.java:229)\n\tat org.junit.runners.ParentRunner.run(ParentRunner.java:309)\n\tat org.apache.maven.surefire.junit4.JUnit4Provider.execute(JUnit4Provider.java:264)\n\tat org.apache.maven.surefire.junit4.JUnit4Provider.executeTestSet(JUnit4Provider.java:153)\n\tat org.apache.maven.surefire.junit4.JUnit4Provider.invoke(JUnit4Provider.java:124)\n\tat org.apache.maven.surefire.booter.ForkedBooter.invokeProviderInSameClassLoader(ForkedBooter.java:200)\n\tat org.apache.maven.surefire.booter.ForkedBooter.runSuitesInProcess(ForkedBooter.java:153)\n\tat org.apache.maven.surefire.booter.ForkedBooter.main(ForkedBooter.java:103)\n"
      },
      "steps" : {
         "step" : [ ]
      },
      "attachments" : {
         "attachment" : [ ]
      },
      "labels" : {
         "label" : [ {
            "name" : "host",
            "value" : "Abduls-MBP.home"
         }, {
            "name" : "thread",
            "value" : "35252@Abduls-MBP.home.main(1)"
         } ]
      }
   }
}
>>>REQUEST: /testdb/TestCase
[WARN] [10/01/2015 20:03:36.996] [default-akka.actor.default-dispatcher-102] [ActorSystem(default)] Illegal response header: Illegal 'etag' header: Invalid input '5', expected 'W' or '"' (line 1, column 1): 560dc9d8fbeaf7a200c9bf7c
^
<<<RESPONSE (201 Created): /testdb/TestCase
running with given plugins: []
=== Starting wannabe_cannot_login_to_Jenkins_after_LDAP_security_configured(plugins.no_docker.LdapPluginNoDockerTest)
Starting Jenkins: JAVA_HOME=/Library/Java/JavaVirtualMachines/jdk1.8.0_60.jdk/Contents/Home JENKINS_HOME=/Users/abduljewel/Documents/c/spiderqa/sample-test-projects/acceptance-test-harness/target/jenkins3889772593887451799home /Library/Java/JavaVirtualMachines/jdk1.8.0_60.jdk/Contents/Home/bin/java -Duser.language=en -jar ./jenkins.war --ajp13Port=-1 --httpPort=59938
master59938|Running from: /Users/abduljewel/Documents/c/spiderqa/sample-test-projects/acceptance-test-harness/jenkins.war
master59938|webroot: EnvVars.masterEnvVars.get("JENKINS_HOME")
master59938|Oct 01, 2015 8:03:38 PM winstone.Logger logInternal
master59938|INFO: Beginning extraction from war file
master59938|Oct 01, 2015 8:03:42 PM org.eclipse.jetty.util.log.JavaUtilLog info
master59938|INFO: jetty-winstone-2.8
master59938|Oct 01, 2015 8:03:45 PM org.eclipse.jetty.util.log.JavaUtilLog info
master59938|INFO: NO JSP Support for , did not find org.apache.jasper.servlet.JspServlet
master59938|Jenkins home directory: /Users/abduljewel/Documents/c/spiderqa/sample-test-projects/acceptance-test-harness/target/jenkins3889772593887451799home found at: EnvVars.masterEnvVars.get("JENKINS_HOME")
master59938|Oct 01, 2015 8:03:48 PM org.eclipse.jetty.util.log.JavaUtilLog info
master59938|INFO: Started SelectChannelConnector@0.0.0.0:59938
master59938|Oct 01, 2015 8:03:48 PM winstone.Logger logInternal
master59938|INFO: Winstone Servlet Engine v2.0 running: controlPort=disabled
master59938|Oct 01, 2015 8:03:49 PM jenkins.InitReactorRunner$1 onAttained
master59938|INFO: Started initialization
master59938|Oct 01, 2015 8:04:16 PM jenkins.InitReactorRunner$1 onAttained
master59938|INFO: Listed all plugins
master59938|Oct 01, 2015 8:04:16 PM jenkins.InitReactorRunner$1 onAttained
master59938|INFO: Prepared all plugins
master59938|Oct 01, 2015 8:04:16 PM jenkins.InitReactorRunner$1 onAttained
master59938|INFO: Started all plugins
master59938|Oct 01, 2015 8:04:16 PM jenkins.InitReactorRunner$1 onAttained
master59938|INFO: Augmented all extensions
master59938|Oct 01, 2015 8:04:21 PM jenkins.InitReactorRunner$1 onAttained
master59938|INFO: Loaded all jobs
master59938|Oct 01, 2015 8:04:26 PM hudson.model.AsyncPeriodicWork$1 run
master59938|INFO: Started Download metadata
master59938|Oct 01, 2015 8:04:26 PM org.jenkinsci.main.modules.sshd.SSHD start
master59938|INFO: Started SSHD at port 58081
master59938|Oct 01, 2015 8:04:26 PM jenkins.InitReactorRunner$1 onAttained
master59938|INFO: Completed initialization
master59938|Oct 01, 2015 8:04:26 PM hudson.UDPBroadcastThread run
master59938|WARNING: UDP handling problem
master59938|java.net.SocketException: Can't assign requested address
master59938|	at java.net.PlainDatagramSocketImpl.join(Native Method)
master59938|	at java.net.AbstractPlainDatagramSocketImpl.join(AbstractPlainDatagramSocketImpl.java:179)
master59938|	at java.net.MulticastSocket.joinGroup(MulticastSocket.java:323)
master59938|	at hudson.UDPBroadcastThread.run(UDPBroadcastThread.java:77)
master59938|
master59938|Oct 01, 2015 8:04:26 PM hudson.WebAppMain$3 run
master59938|INFO: Jenkins is fully up and running
master59938|Oct 01, 2015 8:04:30 PM hudson.model.UpdateSite updateData
master59938|INFO: Obtained the latest update center data file for UpdateSource default
master59938|Oct 01, 2015 8:04:30 PM hudson.model.DownloadService$Downloadable load
master59938|INFO: Obtained the updated data file for hudson.tasks.Maven.MavenInstaller
master59938|Oct 01, 2015 8:04:31 PM hudson.model.DownloadService$Downloadable load
master59938|INFO: Obtained the updated data file for hudson.tasks.Ant.AntInstaller
master59938|Oct 01, 2015 8:04:34 PM hudson.model.DownloadService$Downloadable load
master59938|INFO: Obtained the updated data file for hudson.tools.JDKInstaller
master59938|Oct 01, 2015 8:04:35 PM hudson.model.AsyncPeriodicWork$1 run
master59938|INFO: Finished Download metadata. 8,805 ms
Plugin ldap/1.11 is installed
Skipping wannabe_cannot_login_to_Jenkins_after_LDAP_security_configured(plugins.no_docker.LdapPluginNoDockerTest): got: <[null]>, expected: every item is not null
Jenkins is stopped
]]></system-out>
    <system-err><![CDATA[Oct 01, 2015 8:03:37 PM org.jenkinsci.test.acceptance.controller.LocalController startNow
INFO: Waiting for Jenkins to become running in http://127.0.0.1:59938/
Oct 01, 2015 8:04:26 PM org.jenkinsci.test.acceptance.controller.LocalController startNow
INFO: Jenkins is running in http://127.0.0.1:59938/
Oct 01, 2015 8:04:38 PM org.jenkinsci.test.acceptance.po.PluginManager installationStatus
INFO: ldap@1.10 is up to date
Oct 01, 2015 8:04:38 PM org.jenkinsci.test.acceptance.junit.WithPlugins$RuleImpl$1 evaluate
INFO: for wannabe_cannot_login_to_Jenkins_after_LDAP_security_configured(plugins.no_docker.LdapPluginNoDockerTest) asked to install [ldap]; restartRequired? false
]]></system-err>
  </testcase>
  <testcase name="user_can_login_to_Jenkins_as_admin_group_member_after_AD_security_configured" classname="plugins.no_docker.LdapPluginNoDockerTest" time="0">
    <skipped/>
    <system-out><![CDATA[testCaseResult=ru.yandex.qatools.allure.model.TestCaseResult@5d68954d[
  name=wannabe_cannot_login_to_Jenkins_after_LDAP_security_configured
  title=<null>
  description=<null>
  failure=ru.yandex.qatools.allure.model.Failure@f793f15
  start=1443744217088
  stop=1443744283279
  status=CANCELED
  severity=<null>
  steps=[]
  attachments=[]
  labels=[ru.yandex.qatools.allure.model.Label@3ec7eb5, ru.yandex.qatools.allure.model.Label@5534e6f1]
  parameters=<null>
]
testCaseResult={
   "start" : 1443744217088,
   "stop" : 1443744283279,
   "status" : "canceled",
   "name" : "wannabe_cannot_login_to_Jenkins_after_LDAP_security_configured",
   "failure" : {
      "message" : "AssumptionViolatedException: got: <[null]>, expected: every item is not null",
      "stack-trace" : "org.junit.internal.AssumptionViolatedException: got: <[null]>, expected: every item is not null\n\tat org.junit.Assume.assumeThat(Assume.java:95)\n\tat org.junit.Assume.assumeNotNull(Assume.java:73)\n\tat org.jenkinsci.test.acceptance.plugins.ldap.LdapEnv.getUser(LdapEnv.java:78)\n\tat plugins.no_docker.LdapPluginNoDockerTest.wannabe_cannot_login_to_Jenkins_after_LDAP_security_configured(LdapPluginNoDockerTest.java:122)\n\tat sun.reflect.NativeMethodAccessorImpl.invoke0(Native Method)\n\tat sun.reflect.NativeMethodAccessorImpl.invoke(NativeMethodAccessorImpl.java:62)\n\tat sun.reflect.DelegatingMethodAccessorImpl.invoke(DelegatingMethodAccessorImpl.java:43)\n\tat java.lang.reflect.Method.invoke(Method.java:497)\n\tat org.junit.runners.model.FrameworkMethod$1.runReflectiveCall(FrameworkMethod.java:47)\n\tat org.junit.internal.runners.model.ReflectiveCallable.run(ReflectiveCallable.java:12)\n\tat org.junit.runners.model.FrameworkMethod.invokeExplosively(FrameworkMethod.java:44)\n\tat org.junit.internal.runners.statements.InvokeMethod.evaluate(InvokeMethod.java:17)\n\tat org.junit.internal.runners.statements.RunBefores.evaluate(RunBefores.java:26)\n\tat org.junit.internal.runners.statements.RunAfters.evaluate(RunAfters.java:27)\n\tat org.jenkinsci.test.acceptance.junit.WithPlugins$RuleImpl$1.evaluate(WithPlugins.java:103)\n\tat org.jenkinsci.test.acceptance.junit.JenkinsAcceptanceTestRule$1$2$1.evaluate(JenkinsAcceptanceTestRule.java:129)\n\tat org.jenkinsci.test.acceptance.junit.FilterRule$1.evaluate(FilterRule.java:62)\n\tat org.jenkinsci.test.acceptance.junit.JenkinsAcceptanceTestRule$1.evaluate(JenkinsAcceptanceTestRule.java:55)\n\tat org.junit.runners.ParentRunner.runLeaf(ParentRunner.java:271)\n\tat org.junit.runners.BlockJUnit4ClassRunner.runChild(BlockJUnit4ClassRunner.java:70)\n\tat org.junit.runners.BlockJUnit4ClassRunner.runChild(BlockJUnit4ClassRunner.java:50)\n\tat org.junit.runners.ParentRunner$3.run(ParentRunner.java:238)\n\tat org.junit.runners.ParentRunner$1.schedule(ParentRunner.java:63)\n\tat org.junit.runners.ParentRunner.runChildren(ParentRunner.java:236)\n\tat org.junit.runners.ParentRunner.access$000(ParentRunner.java:53)\n\tat org.junit.runners.ParentRunner$2.evaluate(ParentRunner.java:229)\n\tat org.junit.runners.ParentRunner.run(ParentRunner.java:309)\n\tat org.apache.maven.surefire.junit4.JUnit4Provider.execute(JUnit4Provider.java:264)\n\tat org.apache.maven.surefire.junit4.JUnit4Provider.executeTestSet(JUnit4Provider.java:153)\n\tat org.apache.maven.surefire.junit4.JUnit4Provider.invoke(JUnit4Provider.java:124)\n\tat org.apache.maven.surefire.booter.ForkedBooter.invokeProviderInSameClassLoader(ForkedBooter.java:200)\n\tat org.apache.maven.surefire.booter.ForkedBooter.runSuitesInProcess(ForkedBooter.java:153)\n\tat org.apache.maven.surefire.booter.ForkedBooter.main(ForkedBooter.java:103)\n"
   },
   "steps" : {
      "step" : [ ]
   },
   "attachments" : {
      "attachment" : [ ]
   },
   "labels" : {
      "label" : [ {
         "name" : "host",
         "value" : "Abduls-MBP.home"
      }, {
         "name" : "thread",
         "value" : "35252@Abduls-MBP.home.main(1)"
      } ]
   }
}
testCase=ru.yandex.qatools.allure.model.TestCase@4c6fc3e7[
  _id=ffb6890c-eb6b-4808-bb56-fe1d53e4c0ba
  executionId=7701d757-07c3-4ee5-9df4-52c16ef79685
  result=ru.yandex.qatools.allure.model.TestCaseResult@5d68954d
]
testCase={
   "_id" : "ffb6890c-eb6b-4808-bb56-fe1d53e4c0ba",
   "executionId" : "7701d757-07c3-4ee5-9df4-52c16ef79685",
   "result" : {
      "start" : 1443744217088,
      "stop" : 1443744283279,
      "status" : "canceled",
      "name" : "wannabe_cannot_login_to_Jenkins_after_LDAP_security_configured",
      "failure" : {
         "message" : "AssumptionViolatedException: got: <[null]>, expected: every item is not null",
         "stack-trace" : "org.junit.internal.AssumptionViolatedException: got: <[null]>, expected: every item is not null\n\tat org.junit.Assume.assumeThat(Assume.java:95)\n\tat org.junit.Assume.assumeNotNull(Assume.java:73)\n\tat org.jenkinsci.test.acceptance.plugins.ldap.LdapEnv.getUser(LdapEnv.java:78)\n\tat plugins.no_docker.LdapPluginNoDockerTest.wannabe_cannot_login_to_Jenkins_after_LDAP_security_configured(LdapPluginNoDockerTest.java:122)\n\tat sun.reflect.NativeMethodAccessorImpl.invoke0(Native Method)\n\tat sun.reflect.NativeMethodAccessorImpl.invoke(NativeMethodAccessorImpl.java:62)\n\tat sun.reflect.DelegatingMethodAccessorImpl.invoke(DelegatingMethodAccessorImpl.java:43)\n\tat java.lang.reflect.Method.invoke(Method.java:497)\n\tat org.junit.runners.model.FrameworkMethod$1.runReflectiveCall(FrameworkMethod.java:47)\n\tat org.junit.internal.runners.model.ReflectiveCallable.run(ReflectiveCallable.java:12)\n\tat org.junit.runners.model.FrameworkMethod.invokeExplosively(FrameworkMethod.java:44)\n\tat org.junit.internal.runners.statements.InvokeMethod.evaluate(InvokeMethod.java:17)\n\tat org.junit.internal.runners.statements.RunBefores.evaluate(RunBefores.java:26)\n\tat org.junit.internal.runners.statements.RunAfters.evaluate(RunAfters.java:27)\n\tat org.jenkinsci.test.acceptance.junit.WithPlugins$RuleImpl$1.evaluate(WithPlugins.java:103)\n\tat org.jenkinsci.test.acceptance.junit.JenkinsAcceptanceTestRule$1$2$1.evaluate(JenkinsAcceptanceTestRule.java:129)\n\tat org.jenkinsci.test.acceptance.junit.FilterRule$1.evaluate(FilterRule.java:62)\n\tat org.jenkinsci.test.acceptance.junit.JenkinsAcceptanceTestRule$1.evaluate(JenkinsAcceptanceTestRule.java:55)\n\tat org.junit.runners.ParentRunner.runLeaf(ParentRunner.java:271)\n\tat org.junit.runners.BlockJUnit4ClassRunner.runChild(BlockJUnit4ClassRunner.java:70)\n\tat org.junit.runners.BlockJUnit4ClassRunner.runChild(BlockJUnit4ClassRunner.java:50)\n\tat org.junit.runners.ParentRunner$3.run(ParentRunner.java:238)\n\tat org.junit.runners.ParentRunner$1.schedule(ParentRunner.java:63)\n\tat org.junit.runners.ParentRunner.runChildren(ParentRunner.java:236)\n\tat org.junit.runners.ParentRunner.access$000(ParentRunner.java:53)\n\tat org.junit.runners.ParentRunner$2.evaluate(ParentRunner.java:229)\n\tat org.junit.runners.ParentRunner.run(ParentRunner.java:309)\n\tat org.apache.maven.surefire.junit4.JUnit4Provider.execute(JUnit4Provider.java:264)\n\tat org.apache.maven.surefire.junit4.JUnit4Provider.executeTestSet(JUnit4Provider.java:153)\n\tat org.apache.maven.surefire.junit4.JUnit4Provider.invoke(JUnit4Provider.java:124)\n\tat org.apache.maven.surefire.booter.ForkedBooter.invokeProviderInSameClassLoader(ForkedBooter.java:200)\n\tat org.apache.maven.surefire.booter.ForkedBooter.runSuitesInProcess(ForkedBooter.java:153)\n\tat org.apache.maven.surefire.booter.ForkedBooter.main(ForkedBooter.java:103)\n"
      },
      "steps" : {
         "step" : [ ]
      },
      "attachments" : {
         "attachment" : [ ]
      },
      "labels" : {
         "label" : [ {
            "name" : "host",
            "value" : "Abduls-MBP.home"
         }, {
            "name" : "thread",
            "value" : "35252@Abduls-MBP.home.main(1)"
         } ]
      }
   }
}
>>>REQUEST: /testdb/TestCase
[WARN] [10/01/2015 20:04:43.292] [default-akka.actor.default-dispatcher-128] [ActorSystem(default)] Illegal response header: Illegal 'etag' header: Invalid input '5', expected 'W' or '"' (line 1, column 1): 560dca1bfbeaf7a200c9bf81
^
<<<RESPONSE (201 Created): /testdb/TestCase
running with given plugins: []
=== Starting user_can_login_to_Jenkins_as_admin_group_member_after_AD_security_configured(plugins.no_docker.LdapPluginNoDockerTest)
Starting Jenkins: JAVA_HOME=/Library/Java/JavaVirtualMachines/jdk1.8.0_60.jdk/Contents/Home JENKINS_HOME=/Users/abduljewel/Documents/c/spiderqa/sample-test-projects/acceptance-test-harness/target/jenkins2983671854854082073home /Library/Java/JavaVirtualMachines/jdk1.8.0_60.jdk/Contents/Home/bin/java -Duser.language=en -jar ./jenkins.war --ajp13Port=-1 --httpPort=54924
master54924|Running from: /Users/abduljewel/Documents/c/spiderqa/sample-test-projects/acceptance-test-harness/jenkins.war
master54924|webroot: EnvVars.masterEnvVars.get("JENKINS_HOME")
master54924|Oct 01, 2015 8:04:43 PM winstone.Logger logInternal
master54924|INFO: Beginning extraction from war file
master54924|Oct 01, 2015 8:04:47 PM org.eclipse.jetty.util.log.JavaUtilLog info
master54924|INFO: jetty-winstone-2.8
master54924|Oct 01, 2015 8:04:52 PM org.eclipse.jetty.util.log.JavaUtilLog info
master54924|INFO: NO JSP Support for , did not find org.apache.jasper.servlet.JspServlet
master54924|Jenkins home directory: /Users/abduljewel/Documents/c/spiderqa/sample-test-projects/acceptance-test-harness/target/jenkins2983671854854082073home found at: EnvVars.masterEnvVars.get("JENKINS_HOME")
master54924|Oct 01, 2015 8:04:56 PM org.eclipse.jetty.util.log.JavaUtilLog info
master54924|INFO: Started SelectChannelConnector@0.0.0.0:54924
master54924|Oct 01, 2015 8:04:56 PM winstone.Logger logInternal
master54924|INFO: Winstone Servlet Engine v2.0 running: controlPort=disabled
master54924|Oct 01, 2015 8:04:56 PM jenkins.InitReactorRunner$1 onAttained
master54924|INFO: Started initialization
master54924|Oct 01, 2015 8:05:25 PM jenkins.InitReactorRunner$1 onAttained
master54924|INFO: Listed all plugins
master54924|Oct 01, 2015 8:05:25 PM jenkins.InitReactorRunner$1 onAttained
master54924|INFO: Prepared all plugins
master54924|Oct 01, 2015 8:05:25 PM jenkins.InitReactorRunner$1 onAttained
master54924|INFO: Started all plugins
master54924|Oct 01, 2015 8:05:25 PM jenkins.InitReactorRunner$1 onAttained
master54924|INFO: Augmented all extensions
master54924|Oct 01, 2015 8:05:31 PM jenkins.InitReactorRunner$1 onAttained
master54924|INFO: Loaded all jobs
master54924|Oct 01, 2015 8:05:37 PM hudson.model.AsyncPeriodicWork$1 run
master54924|INFO: Started Download metadata
master54924|Oct 01, 2015 8:05:38 PM org.jenkinsci.main.modules.sshd.SSHD start
master54924|INFO: Started SSHD at port 58807
master54924|Oct 01, 2015 8:05:38 PM jenkins.InitReactorRunner$1 onAttained
master54924|INFO: Completed initialization
master54924|Oct 01, 2015 8:05:38 PM hudson.UDPBroadcastThread run
master54924|WARNING: UDP handling problem
master54924|java.net.SocketException: Can't assign requested address
master54924|	at java.net.PlainDatagramSocketImpl.join(Native Method)
master54924|	at java.net.AbstractPlainDatagramSocketImpl.join(AbstractPlainDatagramSocketImpl.java:179)
master54924|	at java.net.MulticastSocket.joinGroup(MulticastSocket.java:323)
master54924|	at hudson.UDPBroadcastThread.run(UDPBroadcastThread.java:77)
master54924|
master54924|Oct 01, 2015 8:05:38 PM hudson.WebAppMain$3 run
master54924|INFO: Jenkins is fully up and running
master54924|Oct 01, 2015 8:05:43 PM hudson.model.UpdateSite updateData
master54924|INFO: Obtained the latest update center data file for UpdateSource default
master54924|Oct 01, 2015 8:05:44 PM hudson.model.DownloadService$Downloadable load
master54924|INFO: Obtained the updated data file for hudson.tasks.Maven.MavenInstaller
master54924|Oct 01, 2015 8:05:44 PM hudson.model.DownloadService$Downloadable load
master54924|INFO: Obtained the updated data file for hudson.tasks.Ant.AntInstaller
master54924|Oct 01, 2015 8:05:45 PM hudson.model.DownloadService$Downloadable load
master54924|INFO: Obtained the updated data file for hudson.tools.JDKInstaller
master54924|Oct 01, 2015 8:05:45 PM hudson.model.AsyncPeriodicWork$1 run
master54924|INFO: Finished Download metadata. 8,285 ms
Plugin ldap/1.11 is installed
Skipping user_can_login_to_Jenkins_as_admin_group_member_after_AD_security_configured(plugins.no_docker.LdapPluginNoDockerTest): got: <[null]>, expected: every item is not null
Jenkins is stopped
]]></system-out>
    <system-err><![CDATA[Oct 01, 2015 8:04:43 PM org.jenkinsci.test.acceptance.controller.LocalController startNow
INFO: Waiting for Jenkins to become running in http://127.0.0.1:54924/
Oct 01, 2015 8:05:38 PM org.jenkinsci.test.acceptance.controller.LocalController startNow
INFO: Jenkins is running in http://127.0.0.1:54924/
Oct 01, 2015 8:05:53 PM org.jenkinsci.test.acceptance.po.PluginManager installationStatus
INFO: ldap@1.10 is up to date
Oct 01, 2015 8:05:53 PM org.jenkinsci.test.acceptance.junit.WithPlugins$RuleImpl$1 evaluate
INFO: for user_can_login_to_Jenkins_as_admin_group_member_after_AD_security_configured(plugins.no_docker.LdapPluginNoDockerTest) asked to install [ldap]; restartRequired? false
]]></system-err>
  </testcase>
  <testcase name="user_can_login_to_Jenkins_as_admin_after_LDAP_security_configured" classname="plugins.no_docker.LdapPluginNoDockerTest" time="0">
    <skipped/>
    <system-out><![CDATA[testCaseResult=ru.yandex.qatools.allure.model.TestCaseResult@47b961e2[
  name=user_can_login_to_Jenkins_as_admin_group_member_after_AD_security_configured
  title=<null>
  description=<null>
  failure=ru.yandex.qatools.allure.model.Failure@d2cb2d0
  start=1443744283287
  stop=1443744364710
  status=CANCELED
  severity=<null>
  steps=[]
  attachments=[]
  labels=[ru.yandex.qatools.allure.model.Label@2d230cff, ru.yandex.qatools.allure.model.Label@30bd39d5]
  parameters=<null>
]
testCaseResult={
   "start" : 1443744283287,
   "stop" : 1443744364710,
   "status" : "canceled",
   "name" : "user_can_login_to_Jenkins_as_admin_group_member_after_AD_security_configured",
   "failure" : {
      "message" : "AssumptionViolatedException: got: <[null]>, expected: every item is not null",
      "stack-trace" : "org.junit.internal.AssumptionViolatedException: got: <[null]>, expected: every item is not null\n\tat org.junit.Assume.assumeThat(Assume.java:95)\n\tat org.junit.Assume.assumeNotNull(Assume.java:73)\n\tat org.jenkinsci.test.acceptance.plugins.ldap.LdapEnv.getGroup(LdapEnv.java:94)\n\tat plugins.no_docker.LdapPluginNoDockerTest.user_can_login_to_Jenkins_as_admin_group_member_after_AD_security_configured(LdapPluginNoDockerTest.java:108)\n\tat sun.reflect.NativeMethodAccessorImpl.invoke0(Native Method)\n\tat sun.reflect.NativeMethodAccessorImpl.invoke(NativeMethodAccessorImpl.java:62)\n\tat sun.reflect.DelegatingMethodAccessorImpl.invoke(DelegatingMethodAccessorImpl.java:43)\n\tat java.lang.reflect.Method.invoke(Method.java:497)\n\tat org.junit.runners.model.FrameworkMethod$1.runReflectiveCall(FrameworkMethod.java:47)\n\tat org.junit.internal.runners.model.ReflectiveCallable.run(ReflectiveCallable.java:12)\n\tat org.junit.runners.model.FrameworkMethod.invokeExplosively(FrameworkMethod.java:44)\n\tat org.junit.internal.runners.statements.InvokeMethod.evaluate(InvokeMethod.java:17)\n\tat org.junit.internal.runners.statements.RunBefores.evaluate(RunBefores.java:26)\n\tat org.junit.internal.runners.statements.RunAfters.evaluate(RunAfters.java:27)\n\tat org.jenkinsci.test.acceptance.junit.WithPlugins$RuleImpl$1.evaluate(WithPlugins.java:103)\n\tat org.jenkinsci.test.acceptance.junit.JenkinsAcceptanceTestRule$1$2$1.evaluate(JenkinsAcceptanceTestRule.java:129)\n\tat org.jenkinsci.test.acceptance.junit.FilterRule$1.evaluate(FilterRule.java:62)\n\tat org.jenkinsci.test.acceptance.junit.JenkinsAcceptanceTestRule$1.evaluate(JenkinsAcceptanceTestRule.java:55)\n\tat org.junit.runners.ParentRunner.runLeaf(ParentRunner.java:271)\n\tat org.junit.runners.BlockJUnit4ClassRunner.runChild(BlockJUnit4ClassRunner.java:70)\n\tat org.junit.runners.BlockJUnit4ClassRunner.runChild(BlockJUnit4ClassRunner.java:50)\n\tat org.junit.runners.ParentRunner$3.run(ParentRunner.java:238)\n\tat org.junit.runners.ParentRunner$1.schedule(ParentRunner.java:63)\n\tat org.junit.runners.ParentRunner.runChildren(ParentRunner.java:236)\n\tat org.junit.runners.ParentRunner.access$000(ParentRunner.java:53)\n\tat org.junit.runners.ParentRunner$2.evaluate(ParentRunner.java:229)\n\tat org.junit.runners.ParentRunner.run(ParentRunner.java:309)\n\tat org.apache.maven.surefire.junit4.JUnit4Provider.execute(JUnit4Provider.java:264)\n\tat org.apache.maven.surefire.junit4.JUnit4Provider.executeTestSet(JUnit4Provider.java:153)\n\tat org.apache.maven.surefire.junit4.JUnit4Provider.invoke(JUnit4Provider.java:124)\n\tat org.apache.maven.surefire.booter.ForkedBooter.invokeProviderInSameClassLoader(ForkedBooter.java:200)\n\tat org.apache.maven.surefire.booter.ForkedBooter.runSuitesInProcess(ForkedBooter.java:153)\n\tat org.apache.maven.surefire.booter.ForkedBooter.main(ForkedBooter.java:103)\n"
   },
   "steps" : {
      "step" : [ ]
   },
   "attachments" : {
      "attachment" : [ ]
   },
   "labels" : {
      "label" : [ {
         "name" : "host",
         "value" : "Abduls-MBP.home"
      }, {
         "name" : "thread",
         "value" : "35252@Abduls-MBP.home.main(1)"
      } ]
   }
}
testCase=ru.yandex.qatools.allure.model.TestCase@3c87e851[
  _id=47e2ecc8-a2ed-426f-bc4f-ee0d48c20dcb
  executionId=7701d757-07c3-4ee5-9df4-52c16ef79685
  result=ru.yandex.qatools.allure.model.TestCaseResult@47b961e2
]
testCase={
   "_id" : "47e2ecc8-a2ed-426f-bc4f-ee0d48c20dcb",
   "executionId" : "7701d757-07c3-4ee5-9df4-52c16ef79685",
   "result" : {
      "start" : 1443744283287,
      "stop" : 1443744364710,
      "status" : "canceled",
      "name" : "user_can_login_to_Jenkins_as_admin_group_member_after_AD_security_configured",
      "failure" : {
         "message" : "AssumptionViolatedException: got: <[null]>, expected: every item is not null",
         "stack-trace" : "org.junit.internal.AssumptionViolatedException: got: <[null]>, expected: every item is not null\n\tat org.junit.Assume.assumeThat(Assume.java:95)\n\tat org.junit.Assume.assumeNotNull(Assume.java:73)\n\tat org.jenkinsci.test.acceptance.plugins.ldap.LdapEnv.getGroup(LdapEnv.java:94)\n\tat plugins.no_docker.LdapPluginNoDockerTest.user_can_login_to_Jenkins_as_admin_group_member_after_AD_security_configured(LdapPluginNoDockerTest.java:108)\n\tat sun.reflect.NativeMethodAccessorImpl.invoke0(Native Method)\n\tat sun.reflect.NativeMethodAccessorImpl.invoke(NativeMethodAccessorImpl.java:62)\n\tat sun.reflect.DelegatingMethodAccessorImpl.invoke(DelegatingMethodAccessorImpl.java:43)\n\tat java.lang.reflect.Method.invoke(Method.java:497)\n\tat org.junit.runners.model.FrameworkMethod$1.runReflectiveCall(FrameworkMethod.java:47)\n\tat org.junit.internal.runners.model.ReflectiveCallable.run(ReflectiveCallable.java:12)\n\tat org.junit.runners.model.FrameworkMethod.invokeExplosively(FrameworkMethod.java:44)\n\tat org.junit.internal.runners.statements.InvokeMethod.evaluate(InvokeMethod.java:17)\n\tat org.junit.internal.runners.statements.RunBefores.evaluate(RunBefores.java:26)\n\tat org.junit.internal.runners.statements.RunAfters.evaluate(RunAfters.java:27)\n\tat org.jenkinsci.test.acceptance.junit.WithPlugins$RuleImpl$1.evaluate(WithPlugins.java:103)\n\tat org.jenkinsci.test.acceptance.junit.JenkinsAcceptanceTestRule$1$2$1.evaluate(JenkinsAcceptanceTestRule.java:129)\n\tat org.jenkinsci.test.acceptance.junit.FilterRule$1.evaluate(FilterRule.java:62)\n\tat org.jenkinsci.test.acceptance.junit.JenkinsAcceptanceTestRule$1.evaluate(JenkinsAcceptanceTestRule.java:55)\n\tat org.junit.runners.ParentRunner.runLeaf(ParentRunner.java:271)\n\tat org.junit.runners.BlockJUnit4ClassRunner.runChild(BlockJUnit4ClassRunner.java:70)\n\tat org.junit.runners.BlockJUnit4ClassRunner.runChild(BlockJUnit4ClassRunner.java:50)\n\tat org.junit.runners.ParentRunner$3.run(ParentRunner.java:238)\n\tat org.junit.runners.ParentRunner$1.schedule(ParentRunner.java:63)\n\tat org.junit.runners.ParentRunner.runChildren(ParentRunner.java:236)\n\tat org.junit.runners.ParentRunner.access$000(ParentRunner.java:53)\n\tat org.junit.runners.ParentRunner$2.evaluate(ParentRunner.java:229)\n\tat org.junit.runners.ParentRunner.run(ParentRunner.java:309)\n\tat org.apache.maven.surefire.junit4.JUnit4Provider.execute(JUnit4Provider.java:264)\n\tat org.apache.maven.surefire.junit4.JUnit4Provider.executeTestSet(JUnit4Provider.java:153)\n\tat org.apache.maven.surefire.junit4.JUnit4Provider.invoke(JUnit4Provider.java:124)\n\tat org.apache.maven.surefire.booter.ForkedBooter.invokeProviderInSameClassLoader(ForkedBooter.java:200)\n\tat org.apache.maven.surefire.booter.ForkedBooter.runSuitesInProcess(ForkedBooter.java:153)\n\tat org.apache.maven.surefire.booter.ForkedBooter.main(ForkedBooter.java:103)\n"
      },
      "steps" : {
         "step" : [ ]
      },
      "attachments" : {
         "attachment" : [ ]
      },
      "labels" : {
         "label" : [ {
            "name" : "host",
            "value" : "Abduls-MBP.home"
         }, {
            "name" : "thread",
            "value" : "35252@Abduls-MBP.home.main(1)"
         } ]
      }
   }
}
>>>REQUEST: /testdb/TestCase
running with given plugins: []
=== Starting user_can_login_to_Jenkins_as_admin_after_LDAP_security_configured(plugins.no_docker.LdapPluginNoDockerTest)
Starting Jenkins: JAVA_HOME=/Library/Java/JavaVirtualMachines/jdk1.8.0_60.jdk/Contents/Home JENKINS_HOME=/Users/abduljewel/Documents/c/spiderqa/sample-test-projects/acceptance-test-harness/target/jenkins5532410317963817463home /Library/Java/JavaVirtualMachines/jdk1.8.0_60.jdk/Contents/Home/bin/java -Duser.language=en -jar ./jenkins.war --ajp13Port=-1 --httpPort=64022
[WARN] [10/01/2015 20:06:04.783] [default-akka.actor.default-dispatcher-113] [ActorSystem(default)] Illegal response header: Illegal 'etag' header: Invalid input '5', expected 'W' or '"' (line 1, column 1): 560dca6cfbeaf7a200c9bf84
^
<<<RESPONSE (201 Created): /testdb/TestCase
master64022|Running from: /Users/abduljewel/Documents/c/spiderqa/sample-test-projects/acceptance-test-harness/jenkins.war
master64022|webroot: EnvVars.masterEnvVars.get("JENKINS_HOME")
master64022|Oct 01, 2015 8:06:06 PM winstone.Logger logInternal
master64022|INFO: Beginning extraction from war file
master64022|Oct 01, 2015 8:06:10 PM org.eclipse.jetty.util.log.JavaUtilLog info
master64022|INFO: jetty-winstone-2.8
master64022|Oct 01, 2015 8:06:15 PM org.eclipse.jetty.util.log.JavaUtilLog info
master64022|INFO: NO JSP Support for , did not find org.apache.jasper.servlet.JspServlet
master64022|Jenkins home directory: /Users/abduljewel/Documents/c/spiderqa/sample-test-projects/acceptance-test-harness/target/jenkins5532410317963817463home found at: EnvVars.masterEnvVars.get("JENKINS_HOME")
master64022|Oct 01, 2015 8:06:18 PM org.eclipse.jetty.util.log.JavaUtilLog info
master64022|INFO: Started SelectChannelConnector@0.0.0.0:64022
master64022|Oct 01, 2015 8:06:18 PM winstone.Logger logInternal
master64022|INFO: Winstone Servlet Engine v2.0 running: controlPort=disabled
master64022|Oct 01, 2015 8:06:19 PM jenkins.InitReactorRunner$1 onAttained
master64022|INFO: Started initialization
master64022|Oct 01, 2015 8:06:45 PM jenkins.InitReactorRunner$1 onAttained
master64022|INFO: Listed all plugins
master64022|Oct 01, 2015 8:06:45 PM jenkins.InitReactorRunner$1 onAttained
master64022|INFO: Prepared all plugins
master64022|Oct 01, 2015 8:06:46 PM jenkins.InitReactorRunner$1 onAttained
master64022|INFO: Started all plugins
master64022|Oct 01, 2015 8:06:46 PM jenkins.InitReactorRunner$1 onAttained
master64022|INFO: Augmented all extensions
master64022|Oct 01, 2015 8:06:50 PM jenkins.InitReactorRunner$1 onAttained
master64022|INFO: Loaded all jobs
master64022|Oct 01, 2015 8:06:54 PM hudson.model.AsyncPeriodicWork$1 run
master64022|INFO: Started Download metadata
master64022|Oct 01, 2015 8:06:55 PM org.jenkinsci.main.modules.sshd.SSHD start
master64022|INFO: Started SSHD at port 60280
master64022|Oct 01, 2015 8:06:55 PM jenkins.InitReactorRunner$1 onAttained
master64022|INFO: Completed initialization
master64022|Oct 01, 2015 8:06:55 PM hudson.UDPBroadcastThread run
master64022|WARNING: UDP handling problem
master64022|java.net.SocketException: Can't assign requested address
master64022|	at java.net.PlainDatagramSocketImpl.join(Native Method)
master64022|	at java.net.AbstractPlainDatagramSocketImpl.join(AbstractPlainDatagramSocketImpl.java:179)
master64022|	at java.net.MulticastSocket.joinGroup(MulticastSocket.java:323)
master64022|	at hudson.UDPBroadcastThread.run(UDPBroadcastThread.java:77)
master64022|
master64022|Oct 01, 2015 8:06:55 PM hudson.WebAppMain$3 run
master64022|INFO: Jenkins is fully up and running
master64022|Oct 01, 2015 8:06:58 PM hudson.model.UpdateSite updateData
master64022|INFO: Obtained the latest update center data file for UpdateSource default
master64022|Oct 01, 2015 8:06:59 PM hudson.model.DownloadService$Downloadable load
master64022|INFO: Obtained the updated data file for hudson.tasks.Maven.MavenInstaller
master64022|Oct 01, 2015 8:06:59 PM hudson.model.DownloadService$Downloadable load
master64022|INFO: Obtained the updated data file for hudson.tasks.Ant.AntInstaller
master64022|Oct 01, 2015 8:07:00 PM hudson.model.DownloadService$Downloadable load
master64022|INFO: Obtained the updated data file for hudson.tools.JDKInstaller
master64022|Oct 01, 2015 8:07:00 PM hudson.model.AsyncPeriodicWork$1 run
master64022|INFO: Finished Download metadata. 5,823 ms
Plugin ldap/1.11 is installed
Skipping user_can_login_to_Jenkins_as_admin_after_LDAP_security_configured(plugins.no_docker.LdapPluginNoDockerTest): got: <[null]>, expected: every item is not null
Jenkins is stopped
]]></system-out>
    <system-err><![CDATA[Oct 01, 2015 8:06:04 PM org.jenkinsci.test.acceptance.controller.LocalController startNow
INFO: Waiting for Jenkins to become running in http://127.0.0.1:64022/
Oct 01, 2015 8:06:55 PM org.jenkinsci.test.acceptance.controller.LocalController startNow
INFO: Jenkins is running in http://127.0.0.1:64022/
Oct 01, 2015 8:07:05 PM org.jenkinsci.test.acceptance.po.PluginManager installationStatus
INFO: ldap@1.10 is up to date
Oct 01, 2015 8:07:05 PM org.jenkinsci.test.acceptance.junit.WithPlugins$RuleImpl$1 evaluate
INFO: for user_can_login_to_Jenkins_as_admin_after_LDAP_security_configured(plugins.no_docker.LdapPluginNoDockerTest) asked to install [ldap]; restartRequired? false
]]></system-err>
  </testcase>
</testsuite>