<?xml version="1.0" encoding="UTF-8"?>
<testsuite name="plugins.MatrixReloadedPluginTest" time="55.901" tests="1" errors="1" skipped="0" failures="0">
  <properties>
[...]
</properties>
  <testcase name="rebuild_one_combination" classname="plugins.MatrixReloadedPluginTest" time="55.901">
    <error message="org.apache.http.entity.ContentType.create(Ljava/lang/String;[Lorg/apache/http/NameValuePair;)Lorg/apache/http/entity/ContentType;" type="java.lang.NoSuchMethodError">java.lang.NoSuchMethodError: org.apache.http.entity.ContentType.create(Ljava/lang/String;[Lorg/apache/http/NameValuePair;)Lorg/apache/http/entity/ContentType;
	at org.apache.http.entity.mime.MultipartEntityBuilder.buildEntity(MultipartEntityBuilder.java:209)
	at org.apache.http.entity.mime.MultipartEntityBuilder.build(MultipartEntityBuilder.java:230)
	at org.jenkinsci.test.acceptance.update_center.PluginMetadata.uploadTo(PluginMetadata.java:65)
	at org.jenkinsci.test.acceptance.po.PluginManager.installPlugins(PluginManager.java:173)
	at org.jenkinsci.test.acceptance.junit.WithPlugins$RuleImpl$1.doInstall(WithPlugins.java:139)
	at org.jenkinsci.test.acceptance.junit.WithPlugins$RuleImpl$1.installPlugins(WithPlugins.java:119)
	at org.jenkinsci.test.acceptance.junit.WithPlugins$RuleImpl$1.evaluate(WithPlugins.java:92)
	at org.jenkinsci.test.acceptance.junit.JenkinsAcceptanceTestRule$1$2$1.evaluate(JenkinsAcceptanceTestRule.java:129)
	at org.jenkinsci.test.acceptance.junit.FilterRule$1.evaluate(FilterRule.java:62)
	at org.jenkinsci.test.acceptance.junit.JenkinsAcceptanceTestRule$1.evaluate(JenkinsAcceptanceTestRule.java:55)
	at org.junit.runners.ParentRunner.runLeaf(ParentRunner.java:271)
	at org.junit.runners.BlockJUnit4ClassRunner.runChild(BlockJUnit4ClassRunner.java:70)
	at org.junit.runners.BlockJUnit4ClassRunner.runChild(BlockJUnit4ClassRunner.java:50)
	at org.junit.runners.ParentRunner$3.run(ParentRunner.java:238)
	at org.junit.runners.ParentRunner$1.schedule(ParentRunner.java:63)
	at org.junit.runners.ParentRunner.runChildren(ParentRunner.java:236)
	at org.junit.runners.ParentRunner.access$000(ParentRunner.java:53)
	at org.junit.runners.ParentRunner$2.evaluate(ParentRunner.java:229)
	at org.junit.runners.ParentRunner.run(ParentRunner.java:309)
	at org.apache.maven.surefire.junit4.JUnit4Provider.execute(JUnit4Provider.java:264)
	at org.apache.maven.surefire.junit4.JUnit4Provider.executeTestSet(JUnit4Provider.java:153)
	at org.apache.maven.surefire.junit4.JUnit4Provider.invoke(JUnit4Provider.java:124)
	at org.apache.maven.surefire.booter.ForkedBooter.invokeProviderInSameClassLoader(ForkedBooter.java:200)
	at org.apache.maven.surefire.booter.ForkedBooter.runSuitesInProcess(ForkedBooter.java:153)
	at org.apache.maven.surefire.booter.ForkedBooter.main(ForkedBooter.java:103)
</error>
    <system-out><![CDATA[testCaseResult=ru.yandex.qatools.allure.model.TestCaseResult@3d4ecc67[
  name=publish_test_result_which_passed
  title=<null>
  description=<null>
  failure=<null>
  start=1443743952834
  stop=1443744033029
  status=PASSED
  severity=<null>
  steps=[]
  attachments=[]
  labels=[ru.yandex.qatools.allure.model.Label@60dcf9ec, ru.yandex.qatools.allure.model.Label@7606bd03]
  parameters=<null>
]
testCaseResult={
   "start" : 1443743952834,
   "stop" : 1443744033029,
   "status" : "passed",
   "name" : "publish_test_result_which_passed",
   "steps" : {
      "step" : [ ]
   },
   "attachments" : {
      "attachment" : [ ]
   },
   "labels" : {
      "label" : [ {
         "name" : "host",
         "value" : "Abduls-MBP.home"
      }, {
         "name" : "thread",
         "value" : "35249@Abduls-MBP.home.main(1)"
      } ]
   }
}
testCase=ru.yandex.qatools.allure.model.TestCase@afee63[
  _id=2f5fdb1e-55f7-4b5a-87bb-68decf42ae3a
  executionId=745bfd3b-0516-4592-8852-a31b4b74d11f
  result=ru.yandex.qatools.allure.model.TestCaseResult@3d4ecc67
]
testCase={
   "_id" : "2f5fdb1e-55f7-4b5a-87bb-68decf42ae3a",
   "executionId" : "745bfd3b-0516-4592-8852-a31b4b74d11f",
   "result" : {
      "start" : 1443743952834,
      "stop" : 1443744033029,
      "status" : "passed",
      "name" : "publish_test_result_which_passed",
      "steps" : {
         "step" : [ ]
      },
      "attachments" : {
         "attachment" : [ ]
      },
      "labels" : {
         "label" : [ {
            "name" : "host",
            "value" : "Abduls-MBP.home"
         }, {
            "name" : "thread",
            "value" : "35249@Abduls-MBP.home.main(1)"
         } ]
      }
   }
}
>>>REQUEST: /testdb/TestCase
[WARN] [10/01/2015 20:00:33.042] [default-akka.actor.default-dispatcher-89] [ActorSystem(default)] Illegal response header: Illegal 'etag' header: Invalid input '5', expected 'W' or '"' (line 1, column 1): 560dc921fbeaf7a200c9bf6f
^
<<<RESPONSE (201 Created): /testdb/TestCase
running with given plugins: []
=== Starting rebuild_one_combination(plugins.MatrixReloadedPluginTest)
Starting Jenkins: JAVA_HOME=/Library/Java/JavaVirtualMachines/jdk1.8.0_60.jdk/Contents/Home JENKINS_HOME=/Users/abduljewel/Documents/c/spiderqa/sample-test-projects/acceptance-test-harness/target/jenkins8261208509414679024home /Library/Java/JavaVirtualMachines/jdk1.8.0_60.jdk/Contents/Home/bin/java -Duser.language=en -jar ./jenkins.war --ajp13Port=-1 --httpPort=49627
master49627|Running from: /Users/abduljewel/Documents/c/spiderqa/sample-test-projects/acceptance-test-harness/jenkins.war
master49627|webroot: EnvVars.masterEnvVars.get("JENKINS_HOME")
master49627|Oct 01, 2015 8:00:33 PM winstone.Logger logInternal
master49627|INFO: Beginning extraction from war file
master49627|Oct 01, 2015 8:00:37 PM org.eclipse.jetty.util.log.JavaUtilLog info
master49627|INFO: jetty-winstone-2.8
master49627|Oct 01, 2015 8:00:42 PM org.eclipse.jetty.util.log.JavaUtilLog info
master49627|INFO: NO JSP Support for , did not find org.apache.jasper.servlet.JspServlet
master49627|Jenkins home directory: /Users/abduljewel/Documents/c/spiderqa/sample-test-projects/acceptance-test-harness/target/jenkins8261208509414679024home found at: EnvVars.masterEnvVars.get("JENKINS_HOME")
master49627|Oct 01, 2015 8:00:45 PM org.eclipse.jetty.util.log.JavaUtilLog info
master49627|INFO: Started SelectChannelConnector@0.0.0.0:49627
master49627|Oct 01, 2015 8:00:45 PM winstone.Logger logInternal
master49627|INFO: Winstone Servlet Engine v2.0 running: controlPort=disabled
master49627|Oct 01, 2015 8:00:46 PM jenkins.InitReactorRunner$1 onAttained
master49627|INFO: Started initialization
master49627|Oct 01, 2015 8:01:10 PM jenkins.InitReactorRunner$1 onAttained
master49627|INFO: Listed all plugins
master49627|Oct 01, 2015 8:01:10 PM jenkins.InitReactorRunner$1 onAttained
master49627|INFO: Prepared all plugins
master49627|Oct 01, 2015 8:01:10 PM jenkins.InitReactorRunner$1 onAttained
master49627|INFO: Started all plugins
master49627|Oct 01, 2015 8:01:10 PM jenkins.InitReactorRunner$1 onAttained
master49627|INFO: Augmented all extensions
master49627|Oct 01, 2015 8:01:15 PM jenkins.InitReactorRunner$1 onAttained
master49627|INFO: Loaded all jobs
master49627|Oct 01, 2015 8:01:20 PM hudson.model.AsyncPeriodicWork$1 run
master49627|INFO: Started Download metadata
master49627|Oct 01, 2015 8:01:20 PM org.jenkinsci.main.modules.sshd.SSHD start
master49627|INFO: Started SSHD at port 56532
master49627|Oct 01, 2015 8:01:20 PM jenkins.InitReactorRunner$1 onAttained
master49627|INFO: Completed initialization
master49627|Oct 01, 2015 8:01:20 PM hudson.UDPBroadcastThread run
master49627|WARNING: UDP handling problem
master49627|java.net.SocketException: Can't assign requested address
master49627|	at java.net.PlainDatagramSocketImpl.join(Native Method)
master49627|	at java.net.AbstractPlainDatagramSocketImpl.join(AbstractPlainDatagramSocketImpl.java:179)
master49627|	at java.net.MulticastSocket.joinGroup(MulticastSocket.java:323)
master49627|	at hudson.UDPBroadcastThread.run(UDPBroadcastThread.java:77)
master49627|
master49627|Oct 01, 2015 8:01:20 PM hudson.WebAppMain$3 run
master49627|INFO: Jenkins is fully up and running
master49627|Oct 01, 2015 8:01:24 PM hudson.model.UpdateSite updateData
master49627|INFO: Obtained the latest update center data file for UpdateSource default
master49627|Oct 01, 2015 8:01:24 PM hudson.model.DownloadService$Downloadable load
master49627|INFO: Obtained the updated data file for hudson.tasks.Maven.MavenInstaller
master49627|Oct 01, 2015 8:01:25 PM hudson.model.DownloadService$Downloadable load
master49627|INFO: Obtained the updated data file for hudson.tasks.Ant.AntInstaller
master49627|Oct 01, 2015 8:01:25 PM hudson.model.DownloadService$Downloadable load
master49627|INFO: Obtained the updated data file for hudson.tools.JDKInstaller
master49627|Oct 01, 2015 8:01:25 PM hudson.model.AsyncPeriodicWork$1 run
master49627|INFO: Finished Download metadata. 5,690 ms
Jenkins is stopped
]]></system-out>
    <system-err><![CDATA[Oct 01, 2015 8:00:33 PM org.jenkinsci.test.acceptance.controller.LocalController startNow
INFO: Waiting for Jenkins to become running in http://127.0.0.1:49627/
Oct 01, 2015 8:01:20 PM org.jenkinsci.test.acceptance.controller.LocalController startNow
INFO: Jenkins is running in http://127.0.0.1:49627/
Oct 01, 2015 8:01:28 PM org.jenkinsci.test.acceptance.po.PluginManager installationStatus
INFO: matrix-reloaded is not installed
Oct 01, 2015 8:01:28 PM org.jenkinsci.test.acceptance.po.PluginManager installationStatus
INFO: matrix-reloaded is not installed
Oct 01, 2015 8:01:28 PM org.jenkinsci.test.acceptance.po.PluginManager installationStatus
INFO: matrix-reloaded@1.1.3 is not installed
]]></system-err>
  </testcase>
</testsuite>