<?xml version="1.0" encoding="UTF-8"?>
<testsuite name="plugins.WorkflowPluginTest" time="210.899" tests="3" errors="3" skipped="0" failures="0">
  <properties>
    <property name="java.runtime.name" value="Java(TM) SE Runtime Environment"/>
    <property name="sun.boot.library.path" value="/Library/Java/JavaVirtualMachines/jdk1.8.0_60.jdk/Contents/Home/jre/lib"/>
    <property name="java.vm.version" value="25.60-b23"/>
    <property name="gopherProxySet" value="false"/>
    <property name="java.vm.vendor" value="Oracle Corporation"/>
    <property name="maven.multiModuleProjectDirectory" value="/Users/abduljewel/Documents/c/spiderqa/sample-test-projects/acceptance-test-harness"/>
    <property name="java.vendor.url" value="http://java.oracle.com/"/>
    <property name="path.separator" value=":"/>
    <property name="guice.disable.misplaced.annotation.check" value="true"/>
    <property name="java.vm.name" value="Java HotSpot(TM) 64-Bit Server VM"/>
    <property name="file.encoding.pkg" value="sun.io"/>
    <property name="user.country" value="US"/>
    <property name="sun.java.launcher" value="SUN_STANDARD"/>
    <property name="sun.os.patch.level" value="unknown"/>
    <property name="java.vm.specification.name" value="Java Virtual Machine Specification"/>
    <property name="user.dir" value="/Users/abduljewel/Documents/c/spiderqa/sample-test-projects/acceptance-test-harness"/>
    <property name="java.runtime.version" value="1.8.0_60-b27"/>
    <property name="java.awt.graphicsenv" value="sun.awt.CGraphicsEnvironment"/>
    <property name="java.endorsed.dirs" value="/Library/Java/JavaVirtualMachines/jdk1.8.0_60.jdk/Contents/Home/jre/lib/endorsed"/>
    <property name="os.arch" value="x86_64"/>
    <property name="java.io.tmpdir" value="/var/folders/lk/l859yg616c9cbtgfnt9szgjc0000gn/T/"/>
    <property name="line.separator" value="&#10;"/>
    <property name="java.vm.specification.vendor" value="Oracle Corporation"/>
    <property name="os.name" value="Mac OS X"/>
    <property name="classworlds.conf" value="/usr/local/Cellar/maven/3.3.3/libexec/bin/m2.conf"/>
    <property name="sun.jnu.encoding" value="UTF-8"/>
    <property name="java.library.path" value="/Users/abduljewel/Library/Java/Extensions:/Library/Java/Extensions:/Network/Library/Java/Extensions:/System/Library/Java/Extensions:/usr/lib/java:."/>
    <property name="java.specification.name" value="Java Platform API Specification"/>
    <property name="java.class.version" value="52.0"/>
    <property name="sun.management.compiler" value="HotSpot 64-Bit Tiered Compilers"/>
    <property name="os.version" value="10.10.5"/>
    <property name="http.nonProxyHosts" value="local|*.local|169.254/16|*.169.254/16"/>
    <property name="user.home" value="/Users/abduljewel"/>
    <property name="user.timezone" value="America/New_York"/>
    <property name="java.awt.printerjob" value="sun.lwawt.macosx.CPrinterJob"/>
    <property name="java.specification.version" value="1.8"/>
    <property name="file.encoding" value="UTF-8"/>
    <property name="user.name" value="abduljewel"/>
    <property name="java.class.path" value="/usr/local/Cellar/maven/3.3.3/libexec/boot/plexus-classworlds-2.5.2.jar"/>
    <property name="java.vm.specification.version" value="1.8"/>
    <property name="sun.arch.data.model" value="64"/>
    <property name="java.home" value="/Library/Java/JavaVirtualMachines/jdk1.8.0_60.jdk/Contents/Home/jre"/>
    <property name="sun.java.command" value="org.codehaus.plexus.classworlds.launcher.Launcher clean test"/>
    <property name="java.specification.vendor" value="Oracle Corporation"/>
    <property name="user.language" value="en"/>
    <property name="awt.toolkit" value="sun.lwawt.macosx.LWCToolkit"/>
    <property name="java.vm.info" value="mixed mode"/>
    <property name="java.version" value="1.8.0_60"/>
    <property name="java.ext.dirs" value="/Users/abduljewel/Library/Java/Extensions:/Library/Java/JavaVirtualMachines/jdk1.8.0_60.jdk/Contents/Home/jre/lib/ext:/Library/Java/Extensions:/Network/Library/Java/Extensions:/System/Library/Java/Extensions:/usr/lib/java"/>
    <property name="sun.boot.class.path" value="/Library/Java/JavaVirtualMachines/jdk1.8.0_60.jdk/Contents/Home/jre/lib/resources.jar:/Library/Java/JavaVirtualMachines/jdk1.8.0_60.jdk/Contents/Home/jre/lib/rt.jar:/Library/Java/JavaVirtualMachines/jdk1.8.0_60.jdk/Contents/Home/jre/lib/sunrsasign.jar:/Library/Java/JavaVirtualMachines/jdk1.8.0_60.jdk/Contents/Home/jre/lib/jsse.jar:/Library/Java/JavaVirtualMachines/jdk1.8.0_60.jdk/Contents/Home/jre/lib/jce.jar:/Library/Java/JavaVirtualMachines/jdk1.8.0_60.jdk/Contents/Home/jre/lib/charsets.jar:/Library/Java/JavaVirtualMachines/jdk1.8.0_60.jdk/Contents/Home/jre/lib/jfr.jar:/Library/Java/JavaVirtualMachines/jdk1.8.0_60.jdk/Contents/Home/jre/classes"/>
    <property name="java.vendor" value="Oracle Corporation"/>
    <property name="maven.home" value="/usr/local/Cellar/maven/3.3.3/libexec"/>
    <property name="file.separator" value="/"/>
    <property name="java.vendor.url.bug" value="http://bugreport.sun.com/bugreport/"/>
    <property name="sun.cpu.endian" value="little"/>
    <property name="sun.io.unicode.encoding" value="UnicodeBig"/>
    <property name="socksNonProxyHosts" value="local|*.local|169.254/16|*.169.254/16"/>
    <property name="ftp.nonProxyHosts" value="local|*.local|169.254/16|*.169.254/16"/>
    <property name="sun.cpu.isalist" value=""/>
  </properties>
  <testcase name="helloWorld" classname="plugins.WorkflowPluginTest" time="71.279">
    <error message="org.apache.http.entity.ContentType.create(Ljava/lang/String;[Lorg/apache/http/NameValuePair;)Lorg/apache/http/entity/ContentType;" type="java.lang.NoSuchMethodError">java.lang.NoSuchMethodError: org.apache.http.entity.ContentType.create(Ljava/lang/String;[Lorg/apache/http/NameValuePair;)Lorg/apache/http/entity/ContentType;
	at org.apache.http.entity.mime.MultipartEntityBuilder.buildEntity(MultipartEntityBuilder.java:209)
	at org.apache.http.entity.mime.MultipartEntityBuilder.build(MultipartEntityBuilder.java:230)
	at org.jenkinsci.test.acceptance.update_center.PluginMetadata.uploadTo(PluginMetadata.java:65)
	at org.jenkinsci.test.acceptance.po.PluginManager.installPlugins(PluginManager.java:173)
	at org.jenkinsci.test.acceptance.junit.WithPlugins$RuleImpl$1.doInstall(WithPlugins.java:139)
	at org.jenkinsci.test.acceptance.junit.WithPlugins$RuleImpl$1.installPlugins(WithPlugins.java:119)
	at org.jenkinsci.test.acceptance.junit.WithPlugins$RuleImpl$1.evaluate(WithPlugins.java:92)
	at org.jenkinsci.test.acceptance.junit.JenkinsAcceptanceTestRule$1$2$1.evaluate(JenkinsAcceptanceTestRule.java:129)
	at org.jenkinsci.test.acceptance.junit.FilterRule$1.evaluate(FilterRule.java:62)
	at org.jenkinsci.test.acceptance.junit.JenkinsAcceptanceTestRule$1.evaluate(JenkinsAcceptanceTestRule.java:55)
	at org.junit.runners.ParentRunner.runLeaf(ParentRunner.java:271)
	at org.junit.runners.BlockJUnit4ClassRunner.runChild(BlockJUnit4ClassRunner.java:70)
	at org.junit.runners.BlockJUnit4ClassRunner.runChild(BlockJUnit4ClassRunner.java:50)
	at org.junit.runners.ParentRunner$3.run(ParentRunner.java:238)
	at org.junit.runners.ParentRunner$1.schedule(ParentRunner.java:63)
	at org.junit.runners.ParentRunner.runChildren(ParentRunner.java:236)
	at org.junit.runners.ParentRunner.access$000(ParentRunner.java:53)
	at org.junit.runners.ParentRunner$2.evaluate(ParentRunner.java:229)
	at org.junit.runners.ParentRunner.run(ParentRunner.java:309)
	at org.apache.maven.surefire.junit4.JUnit4Provider.execute(JUnit4Provider.java:264)
	at org.apache.maven.surefire.junit4.JUnit4Provider.executeTestSet(JUnit4Provider.java:153)
	at org.apache.maven.surefire.junit4.JUnit4Provider.invoke(JUnit4Provider.java:124)
	at org.apache.maven.surefire.booter.ForkedBooter.invokeProviderInSameClassLoader(ForkedBooter.java:200)
	at org.apache.maven.surefire.booter.ForkedBooter.runSuitesInProcess(ForkedBooter.java:153)
	at org.apache.maven.surefire.booter.ForkedBooter.main(ForkedBooter.java:103)
</error>
    <system-out><![CDATA[testCaseResult=ru.yandex.qatools.allure.model.TestCaseResult@7540160e[
  name=display_no_timestamp
  title=<null>
  description=<null>
  failure=ru.yandex.qatools.allure.model.Failure@71039ce1
  start=1443745299570
  stop=1443745375272
  status=BROKEN
  severity=<null>
  steps=[]
  attachments=[]
  labels=[ru.yandex.qatools.allure.model.Label@3348c987, ru.yandex.qatools.allure.model.Label@44aed6a4]
  parameters=<null>
]
testCaseResult={
   "start" : 1443745299570,
   "stop" : 1443745375272,
   "status" : "broken",
   "name" : "display_no_timestamp",
   "failure" : {
      "message" : "NoSuchMethodError: org.apache.http.entity.ContentType.create(Ljava/lang/String;[Lorg/apache/http/NameValuePair;)Lorg/apache/http/entity/ContentType;",
      "stack-trace" : "java.lang.NoSuchMethodError: org.apache.http.entity.ContentType.create(Ljava/lang/String;[Lorg/apache/http/NameValuePair;)Lorg/apache/http/entity/ContentType;\n\tat org.apache.http.entity.mime.MultipartEntityBuilder.buildEntity(MultipartEntityBuilder.java:209)\n\tat org.apache.http.entity.mime.MultipartEntityBuilder.build(MultipartEntityBuilder.java:230)\n\tat org.jenkinsci.test.acceptance.update_center.PluginMetadata.uploadTo(PluginMetadata.java:65)\n\tat org.jenkinsci.test.acceptance.po.PluginManager.installPlugins(PluginManager.java:173)\n\tat org.jenkinsci.test.acceptance.junit.WithPlugins$RuleImpl$1.doInstall(WithPlugins.java:139)\n\tat org.jenkinsci.test.acceptance.junit.WithPlugins$RuleImpl$1.installPlugins(WithPlugins.java:119)\n\tat org.jenkinsci.test.acceptance.junit.WithPlugins$RuleImpl$1.evaluate(WithPlugins.java:92)\n\tat org.jenkinsci.test.acceptance.junit.JenkinsAcceptanceTestRule$1$2$1.evaluate(JenkinsAcceptanceTestRule.java:129)\n\tat org.jenkinsci.test.acceptance.junit.FilterRule$1.evaluate(FilterRule.java:62)\n\tat org.jenkinsci.test.acceptance.junit.JenkinsAcceptanceTestRule$1.evaluate(JenkinsAcceptanceTestRule.java:55)\n\tat org.junit.runners.ParentRunner.runLeaf(ParentRunner.java:271)\n\tat org.junit.runners.BlockJUnit4ClassRunner.runChild(BlockJUnit4ClassRunner.java:70)\n\tat org.junit.runners.BlockJUnit4ClassRunner.runChild(BlockJUnit4ClassRunner.java:50)\n\tat org.junit.runners.ParentRunner$3.run(ParentRunner.java:238)\n\tat org.junit.runners.ParentRunner$1.schedule(ParentRunner.java:63)\n\tat org.junit.runners.ParentRunner.runChildren(ParentRunner.java:236)\n\tat org.junit.runners.ParentRunner.access$000(ParentRunner.java:53)\n\tat org.junit.runners.ParentRunner$2.evaluate(ParentRunner.java:229)\n\tat org.junit.runners.ParentRunner.run(ParentRunner.java:309)\n\tat org.apache.maven.surefire.junit4.JUnit4Provider.execute(JUnit4Provider.java:264)\n\tat org.apache.maven.surefire.junit4.JUnit4Provider.executeTestSet(JUnit4Provider.java:153)\n\tat org.apache.maven.surefire.junit4.JUnit4Provider.invoke(JUnit4Provider.java:124)\n\tat org.apache.maven.surefire.booter.ForkedBooter.invokeProviderInSameClassLoader(ForkedBooter.java:200)\n\tat org.apache.maven.surefire.booter.ForkedBooter.runSuitesInProcess(ForkedBooter.java:153)\n\tat org.apache.maven.surefire.booter.ForkedBooter.main(ForkedBooter.java:103)\n"
   },
   "steps" : {
      "step" : [ ]
   },
   "attachments" : {
      "attachment" : [ ]
   },
   "labels" : {
      "label" : [ {
         "name" : "host",
         "value" : "Abduls-MBP.home"
      }, {
         "name" : "thread",
         "value" : "35249@Abduls-MBP.home.main(1)"
      } ]
   }
}
testCase=ru.yandex.qatools.allure.model.TestCase@31ab4859[
  _id=9f60f0bf-c6eb-442b-ba63-d06af98f1cb3
  executionId=745bfd3b-0516-4592-8852-a31b4b74d11f
  result=ru.yandex.qatools.allure.model.TestCaseResult@7540160e
]
testCase={
   "_id" : "9f60f0bf-c6eb-442b-ba63-d06af98f1cb3",
   "executionId" : "745bfd3b-0516-4592-8852-a31b4b74d11f",
   "result" : {
      "start" : 1443745299570,
      "stop" : 1443745375272,
      "status" : "broken",
      "name" : "display_no_timestamp",
      "failure" : {
         "message" : "NoSuchMethodError: org.apache.http.entity.ContentType.create(Ljava/lang/String;[Lorg/apache/http/NameValuePair;)Lorg/apache/http/entity/ContentType;",
         "stack-trace" : "java.lang.NoSuchMethodError: org.apache.http.entity.ContentType.create(Ljava/lang/String;[Lorg/apache/http/NameValuePair;)Lorg/apache/http/entity/ContentType;\n\tat org.apache.http.entity.mime.MultipartEntityBuilder.buildEntity(MultipartEntityBuilder.java:209)\n\tat org.apache.http.entity.mime.MultipartEntityBuilder.build(MultipartEntityBuilder.java:230)\n\tat org.jenkinsci.test.acceptance.update_center.PluginMetadata.uploadTo(PluginMetadata.java:65)\n\tat org.jenkinsci.test.acceptance.po.PluginManager.installPlugins(PluginManager.java:173)\n\tat org.jenkinsci.test.acceptance.junit.WithPlugins$RuleImpl$1.doInstall(WithPlugins.java:139)\n\tat org.jenkinsci.test.acceptance.junit.WithPlugins$RuleImpl$1.installPlugins(WithPlugins.java:119)\n\tat org.jenkinsci.test.acceptance.junit.WithPlugins$RuleImpl$1.evaluate(WithPlugins.java:92)\n\tat org.jenkinsci.test.acceptance.junit.JenkinsAcceptanceTestRule$1$2$1.evaluate(JenkinsAcceptanceTestRule.java:129)\n\tat org.jenkinsci.test.acceptance.junit.FilterRule$1.evaluate(FilterRule.java:62)\n\tat org.jenkinsci.test.acceptance.junit.JenkinsAcceptanceTestRule$1.evaluate(JenkinsAcceptanceTestRule.java:55)\n\tat org.junit.runners.ParentRunner.runLeaf(ParentRunner.java:271)\n\tat org.junit.runners.BlockJUnit4ClassRunner.runChild(BlockJUnit4ClassRunner.java:70)\n\tat org.junit.runners.BlockJUnit4ClassRunner.runChild(BlockJUnit4ClassRunner.java:50)\n\tat org.junit.runners.ParentRunner$3.run(ParentRunner.java:238)\n\tat org.junit.runners.ParentRunner$1.schedule(ParentRunner.java:63)\n\tat org.junit.runners.ParentRunner.runChildren(ParentRunner.java:236)\n\tat org.junit.runners.ParentRunner.access$000(ParentRunner.java:53)\n\tat org.junit.runners.ParentRunner$2.evaluate(ParentRunner.java:229)\n\tat org.junit.runners.ParentRunner.run(ParentRunner.java:309)\n\tat org.apache.maven.surefire.junit4.JUnit4Provider.execute(JUnit4Provider.java:264)\n\tat org.apache.maven.surefire.junit4.JUnit4Provider.executeTestSet(JUnit4Provider.java:153)\n\tat org.apache.maven.surefire.junit4.JUnit4Provider.invoke(JUnit4Provider.java:124)\n\tat org.apache.maven.surefire.booter.ForkedBooter.invokeProviderInSameClassLoader(ForkedBooter.java:200)\n\tat org.apache.maven.surefire.booter.ForkedBooter.runSuitesInProcess(ForkedBooter.java:153)\n\tat org.apache.maven.surefire.booter.ForkedBooter.main(ForkedBooter.java:103)\n"
      },
      "steps" : {
         "step" : [ ]
      },
      "attachments" : {
         "attachment" : [ ]
      },
      "labels" : {
         "label" : [ {
            "name" : "host",
            "value" : "Abduls-MBP.home"
         }, {
            "name" : "thread",
            "value" : "35249@Abduls-MBP.home.main(1)"
         } ]
      }
   }
}
>>>REQUEST: /testdb/TestCase
[WARN] [10/01/2015 20:22:55.292] [default-akka.actor.default-dispatcher-173] [ActorSystem(default)] Illegal response header: Illegal 'etag' header: Invalid input '5', expected 'W' or '"' (line 1, column 1): 560dce5ffbeaf7a200c9bfe9
^
<<<RESPONSE (201 Created): /testdb/TestCase
running with given plugins: []
=== Starting helloWorld(plugins.WorkflowPluginTest)
Starting Jenkins: JAVA_HOME=/Library/Java/JavaVirtualMachines/jdk1.8.0_60.jdk/Contents/Home JENKINS_HOME=/Users/abduljewel/Documents/c/spiderqa/sample-test-projects/acceptance-test-harness/target/jenkins5322871197402669022home /Library/Java/JavaVirtualMachines/jdk1.8.0_60.jdk/Contents/Home/bin/java -Duser.language=en -jar ./jenkins.war --ajp13Port=-1 --httpPort=51630
master51630|Running from: /Users/abduljewel/Documents/c/spiderqa/sample-test-projects/acceptance-test-harness/jenkins.war
master51630|webroot: EnvVars.masterEnvVars.get("JENKINS_HOME")
master51630|Oct 01, 2015 8:22:56 PM winstone.Logger logInternal
master51630|INFO: Beginning extraction from war file
master51630|Oct 01, 2015 8:22:59 PM org.eclipse.jetty.util.log.JavaUtilLog info
master51630|INFO: jetty-winstone-2.8
master51630|Oct 01, 2015 8:23:02 PM org.eclipse.jetty.util.log.JavaUtilLog info
master51630|INFO: NO JSP Support for , did not find org.apache.jasper.servlet.JspServlet
master51630|Jenkins home directory: /Users/abduljewel/Documents/c/spiderqa/sample-test-projects/acceptance-test-harness/target/jenkins5322871197402669022home found at: EnvVars.masterEnvVars.get("JENKINS_HOME")
master51630|Oct 01, 2015 8:23:06 PM org.eclipse.jetty.util.log.JavaUtilLog info
master51630|INFO: Started SelectChannelConnector@0.0.0.0:51630
master51630|Oct 01, 2015 8:23:06 PM winstone.Logger logInternal
master51630|INFO: Winstone Servlet Engine v2.0 running: controlPort=disabled
master51630|Oct 01, 2015 8:23:06 PM jenkins.InitReactorRunner$1 onAttained
master51630|INFO: Started initialization
master51630|Oct 01, 2015 8:23:43 PM jenkins.InitReactorRunner$1 onAttained
master51630|INFO: Listed all plugins
master51630|Oct 01, 2015 8:23:43 PM jenkins.InitReactorRunner$1 onAttained
master51630|INFO: Prepared all plugins
master51630|Oct 01, 2015 8:23:43 PM jenkins.InitReactorRunner$1 onAttained
master51630|INFO: Started all plugins
master51630|Oct 01, 2015 8:23:43 PM jenkins.InitReactorRunner$1 onAttained
master51630|INFO: Augmented all extensions
master51630|Oct 01, 2015 8:23:50 PM jenkins.InitReactorRunner$1 onAttained
master51630|INFO: Loaded all jobs
master51630|Oct 01, 2015 8:23:56 PM hudson.model.AsyncPeriodicWork$1 run
master51630|INFO: Started Download metadata
master51630|Oct 01, 2015 8:23:57 PM org.jenkinsci.main.modules.sshd.SSHD start
master51630|INFO: Started SSHD at port 50428
master51630|Oct 01, 2015 8:23:57 PM jenkins.InitReactorRunner$1 onAttained
master51630|INFO: Completed initialization
master51630|Oct 01, 2015 8:23:57 PM hudson.UDPBroadcastThread run
master51630|WARNING: UDP handling problem
master51630|java.net.SocketException: Can't assign requested address
master51630|	at java.net.PlainDatagramSocketImpl.join(Native Method)
master51630|	at java.net.AbstractPlainDatagramSocketImpl.join(AbstractPlainDatagramSocketImpl.java:179)
master51630|	at java.net.MulticastSocket.joinGroup(MulticastSocket.java:323)
master51630|	at hudson.UDPBroadcastThread.run(UDPBroadcastThread.java:77)
master51630|
master51630|Oct 01, 2015 8:23:57 PM hudson.WebAppMain$3 run
master51630|INFO: Jenkins is fully up and running
master51630|Oct 01, 2015 8:24:00 PM hudson.model.UpdateSite updateData
master51630|INFO: Obtained the latest update center data file for UpdateSource default
master51630|Oct 01, 2015 8:24:01 PM hudson.model.DownloadService$Downloadable load
master51630|INFO: Obtained the updated data file for hudson.tasks.Maven.MavenInstaller
master51630|Oct 01, 2015 8:24:01 PM hudson.model.DownloadService$Downloadable load
master51630|INFO: Obtained the updated data file for hudson.tasks.Ant.AntInstaller
master51630|Oct 01, 2015 8:24:02 PM hudson.model.DownloadService$Downloadable load
master51630|INFO: Obtained the updated data file for hudson.tools.JDKInstaller
master51630|Oct 01, 2015 8:24:02 PM hudson.model.AsyncPeriodicWork$1 run
master51630|INFO: Finished Download metadata. 6,528 ms
Jenkins is stopped
]]></system-out>
    <system-err><![CDATA[Oct 01, 2015 8:22:55 PM org.jenkinsci.test.acceptance.controller.LocalController startNow
INFO: Waiting for Jenkins to become running in http://127.0.0.1:51630/
Oct 01, 2015 8:23:57 PM org.jenkinsci.test.acceptance.controller.LocalController startNow
INFO: Jenkins is running in http://127.0.0.1:51630/
Oct 01, 2015 8:24:05 PM org.jenkinsci.test.acceptance.po.PluginManager installationStatus
INFO: workflow-aggregator@1.1 is not installed
Oct 01, 2015 8:24:05 PM org.jenkinsci.test.acceptance.po.PluginManager installationStatus
INFO: workflow-aggregator@1.1 is not installed
Oct 01, 2015 8:24:05 PM org.jenkinsci.test.acceptance.po.PluginManager installationStatus
INFO: workflow-step-api@1.10 is not installed
]]></system-err>
  </testcase>
  <testcase name="linearFlow" classname="plugins.WorkflowPluginTest" time="70.243">
    <error message="org.apache.http.entity.ContentType.create(Ljava/lang/String;[Lorg/apache/http/NameValuePair;)Lorg/apache/http/entity/ContentType;" type="java.lang.NoSuchMethodError">java.lang.NoSuchMethodError: org.apache.http.entity.ContentType.create(Ljava/lang/String;[Lorg/apache/http/NameValuePair;)Lorg/apache/http/entity/ContentType;
	at org.apache.http.entity.mime.MultipartEntityBuilder.buildEntity(MultipartEntityBuilder.java:209)
	at org.apache.http.entity.mime.MultipartEntityBuilder.build(MultipartEntityBuilder.java:230)
	at org.jenkinsci.test.acceptance.update_center.PluginMetadata.uploadTo(PluginMetadata.java:65)
	at org.jenkinsci.test.acceptance.po.PluginManager.installPlugins(PluginManager.java:173)
	at org.jenkinsci.test.acceptance.junit.WithPlugins$RuleImpl$1.doInstall(WithPlugins.java:139)
	at org.jenkinsci.test.acceptance.junit.WithPlugins$RuleImpl$1.installPlugins(WithPlugins.java:126)
	at org.jenkinsci.test.acceptance.junit.WithPlugins$RuleImpl$1.evaluate(WithPlugins.java:91)
	at org.jenkinsci.test.acceptance.junit.JenkinsAcceptanceTestRule$1$2$1.evaluate(JenkinsAcceptanceTestRule.java:129)
	at org.jenkinsci.test.acceptance.junit.FilterRule$1.evaluate(FilterRule.java:62)
	at org.jenkinsci.test.acceptance.junit.JenkinsAcceptanceTestRule$1.evaluate(JenkinsAcceptanceTestRule.java:55)
	at org.junit.runners.ParentRunner.runLeaf(ParentRunner.java:271)
	at org.junit.runners.BlockJUnit4ClassRunner.runChild(BlockJUnit4ClassRunner.java:70)
	at org.junit.runners.BlockJUnit4ClassRunner.runChild(BlockJUnit4ClassRunner.java:50)
	at org.junit.runners.ParentRunner$3.run(ParentRunner.java:238)
	at org.junit.runners.ParentRunner$1.schedule(ParentRunner.java:63)
	at org.junit.runners.ParentRunner.runChildren(ParentRunner.java:236)
	at org.junit.runners.ParentRunner.access$000(ParentRunner.java:53)
	at org.junit.runners.ParentRunner$2.evaluate(ParentRunner.java:229)
	at org.junit.runners.ParentRunner.run(ParentRunner.java:309)
	at org.apache.maven.surefire.junit4.JUnit4Provider.execute(JUnit4Provider.java:264)
	at org.apache.maven.surefire.junit4.JUnit4Provider.executeTestSet(JUnit4Provider.java:153)
	at org.apache.maven.surefire.junit4.JUnit4Provider.invoke(JUnit4Provider.java:124)
	at org.apache.maven.surefire.booter.ForkedBooter.invokeProviderInSameClassLoader(ForkedBooter.java:200)
	at org.apache.maven.surefire.booter.ForkedBooter.runSuitesInProcess(ForkedBooter.java:153)
	at org.apache.maven.surefire.booter.ForkedBooter.main(ForkedBooter.java:103)
</error>
    <system-out><![CDATA[testCaseResult=ru.yandex.qatools.allure.model.TestCaseResult@377dbc50[
  name=helloWorld
  title=<null>
  description=<null>
  failure=ru.yandex.qatools.allure.model.Failure@531ec2ca
  start=1443745375507
  stop=1443745446784
  status=BROKEN
  severity=<null>
  steps=[]
  attachments=[]
  labels=[ru.yandex.qatools.allure.model.Label@70884875, ru.yandex.qatools.allure.model.Label@7019d619]
  parameters=<null>
]
testCaseResult={
   "start" : 1443745375507,
   "stop" : 1443745446784,
   "status" : "broken",
   "name" : "helloWorld",
   "failure" : {
      "message" : "NoSuchMethodError: org.apache.http.entity.ContentType.create(Ljava/lang/String;[Lorg/apache/http/NameValuePair;)Lorg/apache/http/entity/ContentType;",
      "stack-trace" : "java.lang.NoSuchMethodError: org.apache.http.entity.ContentType.create(Ljava/lang/String;[Lorg/apache/http/NameValuePair;)Lorg/apache/http/entity/ContentType;\n\tat org.apache.http.entity.mime.MultipartEntityBuilder.buildEntity(MultipartEntityBuilder.java:209)\n\tat org.apache.http.entity.mime.MultipartEntityBuilder.build(MultipartEntityBuilder.java:230)\n\tat org.jenkinsci.test.acceptance.update_center.PluginMetadata.uploadTo(PluginMetadata.java:65)\n\tat org.jenkinsci.test.acceptance.po.PluginManager.installPlugins(PluginManager.java:173)\n\tat org.jenkinsci.test.acceptance.junit.WithPlugins$RuleImpl$1.doInstall(WithPlugins.java:139)\n\tat org.jenkinsci.test.acceptance.junit.WithPlugins$RuleImpl$1.installPlugins(WithPlugins.java:119)\n\tat org.jenkinsci.test.acceptance.junit.WithPlugins$RuleImpl$1.evaluate(WithPlugins.java:92)\n\tat org.jenkinsci.test.acceptance.junit.JenkinsAcceptanceTestRule$1$2$1.evaluate(JenkinsAcceptanceTestRule.java:129)\n\tat org.jenkinsci.test.acceptance.junit.FilterRule$1.evaluate(FilterRule.java:62)\n\tat org.jenkinsci.test.acceptance.junit.JenkinsAcceptanceTestRule$1.evaluate(JenkinsAcceptanceTestRule.java:55)\n\tat org.junit.runners.ParentRunner.runLeaf(ParentRunner.java:271)\n\tat org.junit.runners.BlockJUnit4ClassRunner.runChild(BlockJUnit4ClassRunner.java:70)\n\tat org.junit.runners.BlockJUnit4ClassRunner.runChild(BlockJUnit4ClassRunner.java:50)\n\tat org.junit.runners.ParentRunner$3.run(ParentRunner.java:238)\n\tat org.junit.runners.ParentRunner$1.schedule(ParentRunner.java:63)\n\tat org.junit.runners.ParentRunner.runChildren(ParentRunner.java:236)\n\tat org.junit.runners.ParentRunner.access$000(ParentRunner.java:53)\n\tat org.junit.runners.ParentRunner$2.evaluate(ParentRunner.java:229)\n\tat org.junit.runners.ParentRunner.run(ParentRunner.java:309)\n\tat org.apache.maven.surefire.junit4.JUnit4Provider.execute(JUnit4Provider.java:264)\n\tat org.apache.maven.surefire.junit4.JUnit4Provider.executeTestSet(JUnit4Provider.java:153)\n\tat org.apache.maven.surefire.junit4.JUnit4Provider.invoke(JUnit4Provider.java:124)\n\tat org.apache.maven.surefire.booter.ForkedBooter.invokeProviderInSameClassLoader(ForkedBooter.java:200)\n\tat org.apache.maven.surefire.booter.ForkedBooter.runSuitesInProcess(ForkedBooter.java:153)\n\tat org.apache.maven.surefire.booter.ForkedBooter.main(ForkedBooter.java:103)\n"
   },
   "steps" : {
      "step" : [ ]
   },
   "attachments" : {
      "attachment" : [ ]
   },
   "labels" : {
      "label" : [ {
         "name" : "host",
         "value" : "Abduls-MBP.home"
      }, {
         "name" : "thread",
         "value" : "35249@Abduls-MBP.home.main(1)"
      } ]
   }
}
testCase=ru.yandex.qatools.allure.model.TestCase@2a5c6b76[
  _id=85294761-21d8-4388-8f97-32b615d55ac6
  executionId=745bfd3b-0516-4592-8852-a31b4b74d11f
  result=ru.yandex.qatools.allure.model.TestCaseResult@377dbc50
]
testCase={
   "_id" : "85294761-21d8-4388-8f97-32b615d55ac6",
   "executionId" : "745bfd3b-0516-4592-8852-a31b4b74d11f",
   "result" : {
      "start" : 1443745375507,
      "stop" : 1443745446784,
      "status" : "broken",
      "name" : "helloWorld",
      "failure" : {
         "message" : "NoSuchMethodError: org.apache.http.entity.ContentType.create(Ljava/lang/String;[Lorg/apache/http/NameValuePair;)Lorg/apache/http/entity/ContentType;",
         "stack-trace" : "java.lang.NoSuchMethodError: org.apache.http.entity.ContentType.create(Ljava/lang/String;[Lorg/apache/http/NameValuePair;)Lorg/apache/http/entity/ContentType;\n\tat org.apache.http.entity.mime.MultipartEntityBuilder.buildEntity(MultipartEntityBuilder.java:209)\n\tat org.apache.http.entity.mime.MultipartEntityBuilder.build(MultipartEntityBuilder.java:230)\n\tat org.jenkinsci.test.acceptance.update_center.PluginMetadata.uploadTo(PluginMetadata.java:65)\n\tat org.jenkinsci.test.acceptance.po.PluginManager.installPlugins(PluginManager.java:173)\n\tat org.jenkinsci.test.acceptance.junit.WithPlugins$RuleImpl$1.doInstall(WithPlugins.java:139)\n\tat org.jenkinsci.test.acceptance.junit.WithPlugins$RuleImpl$1.installPlugins(WithPlugins.java:119)\n\tat org.jenkinsci.test.acceptance.junit.WithPlugins$RuleImpl$1.evaluate(WithPlugins.java:92)\n\tat org.jenkinsci.test.acceptance.junit.JenkinsAcceptanceTestRule$1$2$1.evaluate(JenkinsAcceptanceTestRule.java:129)\n\tat org.jenkinsci.test.acceptance.junit.FilterRule$1.evaluate(FilterRule.java:62)\n\tat org.jenkinsci.test.acceptance.junit.JenkinsAcceptanceTestRule$1.evaluate(JenkinsAcceptanceTestRule.java:55)\n\tat org.junit.runners.ParentRunner.runLeaf(ParentRunner.java:271)\n\tat org.junit.runners.BlockJUnit4ClassRunner.runChild(BlockJUnit4ClassRunner.java:70)\n\tat org.junit.runners.BlockJUnit4ClassRunner.runChild(BlockJUnit4ClassRunner.java:50)\n\tat org.junit.runners.ParentRunner$3.run(ParentRunner.java:238)\n\tat org.junit.runners.ParentRunner$1.schedule(ParentRunner.java:63)\n\tat org.junit.runners.ParentRunner.runChildren(ParentRunner.java:236)\n\tat org.junit.runners.ParentRunner.access$000(ParentRunner.java:53)\n\tat org.junit.runners.ParentRunner$2.evaluate(ParentRunner.java:229)\n\tat org.junit.runners.ParentRunner.run(ParentRunner.java:309)\n\tat org.apache.maven.surefire.junit4.JUnit4Provider.execute(JUnit4Provider.java:264)\n\tat org.apache.maven.surefire.junit4.JUnit4Provider.executeTestSet(JUnit4Provider.java:153)\n\tat org.apache.maven.surefire.junit4.JUnit4Provider.invoke(JUnit4Provider.java:124)\n\tat org.apache.maven.surefire.booter.ForkedBooter.invokeProviderInSameClassLoader(ForkedBooter.java:200)\n\tat org.apache.maven.surefire.booter.ForkedBooter.runSuitesInProcess(ForkedBooter.java:153)\n\tat org.apache.maven.surefire.booter.ForkedBooter.main(ForkedBooter.java:103)\n"
      },
      "steps" : {
         "step" : [ ]
      },
      "attachments" : {
         "attachment" : [ ]
      },
      "labels" : {
         "label" : [ {
            "name" : "host",
            "value" : "Abduls-MBP.home"
         }, {
            "name" : "thread",
            "value" : "35249@Abduls-MBP.home.main(1)"
         } ]
      }
   }
}
>>>REQUEST: /testdb/TestCase
running with given plugins: []
=== Starting linearFlow(plugins.WorkflowPluginTest)
[WARN] [10/01/2015 20:24:06.793] [default-akka.actor.default-dispatcher-163] [ActorSystem(default)] Illegal response header: Illegal 'etag' header: Invalid input '5', expected 'W' or '"' (line 1, column 1): 560dcea6fbeaf7a200c9bfee
^
<<<RESPONSE (201 Created): /testdb/TestCase
Starting Jenkins: JAVA_HOME=/Library/Java/JavaVirtualMachines/jdk1.8.0_60.jdk/Contents/Home JENKINS_HOME=/Users/abduljewel/Documents/c/spiderqa/sample-test-projects/acceptance-test-harness/target/jenkins1597657485804781353home /Library/Java/JavaVirtualMachines/jdk1.8.0_60.jdk/Contents/Home/bin/java -Duser.language=en -jar ./jenkins.war --ajp13Port=-1 --httpPort=49842
master49842|Running from: /Users/abduljewel/Documents/c/spiderqa/sample-test-projects/acceptance-test-harness/jenkins.war
master49842|webroot: EnvVars.masterEnvVars.get("JENKINS_HOME")
master49842|Oct 01, 2015 8:24:07 PM winstone.Logger logInternal
master49842|INFO: Beginning extraction from war file
master49842|Oct 01, 2015 8:24:10 PM org.eclipse.jetty.util.log.JavaUtilLog info
master49842|INFO: jetty-winstone-2.8
master49842|Oct 01, 2015 8:24:14 PM org.eclipse.jetty.util.log.JavaUtilLog info
master49842|INFO: NO JSP Support for , did not find org.apache.jasper.servlet.JspServlet
master49842|Jenkins home directory: /Users/abduljewel/Documents/c/spiderqa/sample-test-projects/acceptance-test-harness/target/jenkins1597657485804781353home found at: EnvVars.masterEnvVars.get("JENKINS_HOME")
master49842|Oct 01, 2015 8:24:17 PM org.eclipse.jetty.util.log.JavaUtilLog info
master49842|INFO: Started SelectChannelConnector@0.0.0.0:49842
master49842|Oct 01, 2015 8:24:17 PM winstone.Logger logInternal
master49842|INFO: Winstone Servlet Engine v2.0 running: controlPort=disabled
master49842|Oct 01, 2015 8:24:18 PM jenkins.InitReactorRunner$1 onAttained
master49842|INFO: Started initialization
master49842|Oct 01, 2015 8:24:53 PM jenkins.InitReactorRunner$1 onAttained
master49842|INFO: Listed all plugins
master49842|Oct 01, 2015 8:24:53 PM jenkins.InitReactorRunner$1 onAttained
master49842|INFO: Prepared all plugins
master49842|Oct 01, 2015 8:24:53 PM jenkins.InitReactorRunner$1 onAttained
master49842|INFO: Started all plugins
master49842|Oct 01, 2015 8:24:53 PM jenkins.InitReactorRunner$1 onAttained
master49842|INFO: Augmented all extensions
master49842|Oct 01, 2015 8:25:00 PM jenkins.InitReactorRunner$1 onAttained
master49842|INFO: Loaded all jobs
master49842|Oct 01, 2015 8:25:04 PM hudson.model.AsyncPeriodicWork$1 run
master49842|INFO: Started Download metadata
master49842|Oct 01, 2015 8:25:05 PM org.jenkinsci.main.modules.sshd.SSHD start
master49842|INFO: Started SSHD at port 50733
master49842|Oct 01, 2015 8:25:05 PM jenkins.InitReactorRunner$1 onAttained
master49842|INFO: Completed initialization
master49842|Oct 01, 2015 8:25:05 PM hudson.UDPBroadcastThread run
master49842|WARNING: UDP handling problem
master49842|java.net.SocketException: Can't assign requested address
master49842|	at java.net.PlainDatagramSocketImpl.join(Native Method)
master49842|	at java.net.AbstractPlainDatagramSocketImpl.join(AbstractPlainDatagramSocketImpl.java:179)
master49842|	at java.net.MulticastSocket.joinGroup(MulticastSocket.java:323)
master49842|	at hudson.UDPBroadcastThread.run(UDPBroadcastThread.java:77)
master49842|
master49842|Oct 01, 2015 8:25:05 PM hudson.WebAppMain$3 run
master49842|INFO: Jenkins is fully up and running
master49842|Oct 01, 2015 8:25:09 PM hudson.model.UpdateSite updateData
master49842|INFO: Obtained the latest update center data file for UpdateSource default
master49842|Oct 01, 2015 8:25:10 PM hudson.model.DownloadService$Downloadable load
master49842|INFO: Obtained the updated data file for hudson.tasks.Maven.MavenInstaller
master49842|Oct 01, 2015 8:25:11 PM hudson.model.DownloadService$Downloadable load
master49842|INFO: Obtained the updated data file for hudson.tasks.Ant.AntInstaller
master49842|Oct 01, 2015 8:25:12 PM hudson.model.DownloadService$Downloadable load
master49842|INFO: Obtained the updated data file for hudson.tools.JDKInstaller
master49842|Oct 01, 2015 8:25:12 PM hudson.model.AsyncPeriodicWork$1 run
master49842|INFO: Finished Download metadata. 8,490 ms
Jenkins is stopped
]]></system-out>
    <system-err><![CDATA[Oct 01, 2015 8:24:06 PM org.jenkinsci.test.acceptance.controller.LocalController startNow
INFO: Waiting for Jenkins to become running in http://127.0.0.1:49842/
Oct 01, 2015 8:25:05 PM org.jenkinsci.test.acceptance.controller.LocalController startNow
INFO: Jenkins is running in http://127.0.0.1:49842/
Oct 01, 2015 8:25:16 PM org.jenkinsci.test.acceptance.po.PluginManager installationStatus
INFO: junit has version 1.2-beta-4 but 1.3 was requested
Oct 01, 2015 8:25:16 PM org.jenkinsci.test.acceptance.po.PluginManager installationStatus
INFO: junit has version 1.2-beta-4 but 1.3 was requested
Oct 01, 2015 8:25:16 PM org.jenkinsci.test.acceptance.po.PluginManager installationStatus
INFO: junit has version 1.2-beta-4 but 1.3 was requested
]]></system-err>
  </testcase>
  <testcase name="parallelTests" classname="plugins.WorkflowPluginTest" time="69.377">
    <error message="org.apache.http.entity.ContentType.create(Ljava/lang/String;[Lorg/apache/http/NameValuePair;)Lorg/apache/http/entity/ContentType;" type="java.lang.NoSuchMethodError">java.lang.NoSuchMethodError: org.apache.http.entity.ContentType.create(Ljava/lang/String;[Lorg/apache/http/NameValuePair;)Lorg/apache/http/entity/ContentType;
	at org.apache.http.entity.mime.MultipartEntityBuilder.buildEntity(MultipartEntityBuilder.java:209)
	at org.apache.http.entity.mime.MultipartEntityBuilder.build(MultipartEntityBuilder.java:230)
	at org.jenkinsci.test.acceptance.update_center.PluginMetadata.uploadTo(PluginMetadata.java:65)
	at org.jenkinsci.test.acceptance.po.PluginManager.installPlugins(PluginManager.java:173)
	at org.jenkinsci.test.acceptance.junit.WithPlugins$RuleImpl$1.doInstall(WithPlugins.java:139)
	at org.jenkinsci.test.acceptance.junit.WithPlugins$RuleImpl$1.installPlugins(WithPlugins.java:119)
	at org.jenkinsci.test.acceptance.junit.WithPlugins$RuleImpl$1.evaluate(WithPlugins.java:91)
	at org.jenkinsci.test.acceptance.junit.Native$RuleImpl$1.evaluate(Native.java:43)
	at org.jenkinsci.test.acceptance.junit.JenkinsAcceptanceTestRule$1$2$1.evaluate(JenkinsAcceptanceTestRule.java:129)
	at org.jenkinsci.test.acceptance.junit.FilterRule$1.evaluate(FilterRule.java:62)
	at org.jenkinsci.test.acceptance.junit.JenkinsAcceptanceTestRule$1.evaluate(JenkinsAcceptanceTestRule.java:55)
	at org.junit.runners.ParentRunner.runLeaf(ParentRunner.java:271)
	at org.junit.runners.BlockJUnit4ClassRunner.runChild(BlockJUnit4ClassRunner.java:70)
	at org.junit.runners.BlockJUnit4ClassRunner.runChild(BlockJUnit4ClassRunner.java:50)
	at org.junit.runners.ParentRunner$3.run(ParentRunner.java:238)
	at org.junit.runners.ParentRunner$1.schedule(ParentRunner.java:63)
	at org.junit.runners.ParentRunner.runChildren(ParentRunner.java:236)
	at org.junit.runners.ParentRunner.access$000(ParentRunner.java:53)
	at org.junit.runners.ParentRunner$2.evaluate(ParentRunner.java:229)
	at org.junit.runners.ParentRunner.run(ParentRunner.java:309)
	at org.apache.maven.surefire.junit4.JUnit4Provider.execute(JUnit4Provider.java:264)
	at org.apache.maven.surefire.junit4.JUnit4Provider.executeTestSet(JUnit4Provider.java:153)
	at org.apache.maven.surefire.junit4.JUnit4Provider.invoke(JUnit4Provider.java:124)
	at org.apache.maven.surefire.booter.ForkedBooter.invokeProviderInSameClassLoader(ForkedBooter.java:200)
	at org.apache.maven.surefire.booter.ForkedBooter.runSuitesInProcess(ForkedBooter.java:153)
	at org.apache.maven.surefire.booter.ForkedBooter.main(ForkedBooter.java:103)
</error>
    <system-out><![CDATA[testCaseResult=ru.yandex.qatools.allure.model.TestCaseResult@7bc2bb58[
  name=linearFlow
  title=<null>
  description=<null>
  failure=ru.yandex.qatools.allure.model.Failure@7e2c6fd6
  start=1443745446788
  stop=1443745517044
  status=BROKEN
  severity=<null>
  steps=[]
  attachments=[]
  labels=[ru.yandex.qatools.allure.model.Label@7ff6804a, ru.yandex.qatools.allure.model.Label@12aa519b]
  parameters=<null>
]
testCaseResult={
   "start" : 1443745446788,
   "stop" : 1443745517044,
   "status" : "broken",
   "name" : "linearFlow",
   "failure" : {
      "message" : "NoSuchMethodError: org.apache.http.entity.ContentType.create(Ljava/lang/String;[Lorg/apache/http/NameValuePair;)Lorg/apache/http/entity/ContentType;",
      "stack-trace" : "java.lang.NoSuchMethodError: org.apache.http.entity.ContentType.create(Ljava/lang/String;[Lorg/apache/http/NameValuePair;)Lorg/apache/http/entity/ContentType;\n\tat org.apache.http.entity.mime.MultipartEntityBuilder.buildEntity(MultipartEntityBuilder.java:209)\n\tat org.apache.http.entity.mime.MultipartEntityBuilder.build(MultipartEntityBuilder.java:230)\n\tat org.jenkinsci.test.acceptance.update_center.PluginMetadata.uploadTo(PluginMetadata.java:65)\n\tat org.jenkinsci.test.acceptance.po.PluginManager.installPlugins(PluginManager.java:173)\n\tat org.jenkinsci.test.acceptance.junit.WithPlugins$RuleImpl$1.doInstall(WithPlugins.java:139)\n\tat org.jenkinsci.test.acceptance.junit.WithPlugins$RuleImpl$1.installPlugins(WithPlugins.java:126)\n\tat org.jenkinsci.test.acceptance.junit.WithPlugins$RuleImpl$1.evaluate(WithPlugins.java:91)\n\tat org.jenkinsci.test.acceptance.junit.JenkinsAcceptanceTestRule$1$2$1.evaluate(JenkinsAcceptanceTestRule.java:129)\n\tat org.jenkinsci.test.acceptance.junit.FilterRule$1.evaluate(FilterRule.java:62)\n\tat org.jenkinsci.test.acceptance.junit.JenkinsAcceptanceTestRule$1.evaluate(JenkinsAcceptanceTestRule.java:55)\n\tat org.junit.runners.ParentRunner.runLeaf(ParentRunner.java:271)\n\tat org.junit.runners.BlockJUnit4ClassRunner.runChild(BlockJUnit4ClassRunner.java:70)\n\tat org.junit.runners.BlockJUnit4ClassRunner.runChild(BlockJUnit4ClassRunner.java:50)\n\tat org.junit.runners.ParentRunner$3.run(ParentRunner.java:238)\n\tat org.junit.runners.ParentRunner$1.schedule(ParentRunner.java:63)\n\tat org.junit.runners.ParentRunner.runChildren(ParentRunner.java:236)\n\tat org.junit.runners.ParentRunner.access$000(ParentRunner.java:53)\n\tat org.junit.runners.ParentRunner$2.evaluate(ParentRunner.java:229)\n\tat org.junit.runners.ParentRunner.run(ParentRunner.java:309)\n\tat org.apache.maven.surefire.junit4.JUnit4Provider.execute(JUnit4Provider.java:264)\n\tat org.apache.maven.surefire.junit4.JUnit4Provider.executeTestSet(JUnit4Provider.java:153)\n\tat org.apache.maven.surefire.junit4.JUnit4Provider.invoke(JUnit4Provider.java:124)\n\tat org.apache.maven.surefire.booter.ForkedBooter.invokeProviderInSameClassLoader(ForkedBooter.java:200)\n\tat org.apache.maven.surefire.booter.ForkedBooter.runSuitesInProcess(ForkedBooter.java:153)\n\tat org.apache.maven.surefire.booter.ForkedBooter.main(ForkedBooter.java:103)\n"
   },
   "steps" : {
      "step" : [ ]
   },
   "attachments" : {
      "attachment" : [ ]
   },
   "labels" : {
      "label" : [ {
         "name" : "host",
         "value" : "Abduls-MBP.home"
      }, {
         "name" : "thread",
         "value" : "35249@Abduls-MBP.home.main(1)"
      } ]
   }
}
testCase=ru.yandex.qatools.allure.model.TestCase@7c5c20ed[
  _id=6a0d9f27-4635-4173-b5ea-4dbf834bece0
  executionId=745bfd3b-0516-4592-8852-a31b4b74d11f
  result=ru.yandex.qatools.allure.model.TestCaseResult@7bc2bb58
]
testCase={
   "_id" : "6a0d9f27-4635-4173-b5ea-4dbf834bece0",
   "executionId" : "745bfd3b-0516-4592-8852-a31b4b74d11f",
   "result" : {
      "start" : 1443745446788,
      "stop" : 1443745517044,
      "status" : "broken",
      "name" : "linearFlow",
      "failure" : {
         "message" : "NoSuchMethodError: org.apache.http.entity.ContentType.create(Ljava/lang/String;[Lorg/apache/http/NameValuePair;)Lorg/apache/http/entity/ContentType;",
         "stack-trace" : "java.lang.NoSuchMethodError: org.apache.http.entity.ContentType.create(Ljava/lang/String;[Lorg/apache/http/NameValuePair;)Lorg/apache/http/entity/ContentType;\n\tat org.apache.http.entity.mime.MultipartEntityBuilder.buildEntity(MultipartEntityBuilder.java:209)\n\tat org.apache.http.entity.mime.MultipartEntityBuilder.build(MultipartEntityBuilder.java:230)\n\tat org.jenkinsci.test.acceptance.update_center.PluginMetadata.uploadTo(PluginMetadata.java:65)\n\tat org.jenkinsci.test.acceptance.po.PluginManager.installPlugins(PluginManager.java:173)\n\tat org.jenkinsci.test.acceptance.junit.WithPlugins$RuleImpl$1.doInstall(WithPlugins.java:139)\n\tat org.jenkinsci.test.acceptance.junit.WithPlugins$RuleImpl$1.installPlugins(WithPlugins.java:126)\n\tat org.jenkinsci.test.acceptance.junit.WithPlugins$RuleImpl$1.evaluate(WithPlugins.java:91)\n\tat org.jenkinsci.test.acceptance.junit.JenkinsAcceptanceTestRule$1$2$1.evaluate(JenkinsAcceptanceTestRule.java:129)\n\tat org.jenkinsci.test.acceptance.junit.FilterRule$1.evaluate(FilterRule.java:62)\n\tat org.jenkinsci.test.acceptance.junit.JenkinsAcceptanceTestRule$1.evaluate(JenkinsAcceptanceTestRule.java:55)\n\tat org.junit.runners.ParentRunner.runLeaf(ParentRunner.java:271)\n\tat org.junit.runners.BlockJUnit4ClassRunner.runChild(BlockJUnit4ClassRunner.java:70)\n\tat org.junit.runners.BlockJUnit4ClassRunner.runChild(BlockJUnit4ClassRunner.java:50)\n\tat org.junit.runners.ParentRunner$3.run(ParentRunner.java:238)\n\tat org.junit.runners.ParentRunner$1.schedule(ParentRunner.java:63)\n\tat org.junit.runners.ParentRunner.runChildren(ParentRunner.java:236)\n\tat org.junit.runners.ParentRunner.access$000(ParentRunner.java:53)\n\tat org.junit.runners.ParentRunner$2.evaluate(ParentRunner.java:229)\n\tat org.junit.runners.ParentRunner.run(ParentRunner.java:309)\n\tat org.apache.maven.surefire.junit4.JUnit4Provider.execute(JUnit4Provider.java:264)\n\tat org.apache.maven.surefire.junit4.JUnit4Provider.executeTestSet(JUnit4Provider.java:153)\n\tat org.apache.maven.surefire.junit4.JUnit4Provider.invoke(JUnit4Provider.java:124)\n\tat org.apache.maven.surefire.booter.ForkedBooter.invokeProviderInSameClassLoader(ForkedBooter.java:200)\n\tat org.apache.maven.surefire.booter.ForkedBooter.runSuitesInProcess(ForkedBooter.java:153)\n\tat org.apache.maven.surefire.booter.ForkedBooter.main(ForkedBooter.java:103)\n"
      },
      "steps" : {
         "step" : [ ]
      },
      "attachments" : {
         "attachment" : [ ]
      },
      "labels" : {
         "label" : [ {
            "name" : "host",
            "value" : "Abduls-MBP.home"
         }, {
            "name" : "thread",
            "value" : "35249@Abduls-MBP.home.main(1)"
         } ]
      }
   }
}
>>>REQUEST: /testdb/TestCase
running with given plugins: []
=== Starting parallelTests(plugins.WorkflowPluginTest)
[WARN] [10/01/2015 20:25:17.054] [default-akka.actor.default-dispatcher-175] [ActorSystem(default)] Illegal response header: Illegal 'etag' header: Invalid input '5', expected 'W' or '"' (line 1, column 1): 560dceedfbeaf7a200c9bff3
^
<<<RESPONSE (201 Created): /testdb/TestCase
Starting Jenkins: JAVA_HOME=/Library/Java/JavaVirtualMachines/jdk1.8.0_60.jdk/Contents/Home JENKINS_HOME=/Users/abduljewel/Documents/c/spiderqa/sample-test-projects/acceptance-test-harness/target/jenkins5856713868729857208home /Library/Java/JavaVirtualMachines/jdk1.8.0_60.jdk/Contents/Home/bin/java -Duser.language=en -jar ./jenkins.war --ajp13Port=-1 --httpPort=50384
master50384|Running from: /Users/abduljewel/Documents/c/spiderqa/sample-test-projects/acceptance-test-harness/jenkins.war
master50384|webroot: EnvVars.masterEnvVars.get("JENKINS_HOME")
master50384|Oct 01, 2015 8:25:17 PM winstone.Logger logInternal
master50384|INFO: Beginning extraction from war file
master50384|Oct 01, 2015 8:25:19 PM org.eclipse.jetty.util.log.JavaUtilLog info
master50384|INFO: jetty-winstone-2.8
master50384|Oct 01, 2015 8:25:23 PM org.eclipse.jetty.util.log.JavaUtilLog info
master50384|INFO: NO JSP Support for , did not find org.apache.jasper.servlet.JspServlet
master50384|Jenkins home directory: /Users/abduljewel/Documents/c/spiderqa/sample-test-projects/acceptance-test-harness/target/jenkins5856713868729857208home found at: EnvVars.masterEnvVars.get("JENKINS_HOME")
master50384|Oct 01, 2015 8:25:26 PM org.eclipse.jetty.util.log.JavaUtilLog info
master50384|INFO: Started SelectChannelConnector@0.0.0.0:50384
master50384|Oct 01, 2015 8:25:26 PM winstone.Logger logInternal
master50384|INFO: Winstone Servlet Engine v2.0 running: controlPort=disabled
master50384|Oct 01, 2015 8:25:26 PM jenkins.InitReactorRunner$1 onAttained
master50384|INFO: Started initialization
master50384|Oct 01, 2015 8:26:03 PM jenkins.InitReactorRunner$1 onAttained
master50384|INFO: Listed all plugins
master50384|Oct 01, 2015 8:26:03 PM jenkins.InitReactorRunner$1 onAttained
master50384|INFO: Prepared all plugins
master50384|Oct 01, 2015 8:26:03 PM jenkins.InitReactorRunner$1 onAttained
master50384|INFO: Started all plugins
master50384|Oct 01, 2015 8:26:03 PM jenkins.InitReactorRunner$1 onAttained
master50384|INFO: Augmented all extensions
master50384|Oct 01, 2015 8:26:09 PM jenkins.InitReactorRunner$1 onAttained
master50384|INFO: Loaded all jobs
master50384|Oct 01, 2015 8:26:15 PM hudson.model.AsyncPeriodicWork$1 run
master50384|INFO: Started Download metadata
master50384|Oct 01, 2015 8:26:16 PM org.jenkinsci.main.modules.sshd.SSHD start
master50384|INFO: Started SSHD at port 51081
master50384|Oct 01, 2015 8:26:16 PM jenkins.InitReactorRunner$1 onAttained
master50384|INFO: Completed initialization
master50384|Oct 01, 2015 8:26:16 PM hudson.UDPBroadcastThread run
master50384|WARNING: UDP handling problem
master50384|java.net.SocketException: Can't assign requested address
master50384|	at java.net.PlainDatagramSocketImpl.join(Native Method)
master50384|	at java.net.AbstractPlainDatagramSocketImpl.join(AbstractPlainDatagramSocketImpl.java:179)
master50384|	at java.net.MulticastSocket.joinGroup(MulticastSocket.java:323)
master50384|	at hudson.UDPBroadcastThread.run(UDPBroadcastThread.java:77)
master50384|
master50384|Oct 01, 2015 8:26:16 PM hudson.WebAppMain$3 run
master50384|INFO: Jenkins is fully up and running
master50384|Oct 01, 2015 8:26:19 PM hudson.model.UpdateSite updateData
master50384|INFO: Obtained the latest update center data file for UpdateSource default
master50384|Oct 01, 2015 8:26:20 PM hudson.model.DownloadService$Downloadable load
master50384|INFO: Obtained the updated data file for hudson.tasks.Maven.MavenInstaller
master50384|Oct 01, 2015 8:26:21 PM hudson.model.DownloadService$Downloadable load
master50384|INFO: Obtained the updated data file for hudson.tasks.Ant.AntInstaller
master50384|Oct 01, 2015 8:26:22 PM hudson.model.DownloadService$Downloadable load
master50384|INFO: Obtained the updated data file for hudson.tools.JDKInstaller
master50384|Oct 01, 2015 8:26:22 PM hudson.model.AsyncPeriodicWork$1 run
master50384|INFO: Finished Download metadata. 7,091 ms
Jenkins is stopped
]]></system-out>
    <system-err><![CDATA[Oct 01, 2015 8:25:17 PM org.jenkinsci.test.acceptance.controller.LocalController startNow
INFO: Waiting for Jenkins to become running in http://127.0.0.1:50384/
Oct 01, 2015 8:26:16 PM org.jenkinsci.test.acceptance.controller.LocalController startNow
INFO: Jenkins is running in http://127.0.0.1:50384/
Oct 01, 2015 8:26:25 PM org.jenkinsci.test.acceptance.po.PluginManager installationStatus
INFO: parallel-test-executor@1.6 is not installed
Oct 01, 2015 8:26:25 PM org.jenkinsci.test.acceptance.po.PluginManager installationStatus
INFO: parallel-test-executor@1.6 is not installed
Oct 01, 2015 8:26:26 PM org.jenkinsci.test.acceptance.po.PluginManager installationStatus
INFO: junit has version 1.2-beta-4 but 1.9 was requested
]]></system-err>
  </testcase>
</testsuite>