<?xml version="1.0" encoding="UTF-8"?>
<testsuite name="plugins.DescriptionSetterPluginTest" time="63.253" tests="1" errors="1" skipped="0" failures="0">
  <properties>
[...]
</properties>
  <testcase name="set_build_description_based_upon_build_log_file" classname="plugins.DescriptionSetterPluginTest" time="63.253">
    <error message="org.apache.http.entity.ContentType.create(Ljava/lang/String;[Lorg/apache/http/NameValuePair;)Lorg/apache/http/entity/ContentType;" type="java.lang.NoSuchMethodError">java.lang.NoSuchMethodError: org.apache.http.entity.ContentType.create(Ljava/lang/String;[Lorg/apache/http/NameValuePair;)Lorg/apache/http/entity/ContentType;
	at org.apache.http.entity.mime.MultipartEntityBuilder.buildEntity(MultipartEntityBuilder.java:209)
	at org.apache.http.entity.mime.MultipartEntityBuilder.build(MultipartEntityBuilder.java:230)
	at org.jenkinsci.test.acceptance.update_center.PluginMetadata.uploadTo(PluginMetadata.java:65)
	at org.jenkinsci.test.acceptance.po.PluginManager.installPlugins(PluginManager.java:173)
	at org.jenkinsci.test.acceptance.junit.WithPlugins$RuleImpl$1.doInstall(WithPlugins.java:139)
	at org.jenkinsci.test.acceptance.junit.WithPlugins$RuleImpl$1.installPlugins(WithPlugins.java:119)
	at org.jenkinsci.test.acceptance.junit.WithPlugins$RuleImpl$1.evaluate(WithPlugins.java:92)
	at org.jenkinsci.test.acceptance.junit.JenkinsAcceptanceTestRule$1$2$1.evaluate(JenkinsAcceptanceTestRule.java:129)
	at org.jenkinsci.test.acceptance.junit.FilterRule$1.evaluate(FilterRule.java:62)
	at org.jenkinsci.test.acceptance.junit.JenkinsAcceptanceTestRule$1.evaluate(JenkinsAcceptanceTestRule.java:55)
	at org.junit.runners.ParentRunner.runLeaf(ParentRunner.java:271)
	at org.junit.runners.BlockJUnit4ClassRunner.runChild(BlockJUnit4ClassRunner.java:70)
	at org.junit.runners.BlockJUnit4ClassRunner.runChild(BlockJUnit4ClassRunner.java:50)
	at org.junit.runners.ParentRunner$3.run(ParentRunner.java:238)
	at org.junit.runners.ParentRunner$1.schedule(ParentRunner.java:63)
	at org.junit.runners.ParentRunner.runChildren(ParentRunner.java:236)
	at org.junit.runners.ParentRunner.access$000(ParentRunner.java:53)
	at org.junit.runners.ParentRunner$2.evaluate(ParentRunner.java:229)
	at org.junit.runners.ParentRunner.run(ParentRunner.java:309)
	at org.apache.maven.surefire.junit4.JUnit4Provider.execute(JUnit4Provider.java:264)
	at org.apache.maven.surefire.junit4.JUnit4Provider.executeTestSet(JUnit4Provider.java:153)
	at org.apache.maven.surefire.junit4.JUnit4Provider.invoke(JUnit4Provider.java:124)
	at org.apache.maven.surefire.booter.ForkedBooter.invokeProviderInSameClassLoader(ForkedBooter.java:200)
	at org.apache.maven.surefire.booter.ForkedBooter.runSuitesInProcess(ForkedBooter.java:153)
	at org.apache.maven.surefire.booter.ForkedBooter.main(ForkedBooter.java:103)
</error>
    <system-out><![CDATA[testCaseResult=ru.yandex.qatools.allure.model.TestCaseResult@75bd28d[
  name=deploy_sample_webapp_to_tomcat7
  title=<null>
  description=<null>
  failure=ru.yandex.qatools.allure.model.Failure@129c4d19
  start=1443743136157
  stop=1443743136248
  status=CANCELED
  severity=<null>
  steps=[]
  attachments=[]
  labels=[ru.yandex.qatools.allure.model.Label@11810917, ru.yandex.qatools.allure.model.Label@13278a41]
  parameters=<null>
]
testCaseResult={
   "start" : 1443743136157,
   "stop" : 1443743136248,
   "status" : "canceled",
   "name" : "deploy_sample_webapp_to_tomcat7",
   "failure" : {
      "message" : "AssumptionViolatedException: Docker is needed for the test",
      "stack-trace" : "org.junit.internal.AssumptionViolatedException: Docker is needed for the test\n\tat org.jenkinsci.test.acceptance.junit.WithDocker$RuleImpl$1.hasDocker(WithDocker.java:49)\n\tat org.jenkinsci.test.acceptance.junit.WithDocker$RuleImpl$1.evaluate(WithDocker.java:40)\n\tat org.jenkinsci.test.acceptance.junit.JenkinsAcceptanceTestRule$1.evaluate(JenkinsAcceptanceTestRule.java:55)\n\tat org.junit.runners.ParentRunner.runLeaf(ParentRunner.java:271)\n\tat org.junit.runners.BlockJUnit4ClassRunner.runChild(BlockJUnit4ClassRunner.java:70)\n\tat org.junit.runners.BlockJUnit4ClassRunner.runChild(BlockJUnit4ClassRunner.java:50)\n\tat org.junit.runners.ParentRunner$3.run(ParentRunner.java:238)\n\tat org.junit.runners.ParentRunner$1.schedule(ParentRunner.java:63)\n\tat org.junit.runners.ParentRunner.runChildren(ParentRunner.java:236)\n\tat org.junit.runners.ParentRunner.access$000(ParentRunner.java:53)\n\tat org.junit.runners.ParentRunner$2.evaluate(ParentRunner.java:229)\n\tat org.junit.runners.ParentRunner.run(ParentRunner.java:309)\n\tat org.apache.maven.surefire.junit4.JUnit4Provider.execute(JUnit4Provider.java:264)\n\tat org.apache.maven.surefire.junit4.JUnit4Provider.executeTestSet(JUnit4Provider.java:153)\n\tat org.apache.maven.surefire.junit4.JUnit4Provider.invoke(JUnit4Provider.java:124)\n\tat org.apache.maven.surefire.booter.ForkedBooter.invokeProviderInSameClassLoader(ForkedBooter.java:200)\n\tat org.apache.maven.surefire.booter.ForkedBooter.runSuitesInProcess(ForkedBooter.java:153)\n\tat org.apache.maven.surefire.booter.ForkedBooter.main(ForkedBooter.java:103)\n"
   },
   "steps" : {
      "step" : [ ]
   },
   "attachments" : {
      "attachment" : [ ]
   },
   "labels" : {
      "label" : [ {
         "name" : "host",
         "value" : "Abduls-MBP.home"
      }, {
         "name" : "thread",
         "value" : "35249@Abduls-MBP.home.main(1)"
      } ]
   }
}
testCase=ru.yandex.qatools.allure.model.TestCase@4a31ed12[
  _id=02afdecd-5cdb-4dce-8584-ee546636b530
  executionId=745bfd3b-0516-4592-8852-a31b4b74d11f
  result=ru.yandex.qatools.allure.model.TestCaseResult@75bd28d
]
testCase={
   "_id" : "02afdecd-5cdb-4dce-8584-ee546636b530",
   "executionId" : "745bfd3b-0516-4592-8852-a31b4b74d11f",
   "result" : {
      "start" : 1443743136157,
      "stop" : 1443743136248,
      "status" : "canceled",
      "name" : "deploy_sample_webapp_to_tomcat7",
      "failure" : {
         "message" : "AssumptionViolatedException: Docker is needed for the test",
         "stack-trace" : "org.junit.internal.AssumptionViolatedException: Docker is needed for the test\n\tat org.jenkinsci.test.acceptance.junit.WithDocker$RuleImpl$1.hasDocker(WithDocker.java:49)\n\tat org.jenkinsci.test.acceptance.junit.WithDocker$RuleImpl$1.evaluate(WithDocker.java:40)\n\tat org.jenkinsci.test.acceptance.junit.JenkinsAcceptanceTestRule$1.evaluate(JenkinsAcceptanceTestRule.java:55)\n\tat org.junit.runners.ParentRunner.runLeaf(ParentRunner.java:271)\n\tat org.junit.runners.BlockJUnit4ClassRunner.runChild(BlockJUnit4ClassRunner.java:70)\n\tat org.junit.runners.BlockJUnit4ClassRunner.runChild(BlockJUnit4ClassRunner.java:50)\n\tat org.junit.runners.ParentRunner$3.run(ParentRunner.java:238)\n\tat org.junit.runners.ParentRunner$1.schedule(ParentRunner.java:63)\n\tat org.junit.runners.ParentRunner.runChildren(ParentRunner.java:236)\n\tat org.junit.runners.ParentRunner.access$000(ParentRunner.java:53)\n\tat org.junit.runners.ParentRunner$2.evaluate(ParentRunner.java:229)\n\tat org.junit.runners.ParentRunner.run(ParentRunner.java:309)\n\tat org.apache.maven.surefire.junit4.JUnit4Provider.execute(JUnit4Provider.java:264)\n\tat org.apache.maven.surefire.junit4.JUnit4Provider.executeTestSet(JUnit4Provider.java:153)\n\tat org.apache.maven.surefire.junit4.JUnit4Provider.invoke(JUnit4Provider.java:124)\n\tat org.apache.maven.surefire.booter.ForkedBooter.invokeProviderInSameClassLoader(ForkedBooter.java:200)\n\tat org.apache.maven.surefire.booter.ForkedBooter.runSuitesInProcess(ForkedBooter.java:153)\n\tat org.apache.maven.surefire.booter.ForkedBooter.main(ForkedBooter.java:103)\n"
      },
      "steps" : {
         "step" : [ ]
      },
      "attachments" : {
         "attachment" : [ ]
      },
      "labels" : {
         "label" : [ {
            "name" : "host",
            "value" : "Abduls-MBP.home"
         }, {
            "name" : "thread",
            "value" : "35249@Abduls-MBP.home.main(1)"
         } ]
      }
   }
}
>>>REQUEST: /testdb/TestCase
[WARN] [10/01/2015 19:45:36.258] [default-akka.actor.default-dispatcher-45] [ActorSystem(default)] Illegal response header: Illegal 'etag' header: Invalid input '5', expected 'W' or '"' (line 1, column 1): 560dc5a0fbeaf7a200c9beb6
^
<<<RESPONSE (201 Created): /testdb/TestCase
running with given plugins: []
=== Starting set_build_description_based_upon_build_log_file(plugins.DescriptionSetterPluginTest)
Starting Jenkins: JAVA_HOME=/Library/Java/JavaVirtualMachines/jdk1.8.0_60.jdk/Contents/Home JENKINS_HOME=/Users/abduljewel/Documents/c/spiderqa/sample-test-projects/acceptance-test-harness/target/jenkins7991613638955385381home /Library/Java/JavaVirtualMachines/jdk1.8.0_60.jdk/Contents/Home/bin/java -Duser.language=en -jar ./jenkins.war --ajp13Port=-1 --httpPort=52178
master52178|Running from: /Users/abduljewel/Documents/c/spiderqa/sample-test-projects/acceptance-test-harness/jenkins.war
master52178|webroot: EnvVars.masterEnvVars.get("JENKINS_HOME")
master52178|Oct 01, 2015 7:45:37 PM winstone.Logger logInternal
master52178|INFO: Beginning extraction from war file
master52178|Oct 01, 2015 7:45:40 PM org.eclipse.jetty.util.log.JavaUtilLog info
master52178|INFO: jetty-winstone-2.8
master52178|Oct 01, 2015 7:45:43 PM org.eclipse.jetty.util.log.JavaUtilLog info
master52178|INFO: NO JSP Support for , did not find org.apache.jasper.servlet.JspServlet
master52178|Jenkins home directory: /Users/abduljewel/Documents/c/spiderqa/sample-test-projects/acceptance-test-harness/target/jenkins7991613638955385381home found at: EnvVars.masterEnvVars.get("JENKINS_HOME")
master52178|Oct 01, 2015 7:45:47 PM org.eclipse.jetty.util.log.JavaUtilLog info
master52178|INFO: Started SelectChannelConnector@0.0.0.0:52178
master52178|Oct 01, 2015 7:45:47 PM winstone.Logger logInternal
master52178|INFO: Winstone Servlet Engine v2.0 running: controlPort=disabled
master52178|Oct 01, 2015 7:45:47 PM jenkins.InitReactorRunner$1 onAttained
master52178|INFO: Started initialization
master52178|Oct 01, 2015 7:46:21 PM jenkins.InitReactorRunner$1 onAttained
master52178|INFO: Listed all plugins
master52178|Oct 01, 2015 7:46:21 PM jenkins.InitReactorRunner$1 onAttained
master52178|INFO: Prepared all plugins
master52178|Oct 01, 2015 7:46:21 PM jenkins.InitReactorRunner$1 onAttained
master52178|INFO: Started all plugins
master52178|Oct 01, 2015 7:46:21 PM jenkins.InitReactorRunner$1 onAttained
master52178|INFO: Augmented all extensions
master52178|Oct 01, 2015 7:46:26 PM jenkins.InitReactorRunner$1 onAttained
master52178|INFO: Loaded all jobs
master52178|Oct 01, 2015 7:46:32 PM hudson.model.AsyncPeriodicWork$1 run
master52178|INFO: Started Download metadata
master52178|Oct 01, 2015 7:46:33 PM org.jenkinsci.main.modules.sshd.SSHD start
master52178|INFO: Started SSHD at port 49680
master52178|Oct 01, 2015 7:46:33 PM jenkins.InitReactorRunner$1 onAttained
master52178|INFO: Completed initialization
master52178|Oct 01, 2015 7:46:33 PM hudson.UDPBroadcastThread run
master52178|WARNING: UDP handling problem
master52178|java.net.SocketException: Can't assign requested address
master52178|	at java.net.PlainDatagramSocketImpl.join(Native Method)
master52178|	at java.net.AbstractPlainDatagramSocketImpl.join(AbstractPlainDatagramSocketImpl.java:179)
master52178|	at java.net.MulticastSocket.joinGroup(MulticastSocket.java:323)
master52178|	at hudson.UDPBroadcastThread.run(UDPBroadcastThread.java:77)
master52178|
master52178|Oct 01, 2015 7:46:33 PM hudson.WebAppMain$3 run
master52178|INFO: Jenkins is fully up and running
master52178|Oct 01, 2015 7:46:38 PM hudson.model.UpdateSite updateData
master52178|INFO: Obtained the latest update center data file for UpdateSource default
master52178|Oct 01, 2015 7:46:38 PM hudson.model.DownloadService$Downloadable load
master52178|INFO: Obtained the updated data file for hudson.tasks.Maven.MavenInstaller
master52178|Oct 01, 2015 7:46:39 PM hudson.model.DownloadService$Downloadable load
master52178|INFO: Obtained the updated data file for hudson.tasks.Ant.AntInstaller
Jenkins is stopped
]]></system-out>
    <system-err><![CDATA[Oct 01, 2015 7:45:36 PM org.jenkinsci.test.acceptance.controller.LocalController startNow
INFO: Waiting for Jenkins to become running in http://127.0.0.1:52178/
Oct 01, 2015 7:46:33 PM org.jenkinsci.test.acceptance.controller.LocalController startNow
INFO: Jenkins is running in http://127.0.0.1:52178/
Oct 01, 2015 7:46:39 PM org.jenkinsci.test.acceptance.po.PluginManager installationStatus
INFO: description-setter is not installed
Oct 01, 2015 7:46:39 PM org.jenkinsci.test.acceptance.po.PluginManager installationStatus
INFO: description-setter is not installed
Oct 01, 2015 7:46:39 PM org.jenkinsci.test.acceptance.po.PluginManager installationStatus
INFO: description-setter@1.10 is not installed
]]></system-err>
  </testcase>
</testsuite>