<?xml version="1.0" encoding="UTF-8"?>
<testsuite name="plugins.TaskScannerPluginTest" time="858.709" tests="14" errors="14" skipped="0" failures="0">
  <properties>
[...]
</properties>
  <testcase name="should_find_multiple_task_tags" classname="plugins.TaskScannerPluginTest" time="70.525">
    <error message="org.apache.http.entity.ContentType.create(Ljava/lang/String;[Lorg/apache/http/NameValuePair;)Lorg/apache/http/entity/ContentType;" type="java.lang.NoSuchMethodError">java.lang.NoSuchMethodError: org.apache.http.entity.ContentType.create(Ljava/lang/String;[Lorg/apache/http/NameValuePair;)Lorg/apache/http/entity/ContentType;
	at org.apache.http.entity.mime.MultipartEntityBuilder.buildEntity(MultipartEntityBuilder.java:209)
	at org.apache.http.entity.mime.MultipartEntityBuilder.build(MultipartEntityBuilder.java:230)
	at org.jenkinsci.test.acceptance.update_center.PluginMetadata.uploadTo(PluginMetadata.java:65)
	at org.jenkinsci.test.acceptance.po.PluginManager.installPlugins(PluginManager.java:173)
	at org.jenkinsci.test.acceptance.junit.WithPlugins$RuleImpl$1.doInstall(WithPlugins.java:139)
	at org.jenkinsci.test.acceptance.junit.WithPlugins$RuleImpl$1.installPlugins(WithPlugins.java:119)
	at org.jenkinsci.test.acceptance.junit.WithPlugins$RuleImpl$1.evaluate(WithPlugins.java:92)
	at org.jenkinsci.test.acceptance.junit.JenkinsAcceptanceTestRule$1$2$1.evaluate(JenkinsAcceptanceTestRule.java:129)
	at org.jenkinsci.test.acceptance.junit.FilterRule$1.evaluate(FilterRule.java:62)
	at org.jenkinsci.test.acceptance.junit.JenkinsAcceptanceTestRule$1.evaluate(JenkinsAcceptanceTestRule.java:55)
	at org.junit.runners.ParentRunner.runLeaf(ParentRunner.java:271)
	at org.junit.runners.BlockJUnit4ClassRunner.runChild(BlockJUnit4ClassRunner.java:70)
	at org.junit.runners.BlockJUnit4ClassRunner.runChild(BlockJUnit4ClassRunner.java:50)
	at org.junit.runners.ParentRunner$3.run(ParentRunner.java:238)
	at org.junit.runners.ParentRunner$1.schedule(ParentRunner.java:63)
	at org.junit.runners.ParentRunner.runChildren(ParentRunner.java:236)
	at org.junit.runners.ParentRunner.access$000(ParentRunner.java:53)
	at org.junit.runners.ParentRunner$2.evaluate(ParentRunner.java:229)
	at org.junit.runners.ParentRunner.run(ParentRunner.java:309)
	at org.apache.maven.surefire.junit4.JUnit4Provider.execute(JUnit4Provider.java:264)
	at org.apache.maven.surefire.junit4.JUnit4Provider.executeTestSet(JUnit4Provider.java:153)
	at org.apache.maven.surefire.junit4.JUnit4Provider.invoke(JUnit4Provider.java:124)
	at org.apache.maven.surefire.booter.ForkedBooter.invokeProviderInSameClassLoader(ForkedBooter.java:200)
	at org.apache.maven.surefire.booter.ForkedBooter.runSuitesInProcess(ForkedBooter.java:153)
	at org.apache.maven.surefire.booter.ForkedBooter.main(ForkedBooter.java:103)
</error>
    <system-out><![CDATA[testCaseResult=ru.yandex.qatools.allure.model.TestCaseResult@44a93f8a[
  name=autoinstall_maven2_for_freestyle_job
  title=<null>
  description=<null>
  failure=<null>
  start=1443744907666
  stop=1443745002601
  status=PASSED
  severity=<null>
  steps=[]
  attachments=[]
  labels=[ru.yandex.qatools.allure.model.Label@26463a6, ru.yandex.qatools.allure.model.Label@6c5ae8fd]
  parameters=<null>
]
testCaseResult={
   "start" : 1443744907666,
   "stop" : 1443745002601,
   "status" : "passed",
   "name" : "autoinstall_maven2_for_freestyle_job",
   "steps" : {
      "step" : [ ]
   },
   "attachments" : {
      "attachment" : [ ]
   },
   "labels" : {
      "label" : [ {
         "name" : "host",
         "value" : "Abduls-MBP.home"
      }, {
         "name" : "thread",
         "value" : "35251@Abduls-MBP.home.main(1)"
      } ]
   }
}
testCase=ru.yandex.qatools.allure.model.TestCase@17354708[
  _id=7b929765-0cd0-42fe-a88b-ebc87a3174f5
  executionId=62229910-35f6-40ea-8439-ec3c3d9421df
  result=ru.yandex.qatools.allure.model.TestCaseResult@44a93f8a
]
testCase={
   "_id" : "7b929765-0cd0-42fe-a88b-ebc87a3174f5",
   "executionId" : "62229910-35f6-40ea-8439-ec3c3d9421df",
   "result" : {
      "start" : 1443744907666,
      "stop" : 1443745002601,
      "status" : "passed",
      "name" : "autoinstall_maven2_for_freestyle_job",
      "steps" : {
         "step" : [ ]
      },
      "attachments" : {
         "attachment" : [ ]
      },
      "labels" : {
         "label" : [ {
            "name" : "host",
            "value" : "Abduls-MBP.home"
         }, {
            "name" : "thread",
            "value" : "35251@Abduls-MBP.home.main(1)"
         } ]
      }
   }
}
>>>REQUEST: /testdb/TestCase
[WARN] [10/01/2015 20:16:42.615] [default-akka.actor.default-dispatcher-105] [ActorSystem(default)] Illegal response header: Illegal 'etag' header: Invalid input '5', expected 'W' or '"' (line 1, column 1): 560dcceafbeaf7a200c9bfce
^
<<<RESPONSE (201 Created): /testdb/TestCase
running with given plugins: []
=== Starting should_find_multiple_task_tags(plugins.TaskScannerPluginTest)
Starting Jenkins: JAVA_HOME=/Library/Java/JavaVirtualMachines/jdk1.8.0_60.jdk/Contents/Home JENKINS_HOME=/Users/abduljewel/Documents/c/spiderqa/sample-test-projects/acceptance-test-harness/target/jenkins8959201579954572017home /Library/Java/JavaVirtualMachines/jdk1.8.0_60.jdk/Contents/Home/bin/java -Duser.language=en -jar ./jenkins.war --ajp13Port=-1 --httpPort=58643
master58643|Running from: /Users/abduljewel/Documents/c/spiderqa/sample-test-projects/acceptance-test-harness/jenkins.war
master58643|webroot: EnvVars.masterEnvVars.get("JENKINS_HOME")
master58643|Oct 01, 2015 8:16:43 PM winstone.Logger logInternal
master58643|INFO: Beginning extraction from war file
master58643|Oct 01, 2015 8:16:47 PM org.eclipse.jetty.util.log.JavaUtilLog info
master58643|INFO: jetty-winstone-2.8
master58643|Oct 01, 2015 8:16:53 PM org.eclipse.jetty.util.log.JavaUtilLog info
master58643|INFO: NO JSP Support for , did not find org.apache.jasper.servlet.JspServlet
master58643|Jenkins home directory: /Users/abduljewel/Documents/c/spiderqa/sample-test-projects/acceptance-test-harness/target/jenkins8959201579954572017home found at: EnvVars.masterEnvVars.get("JENKINS_HOME")
master58643|Oct 01, 2015 8:16:56 PM org.eclipse.jetty.util.log.JavaUtilLog info
master58643|INFO: Started SelectChannelConnector@0.0.0.0:58643
master58643|Oct 01, 2015 8:16:56 PM winstone.Logger logInternal
master58643|INFO: Winstone Servlet Engine v2.0 running: controlPort=disabled
master58643|Oct 01, 2015 8:16:57 PM jenkins.InitReactorRunner$1 onAttained
master58643|INFO: Started initialization
master58643|Oct 01, 2015 8:17:29 PM jenkins.InitReactorRunner$1 onAttained
master58643|INFO: Listed all plugins
master58643|Oct 01, 2015 8:17:29 PM jenkins.InitReactorRunner$1 onAttained
master58643|INFO: Prepared all plugins
master58643|Oct 01, 2015 8:17:29 PM jenkins.InitReactorRunner$1 onAttained
master58643|INFO: Started all plugins
master58643|Oct 01, 2015 8:17:29 PM jenkins.InitReactorRunner$1 onAttained
master58643|INFO: Augmented all extensions
master58643|Oct 01, 2015 8:17:36 PM jenkins.InitReactorRunner$1 onAttained
master58643|INFO: Loaded all jobs
master58643|Oct 01, 2015 8:17:41 PM hudson.model.AsyncPeriodicWork$1 run
master58643|INFO: Started Download metadata
master58643|Oct 01, 2015 8:17:42 PM org.jenkinsci.main.modules.sshd.SSHD start
master58643|INFO: Started SSHD at port 65112
master58643|Oct 01, 2015 8:17:42 PM jenkins.InitReactorRunner$1 onAttained
master58643|INFO: Completed initialization
master58643|Oct 01, 2015 8:17:42 PM hudson.UDPBroadcastThread run
master58643|WARNING: UDP handling problem
master58643|java.net.SocketException: Can't assign requested address
master58643|	at java.net.PlainDatagramSocketImpl.join(Native Method)
master58643|	at java.net.AbstractPlainDatagramSocketImpl.join(AbstractPlainDatagramSocketImpl.java:179)
master58643|	at java.net.MulticastSocket.joinGroup(MulticastSocket.java:323)
master58643|	at hudson.UDPBroadcastThread.run(UDPBroadcastThread.java:77)
master58643|
master58643|Oct 01, 2015 8:17:42 PM hudson.WebAppMain$3 run
master58643|INFO: Jenkins is fully up and running
master58643|Oct 01, 2015 8:17:46 PM hudson.model.UpdateSite updateData
master58643|INFO: Obtained the latest update center data file for UpdateSource default
master58643|Oct 01, 2015 8:17:46 PM hudson.model.DownloadService$Downloadable load
master58643|INFO: Obtained the updated data file for hudson.tasks.Maven.MavenInstaller
master58643|Oct 01, 2015 8:17:46 PM hudson.model.DownloadService$Downloadable load
master58643|INFO: Obtained the updated data file for hudson.tasks.Ant.AntInstaller
master58643|Oct 01, 2015 8:17:47 PM hudson.model.DownloadService$Downloadable load
master58643|INFO: Obtained the updated data file for hudson.tools.JDKInstaller
master58643|Oct 01, 2015 8:17:47 PM hudson.model.AsyncPeriodicWork$1 run
master58643|INFO: Finished Download metadata. 5,719 ms
Jenkins is stopped
]]></system-out>
    <system-err><![CDATA[Oct 01, 2015 8:16:42 PM org.jenkinsci.test.acceptance.controller.LocalController startNow
INFO: Waiting for Jenkins to become running in http://127.0.0.1:58643/
Oct 01, 2015 8:17:42 PM org.jenkinsci.test.acceptance.controller.LocalController startNow
INFO: Jenkins is running in http://127.0.0.1:58643/
Oct 01, 2015 8:17:50 PM org.jenkinsci.test.acceptance.po.PluginManager installationStatus
INFO: tasks is not installed
Oct 01, 2015 8:17:50 PM org.jenkinsci.test.acceptance.po.PluginManager installationStatus
INFO: tasks is not installed
Oct 01, 2015 8:17:52 PM org.jenkinsci.test.acceptance.po.PluginManager installationStatus
INFO: script-security has version 1.13 but 1.15 was requested
]]></system-err>
  </testcase>
  <testcase name="should_find_tasks_in_maven_project" classname="plugins.TaskScannerPluginTest" time="79.094">
    <error message="org.apache.http.entity.ContentType.create(Ljava/lang/String;[Lorg/apache/http/NameValuePair;)Lorg/apache/http/entity/ContentType;" type="java.lang.NoSuchMethodError">java.lang.NoSuchMethodError: org.apache.http.entity.ContentType.create(Ljava/lang/String;[Lorg/apache/http/NameValuePair;)Lorg/apache/http/entity/ContentType;
	at org.apache.http.entity.mime.MultipartEntityBuilder.buildEntity(MultipartEntityBuilder.java:209)
	at org.apache.http.entity.mime.MultipartEntityBuilder.build(MultipartEntityBuilder.java:230)
	at org.jenkinsci.test.acceptance.update_center.PluginMetadata.uploadTo(PluginMetadata.java:65)
	at org.jenkinsci.test.acceptance.po.PluginManager.installPlugins(PluginManager.java:173)
	at org.jenkinsci.test.acceptance.junit.WithPlugins$RuleImpl$1.doInstall(WithPlugins.java:139)
	at org.jenkinsci.test.acceptance.junit.WithPlugins$RuleImpl$1.installPlugins(WithPlugins.java:119)
	at org.jenkinsci.test.acceptance.junit.WithPlugins$RuleImpl$1.evaluate(WithPlugins.java:92)
	at org.jenkinsci.test.acceptance.junit.JenkinsAcceptanceTestRule$1$2$1.evaluate(JenkinsAcceptanceTestRule.java:129)
	at org.jenkinsci.test.acceptance.junit.FilterRule$1.evaluate(FilterRule.java:62)
	at org.jenkinsci.test.acceptance.junit.JenkinsAcceptanceTestRule$1.evaluate(JenkinsAcceptanceTestRule.java:55)
	at org.junit.runners.ParentRunner.runLeaf(ParentRunner.java:271)
	at org.junit.runners.BlockJUnit4ClassRunner.runChild(BlockJUnit4ClassRunner.java:70)
	at org.junit.runners.BlockJUnit4ClassRunner.runChild(BlockJUnit4ClassRunner.java:50)
	at org.junit.runners.ParentRunner$3.run(ParentRunner.java:238)
	at org.junit.runners.ParentRunner$1.schedule(ParentRunner.java:63)
	at org.junit.runners.ParentRunner.runChildren(ParentRunner.java:236)
	at org.junit.runners.ParentRunner.access$000(ParentRunner.java:53)
	at org.junit.runners.ParentRunner$2.evaluate(ParentRunner.java:229)
	at org.junit.runners.ParentRunner.run(ParentRunner.java:309)
	at org.apache.maven.surefire.junit4.JUnit4Provider.execute(JUnit4Provider.java:264)
	at org.apache.maven.surefire.junit4.JUnit4Provider.executeTestSet(JUnit4Provider.java:153)
	at org.apache.maven.surefire.junit4.JUnit4Provider.invoke(JUnit4Provider.java:124)
	at org.apache.maven.surefire.booter.ForkedBooter.invokeProviderInSameClassLoader(ForkedBooter.java:200)
	at org.apache.maven.surefire.booter.ForkedBooter.runSuitesInProcess(ForkedBooter.java:153)
	at org.apache.maven.surefire.booter.ForkedBooter.main(ForkedBooter.java:103)
</error>
    <system-out><![CDATA[testCaseResult=ru.yandex.qatools.allure.model.TestCaseResult@573a078[
  name=should_find_multiple_task_tags
  title=<null>
  description=<null>
  failure=ru.yandex.qatools.allure.model.Failure@28f05b0c
  start=1443745002647
  stop=1443745073162
  status=BROKEN
  severity=<null>
  steps=[]
  attachments=[]
  labels=[ru.yandex.qatools.allure.model.Label@660296d5, ru.yandex.qatools.allure.model.Label@6d3163a6]
  parameters=<null>
]
testCaseResult={
   "start" : 1443745002647,
   "stop" : 1443745073162,
   "status" : "broken",
   "name" : "should_find_multiple_task_tags",
   "failure" : {
      "message" : "NoSuchMethodError: org.apache.http.entity.ContentType.create(Ljava/lang/String;[Lorg/apache/http/NameValuePair;)Lorg/apache/http/entity/ContentType;",
      "stack-trace" : "java.lang.NoSuchMethodError: org.apache.http.entity.ContentType.create(Ljava/lang/String;[Lorg/apache/http/NameValuePair;)Lorg/apache/http/entity/ContentType;\n\tat org.apache.http.entity.mime.MultipartEntityBuilder.buildEntity(MultipartEntityBuilder.java:209)\n\tat org.apache.http.entity.mime.MultipartEntityBuilder.build(MultipartEntityBuilder.java:230)\n\tat org.jenkinsci.test.acceptance.update_center.PluginMetadata.uploadTo(PluginMetadata.java:65)\n\tat org.jenkinsci.test.acceptance.po.PluginManager.installPlugins(PluginManager.java:173)\n\tat org.jenkinsci.test.acceptance.junit.WithPlugins$RuleImpl$1.doInstall(WithPlugins.java:139)\n\tat org.jenkinsci.test.acceptance.junit.WithPlugins$RuleImpl$1.installPlugins(WithPlugins.java:119)\n\tat org.jenkinsci.test.acceptance.junit.WithPlugins$RuleImpl$1.evaluate(WithPlugins.java:92)\n\tat org.jenkinsci.test.acceptance.junit.JenkinsAcceptanceTestRule$1$2$1.evaluate(JenkinsAcceptanceTestRule.java:129)\n\tat org.jenkinsci.test.acceptance.junit.FilterRule$1.evaluate(FilterRule.java:62)\n\tat org.jenkinsci.test.acceptance.junit.JenkinsAcceptanceTestRule$1.evaluate(JenkinsAcceptanceTestRule.java:55)\n\tat org.junit.runners.ParentRunner.runLeaf(ParentRunner.java:271)\n\tat org.junit.runners.BlockJUnit4ClassRunner.runChild(BlockJUnit4ClassRunner.java:70)\n\tat org.junit.runners.BlockJUnit4ClassRunner.runChild(BlockJUnit4ClassRunner.java:50)\n\tat org.junit.runners.ParentRunner$3.run(ParentRunner.java:238)\n\tat org.junit.runners.ParentRunner$1.schedule(ParentRunner.java:63)\n\tat org.junit.runners.ParentRunner.runChildren(ParentRunner.java:236)\n\tat org.junit.runners.ParentRunner.access$000(ParentRunner.java:53)\n\tat org.junit.runners.ParentRunner$2.evaluate(ParentRunner.java:229)\n\tat org.junit.runners.ParentRunner.run(ParentRunner.java:309)\n\tat org.apache.maven.surefire.junit4.JUnit4Provider.execute(JUnit4Provider.java:264)\n\tat org.apache.maven.surefire.junit4.JUnit4Provider.executeTestSet(JUnit4Provider.java:153)\n\tat org.apache.maven.surefire.junit4.JUnit4Provider.invoke(JUnit4Provider.java:124)\n\tat org.apache.maven.surefire.booter.ForkedBooter.invokeProviderInSameClassLoader(ForkedBooter.java:200)\n\tat org.apache.maven.surefire.booter.ForkedBooter.runSuitesInProcess(ForkedBooter.java:153)\n\tat org.apache.maven.surefire.booter.ForkedBooter.main(ForkedBooter.java:103)\n"
   },
   "steps" : {
      "step" : [ ]
   },
   "attachments" : {
      "attachment" : [ ]
   },
   "labels" : {
      "label" : [ {
         "name" : "host",
         "value" : "Abduls-MBP.home"
      }, {
         "name" : "thread",
         "value" : "35251@Abduls-MBP.home.main(1)"
      } ]
   }
}
testCase=ru.yandex.qatools.allure.model.TestCase@75d97e18[
  _id=d737b736-eb19-4cfa-b09c-5f227202f16a
  executionId=62229910-35f6-40ea-8439-ec3c3d9421df
  result=ru.yandex.qatools.allure.model.TestCaseResult@573a078
]
testCase={
   "_id" : "d737b736-eb19-4cfa-b09c-5f227202f16a",
   "executionId" : "62229910-35f6-40ea-8439-ec3c3d9421df",
   "result" : {
      "start" : 1443745002647,
      "stop" : 1443745073162,
      "status" : "broken",
      "name" : "should_find_multiple_task_tags",
      "failure" : {
         "message" : "NoSuchMethodError: org.apache.http.entity.ContentType.create(Ljava/lang/String;[Lorg/apache/http/NameValuePair;)Lorg/apache/http/entity/ContentType;",
         "stack-trace" : "java.lang.NoSuchMethodError: org.apache.http.entity.ContentType.create(Ljava/lang/String;[Lorg/apache/http/NameValuePair;)Lorg/apache/http/entity/ContentType;\n\tat org.apache.http.entity.mime.MultipartEntityBuilder.buildEntity(MultipartEntityBuilder.java:209)\n\tat org.apache.http.entity.mime.MultipartEntityBuilder.build(MultipartEntityBuilder.java:230)\n\tat org.jenkinsci.test.acceptance.update_center.PluginMetadata.uploadTo(PluginMetadata.java:65)\n\tat org.jenkinsci.test.acceptance.po.PluginManager.installPlugins(PluginManager.java:173)\n\tat org.jenkinsci.test.acceptance.junit.WithPlugins$RuleImpl$1.doInstall(WithPlugins.java:139)\n\tat org.jenkinsci.test.acceptance.junit.WithPlugins$RuleImpl$1.installPlugins(WithPlugins.java:119)\n\tat org.jenkinsci.test.acceptance.junit.WithPlugins$RuleImpl$1.evaluate(WithPlugins.java:92)\n\tat org.jenkinsci.test.acceptance.junit.JenkinsAcceptanceTestRule$1$2$1.evaluate(JenkinsAcceptanceTestRule.java:129)\n\tat org.jenkinsci.test.acceptance.junit.FilterRule$1.evaluate(FilterRule.java:62)\n\tat org.jenkinsci.test.acceptance.junit.JenkinsAcceptanceTestRule$1.evaluate(JenkinsAcceptanceTestRule.java:55)\n\tat org.junit.runners.ParentRunner.runLeaf(ParentRunner.java:271)\n\tat org.junit.runners.BlockJUnit4ClassRunner.runChild(BlockJUnit4ClassRunner.java:70)\n\tat org.junit.runners.BlockJUnit4ClassRunner.runChild(BlockJUnit4ClassRunner.java:50)\n\tat org.junit.runners.ParentRunner$3.run(ParentRunner.java:238)\n\tat org.junit.runners.ParentRunner$1.schedule(ParentRunner.java:63)\n\tat org.junit.runners.ParentRunner.runChildren(ParentRunner.java:236)\n\tat org.junit.runners.ParentRunner.access$000(ParentRunner.java:53)\n\tat org.junit.runners.ParentRunner$2.evaluate(ParentRunner.java:229)\n\tat org.junit.runners.ParentRunner.run(ParentRunner.java:309)\n\tat org.apache.maven.surefire.junit4.JUnit4Provider.execute(JUnit4Provider.java:264)\n\tat org.apache.maven.surefire.junit4.JUnit4Provider.executeTestSet(JUnit4Provider.java:153)\n\tat org.apache.maven.surefire.junit4.JUnit4Provider.invoke(JUnit4Provider.java:124)\n\tat org.apache.maven.surefire.booter.ForkedBooter.invokeProviderInSameClassLoader(ForkedBooter.java:200)\n\tat org.apache.maven.surefire.booter.ForkedBooter.runSuitesInProcess(ForkedBooter.java:153)\n\tat org.apache.maven.surefire.booter.ForkedBooter.main(ForkedBooter.java:103)\n"
      },
      "steps" : {
         "step" : [ ]
      },
      "attachments" : {
         "attachment" : [ ]
      },
      "labels" : {
         "label" : [ {
            "name" : "host",
            "value" : "Abduls-MBP.home"
         }, {
            "name" : "thread",
            "value" : "35251@Abduls-MBP.home.main(1)"
         } ]
      }
   }
}
>>>REQUEST: /testdb/TestCase
[WARN] [10/01/2015 20:17:53.192] [default-akka.actor.default-dispatcher-28] [ActorSystem(default)] Illegal response header: Illegal 'etag' header: Invalid input '5', expected 'W' or '"' (line 1, column 1): 560dcd31fbeaf7a200c9bfd4
^
<<<RESPONSE (201 Created): /testdb/TestCase
running with given plugins: []
=== Starting should_find_tasks_in_maven_project(plugins.TaskScannerPluginTest)
Starting Jenkins: JAVA_HOME=/Library/Java/JavaVirtualMachines/jdk1.8.0_60.jdk/Contents/Home JENKINS_HOME=/Users/abduljewel/Documents/c/spiderqa/sample-test-projects/acceptance-test-harness/target/jenkins315509109625229034home /Library/Java/JavaVirtualMachines/jdk1.8.0_60.jdk/Contents/Home/bin/java -Duser.language=en -jar ./jenkins.war --ajp13Port=-1 --httpPort=53003
master53003|Running from: /Users/abduljewel/Documents/c/spiderqa/sample-test-projects/acceptance-test-harness/jenkins.war
master53003|webroot: EnvVars.masterEnvVars.get("JENKINS_HOME")
master53003|Oct 01, 2015 8:17:54 PM winstone.Logger logInternal
master53003|INFO: Beginning extraction from war file
master53003|Oct 01, 2015 8:17:59 PM org.eclipse.jetty.util.log.JavaUtilLog info
master53003|INFO: jetty-winstone-2.8
master53003|Oct 01, 2015 8:18:05 PM org.eclipse.jetty.util.log.JavaUtilLog info
master53003|INFO: NO JSP Support for , did not find org.apache.jasper.servlet.JspServlet
master53003|Jenkins home directory: /Users/abduljewel/Documents/c/spiderqa/sample-test-projects/acceptance-test-harness/target/jenkins315509109625229034home found at: EnvVars.masterEnvVars.get("JENKINS_HOME")
master53003|Oct 01, 2015 8:18:09 PM org.eclipse.jetty.util.log.JavaUtilLog info
master53003|INFO: Started SelectChannelConnector@0.0.0.0:53003
master53003|Oct 01, 2015 8:18:09 PM winstone.Logger logInternal
master53003|INFO: Winstone Servlet Engine v2.0 running: controlPort=disabled
master53003|Oct 01, 2015 8:18:10 PM jenkins.InitReactorRunner$1 onAttained
master53003|INFO: Started initialization
master53003|Oct 01, 2015 8:18:48 PM jenkins.InitReactorRunner$1 onAttained
master53003|INFO: Listed all plugins
master53003|Oct 01, 2015 8:18:48 PM jenkins.InitReactorRunner$1 onAttained
master53003|INFO: Prepared all plugins
master53003|Oct 01, 2015 8:18:48 PM jenkins.InitReactorRunner$1 onAttained
master53003|INFO: Started all plugins
master53003|Oct 01, 2015 8:18:48 PM jenkins.InitReactorRunner$1 onAttained
master53003|INFO: Augmented all extensions
master53003|Oct 01, 2015 8:18:54 PM jenkins.InitReactorRunner$1 onAttained
master53003|INFO: Loaded all jobs
master53003|Oct 01, 2015 8:18:58 PM hudson.model.AsyncPeriodicWork$1 run
master53003|INFO: Started Download metadata
master53003|Oct 01, 2015 8:18:59 PM org.jenkinsci.main.modules.sshd.SSHD start
master53003|INFO: Started SSHD at port 65444
master53003|Oct 01, 2015 8:18:59 PM jenkins.InitReactorRunner$1 onAttained
master53003|INFO: Completed initialization
master53003|Oct 01, 2015 8:18:59 PM hudson.UDPBroadcastThread run
master53003|WARNING: UDP handling problem
master53003|java.net.SocketException: Can't assign requested address
master53003|	at java.net.PlainDatagramSocketImpl.join(Native Method)
master53003|	at java.net.AbstractPlainDatagramSocketImpl.join(AbstractPlainDatagramSocketImpl.java:179)
master53003|	at java.net.MulticastSocket.joinGroup(MulticastSocket.java:323)
master53003|	at hudson.UDPBroadcastThread.run(UDPBroadcastThread.java:77)
master53003|
master53003|Oct 01, 2015 8:18:59 PM hudson.WebAppMain$3 run
master53003|INFO: Jenkins is fully up and running
master53003|Oct 01, 2015 8:19:02 PM hudson.model.UpdateSite updateData
master53003|INFO: Obtained the latest update center data file for UpdateSource default
master53003|Oct 01, 2015 8:19:03 PM hudson.model.DownloadService$Downloadable load
master53003|INFO: Obtained the updated data file for hudson.tasks.Maven.MavenInstaller
master53003|Oct 01, 2015 8:19:04 PM hudson.model.DownloadService$Downloadable load
master53003|INFO: Obtained the updated data file for hudson.tasks.Ant.AntInstaller
master53003|Oct 01, 2015 8:19:06 PM hudson.model.DownloadService$Downloadable load
master53003|INFO: Obtained the updated data file for hudson.tools.JDKInstaller
master53003|Oct 01, 2015 8:19:06 PM hudson.model.AsyncPeriodicWork$1 run
master53003|INFO: Finished Download metadata. 8,152 ms
Jenkins is stopped
]]></system-out>
    <system-err><![CDATA[Oct 01, 2015 8:17:53 PM org.jenkinsci.test.acceptance.controller.LocalController startNow
INFO: Waiting for Jenkins to become running in http://127.0.0.1:53003/
Oct 01, 2015 8:18:59 PM org.jenkinsci.test.acceptance.controller.LocalController startNow
INFO: Jenkins is running in http://127.0.0.1:53003/
Oct 01, 2015 8:19:08 PM org.jenkinsci.test.acceptance.po.PluginManager installationStatus
INFO: tasks is not installed
Oct 01, 2015 8:19:08 PM org.jenkinsci.test.acceptance.po.PluginManager installationStatus
INFO: tasks is not installed
Oct 01, 2015 8:19:11 PM org.jenkinsci.test.acceptance.po.PluginManager installationStatus
INFO: script-security has version 1.13 but 1.15 was requested
]]></system-err>
  </testcase>
  <testcase name="should_run_on_failed_builds_if_configured" classname="plugins.TaskScannerPluginTest" time="72.929">
    <error message="org.apache.http.entity.ContentType.create(Ljava/lang/String;[Lorg/apache/http/NameValuePair;)Lorg/apache/http/entity/ContentType;" type="java.lang.NoSuchMethodError">java.lang.NoSuchMethodError: org.apache.http.entity.ContentType.create(Ljava/lang/String;[Lorg/apache/http/NameValuePair;)Lorg/apache/http/entity/ContentType;
	at org.apache.http.entity.mime.MultipartEntityBuilder.buildEntity(MultipartEntityBuilder.java:209)
	at org.apache.http.entity.mime.MultipartEntityBuilder.build(MultipartEntityBuilder.java:230)
	at org.jenkinsci.test.acceptance.update_center.PluginMetadata.uploadTo(PluginMetadata.java:65)
	at org.jenkinsci.test.acceptance.po.PluginManager.installPlugins(PluginManager.java:173)
	at org.jenkinsci.test.acceptance.junit.WithPlugins$RuleImpl$1.doInstall(WithPlugins.java:139)
	at org.jenkinsci.test.acceptance.junit.WithPlugins$RuleImpl$1.installPlugins(WithPlugins.java:119)
	at org.jenkinsci.test.acceptance.junit.WithPlugins$RuleImpl$1.evaluate(WithPlugins.java:92)
	at org.jenkinsci.test.acceptance.junit.JenkinsAcceptanceTestRule$1$2$1.evaluate(JenkinsAcceptanceTestRule.java:129)
	at org.jenkinsci.test.acceptance.junit.FilterRule$1.evaluate(FilterRule.java:62)
	at org.jenkinsci.test.acceptance.junit.JenkinsAcceptanceTestRule$1.evaluate(JenkinsAcceptanceTestRule.java:55)
	at org.junit.runners.ParentRunner.runLeaf(ParentRunner.java:271)
	at org.junit.runners.BlockJUnit4ClassRunner.runChild(BlockJUnit4ClassRunner.java:70)
	at org.junit.runners.BlockJUnit4ClassRunner.runChild(BlockJUnit4ClassRunner.java:50)
	at org.junit.runners.ParentRunner$3.run(ParentRunner.java:238)
	at org.junit.runners.ParentRunner$1.schedule(ParentRunner.java:63)
	at org.junit.runners.ParentRunner.runChildren(ParentRunner.java:236)
	at org.junit.runners.ParentRunner.access$000(ParentRunner.java:53)
	at org.junit.runners.ParentRunner$2.evaluate(ParentRunner.java:229)
	at org.junit.runners.ParentRunner.run(ParentRunner.java:309)
	at org.apache.maven.surefire.junit4.JUnit4Provider.execute(JUnit4Provider.java:264)
	at org.apache.maven.surefire.junit4.JUnit4Provider.executeTestSet(JUnit4Provider.java:153)
	at org.apache.maven.surefire.junit4.JUnit4Provider.invoke(JUnit4Provider.java:124)
	at org.apache.maven.surefire.booter.ForkedBooter.invokeProviderInSameClassLoader(ForkedBooter.java:200)
	at org.apache.maven.surefire.booter.ForkedBooter.runSuitesInProcess(ForkedBooter.java:153)
	at org.apache.maven.surefire.booter.ForkedBooter.main(ForkedBooter.java:103)
</error>
    <system-out><![CDATA[testCaseResult=ru.yandex.qatools.allure.model.TestCaseResult@df7d1d4[
  name=should_find_tasks_in_maven_project
  title=<null>
  description=<null>
  failure=ru.yandex.qatools.allure.model.Failure@58f7215c
  start=1443745073187
  stop=1443745152280
  status=BROKEN
  severity=<null>
  steps=[]
  attachments=[]
  labels=[ru.yandex.qatools.allure.model.Label@55638165, ru.yandex.qatools.allure.model.Label@4fa91d5b]
  parameters=<null>
]
testCaseResult={
   "start" : 1443745073187,
   "stop" : 1443745152280,
   "status" : "broken",
   "name" : "should_find_tasks_in_maven_project",
   "failure" : {
      "message" : "NoSuchMethodError: org.apache.http.entity.ContentType.create(Ljava/lang/String;[Lorg/apache/http/NameValuePair;)Lorg/apache/http/entity/ContentType;",
      "stack-trace" : "java.lang.NoSuchMethodError: org.apache.http.entity.ContentType.create(Ljava/lang/String;[Lorg/apache/http/NameValuePair;)Lorg/apache/http/entity/ContentType;\n\tat org.apache.http.entity.mime.MultipartEntityBuilder.buildEntity(MultipartEntityBuilder.java:209)\n\tat org.apache.http.entity.mime.MultipartEntityBuilder.build(MultipartEntityBuilder.java:230)\n\tat org.jenkinsci.test.acceptance.update_center.PluginMetadata.uploadTo(PluginMetadata.java:65)\n\tat org.jenkinsci.test.acceptance.po.PluginManager.installPlugins(PluginManager.java:173)\n\tat org.jenkinsci.test.acceptance.junit.WithPlugins$RuleImpl$1.doInstall(WithPlugins.java:139)\n\tat org.jenkinsci.test.acceptance.junit.WithPlugins$RuleImpl$1.installPlugins(WithPlugins.java:119)\n\tat org.jenkinsci.test.acceptance.junit.WithPlugins$RuleImpl$1.evaluate(WithPlugins.java:92)\n\tat org.jenkinsci.test.acceptance.junit.JenkinsAcceptanceTestRule$1$2$1.evaluate(JenkinsAcceptanceTestRule.java:129)\n\tat org.jenkinsci.test.acceptance.junit.FilterRule$1.evaluate(FilterRule.java:62)\n\tat org.jenkinsci.test.acceptance.junit.JenkinsAcceptanceTestRule$1.evaluate(JenkinsAcceptanceTestRule.java:55)\n\tat org.junit.runners.ParentRunner.runLeaf(ParentRunner.java:271)\n\tat org.junit.runners.BlockJUnit4ClassRunner.runChild(BlockJUnit4ClassRunner.java:70)\n\tat org.junit.runners.BlockJUnit4ClassRunner.runChild(BlockJUnit4ClassRunner.java:50)\n\tat org.junit.runners.ParentRunner$3.run(ParentRunner.java:238)\n\tat org.junit.runners.ParentRunner$1.schedule(ParentRunner.java:63)\n\tat org.junit.runners.ParentRunner.runChildren(ParentRunner.java:236)\n\tat org.junit.runners.ParentRunner.access$000(ParentRunner.java:53)\n\tat org.junit.runners.ParentRunner$2.evaluate(ParentRunner.java:229)\n\tat org.junit.runners.ParentRunner.run(ParentRunner.java:309)\n\tat org.apache.maven.surefire.junit4.JUnit4Provider.execute(JUnit4Provider.java:264)\n\tat org.apache.maven.surefire.junit4.JUnit4Provider.executeTestSet(JUnit4Provider.java:153)\n\tat org.apache.maven.surefire.junit4.JUnit4Provider.invoke(JUnit4Provider.java:124)\n\tat org.apache.maven.surefire.booter.ForkedBooter.invokeProviderInSameClassLoader(ForkedBooter.java:200)\n\tat org.apache.maven.surefire.booter.ForkedBooter.runSuitesInProcess(ForkedBooter.java:153)\n\tat org.apache.maven.surefire.booter.ForkedBooter.main(ForkedBooter.java:103)\n"
   },
   "steps" : {
      "step" : [ ]
   },
   "attachments" : {
      "attachment" : [ ]
   },
   "labels" : {
      "label" : [ {
         "name" : "host",
         "value" : "Abduls-MBP.home"
      }, {
         "name" : "thread",
         "value" : "35251@Abduls-MBP.home.main(1)"
      } ]
   }
}
testCase=ru.yandex.qatools.allure.model.TestCase@7ce30c0b[
  _id=c05826d9-56c7-44b3-9bb4-481e5ff651df
  executionId=62229910-35f6-40ea-8439-ec3c3d9421df
  result=ru.yandex.qatools.allure.model.TestCaseResult@df7d1d4
]
testCase={
   "_id" : "c05826d9-56c7-44b3-9bb4-481e5ff651df",
   "executionId" : "62229910-35f6-40ea-8439-ec3c3d9421df",
   "result" : {
      "start" : 1443745073187,
      "stop" : 1443745152280,
      "status" : "broken",
      "name" : "should_find_tasks_in_maven_project",
      "failure" : {
         "message" : "NoSuchMethodError: org.apache.http.entity.ContentType.create(Ljava/lang/String;[Lorg/apache/http/NameValuePair;)Lorg/apache/http/entity/ContentType;",
         "stack-trace" : "java.lang.NoSuchMethodError: org.apache.http.entity.ContentType.create(Ljava/lang/String;[Lorg/apache/http/NameValuePair;)Lorg/apache/http/entity/ContentType;\n\tat org.apache.http.entity.mime.MultipartEntityBuilder.buildEntity(MultipartEntityBuilder.java:209)\n\tat org.apache.http.entity.mime.MultipartEntityBuilder.build(MultipartEntityBuilder.java:230)\n\tat org.jenkinsci.test.acceptance.update_center.PluginMetadata.uploadTo(PluginMetadata.java:65)\n\tat org.jenkinsci.test.acceptance.po.PluginManager.installPlugins(PluginManager.java:173)\n\tat org.jenkinsci.test.acceptance.junit.WithPlugins$RuleImpl$1.doInstall(WithPlugins.java:139)\n\tat org.jenkinsci.test.acceptance.junit.WithPlugins$RuleImpl$1.installPlugins(WithPlugins.java:119)\n\tat org.jenkinsci.test.acceptance.junit.WithPlugins$RuleImpl$1.evaluate(WithPlugins.java:92)\n\tat org.jenkinsci.test.acceptance.junit.JenkinsAcceptanceTestRule$1$2$1.evaluate(JenkinsAcceptanceTestRule.java:129)\n\tat org.jenkinsci.test.acceptance.junit.FilterRule$1.evaluate(FilterRule.java:62)\n\tat org.jenkinsci.test.acceptance.junit.JenkinsAcceptanceTestRule$1.evaluate(JenkinsAcceptanceTestRule.java:55)\n\tat org.junit.runners.ParentRunner.runLeaf(ParentRunner.java:271)\n\tat org.junit.runners.BlockJUnit4ClassRunner.runChild(BlockJUnit4ClassRunner.java:70)\n\tat org.junit.runners.BlockJUnit4ClassRunner.runChild(BlockJUnit4ClassRunner.java:50)\n\tat org.junit.runners.ParentRunner$3.run(ParentRunner.java:238)\n\tat org.junit.runners.ParentRunner$1.schedule(ParentRunner.java:63)\n\tat org.junit.runners.ParentRunner.runChildren(ParentRunner.java:236)\n\tat org.junit.runners.ParentRunner.access$000(ParentRunner.java:53)\n\tat org.junit.runners.ParentRunner$2.evaluate(ParentRunner.java:229)\n\tat org.junit.runners.ParentRunner.run(ParentRunner.java:309)\n\tat org.apache.maven.surefire.junit4.JUnit4Provider.execute(JUnit4Provider.java:264)\n\tat org.apache.maven.surefire.junit4.JUnit4Provider.executeTestSet(JUnit4Provider.java:153)\n\tat org.apache.maven.surefire.junit4.JUnit4Provider.invoke(JUnit4Provider.java:124)\n\tat org.apache.maven.surefire.booter.ForkedBooter.invokeProviderInSameClassLoader(ForkedBooter.java:200)\n\tat org.apache.maven.surefire.booter.ForkedBooter.runSuitesInProcess(ForkedBooter.java:153)\n\tat org.apache.maven.surefire.booter.ForkedBooter.main(ForkedBooter.java:103)\n"
      },
      "steps" : {
         "step" : [ ]
      },
      "attachments" : {
         "attachment" : [ ]
      },
      "labels" : {
         "label" : [ {
            "name" : "host",
            "value" : "Abduls-MBP.home"
         }, {
            "name" : "thread",
            "value" : "35251@Abduls-MBP.home.main(1)"
         } ]
      }
   }
}
>>>REQUEST: /testdb/TestCase
[WARN] [10/01/2015 20:19:12.298] [default-akka.actor.default-dispatcher-116] [ActorSystem(default)] Illegal response header: Illegal 'etag' header: Invalid input '5', expected 'W' or '"' (line 1, column 1): 560dcd80fbeaf7a200c9bfd9
^
<<<RESPONSE (201 Created): /testdb/TestCase
running with given plugins: []
=== Starting should_run_on_failed_builds_if_configured(plugins.TaskScannerPluginTest)
Starting Jenkins: JAVA_HOME=/Library/Java/JavaVirtualMachines/jdk1.8.0_60.jdk/Contents/Home JENKINS_HOME=/Users/abduljewel/Documents/c/spiderqa/sample-test-projects/acceptance-test-harness/target/jenkins7856365513765788818home /Library/Java/JavaVirtualMachines/jdk1.8.0_60.jdk/Contents/Home/bin/java -Duser.language=en -jar ./jenkins.war --ajp13Port=-1 --httpPort=59765
master59765|Running from: /Users/abduljewel/Documents/c/spiderqa/sample-test-projects/acceptance-test-harness/jenkins.war
master59765|webroot: EnvVars.masterEnvVars.get("JENKINS_HOME")
master59765|Oct 01, 2015 8:19:14 PM winstone.Logger logInternal
master59765|INFO: Beginning extraction from war file
master59765|Oct 01, 2015 8:19:19 PM org.eclipse.jetty.util.log.JavaUtilLog info
master59765|INFO: jetty-winstone-2.8
master59765|Oct 01, 2015 8:19:24 PM org.eclipse.jetty.util.log.JavaUtilLog info
master59765|INFO: NO JSP Support for , did not find org.apache.jasper.servlet.JspServlet
master59765|Jenkins home directory: /Users/abduljewel/Documents/c/spiderqa/sample-test-projects/acceptance-test-harness/target/jenkins7856365513765788818home found at: EnvVars.masterEnvVars.get("JENKINS_HOME")
master59765|Oct 01, 2015 8:19:28 PM org.eclipse.jetty.util.log.JavaUtilLog info
master59765|INFO: Started SelectChannelConnector@0.0.0.0:59765
master59765|Oct 01, 2015 8:19:28 PM winstone.Logger logInternal
master59765|INFO: Winstone Servlet Engine v2.0 running: controlPort=disabled
master59765|Oct 01, 2015 8:19:28 PM jenkins.InitReactorRunner$1 onAttained
master59765|INFO: Started initialization
master59765|Oct 01, 2015 8:20:02 PM jenkins.InitReactorRunner$1 onAttained
master59765|INFO: Listed all plugins
master59765|Oct 01, 2015 8:20:02 PM jenkins.InitReactorRunner$1 onAttained
master59765|INFO: Prepared all plugins
master59765|Oct 01, 2015 8:20:02 PM jenkins.InitReactorRunner$1 onAttained
master59765|INFO: Started all plugins
master59765|Oct 01, 2015 8:20:02 PM jenkins.InitReactorRunner$1 onAttained
master59765|INFO: Augmented all extensions
master59765|Oct 01, 2015 8:20:08 PM jenkins.InitReactorRunner$1 onAttained
master59765|INFO: Loaded all jobs
master59765|Oct 01, 2015 8:20:13 PM hudson.model.AsyncPeriodicWork$1 run
master59765|INFO: Started Download metadata
master59765|Oct 01, 2015 8:20:14 PM org.jenkinsci.main.modules.sshd.SSHD start
master59765|INFO: Started SSHD at port 49392
master59765|Oct 01, 2015 8:20:14 PM jenkins.InitReactorRunner$1 onAttained
master59765|INFO: Completed initialization
master59765|Oct 01, 2015 8:20:14 PM hudson.UDPBroadcastThread run
master59765|WARNING: UDP handling problem
master59765|java.net.SocketException: Can't assign requested address
master59765|	at java.net.PlainDatagramSocketImpl.join(Native Method)
master59765|	at java.net.AbstractPlainDatagramSocketImpl.join(AbstractPlainDatagramSocketImpl.java:179)
master59765|	at java.net.MulticastSocket.joinGroup(MulticastSocket.java:323)
master59765|	at hudson.UDPBroadcastThread.run(UDPBroadcastThread.java:77)
master59765|
master59765|Oct 01, 2015 8:20:14 PM hudson.WebAppMain$3 run
master59765|INFO: Jenkins is fully up and running
master59765|Oct 01, 2015 8:20:19 PM hudson.model.UpdateSite updateData
master59765|INFO: Obtained the latest update center data file for UpdateSource default
master59765|Oct 01, 2015 8:20:20 PM hudson.model.DownloadService$Downloadable load
master59765|INFO: Obtained the updated data file for hudson.tasks.Maven.MavenInstaller
master59765|Oct 01, 2015 8:20:20 PM hudson.model.DownloadService$Downloadable load
master59765|INFO: Obtained the updated data file for hudson.tasks.Ant.AntInstaller
master59765|Oct 01, 2015 8:20:21 PM hudson.model.DownloadService$Downloadable load
master59765|INFO: Obtained the updated data file for hudson.tools.JDKInstaller
master59765|Oct 01, 2015 8:20:21 PM hudson.model.AsyncPeriodicWork$1 run
master59765|INFO: Finished Download metadata. 8,064 ms
Jenkins is stopped
]]></system-out>
    <system-err><![CDATA[Oct 01, 2015 8:19:12 PM org.jenkinsci.test.acceptance.controller.LocalController startNow
INFO: Waiting for Jenkins to become running in http://127.0.0.1:59765/
Oct 01, 2015 8:20:14 PM org.jenkinsci.test.acceptance.controller.LocalController startNow
INFO: Jenkins is running in http://127.0.0.1:59765/
Oct 01, 2015 8:20:22 PM org.jenkinsci.test.acceptance.po.PluginManager installationStatus
INFO: tasks is not installed
Oct 01, 2015 8:20:22 PM org.jenkinsci.test.acceptance.po.PluginManager installationStatus
INFO: tasks is not installed
Oct 01, 2015 8:20:24 PM org.jenkinsci.test.acceptance.po.PluginManager installationStatus
INFO: script-security has version 1.13 but 1.15 was requested
]]></system-err>
  </testcase>
  <testcase name="should_use_file_encoding_windows1251_when_parsing_files" classname="plugins.TaskScannerPluginTest" time="72.987">
    <error message="org.apache.http.entity.ContentType.create(Ljava/lang/String;[Lorg/apache/http/NameValuePair;)Lorg/apache/http/entity/ContentType;" type="java.lang.NoSuchMethodError">java.lang.NoSuchMethodError: org.apache.http.entity.ContentType.create(Ljava/lang/String;[Lorg/apache/http/NameValuePair;)Lorg/apache/http/entity/ContentType;
	at org.apache.http.entity.mime.MultipartEntityBuilder.buildEntity(MultipartEntityBuilder.java:209)
	at org.apache.http.entity.mime.MultipartEntityBuilder.build(MultipartEntityBuilder.java:230)
	at org.jenkinsci.test.acceptance.update_center.PluginMetadata.uploadTo(PluginMetadata.java:65)
	at org.jenkinsci.test.acceptance.po.PluginManager.installPlugins(PluginManager.java:173)
	at org.jenkinsci.test.acceptance.junit.WithPlugins$RuleImpl$1.doInstall(WithPlugins.java:139)
	at org.jenkinsci.test.acceptance.junit.WithPlugins$RuleImpl$1.installPlugins(WithPlugins.java:119)
	at org.jenkinsci.test.acceptance.junit.WithPlugins$RuleImpl$1.evaluate(WithPlugins.java:92)
	at org.jenkinsci.test.acceptance.junit.JenkinsAcceptanceTestRule$1$2$1.evaluate(JenkinsAcceptanceTestRule.java:129)
	at org.jenkinsci.test.acceptance.junit.FilterRule$1.evaluate(FilterRule.java:62)
	at org.jenkinsci.test.acceptance.junit.JenkinsAcceptanceTestRule$1.evaluate(JenkinsAcceptanceTestRule.java:55)
	at org.junit.runners.ParentRunner.runLeaf(ParentRunner.java:271)
	at org.junit.runners.BlockJUnit4ClassRunner.runChild(BlockJUnit4ClassRunner.java:70)
	at org.junit.runners.BlockJUnit4ClassRunner.runChild(BlockJUnit4ClassRunner.java:50)
	at org.junit.runners.ParentRunner$3.run(ParentRunner.java:238)
	at org.junit.runners.ParentRunner$1.schedule(ParentRunner.java:63)
	at org.junit.runners.ParentRunner.runChildren(ParentRunner.java:236)
	at org.junit.runners.ParentRunner.access$000(ParentRunner.java:53)
	at org.junit.runners.ParentRunner$2.evaluate(ParentRunner.java:229)
	at org.junit.runners.ParentRunner.run(ParentRunner.java:309)
	at org.apache.maven.surefire.junit4.JUnit4Provider.execute(JUnit4Provider.java:264)
	at org.apache.maven.surefire.junit4.JUnit4Provider.executeTestSet(JUnit4Provider.java:153)
	at org.apache.maven.surefire.junit4.JUnit4Provider.invoke(JUnit4Provider.java:124)
	at org.apache.maven.surefire.booter.ForkedBooter.invokeProviderInSameClassLoader(ForkedBooter.java:200)
	at org.apache.maven.surefire.booter.ForkedBooter.runSuitesInProcess(ForkedBooter.java:153)
	at org.apache.maven.surefire.booter.ForkedBooter.main(ForkedBooter.java:103)
</error>
    <system-out><![CDATA[testCaseResult=ru.yandex.qatools.allure.model.TestCaseResult@31693a86[
  name=should_run_on_failed_builds_if_configured
  title=<null>
  description=<null>
  failure=ru.yandex.qatools.allure.model.Failure@69d2e517
  start=1443745152304
  stop=1443745225228
  status=BROKEN
  severity=<null>
  steps=[]
  attachments=[]
  labels=[ru.yandex.qatools.allure.model.Label@1f9a7684, ru.yandex.qatools.allure.model.Label@3b30eec5]
  parameters=<null>
]
testCaseResult={
   "start" : 1443745152304,
   "stop" : 1443745225228,
   "status" : "broken",
   "name" : "should_run_on_failed_builds_if_configured",
   "failure" : {
      "message" : "NoSuchMethodError: org.apache.http.entity.ContentType.create(Ljava/lang/String;[Lorg/apache/http/NameValuePair;)Lorg/apache/http/entity/ContentType;",
      "stack-trace" : "java.lang.NoSuchMethodError: org.apache.http.entity.ContentType.create(Ljava/lang/String;[Lorg/apache/http/NameValuePair;)Lorg/apache/http/entity/ContentType;\n\tat org.apache.http.entity.mime.MultipartEntityBuilder.buildEntity(MultipartEntityBuilder.java:209)\n\tat org.apache.http.entity.mime.MultipartEntityBuilder.build(MultipartEntityBuilder.java:230)\n\tat org.jenkinsci.test.acceptance.update_center.PluginMetadata.uploadTo(PluginMetadata.java:65)\n\tat org.jenkinsci.test.acceptance.po.PluginManager.installPlugins(PluginManager.java:173)\n\tat org.jenkinsci.test.acceptance.junit.WithPlugins$RuleImpl$1.doInstall(WithPlugins.java:139)\n\tat org.jenkinsci.test.acceptance.junit.WithPlugins$RuleImpl$1.installPlugins(WithPlugins.java:119)\n\tat org.jenkinsci.test.acceptance.junit.WithPlugins$RuleImpl$1.evaluate(WithPlugins.java:92)\n\tat org.jenkinsci.test.acceptance.junit.JenkinsAcceptanceTestRule$1$2$1.evaluate(JenkinsAcceptanceTestRule.java:129)\n\tat org.jenkinsci.test.acceptance.junit.FilterRule$1.evaluate(FilterRule.java:62)\n\tat org.jenkinsci.test.acceptance.junit.JenkinsAcceptanceTestRule$1.evaluate(JenkinsAcceptanceTestRule.java:55)\n\tat org.junit.runners.ParentRunner.runLeaf(ParentRunner.java:271)\n\tat org.junit.runners.BlockJUnit4ClassRunner.runChild(BlockJUnit4ClassRunner.java:70)\n\tat org.junit.runners.BlockJUnit4ClassRunner.runChild(BlockJUnit4ClassRunner.java:50)\n\tat org.junit.runners.ParentRunner$3.run(ParentRunner.java:238)\n\tat org.junit.runners.ParentRunner$1.schedule(ParentRunner.java:63)\n\tat org.junit.runners.ParentRunner.runChildren(ParentRunner.java:236)\n\tat org.junit.runners.ParentRunner.access$000(ParentRunner.java:53)\n\tat org.junit.runners.ParentRunner$2.evaluate(ParentRunner.java:229)\n\tat org.junit.runners.ParentRunner.run(ParentRunner.java:309)\n\tat org.apache.maven.surefire.junit4.JUnit4Provider.execute(JUnit4Provider.java:264)\n\tat org.apache.maven.surefire.junit4.JUnit4Provider.executeTestSet(JUnit4Provider.java:153)\n\tat org.apache.maven.surefire.junit4.JUnit4Provider.invoke(JUnit4Provider.java:124)\n\tat org.apache.maven.surefire.booter.ForkedBooter.invokeProviderInSameClassLoader(ForkedBooter.java:200)\n\tat org.apache.maven.surefire.booter.ForkedBooter.runSuitesInProcess(ForkedBooter.java:153)\n\tat org.apache.maven.surefire.booter.ForkedBooter.main(ForkedBooter.java:103)\n"
   },
   "steps" : {
      "step" : [ ]
   },
   "attachments" : {
      "attachment" : [ ]
   },
   "labels" : {
      "label" : [ {
         "name" : "host",
         "value" : "Abduls-MBP.home"
      }, {
         "name" : "thread",
         "value" : "35251@Abduls-MBP.home.main(1)"
      } ]
   }
}
testCase=ru.yandex.qatools.allure.model.TestCase@43755e2f[
  _id=38f9b3c5-0b84-4007-a9f6-214f72303988
  executionId=62229910-35f6-40ea-8439-ec3c3d9421df
  result=ru.yandex.qatools.allure.model.TestCaseResult@31693a86
]
testCase={
   "_id" : "38f9b3c5-0b84-4007-a9f6-214f72303988",
   "executionId" : "62229910-35f6-40ea-8439-ec3c3d9421df",
   "result" : {
      "start" : 1443745152304,
      "stop" : 1443745225228,
      "status" : "broken",
      "name" : "should_run_on_failed_builds_if_configured",
      "failure" : {
         "message" : "NoSuchMethodError: org.apache.http.entity.ContentType.create(Ljava/lang/String;[Lorg/apache/http/NameValuePair;)Lorg/apache/http/entity/ContentType;",
         "stack-trace" : "java.lang.NoSuchMethodError: org.apache.http.entity.ContentType.create(Ljava/lang/String;[Lorg/apache/http/NameValuePair;)Lorg/apache/http/entity/ContentType;\n\tat org.apache.http.entity.mime.MultipartEntityBuilder.buildEntity(MultipartEntityBuilder.java:209)\n\tat org.apache.http.entity.mime.MultipartEntityBuilder.build(MultipartEntityBuilder.java:230)\n\tat org.jenkinsci.test.acceptance.update_center.PluginMetadata.uploadTo(PluginMetadata.java:65)\n\tat org.jenkinsci.test.acceptance.po.PluginManager.installPlugins(PluginManager.java:173)\n\tat org.jenkinsci.test.acceptance.junit.WithPlugins$RuleImpl$1.doInstall(WithPlugins.java:139)\n\tat org.jenkinsci.test.acceptance.junit.WithPlugins$RuleImpl$1.installPlugins(WithPlugins.java:119)\n\tat org.jenkinsci.test.acceptance.junit.WithPlugins$RuleImpl$1.evaluate(WithPlugins.java:92)\n\tat org.jenkinsci.test.acceptance.junit.JenkinsAcceptanceTestRule$1$2$1.evaluate(JenkinsAcceptanceTestRule.java:129)\n\tat org.jenkinsci.test.acceptance.junit.FilterRule$1.evaluate(FilterRule.java:62)\n\tat org.jenkinsci.test.acceptance.junit.JenkinsAcceptanceTestRule$1.evaluate(JenkinsAcceptanceTestRule.java:55)\n\tat org.junit.runners.ParentRunner.runLeaf(ParentRunner.java:271)\n\tat org.junit.runners.BlockJUnit4ClassRunner.runChild(BlockJUnit4ClassRunner.java:70)\n\tat org.junit.runners.BlockJUnit4ClassRunner.runChild(BlockJUnit4ClassRunner.java:50)\n\tat org.junit.runners.ParentRunner$3.run(ParentRunner.java:238)\n\tat org.junit.runners.ParentRunner$1.schedule(ParentRunner.java:63)\n\tat org.junit.runners.ParentRunner.runChildren(ParentRunner.java:236)\n\tat org.junit.runners.ParentRunner.access$000(ParentRunner.java:53)\n\tat org.junit.runners.ParentRunner$2.evaluate(ParentRunner.java:229)\n\tat org.junit.runners.ParentRunner.run(ParentRunner.java:309)\n\tat org.apache.maven.surefire.junit4.JUnit4Provider.execute(JUnit4Provider.java:264)\n\tat org.apache.maven.surefire.junit4.JUnit4Provider.executeTestSet(JUnit4Provider.java:153)\n\tat org.apache.maven.surefire.junit4.JUnit4Provider.invoke(JUnit4Provider.java:124)\n\tat org.apache.maven.surefire.booter.ForkedBooter.invokeProviderInSameClassLoader(ForkedBooter.java:200)\n\tat org.apache.maven.surefire.booter.ForkedBooter.runSuitesInProcess(ForkedBooter.java:153)\n\tat org.apache.maven.surefire.booter.ForkedBooter.main(ForkedBooter.java:103)\n"
      },
      "steps" : {
         "step" : [ ]
      },
      "attachments" : {
         "attachment" : [ ]
      },
      "labels" : {
         "label" : [ {
            "name" : "host",
            "value" : "Abduls-MBP.home"
         }, {
            "name" : "thread",
            "value" : "35251@Abduls-MBP.home.main(1)"
         } ]
      }
   }
}
>>>REQUEST: /testdb/TestCase
[WARN] [10/01/2015 20:20:25.246] [default-akka.actor.default-dispatcher-119] [ActorSystem(default)] Illegal response header: Illegal 'etag' header: Invalid input '5', expected 'W' or '"' (line 1, column 1): 560dcdc9fbeaf7a200c9bfde
^
<<<RESPONSE (201 Created): /testdb/TestCase
running with given plugins: []
=== Starting should_use_file_encoding_windows1251_when_parsing_files(plugins.TaskScannerPluginTest)
Starting Jenkins: JAVA_HOME=/Library/Java/JavaVirtualMachines/jdk1.8.0_60.jdk/Contents/Home JENKINS_HOME=/Users/abduljewel/Documents/c/spiderqa/sample-test-projects/acceptance-test-harness/target/jenkins6806810359157456248home /Library/Java/JavaVirtualMachines/jdk1.8.0_60.jdk/Contents/Home/bin/java -Duser.language=en -jar ./jenkins.war --ajp13Port=-1 --httpPort=51385
master51385|Running from: /Users/abduljewel/Documents/c/spiderqa/sample-test-projects/acceptance-test-harness/jenkins.war
master51385|webroot: EnvVars.masterEnvVars.get("JENKINS_HOME")
master51385|Oct 01, 2015 8:20:26 PM winstone.Logger logInternal
master51385|INFO: Beginning extraction from war file
master51385|Oct 01, 2015 8:20:31 PM org.eclipse.jetty.util.log.JavaUtilLog info
master51385|INFO: jetty-winstone-2.8
master51385|Oct 01, 2015 8:20:34 PM org.eclipse.jetty.util.log.JavaUtilLog info
master51385|INFO: NO JSP Support for , did not find org.apache.jasper.servlet.JspServlet
master51385|Jenkins home directory: /Users/abduljewel/Documents/c/spiderqa/sample-test-projects/acceptance-test-harness/target/jenkins6806810359157456248home found at: EnvVars.masterEnvVars.get("JENKINS_HOME")
master51385|Oct 01, 2015 8:20:38 PM org.eclipse.jetty.util.log.JavaUtilLog info
master51385|INFO: Started SelectChannelConnector@0.0.0.0:51385
master51385|Oct 01, 2015 8:20:38 PM winstone.Logger logInternal
master51385|INFO: Winstone Servlet Engine v2.0 running: controlPort=disabled
master51385|Oct 01, 2015 8:20:38 PM jenkins.InitReactorRunner$1 onAttained
master51385|INFO: Started initialization
master51385|Oct 01, 2015 8:21:13 PM jenkins.InitReactorRunner$1 onAttained
master51385|INFO: Listed all plugins
master51385|Oct 01, 2015 8:21:14 PM jenkins.InitReactorRunner$1 onAttained
master51385|INFO: Prepared all plugins
master51385|Oct 01, 2015 8:21:14 PM jenkins.InitReactorRunner$1 onAttained
master51385|INFO: Started all plugins
master51385|Oct 01, 2015 8:21:14 PM jenkins.InitReactorRunner$1 onAttained
master51385|INFO: Augmented all extensions
master51385|Oct 01, 2015 8:21:20 PM jenkins.InitReactorRunner$1 onAttained
master51385|INFO: Loaded all jobs
master51385|Oct 01, 2015 8:21:26 PM hudson.model.AsyncPeriodicWork$1 run
master51385|INFO: Started Download metadata
master51385|Oct 01, 2015 8:21:26 PM org.jenkinsci.main.modules.sshd.SSHD start
master51385|INFO: Started SSHD at port 49713
master51385|Oct 01, 2015 8:21:26 PM jenkins.InitReactorRunner$1 onAttained
master51385|INFO: Completed initialization
master51385|Oct 01, 2015 8:21:27 PM hudson.UDPBroadcastThread run
master51385|WARNING: UDP handling problem
master51385|java.net.SocketException: Can't assign requested address
master51385|	at java.net.PlainDatagramSocketImpl.join(Native Method)
master51385|	at java.net.AbstractPlainDatagramSocketImpl.join(AbstractPlainDatagramSocketImpl.java:179)
master51385|	at java.net.MulticastSocket.joinGroup(MulticastSocket.java:323)
master51385|	at hudson.UDPBroadcastThread.run(UDPBroadcastThread.java:77)
master51385|
master51385|Oct 01, 2015 8:21:27 PM hudson.WebAppMain$3 run
master51385|INFO: Jenkins is fully up and running
master51385|Oct 01, 2015 8:21:29 PM hudson.model.UpdateSite updateData
master51385|INFO: Obtained the latest update center data file for UpdateSource default
master51385|Oct 01, 2015 8:21:30 PM hudson.model.DownloadService$Downloadable load
master51385|INFO: Obtained the updated data file for hudson.tasks.Maven.MavenInstaller
master51385|Oct 01, 2015 8:21:30 PM hudson.model.DownloadService$Downloadable load
master51385|INFO: Obtained the updated data file for hudson.tasks.Ant.AntInstaller
master51385|Oct 01, 2015 8:21:32 PM hudson.model.DownloadService$Downloadable load
master51385|INFO: Obtained the updated data file for hudson.tools.JDKInstaller
master51385|Oct 01, 2015 8:21:32 PM hudson.model.AsyncPeriodicWork$1 run
master51385|INFO: Finished Download metadata. 5,991 ms
Jenkins is stopped
]]></system-out>
    <system-err><![CDATA[Oct 01, 2015 8:20:25 PM org.jenkinsci.test.acceptance.controller.LocalController startNow
INFO: Waiting for Jenkins to become running in http://127.0.0.1:51385/
Oct 01, 2015 8:21:27 PM org.jenkinsci.test.acceptance.controller.LocalController startNow
INFO: Jenkins is running in http://127.0.0.1:51385/
Oct 01, 2015 8:21:35 PM org.jenkinsci.test.acceptance.po.PluginManager installationStatus
INFO: tasks is not installed
Oct 01, 2015 8:21:35 PM org.jenkinsci.test.acceptance.po.PluginManager installationStatus
INFO: tasks is not installed
Oct 01, 2015 8:21:37 PM org.jenkinsci.test.acceptance.po.PluginManager installationStatus
INFO: script-security has version 1.13 but 1.15 was requested
]]></system-err>
  </testcase>
  <testcase name="should_report_closed_tasks" classname="plugins.TaskScannerPluginTest" time="73.603">
    <error message="org.apache.http.entity.ContentType.create(Ljava/lang/String;[Lorg/apache/http/NameValuePair;)Lorg/apache/http/entity/ContentType;" type="java.lang.NoSuchMethodError">java.lang.NoSuchMethodError: org.apache.http.entity.ContentType.create(Ljava/lang/String;[Lorg/apache/http/NameValuePair;)Lorg/apache/http/entity/ContentType;
	at org.apache.http.entity.mime.MultipartEntityBuilder.buildEntity(MultipartEntityBuilder.java:209)
	at org.apache.http.entity.mime.MultipartEntityBuilder.build(MultipartEntityBuilder.java:230)
	at org.jenkinsci.test.acceptance.update_center.PluginMetadata.uploadTo(PluginMetadata.java:65)
	at org.jenkinsci.test.acceptance.po.PluginManager.installPlugins(PluginManager.java:173)
	at org.jenkinsci.test.acceptance.junit.WithPlugins$RuleImpl$1.doInstall(WithPlugins.java:139)
	at org.jenkinsci.test.acceptance.junit.WithPlugins$RuleImpl$1.installPlugins(WithPlugins.java:119)
	at org.jenkinsci.test.acceptance.junit.WithPlugins$RuleImpl$1.evaluate(WithPlugins.java:92)
	at org.jenkinsci.test.acceptance.junit.JenkinsAcceptanceTestRule$1$2$1.evaluate(JenkinsAcceptanceTestRule.java:129)
	at org.jenkinsci.test.acceptance.junit.FilterRule$1.evaluate(FilterRule.java:62)
	at org.jenkinsci.test.acceptance.junit.JenkinsAcceptanceTestRule$1.evaluate(JenkinsAcceptanceTestRule.java:55)
	at org.junit.runners.ParentRunner.runLeaf(ParentRunner.java:271)
	at org.junit.runners.BlockJUnit4ClassRunner.runChild(BlockJUnit4ClassRunner.java:70)
	at org.junit.runners.BlockJUnit4ClassRunner.runChild(BlockJUnit4ClassRunner.java:50)
	at org.junit.runners.ParentRunner$3.run(ParentRunner.java:238)
	at org.junit.runners.ParentRunner$1.schedule(ParentRunner.java:63)
	at org.junit.runners.ParentRunner.runChildren(ParentRunner.java:236)
	at org.junit.runners.ParentRunner.access$000(ParentRunner.java:53)
	at org.junit.runners.ParentRunner$2.evaluate(ParentRunner.java:229)
	at org.junit.runners.ParentRunner.run(ParentRunner.java:309)
	at org.apache.maven.surefire.junit4.JUnit4Provider.execute(JUnit4Provider.java:264)
	at org.apache.maven.surefire.junit4.JUnit4Provider.executeTestSet(JUnit4Provider.java:153)
	at org.apache.maven.surefire.junit4.JUnit4Provider.invoke(JUnit4Provider.java:124)
	at org.apache.maven.surefire.booter.ForkedBooter.invokeProviderInSameClassLoader(ForkedBooter.java:200)
	at org.apache.maven.surefire.booter.ForkedBooter.runSuitesInProcess(ForkedBooter.java:153)
	at org.apache.maven.surefire.booter.ForkedBooter.main(ForkedBooter.java:103)
</error>
    <system-out><![CDATA[testCaseResult=ru.yandex.qatools.allure.model.TestCaseResult@5403431a[
  name=should_use_file_encoding_windows1251_when_parsing_files
  title=<null>
  description=<null>
  failure=ru.yandex.qatools.allure.model.Failure@ab327c
  start=1443745225243
  stop=1443745298228
  status=BROKEN
  severity=<null>
  steps=[]
  attachments=[]
  labels=[ru.yandex.qatools.allure.model.Label@3d798e76, ru.yandex.qatools.allure.model.Label@763b0996]
  parameters=<null>
]
testCaseResult={
   "start" : 1443745225243,
   "stop" : 1443745298228,
   "status" : "broken",
   "name" : "should_use_file_encoding_windows1251_when_parsing_files",
   "failure" : {
      "message" : "NoSuchMethodError: org.apache.http.entity.ContentType.create(Ljava/lang/String;[Lorg/apache/http/NameValuePair;)Lorg/apache/http/entity/ContentType;",
      "stack-trace" : "java.lang.NoSuchMethodError: org.apache.http.entity.ContentType.create(Ljava/lang/String;[Lorg/apache/http/NameValuePair;)Lorg/apache/http/entity/ContentType;\n\tat org.apache.http.entity.mime.MultipartEntityBuilder.buildEntity(MultipartEntityBuilder.java:209)\n\tat org.apache.http.entity.mime.MultipartEntityBuilder.build(MultipartEntityBuilder.java:230)\n\tat org.jenkinsci.test.acceptance.update_center.PluginMetadata.uploadTo(PluginMetadata.java:65)\n\tat org.jenkinsci.test.acceptance.po.PluginManager.installPlugins(PluginManager.java:173)\n\tat org.jenkinsci.test.acceptance.junit.WithPlugins$RuleImpl$1.doInstall(WithPlugins.java:139)\n\tat org.jenkinsci.test.acceptance.junit.WithPlugins$RuleImpl$1.installPlugins(WithPlugins.java:119)\n\tat org.jenkinsci.test.acceptance.junit.WithPlugins$RuleImpl$1.evaluate(WithPlugins.java:92)\n\tat org.jenkinsci.test.acceptance.junit.JenkinsAcceptanceTestRule$1$2$1.evaluate(JenkinsAcceptanceTestRule.java:129)\n\tat org.jenkinsci.test.acceptance.junit.FilterRule$1.evaluate(FilterRule.java:62)\n\tat org.jenkinsci.test.acceptance.junit.JenkinsAcceptanceTestRule$1.evaluate(JenkinsAcceptanceTestRule.java:55)\n\tat org.junit.runners.ParentRunner.runLeaf(ParentRunner.java:271)\n\tat org.junit.runners.BlockJUnit4ClassRunner.runChild(BlockJUnit4ClassRunner.java:70)\n\tat org.junit.runners.BlockJUnit4ClassRunner.runChild(BlockJUnit4ClassRunner.java:50)\n\tat org.junit.runners.ParentRunner$3.run(ParentRunner.java:238)\n\tat org.junit.runners.ParentRunner$1.schedule(ParentRunner.java:63)\n\tat org.junit.runners.ParentRunner.runChildren(ParentRunner.java:236)\n\tat org.junit.runners.ParentRunner.access$000(ParentRunner.java:53)\n\tat org.junit.runners.ParentRunner$2.evaluate(ParentRunner.java:229)\n\tat org.junit.runners.ParentRunner.run(ParentRunner.java:309)\n\tat org.apache.maven.surefire.junit4.JUnit4Provider.execute(JUnit4Provider.java:264)\n\tat org.apache.maven.surefire.junit4.JUnit4Provider.executeTestSet(JUnit4Provider.java:153)\n\tat org.apache.maven.surefire.junit4.JUnit4Provider.invoke(JUnit4Provider.java:124)\n\tat org.apache.maven.surefire.booter.ForkedBooter.invokeProviderInSameClassLoader(ForkedBooter.java:200)\n\tat org.apache.maven.surefire.booter.ForkedBooter.runSuitesInProcess(ForkedBooter.java:153)\n\tat org.apache.maven.surefire.booter.ForkedBooter.main(ForkedBooter.java:103)\n"
   },
   "steps" : {
      "step" : [ ]
   },
   "attachments" : {
      "attachment" : [ ]
   },
   "labels" : {
      "label" : [ {
         "name" : "host",
         "value" : "Abduls-MBP.home"
      }, {
         "name" : "thread",
         "value" : "35251@Abduls-MBP.home.main(1)"
      } ]
   }
}
testCase=ru.yandex.qatools.allure.model.TestCase@386e9fd8[
  _id=9641e56c-bc61-4ed6-8334-552b9ea29459
  executionId=62229910-35f6-40ea-8439-ec3c3d9421df
  result=ru.yandex.qatools.allure.model.TestCaseResult@5403431a
]
testCase={
   "_id" : "9641e56c-bc61-4ed6-8334-552b9ea29459",
   "executionId" : "62229910-35f6-40ea-8439-ec3c3d9421df",
   "result" : {
      "start" : 1443745225243,
      "stop" : 1443745298228,
      "status" : "broken",
      "name" : "should_use_file_encoding_windows1251_when_parsing_files",
      "failure" : {
         "message" : "NoSuchMethodError: org.apache.http.entity.ContentType.create(Ljava/lang/String;[Lorg/apache/http/NameValuePair;)Lorg/apache/http/entity/ContentType;",
         "stack-trace" : "java.lang.NoSuchMethodError: org.apache.http.entity.ContentType.create(Ljava/lang/String;[Lorg/apache/http/NameValuePair;)Lorg/apache/http/entity/ContentType;\n\tat org.apache.http.entity.mime.MultipartEntityBuilder.buildEntity(MultipartEntityBuilder.java:209)\n\tat org.apache.http.entity.mime.MultipartEntityBuilder.build(MultipartEntityBuilder.java:230)\n\tat org.jenkinsci.test.acceptance.update_center.PluginMetadata.uploadTo(PluginMetadata.java:65)\n\tat org.jenkinsci.test.acceptance.po.PluginManager.installPlugins(PluginManager.java:173)\n\tat org.jenkinsci.test.acceptance.junit.WithPlugins$RuleImpl$1.doInstall(WithPlugins.java:139)\n\tat org.jenkinsci.test.acceptance.junit.WithPlugins$RuleImpl$1.installPlugins(WithPlugins.java:119)\n\tat org.jenkinsci.test.acceptance.junit.WithPlugins$RuleImpl$1.evaluate(WithPlugins.java:92)\n\tat org.jenkinsci.test.acceptance.junit.JenkinsAcceptanceTestRule$1$2$1.evaluate(JenkinsAcceptanceTestRule.java:129)\n\tat org.jenkinsci.test.acceptance.junit.FilterRule$1.evaluate(FilterRule.java:62)\n\tat org.jenkinsci.test.acceptance.junit.JenkinsAcceptanceTestRule$1.evaluate(JenkinsAcceptanceTestRule.java:55)\n\tat org.junit.runners.ParentRunner.runLeaf(ParentRunner.java:271)\n\tat org.junit.runners.BlockJUnit4ClassRunner.runChild(BlockJUnit4ClassRunner.java:70)\n\tat org.junit.runners.BlockJUnit4ClassRunner.runChild(BlockJUnit4ClassRunner.java:50)\n\tat org.junit.runners.ParentRunner$3.run(ParentRunner.java:238)\n\tat org.junit.runners.ParentRunner$1.schedule(ParentRunner.java:63)\n\tat org.junit.runners.ParentRunner.runChildren(ParentRunner.java:236)\n\tat org.junit.runners.ParentRunner.access$000(ParentRunner.java:53)\n\tat org.junit.runners.ParentRunner$2.evaluate(ParentRunner.java:229)\n\tat org.junit.runners.ParentRunner.run(ParentRunner.java:309)\n\tat org.apache.maven.surefire.junit4.JUnit4Provider.execute(JUnit4Provider.java:264)\n\tat org.apache.maven.surefire.junit4.JUnit4Provider.executeTestSet(JUnit4Provider.java:153)\n\tat org.apache.maven.surefire.junit4.JUnit4Provider.invoke(JUnit4Provider.java:124)\n\tat org.apache.maven.surefire.booter.ForkedBooter.invokeProviderInSameClassLoader(ForkedBooter.java:200)\n\tat org.apache.maven.surefire.booter.ForkedBooter.runSuitesInProcess(ForkedBooter.java:153)\n\tat org.apache.maven.surefire.booter.ForkedBooter.main(ForkedBooter.java:103)\n"
      },
      "steps" : {
         "step" : [ ]
      },
      "attachments" : {
         "attachment" : [ ]
      },
      "labels" : {
         "label" : [ {
            "name" : "host",
            "value" : "Abduls-MBP.home"
         }, {
            "name" : "thread",
            "value" : "35251@Abduls-MBP.home.main(1)"
         } ]
      }
   }
}
>>>REQUEST: /testdb/TestCase
[WARN] [10/01/2015 20:21:38.243] [default-akka.actor.default-dispatcher-116] [ActorSystem(default)] Illegal response header: Illegal 'etag' header: Invalid input '5', expected 'W' or '"' (line 1, column 1): 560dce12fbeaf7a200c9bfe3
^
<<<RESPONSE (201 Created): /testdb/TestCase
running with given plugins: []
=== Starting should_report_closed_tasks(plugins.TaskScannerPluginTest)
Starting Jenkins: JAVA_HOME=/Library/Java/JavaVirtualMachines/jdk1.8.0_60.jdk/Contents/Home JENKINS_HOME=/Users/abduljewel/Documents/c/spiderqa/sample-test-projects/acceptance-test-harness/target/jenkins381369215072448024home /Library/Java/JavaVirtualMachines/jdk1.8.0_60.jdk/Contents/Home/bin/java -Duser.language=en -jar ./jenkins.war --ajp13Port=-1 --httpPort=61028
master61028|Running from: /Users/abduljewel/Documents/c/spiderqa/sample-test-projects/acceptance-test-harness/jenkins.war
master61028|webroot: EnvVars.masterEnvVars.get("JENKINS_HOME")
master61028|Oct 01, 2015 8:21:39 PM winstone.Logger logInternal
master61028|INFO: Beginning extraction from war file
master61028|Oct 01, 2015 8:21:43 PM org.eclipse.jetty.util.log.JavaUtilLog info
master61028|INFO: jetty-winstone-2.8
master61028|Oct 01, 2015 8:21:46 PM org.eclipse.jetty.util.log.JavaUtilLog info
master61028|INFO: NO JSP Support for , did not find org.apache.jasper.servlet.JspServlet
master61028|Jenkins home directory: /Users/abduljewel/Documents/c/spiderqa/sample-test-projects/acceptance-test-harness/target/jenkins381369215072448024home found at: EnvVars.masterEnvVars.get("JENKINS_HOME")
master61028|Oct 01, 2015 8:21:49 PM org.eclipse.jetty.util.log.JavaUtilLog info
master61028|INFO: Started SelectChannelConnector@0.0.0.0:61028
master61028|Oct 01, 2015 8:21:49 PM winstone.Logger logInternal
master61028|INFO: Winstone Servlet Engine v2.0 running: controlPort=disabled
master61028|Oct 01, 2015 8:21:49 PM jenkins.InitReactorRunner$1 onAttained
master61028|INFO: Started initialization
master61028|Oct 01, 2015 8:22:25 PM jenkins.InitReactorRunner$1 onAttained
master61028|INFO: Listed all plugins
master61028|Oct 01, 2015 8:22:25 PM jenkins.InitReactorRunner$1 onAttained
master61028|INFO: Prepared all plugins
master61028|Oct 01, 2015 8:22:25 PM jenkins.InitReactorRunner$1 onAttained
master61028|INFO: Started all plugins
master61028|Oct 01, 2015 8:22:25 PM jenkins.InitReactorRunner$1 onAttained
master61028|INFO: Augmented all extensions
master61028|Oct 01, 2015 8:22:32 PM jenkins.InitReactorRunner$1 onAttained
master61028|INFO: Loaded all jobs
master61028|Oct 01, 2015 8:22:39 PM hudson.model.AsyncPeriodicWork$1 run
master61028|INFO: Started Download metadata
master61028|Oct 01, 2015 8:22:40 PM org.jenkinsci.main.modules.sshd.SSHD start
master61028|INFO: Started SSHD at port 50041
master61028|Oct 01, 2015 8:22:40 PM jenkins.InitReactorRunner$1 onAttained
master61028|INFO: Completed initialization
master61028|Oct 01, 2015 8:22:40 PM hudson.UDPBroadcastThread run
master61028|WARNING: UDP handling problem
master61028|java.net.SocketException: Can't assign requested address
master61028|	at java.net.PlainDatagramSocketImpl.join(Native Method)
master61028|	at java.net.AbstractPlainDatagramSocketImpl.join(AbstractPlainDatagramSocketImpl.java:179)
master61028|	at java.net.MulticastSocket.joinGroup(MulticastSocket.java:323)
master61028|	at hudson.UDPBroadcastThread.run(UDPBroadcastThread.java:77)
master61028|
master61028|Oct 01, 2015 8:22:40 PM hudson.WebAppMain$3 run
master61028|INFO: Jenkins is fully up and running
master61028|Oct 01, 2015 8:22:44 PM hudson.model.UpdateSite updateData
master61028|INFO: Obtained the latest update center data file for UpdateSource default
master61028|Oct 01, 2015 8:22:44 PM hudson.model.DownloadService$Downloadable load
master61028|INFO: Obtained the updated data file for hudson.tasks.Maven.MavenInstaller
master61028|Oct 01, 2015 8:22:44 PM hudson.model.DownloadService$Downloadable load
master61028|INFO: Obtained the updated data file for hudson.tasks.Ant.AntInstaller
master61028|Oct 01, 2015 8:22:46 PM hudson.model.DownloadService$Downloadable load
master61028|INFO: Obtained the updated data file for hudson.tools.JDKInstaller
master61028|Oct 01, 2015 8:22:46 PM hudson.model.AsyncPeriodicWork$1 run
master61028|INFO: Finished Download metadata. 7,201 ms
Jenkins is stopped
]]></system-out>
    <system-err><![CDATA[Oct 01, 2015 8:21:38 PM org.jenkinsci.test.acceptance.controller.LocalController startNow
INFO: Waiting for Jenkins to become running in http://127.0.0.1:61028/
Oct 01, 2015 8:22:40 PM org.jenkinsci.test.acceptance.controller.LocalController startNow
INFO: Jenkins is running in http://127.0.0.1:61028/
Oct 01, 2015 8:22:49 PM org.jenkinsci.test.acceptance.po.PluginManager installationStatus
INFO: tasks is not installed
Oct 01, 2015 8:22:49 PM org.jenkinsci.test.acceptance.po.PluginManager installationStatus
INFO: tasks is not installed
Oct 01, 2015 8:22:51 PM org.jenkinsci.test.acceptance.po.PluginManager installationStatus
INFO: script-security has version 1.13 but 1.15 was requested
]]></system-err>
  </testcase>
  <testcase name="should_detect_regular_expression_in_maven_job" classname="plugins.TaskScannerPluginTest" time="70.425">
    <error message="org.apache.http.entity.ContentType.create(Ljava/lang/String;[Lorg/apache/http/NameValuePair;)Lorg/apache/http/entity/ContentType;" type="java.lang.NoSuchMethodError">java.lang.NoSuchMethodError: org.apache.http.entity.ContentType.create(Ljava/lang/String;[Lorg/apache/http/NameValuePair;)Lorg/apache/http/entity/ContentType;
	at org.apache.http.entity.mime.MultipartEntityBuilder.buildEntity(MultipartEntityBuilder.java:209)
	at org.apache.http.entity.mime.MultipartEntityBuilder.build(MultipartEntityBuilder.java:230)
	at org.jenkinsci.test.acceptance.update_center.PluginMetadata.uploadTo(PluginMetadata.java:65)
	at org.jenkinsci.test.acceptance.po.PluginManager.installPlugins(PluginManager.java:173)
	at org.jenkinsci.test.acceptance.junit.WithPlugins$RuleImpl$1.doInstall(WithPlugins.java:139)
	at org.jenkinsci.test.acceptance.junit.WithPlugins$RuleImpl$1.installPlugins(WithPlugins.java:119)
	at org.jenkinsci.test.acceptance.junit.WithPlugins$RuleImpl$1.evaluate(WithPlugins.java:92)
	at org.jenkinsci.test.acceptance.junit.JenkinsAcceptanceTestRule$1$2$1.evaluate(JenkinsAcceptanceTestRule.java:129)
	at org.jenkinsci.test.acceptance.junit.FilterRule$1.evaluate(FilterRule.java:62)
	at org.jenkinsci.test.acceptance.junit.JenkinsAcceptanceTestRule$1.evaluate(JenkinsAcceptanceTestRule.java:55)
	at org.junit.runners.ParentRunner.runLeaf(ParentRunner.java:271)
	at org.junit.runners.BlockJUnit4ClassRunner.runChild(BlockJUnit4ClassRunner.java:70)
	at org.junit.runners.BlockJUnit4ClassRunner.runChild(BlockJUnit4ClassRunner.java:50)
	at org.junit.runners.ParentRunner$3.run(ParentRunner.java:238)
	at org.junit.runners.ParentRunner$1.schedule(ParentRunner.java:63)
	at org.junit.runners.ParentRunner.runChildren(ParentRunner.java:236)
	at org.junit.runners.ParentRunner.access$000(ParentRunner.java:53)
	at org.junit.runners.ParentRunner$2.evaluate(ParentRunner.java:229)
	at org.junit.runners.ParentRunner.run(ParentRunner.java:309)
	at org.apache.maven.surefire.junit4.JUnit4Provider.execute(JUnit4Provider.java:264)
	at org.apache.maven.surefire.junit4.JUnit4Provider.executeTestSet(JUnit4Provider.java:153)
	at org.apache.maven.surefire.junit4.JUnit4Provider.invoke(JUnit4Provider.java:124)
	at org.apache.maven.surefire.booter.ForkedBooter.invokeProviderInSameClassLoader(ForkedBooter.java:200)
	at org.apache.maven.surefire.booter.ForkedBooter.runSuitesInProcess(ForkedBooter.java:153)
	at org.apache.maven.surefire.booter.ForkedBooter.main(ForkedBooter.java:103)
</error>
    <system-out><![CDATA[testCaseResult=ru.yandex.qatools.allure.model.TestCaseResult@283baa39[
  name=should_report_closed_tasks
  title=<null>
  description=<null>
  failure=ru.yandex.qatools.allure.model.Failure@416b1265
  start=1443745298239
  stop=1443745371841
  status=BROKEN
  severity=<null>
  steps=[]
  attachments=[]
  labels=[ru.yandex.qatools.allure.model.Label@2830315f, ru.yandex.qatools.allure.model.Label@da22aa]
  parameters=<null>
]
testCaseResult={
   "start" : 1443745298239,
   "stop" : 1443745371841,
   "status" : "broken",
   "name" : "should_report_closed_tasks",
   "failure" : {
      "message" : "NoSuchMethodError: org.apache.http.entity.ContentType.create(Ljava/lang/String;[Lorg/apache/http/NameValuePair;)Lorg/apache/http/entity/ContentType;",
      "stack-trace" : "java.lang.NoSuchMethodError: org.apache.http.entity.ContentType.create(Ljava/lang/String;[Lorg/apache/http/NameValuePair;)Lorg/apache/http/entity/ContentType;\n\tat org.apache.http.entity.mime.MultipartEntityBuilder.buildEntity(MultipartEntityBuilder.java:209)\n\tat org.apache.http.entity.mime.MultipartEntityBuilder.build(MultipartEntityBuilder.java:230)\n\tat org.jenkinsci.test.acceptance.update_center.PluginMetadata.uploadTo(PluginMetadata.java:65)\n\tat org.jenkinsci.test.acceptance.po.PluginManager.installPlugins(PluginManager.java:173)\n\tat org.jenkinsci.test.acceptance.junit.WithPlugins$RuleImpl$1.doInstall(WithPlugins.java:139)\n\tat org.jenkinsci.test.acceptance.junit.WithPlugins$RuleImpl$1.installPlugins(WithPlugins.java:119)\n\tat org.jenkinsci.test.acceptance.junit.WithPlugins$RuleImpl$1.evaluate(WithPlugins.java:92)\n\tat org.jenkinsci.test.acceptance.junit.JenkinsAcceptanceTestRule$1$2$1.evaluate(JenkinsAcceptanceTestRule.java:129)\n\tat org.jenkinsci.test.acceptance.junit.FilterRule$1.evaluate(FilterRule.java:62)\n\tat org.jenkinsci.test.acceptance.junit.JenkinsAcceptanceTestRule$1.evaluate(JenkinsAcceptanceTestRule.java:55)\n\tat org.junit.runners.ParentRunner.runLeaf(ParentRunner.java:271)\n\tat org.junit.runners.BlockJUnit4ClassRunner.runChild(BlockJUnit4ClassRunner.java:70)\n\tat org.junit.runners.BlockJUnit4ClassRunner.runChild(BlockJUnit4ClassRunner.java:50)\n\tat org.junit.runners.ParentRunner$3.run(ParentRunner.java:238)\n\tat org.junit.runners.ParentRunner$1.schedule(ParentRunner.java:63)\n\tat org.junit.runners.ParentRunner.runChildren(ParentRunner.java:236)\n\tat org.junit.runners.ParentRunner.access$000(ParentRunner.java:53)\n\tat org.junit.runners.ParentRunner$2.evaluate(ParentRunner.java:229)\n\tat org.junit.runners.ParentRunner.run(ParentRunner.java:309)\n\tat org.apache.maven.surefire.junit4.JUnit4Provider.execute(JUnit4Provider.java:264)\n\tat org.apache.maven.surefire.junit4.JUnit4Provider.executeTestSet(JUnit4Provider.java:153)\n\tat org.apache.maven.surefire.junit4.JUnit4Provider.invoke(JUnit4Provider.java:124)\n\tat org.apache.maven.surefire.booter.ForkedBooter.invokeProviderInSameClassLoader(ForkedBooter.java:200)\n\tat org.apache.maven.surefire.booter.ForkedBooter.runSuitesInProcess(ForkedBooter.java:153)\n\tat org.apache.maven.surefire.booter.ForkedBooter.main(ForkedBooter.java:103)\n"
   },
   "steps" : {
      "step" : [ ]
   },
   "attachments" : {
      "attachment" : [ ]
   },
   "labels" : {
      "label" : [ {
         "name" : "host",
         "value" : "Abduls-MBP.home"
      }, {
         "name" : "thread",
         "value" : "35251@Abduls-MBP.home.main(1)"
      } ]
   }
}
testCase=ru.yandex.qatools.allure.model.TestCase@75452aea[
  _id=1a827f8c-7cfe-447d-8b5e-717a427e824f
  executionId=62229910-35f6-40ea-8439-ec3c3d9421df
  result=ru.yandex.qatools.allure.model.TestCaseResult@283baa39
]
testCase={
   "_id" : "1a827f8c-7cfe-447d-8b5e-717a427e824f",
   "executionId" : "62229910-35f6-40ea-8439-ec3c3d9421df",
   "result" : {
      "start" : 1443745298239,
      "stop" : 1443745371841,
      "status" : "broken",
      "name" : "should_report_closed_tasks",
      "failure" : {
         "message" : "NoSuchMethodError: org.apache.http.entity.ContentType.create(Ljava/lang/String;[Lorg/apache/http/NameValuePair;)Lorg/apache/http/entity/ContentType;",
         "stack-trace" : "java.lang.NoSuchMethodError: org.apache.http.entity.ContentType.create(Ljava/lang/String;[Lorg/apache/http/NameValuePair;)Lorg/apache/http/entity/ContentType;\n\tat org.apache.http.entity.mime.MultipartEntityBuilder.buildEntity(MultipartEntityBuilder.java:209)\n\tat org.apache.http.entity.mime.MultipartEntityBuilder.build(MultipartEntityBuilder.java:230)\n\tat org.jenkinsci.test.acceptance.update_center.PluginMetadata.uploadTo(PluginMetadata.java:65)\n\tat org.jenkinsci.test.acceptance.po.PluginManager.installPlugins(PluginManager.java:173)\n\tat org.jenkinsci.test.acceptance.junit.WithPlugins$RuleImpl$1.doInstall(WithPlugins.java:139)\n\tat org.jenkinsci.test.acceptance.junit.WithPlugins$RuleImpl$1.installPlugins(WithPlugins.java:119)\n\tat org.jenkinsci.test.acceptance.junit.WithPlugins$RuleImpl$1.evaluate(WithPlugins.java:92)\n\tat org.jenkinsci.test.acceptance.junit.JenkinsAcceptanceTestRule$1$2$1.evaluate(JenkinsAcceptanceTestRule.java:129)\n\tat org.jenkinsci.test.acceptance.junit.FilterRule$1.evaluate(FilterRule.java:62)\n\tat org.jenkinsci.test.acceptance.junit.JenkinsAcceptanceTestRule$1.evaluate(JenkinsAcceptanceTestRule.java:55)\n\tat org.junit.runners.ParentRunner.runLeaf(ParentRunner.java:271)\n\tat org.junit.runners.BlockJUnit4ClassRunner.runChild(BlockJUnit4ClassRunner.java:70)\n\tat org.junit.runners.BlockJUnit4ClassRunner.runChild(BlockJUnit4ClassRunner.java:50)\n\tat org.junit.runners.ParentRunner$3.run(ParentRunner.java:238)\n\tat org.junit.runners.ParentRunner$1.schedule(ParentRunner.java:63)\n\tat org.junit.runners.ParentRunner.runChildren(ParentRunner.java:236)\n\tat org.junit.runners.ParentRunner.access$000(ParentRunner.java:53)\n\tat org.junit.runners.ParentRunner$2.evaluate(ParentRunner.java:229)\n\tat org.junit.runners.ParentRunner.run(ParentRunner.java:309)\n\tat org.apache.maven.surefire.junit4.JUnit4Provider.execute(JUnit4Provider.java:264)\n\tat org.apache.maven.surefire.junit4.JUnit4Provider.executeTestSet(JUnit4Provider.java:153)\n\tat org.apache.maven.surefire.junit4.JUnit4Provider.invoke(JUnit4Provider.java:124)\n\tat org.apache.maven.surefire.booter.ForkedBooter.invokeProviderInSameClassLoader(ForkedBooter.java:200)\n\tat org.apache.maven.surefire.booter.ForkedBooter.runSuitesInProcess(ForkedBooter.java:153)\n\tat org.apache.maven.surefire.booter.ForkedBooter.main(ForkedBooter.java:103)\n"
      },
      "steps" : {
         "step" : [ ]
      },
      "attachments" : {
         "attachment" : [ ]
      },
      "labels" : {
         "label" : [ {
            "name" : "host",
            "value" : "Abduls-MBP.home"
         }, {
            "name" : "thread",
            "value" : "35251@Abduls-MBP.home.main(1)"
         } ]
      }
   }
}
>>>REQUEST: /testdb/TestCase
[WARN] [10/01/2015 20:22:51.854] [default-akka.actor.default-dispatcher-124] [ActorSystem(default)] Illegal response header: Illegal 'etag' header: Invalid input '5', expected 'W' or '"' (line 1, column 1): 560dce5bfbeaf7a200c9bfe8
^
<<<RESPONSE (201 Created): /testdb/TestCase
running with given plugins: []
=== Starting should_detect_regular_expression_in_maven_job(plugins.TaskScannerPluginTest)
Starting Jenkins: JAVA_HOME=/Library/Java/JavaVirtualMachines/jdk1.8.0_60.jdk/Contents/Home JENKINS_HOME=/Users/abduljewel/Documents/c/spiderqa/sample-test-projects/acceptance-test-harness/target/jenkins7127381657712548211home /Library/Java/JavaVirtualMachines/jdk1.8.0_60.jdk/Contents/Home/bin/java -Duser.language=en -jar ./jenkins.war --ajp13Port=-1 --httpPort=60197
master60197|Running from: /Users/abduljewel/Documents/c/spiderqa/sample-test-projects/acceptance-test-harness/jenkins.war
master60197|webroot: EnvVars.masterEnvVars.get("JENKINS_HOME")
master60197|Oct 01, 2015 8:22:52 PM winstone.Logger logInternal
master60197|INFO: Beginning extraction from war file
master60197|Oct 01, 2015 8:22:56 PM org.eclipse.jetty.util.log.JavaUtilLog info
master60197|INFO: jetty-winstone-2.8
master60197|Oct 01, 2015 8:22:59 PM org.eclipse.jetty.util.log.JavaUtilLog info
master60197|INFO: NO JSP Support for , did not find org.apache.jasper.servlet.JspServlet
master60197|Jenkins home directory: /Users/abduljewel/Documents/c/spiderqa/sample-test-projects/acceptance-test-harness/target/jenkins7127381657712548211home found at: EnvVars.masterEnvVars.get("JENKINS_HOME")
master60197|Oct 01, 2015 8:23:02 PM org.eclipse.jetty.util.log.JavaUtilLog info
master60197|INFO: Started SelectChannelConnector@0.0.0.0:60197
master60197|Oct 01, 2015 8:23:02 PM winstone.Logger logInternal
master60197|INFO: Winstone Servlet Engine v2.0 running: controlPort=disabled
master60197|Oct 01, 2015 8:23:03 PM jenkins.InitReactorRunner$1 onAttained
master60197|INFO: Started initialization
master60197|Oct 01, 2015 8:23:38 PM jenkins.InitReactorRunner$1 onAttained
master60197|INFO: Listed all plugins
[...]
      },
      "steps" : {
         "step" : [ ]
      },
      "attachments" : {
         "attachment" : [ ]
      },
      "labels" : {
         "label" : [ {
            "name" : "host",
            "value" : "Abduls-MBP.home"
         }, {
            "name" : "thread",
            "value" : "35251@Abduls-MBP.home.main(1)"
         } ]
      }
   }
}
>>>REQUEST: /testdb/TestCase
[WARN] [10/01/2015 20:29:57.369] [default-akka.actor.default-dispatcher-149] [ActorSystem(default)] Illegal response header: Illegal 'etag' header: Invalid input '5', expected 'W' or '"' (line 1, column 1): 560dd005fbeaf7a200c9c00c
^
<<<RESPONSE (201 Created): /testdb/TestCase
running with given plugins: []
=== Starting should_navigate_to_result_action_from_job(plugins.TaskScannerPluginTest)
Starting Jenkins: JAVA_HOME=/Library/Java/JavaVirtualMachines/jdk1.8.0_60.jdk/Contents/Home JENKINS_HOME=/Users/abduljewel/Documents/c/spiderqa/sample-test-projects/acceptance-test-harness/target/jenkins2872688945301581386home /Library/Java/JavaVirtualMachines/jdk1.8.0_60.jdk/Contents/Home/bin/java -Duser.language=en -jar ./jenkins.war --ajp13Port=-1 --httpPort=63143
master63143|Running from: /Users/abduljewel/Documents/c/spiderqa/sample-test-projects/acceptance-test-harness/jenkins.war
master63143|webroot: EnvVars.masterEnvVars.get("JENKINS_HOME")
master63143|Oct 01, 2015 8:29:57 PM winstone.Logger logInternal
master63143|INFO: Beginning extraction from war file
master63143|Oct 01, 2015 8:30:00 PM org.eclipse.jetty.util.log.JavaUtilLog info
master63143|INFO: jetty-winstone-2.8
master63143|Oct 01, 2015 8:30:02 PM org.eclipse.jetty.util.log.JavaUtilLog info
master63143|INFO: NO JSP Support for , did not find org.apache.jasper.servlet.JspServlet
master63143|Jenkins home directory: /Users/abduljewel/Documents/c/spiderqa/sample-test-projects/acceptance-test-harness/target/jenkins2872688945301581386home found at: EnvVars.masterEnvVars.get("JENKINS_HOME")
master63143|Oct 01, 2015 8:30:04 PM org.eclipse.jetty.util.log.JavaUtilLog info
master63143|INFO: Started SelectChannelConnector@0.0.0.0:63143
master63143|Oct 01, 2015 8:30:04 PM winstone.Logger logInternal
master63143|INFO: Winstone Servlet Engine v2.0 running: controlPort=disabled
master63143|Oct 01, 2015 8:30:05 PM jenkins.InitReactorRunner$1 onAttained
master63143|INFO: Started initialization
master63143|Oct 01, 2015 8:30:24 PM jenkins.InitReactorRunner$1 onAttained
master63143|INFO: Listed all plugins
master63143|Oct 01, 2015 8:30:24 PM jenkins.InitReactorRunner$1 onAttained
master63143|INFO: Prepared all plugins
master63143|Oct 01, 2015 8:30:24 PM jenkins.InitReactorRunner$1 onAttained
master63143|INFO: Started all plugins
master63143|Oct 01, 2015 8:30:24 PM jenkins.InitReactorRunner$1 onAttained
master63143|INFO: Augmented all extensions
master63143|Oct 01, 2015 8:30:27 PM jenkins.InitReactorRunner$1 onAttained
master63143|INFO: Loaded all jobs
master63143|Oct 01, 2015 8:30:30 PM hudson.model.AsyncPeriodicWork$1 run
master63143|INFO: Started Download metadata
master63143|Oct 01, 2015 8:30:30 PM org.jenkinsci.main.modules.sshd.SSHD start
master63143|INFO: Started SSHD at port 52267
master63143|Oct 01, 2015 8:30:30 PM jenkins.InitReactorRunner$1 onAttained
master63143|INFO: Completed initialization
master63143|Oct 01, 2015 8:30:30 PM hudson.UDPBroadcastThread run
master63143|WARNING: UDP handling problem
master63143|java.net.SocketException: Can't assign requested address
master63143|	at java.net.PlainDatagramSocketImpl.join(Native Method)
master63143|	at java.net.AbstractPlainDatagramSocketImpl.join(AbstractPlainDatagramSocketImpl.java:179)
master63143|	at java.net.MulticastSocket.joinGroup(MulticastSocket.java:323)
master63143|	at hudson.UDPBroadcastThread.run(UDPBroadcastThread.java:77)
master63143|
master63143|Oct 01, 2015 8:30:30 PM hudson.WebAppMain$3 run
master63143|INFO: Jenkins is fully up and running
Jenkins is stopped
]]></system-out>
    <system-err><![CDATA[Oct 01, 2015 8:29:57 PM org.jenkinsci.test.acceptance.controller.LocalController startNow
INFO: Waiting for Jenkins to become running in http://127.0.0.1:63143/
Oct 01, 2015 8:30:30 PM org.jenkinsci.test.acceptance.controller.LocalController startNow
INFO: Jenkins is running in http://127.0.0.1:63143/
Oct 01, 2015 8:30:34 PM org.jenkinsci.test.acceptance.po.PluginManager installationStatus
INFO: tasks is not installed
Oct 01, 2015 8:30:34 PM org.jenkinsci.test.acceptance.po.PluginManager installationStatus
INFO: tasks is not installed
Oct 01, 2015 8:30:34 PM org.jenkinsci.test.acceptance.po.PluginManager installationStatus
INFO: script-security has version 1.13 but 1.15 was requested
]]></system-err>
  </testcase>
  <testcase name="should_show_build_health" classname="plugins.TaskScannerPluginTest" time="27.12">
    <error message="org.apache.http.entity.ContentType.create(Ljava/lang/String;[Lorg/apache/http/NameValuePair;)Lorg/apache/http/entity/ContentType;" type="java.lang.NoSuchMethodError">java.lang.NoSuchMethodError: org.apache.http.entity.ContentType.create(Ljava/lang/String;[Lorg/apache/http/NameValuePair;)Lorg/apache/http/entity/ContentType;
	at org.apache.http.entity.mime.MultipartEntityBuilder.buildEntity(MultipartEntityBuilder.java:209)
	at org.apache.http.entity.mime.MultipartEntityBuilder.build(MultipartEntityBuilder.java:230)
	at org.jenkinsci.test.acceptance.update_center.PluginMetadata.uploadTo(PluginMetadata.java:65)
	at org.jenkinsci.test.acceptance.po.PluginManager.installPlugins(PluginManager.java:173)
	at org.jenkinsci.test.acceptance.junit.WithPlugins$RuleImpl$1.doInstall(WithPlugins.java:139)
	at org.jenkinsci.test.acceptance.junit.WithPlugins$RuleImpl$1.installPlugins(WithPlugins.java:119)
	at org.jenkinsci.test.acceptance.junit.WithPlugins$RuleImpl$1.evaluate(WithPlugins.java:92)
	at org.jenkinsci.test.acceptance.junit.JenkinsAcceptanceTestRule$1$2$1.evaluate(JenkinsAcceptanceTestRule.java:129)
	at org.jenkinsci.test.acceptance.junit.FilterRule$1.evaluate(FilterRule.java:62)
	at org.jenkinsci.test.acceptance.junit.JenkinsAcceptanceTestRule$1.evaluate(JenkinsAcceptanceTestRule.java:55)
	at org.junit.runners.ParentRunner.runLeaf(ParentRunner.java:271)
	at org.junit.runners.BlockJUnit4ClassRunner.runChild(BlockJUnit4ClassRunner.java:70)
	at org.junit.runners.BlockJUnit4ClassRunner.runChild(BlockJUnit4ClassRunner.java:50)
	at org.junit.runners.ParentRunner$3.run(ParentRunner.java:238)
	at org.junit.runners.ParentRunner$1.schedule(ParentRunner.java:63)
	at org.junit.runners.ParentRunner.runChildren(ParentRunner.java:236)
	at org.junit.runners.ParentRunner.access$000(ParentRunner.java:53)
	at org.junit.runners.ParentRunner$2.evaluate(ParentRunner.java:229)
	at org.junit.runners.ParentRunner.run(ParentRunner.java:309)
	at org.apache.maven.surefire.junit4.JUnit4Provider.execute(JUnit4Provider.java:264)
	at org.apache.maven.surefire.junit4.JUnit4Provider.executeTestSet(JUnit4Provider.java:153)
	at org.apache.maven.surefire.junit4.JUnit4Provider.invoke(JUnit4Provider.java:124)
	at org.apache.maven.surefire.booter.ForkedBooter.invokeProviderInSameClassLoader(ForkedBooter.java:200)
	at org.apache.maven.surefire.booter.ForkedBooter.runSuitesInProcess(ForkedBooter.java:153)
	at org.apache.maven.surefire.booter.ForkedBooter.main(ForkedBooter.java:103)
</error>
    <system-out><![CDATA[testCaseResult=ru.yandex.qatools.allure.model.TestCaseResult@761f234c[
  name=should_navigate_to_result_action_from_job
  title=<null>
  description=<null>
  failure=ru.yandex.qatools.allure.model.Failure@687b0ddc
  start=1443745797367
  stop=1443745834541
  status=BROKEN
  severity=<null>
  steps=[]
  attachments=[]
  labels=[ru.yandex.qatools.allure.model.Label@42b4df5a, ru.yandex.qatools.allure.model.Label@9f1ca74]
  parameters=<null>
]
testCaseResult={
   "start" : 1443745797367,
   "stop" : 1443745834541,
   "status" : "broken",
   "name" : "should_navigate_to_result_action_from_job",
   "failure" : {
      "message" : "NoSuchMethodError: org.apache.http.entity.ContentType.create(Ljava/lang/String;[Lorg/apache/http/NameValuePair;)Lorg/apache/http/entity/ContentType;",
      "stack-trace" : "java.lang.NoSuchMethodError: org.apache.http.entity.ContentType.create(Ljava/lang/String;[Lorg/apache/http/NameValuePair;)Lorg/apache/http/entity/ContentType;\n\tat org.apache.http.entity.mime.MultipartEntityBuilder.buildEntity(MultipartEntityBuilder.java:209)\n\tat org.apache.http.entity.mime.MultipartEntityBuilder.build(MultipartEntityBuilder.java:230)\n\tat org.jenkinsci.test.acceptance.update_center.PluginMetadata.uploadTo(PluginMetadata.java:65)\n\tat org.jenkinsci.test.acceptance.po.PluginManager.installPlugins(PluginManager.java:173)\n\tat org.jenkinsci.test.acceptance.junit.WithPlugins$RuleImpl$1.doInstall(WithPlugins.java:139)\n\tat org.jenkinsci.test.acceptance.junit.WithPlugins$RuleImpl$1.installPlugins(WithPlugins.java:119)\n\tat org.jenkinsci.test.acceptance.junit.WithPlugins$RuleImpl$1.evaluate(WithPlugins.java:92)\n\tat org.jenkinsci.test.acceptance.junit.JenkinsAcceptanceTestRule$1$2$1.evaluate(JenkinsAcceptanceTestRule.java:129)\n\tat org.jenkinsci.test.acceptance.junit.FilterRule$1.evaluate(FilterRule.java:62)\n\tat org.jenkinsci.test.acceptance.junit.JenkinsAcceptanceTestRule$1.evaluate(JenkinsAcceptanceTestRule.java:55)\n\tat org.junit.runners.ParentRunner.runLeaf(ParentRunner.java:271)\n\tat org.junit.runners.BlockJUnit4ClassRunner.runChild(BlockJUnit4ClassRunner.java:70)\n\tat org.junit.runners.BlockJUnit4ClassRunner.runChild(BlockJUnit4ClassRunner.java:50)\n\tat org.junit.runners.ParentRunner$3.run(ParentRunner.java:238)\n\tat org.junit.runners.ParentRunner$1.schedule(ParentRunner.java:63)\n\tat org.junit.runners.ParentRunner.runChildren(ParentRunner.java:236)\n\tat org.junit.runners.ParentRunner.access$000(ParentRunner.java:53)\n\tat org.junit.runners.ParentRunner$2.evaluate(ParentRunner.java:229)\n\tat org.junit.runners.ParentRunner.run(ParentRunner.java:309)\n\tat org.apache.maven.surefire.junit4.JUnit4Provider.execute(JUnit4Provider.java:264)\n\tat org.apache.maven.surefire.junit4.JUnit4Provider.executeTestSet(JUnit4Provider.java:153)\n\tat org.apache.maven.surefire.junit4.JUnit4Provider.invoke(JUnit4Provider.java:124)\n\tat org.apache.maven.surefire.booter.ForkedBooter.invokeProviderInSameClassLoader(ForkedBooter.java:200)\n\tat org.apache.maven.surefire.booter.ForkedBooter.runSuitesInProcess(ForkedBooter.java:153)\n\tat org.apache.maven.surefire.booter.ForkedBooter.main(ForkedBooter.java:103)\n"
   },
   "steps" : {
      "step" : [ ]
   },
   "attachments" : {
      "attachment" : [ ]
   },
   "labels" : {
      "label" : [ {
         "name" : "host",
         "value" : "Abduls-MBP.home"
      }, {
         "name" : "thread",
         "value" : "35251@Abduls-MBP.home.main(1)"
      } ]
   }
}
testCase=ru.yandex.qatools.allure.model.TestCase@67b8d45[
  _id=4ff084ca-6749-428c-9f7a-c576421630eb
  executionId=62229910-35f6-40ea-8439-ec3c3d9421df
  result=ru.yandex.qatools.allure.model.TestCaseResult@761f234c
]
testCase={
   "_id" : "4ff084ca-6749-428c-9f7a-c576421630eb",
   "executionId" : "62229910-35f6-40ea-8439-ec3c3d9421df",
   "result" : {
      "start" : 1443745797367,
      "stop" : 1443745834541,
      "status" : "broken",
      "name" : "should_navigate_to_result_action_from_job",
      "failure" : {
         "message" : "NoSuchMethodError: org.apache.http.entity.ContentType.create(Ljava/lang/String;[Lorg/apache/http/NameValuePair;)Lorg/apache/http/entity/ContentType;",
         "stack-trace" : "java.lang.NoSuchMethodError: org.apache.http.entity.ContentType.create(Ljava/lang/String;[Lorg/apache/http/NameValuePair;)Lorg/apache/http/entity/ContentType;\n\tat org.apache.http.entity.mime.MultipartEntityBuilder.buildEntity(MultipartEntityBuilder.java:209)\n\tat org.apache.http.entity.mime.MultipartEntityBuilder.build(MultipartEntityBuilder.java:230)\n\tat org.jenkinsci.test.acceptance.update_center.PluginMetadata.uploadTo(PluginMetadata.java:65)\n\tat org.jenkinsci.test.acceptance.po.PluginManager.installPlugins(PluginManager.java:173)\n\tat org.jenkinsci.test.acceptance.junit.WithPlugins$RuleImpl$1.doInstall(WithPlugins.java:139)\n\tat org.jenkinsci.test.acceptance.junit.WithPlugins$RuleImpl$1.installPlugins(WithPlugins.java:119)\n\tat org.jenkinsci.test.acceptance.junit.WithPlugins$RuleImpl$1.evaluate(WithPlugins.java:92)\n\tat org.jenkinsci.test.acceptance.junit.JenkinsAcceptanceTestRule$1$2$1.evaluate(JenkinsAcceptanceTestRule.java:129)\n\tat org.jenkinsci.test.acceptance.junit.FilterRule$1.evaluate(FilterRule.java:62)\n\tat org.jenkinsci.test.acceptance.junit.JenkinsAcceptanceTestRule$1.evaluate(JenkinsAcceptanceTestRule.java:55)\n\tat org.junit.runners.ParentRunner.runLeaf(ParentRunner.java:271)\n\tat org.junit.runners.BlockJUnit4ClassRunner.runChild(BlockJUnit4ClassRunner.java:70)\n\tat org.junit.runners.BlockJUnit4ClassRunner.runChild(BlockJUnit4ClassRunner.java:50)\n\tat org.junit.runners.ParentRunner$3.run(ParentRunner.java:238)\n\tat org.junit.runners.ParentRunner$1.schedule(ParentRunner.java:63)\n\tat org.junit.runners.ParentRunner.runChildren(ParentRunner.java:236)\n\tat org.junit.runners.ParentRunner.access$000(ParentRunner.java:53)\n\tat org.junit.runners.ParentRunner$2.evaluate(ParentRunner.java:229)\n\tat org.junit.runners.ParentRunner.run(ParentRunner.java:309)\n\tat org.apache.maven.surefire.junit4.JUnit4Provider.execute(JUnit4Provider.java:264)\n\tat org.apache.maven.surefire.junit4.JUnit4Provider.executeTestSet(JUnit4Provider.java:153)\n\tat org.apache.maven.surefire.junit4.JUnit4Provider.invoke(JUnit4Provider.java:124)\n\tat org.apache.maven.surefire.booter.ForkedBooter.invokeProviderInSameClassLoader(ForkedBooter.java:200)\n\tat org.apache.maven.surefire.booter.ForkedBooter.runSuitesInProcess(ForkedBooter.java:153)\n\tat org.apache.maven.surefire.booter.ForkedBooter.main(ForkedBooter.java:103)\n"
      },
      "steps" : {
         "step" : [ ]
      },
      "attachments" : {
         "attachment" : [ ]
      },
      "labels" : {
         "label" : [ {
            "name" : "host",
            "value" : "Abduls-MBP.home"
         }, {
            "name" : "thread",
            "value" : "35251@Abduls-MBP.home.main(1)"
         } ]
      }
   }
}
>>>REQUEST: /testdb/TestCase
[WARN] [10/01/2015 20:30:34.553] [default-akka.actor.default-dispatcher-134] [ActorSystem(default)] Illegal response header: Illegal 'etag' header: Invalid input '5', expected 'W' or '"' (line 1, column 1): 560dd02afbeaf7a200c9c00f
^
<<<RESPONSE (201 Created): /testdb/TestCase
running with given plugins: []
=== Starting should_show_build_health(plugins.TaskScannerPluginTest)
Starting Jenkins: JAVA_HOME=/Library/Java/JavaVirtualMachines/jdk1.8.0_60.jdk/Contents/Home JENKINS_HOME=/Users/abduljewel/Documents/c/spiderqa/sample-test-projects/acceptance-test-harness/target/jenkins8860452013149706732home /Library/Java/JavaVirtualMachines/jdk1.8.0_60.jdk/Contents/Home/bin/java -Duser.language=en -jar ./jenkins.war --ajp13Port=-1 --httpPort=58695
master58695|Running from: /Users/abduljewel/Documents/c/spiderqa/sample-test-projects/acceptance-test-harness/jenkins.war
master58695|webroot: EnvVars.masterEnvVars.get("JENKINS_HOME")
master58695|Oct 01, 2015 8:30:35 PM winstone.Logger logInternal
master58695|INFO: Beginning extraction from war file
master58695|Oct 01, 2015 8:30:36 PM org.eclipse.jetty.util.log.JavaUtilLog info
master58695|INFO: jetty-winstone-2.8
master58695|Oct 01, 2015 8:30:38 PM org.eclipse.jetty.util.log.JavaUtilLog info
master58695|INFO: NO JSP Support for , did not find org.apache.jasper.servlet.JspServlet
master58695|Jenkins home directory: /Users/abduljewel/Documents/c/spiderqa/sample-test-projects/acceptance-test-harness/target/jenkins8860452013149706732home found at: EnvVars.masterEnvVars.get("JENKINS_HOME")
master58695|Oct 01, 2015 8:30:39 PM org.eclipse.jetty.util.log.JavaUtilLog info
master58695|INFO: Started SelectChannelConnector@0.0.0.0:58695
master58695|Oct 01, 2015 8:30:39 PM winstone.Logger logInternal
master58695|INFO: Winstone Servlet Engine v2.0 running: controlPort=disabled
master58695|Oct 01, 2015 8:30:39 PM jenkins.InitReactorRunner$1 onAttained
master58695|INFO: Started initialization
master58695|Oct 01, 2015 8:30:53 PM jenkins.InitReactorRunner$1 onAttained
master58695|INFO: Listed all plugins
master58695|Oct 01, 2015 8:30:53 PM jenkins.InitReactorRunner$1 onAttained
master58695|INFO: Prepared all plugins
master58695|Oct 01, 2015 8:30:53 PM jenkins.InitReactorRunner$1 onAttained
master58695|INFO: Started all plugins
master58695|Oct 01, 2015 8:30:53 PM jenkins.InitReactorRunner$1 onAttained
master58695|INFO: Augmented all extensions
master58695|Oct 01, 2015 8:30:55 PM jenkins.InitReactorRunner$1 onAttained
master58695|INFO: Loaded all jobs
master58695|Oct 01, 2015 8:30:56 PM hudson.model.AsyncPeriodicWork$1 run
master58695|INFO: Started Download metadata
master58695|Oct 01, 2015 8:30:57 PM org.jenkinsci.main.modules.sshd.SSHD start
master58695|INFO: Started SSHD at port 52362
master58695|Oct 01, 2015 8:30:57 PM jenkins.InitReactorRunner$1 onAttained
master58695|INFO: Completed initialization
master58695|Oct 01, 2015 8:30:57 PM hudson.UDPBroadcastThread run
master58695|WARNING: UDP handling problem
master58695|java.net.SocketException: Can't assign requested address
master58695|	at java.net.PlainDatagramSocketImpl.join(Native Method)
master58695|	at java.net.AbstractPlainDatagramSocketImpl.join(AbstractPlainDatagramSocketImpl.java:179)
master58695|	at java.net.MulticastSocket.joinGroup(MulticastSocket.java:323)
master58695|	at hudson.UDPBroadcastThread.run(UDPBroadcastThread.java:77)
master58695|
master58695|Oct 01, 2015 8:30:57 PM hudson.WebAppMain$3 run
master58695|INFO: Jenkins is fully up and running
master58695|Oct 01, 2015 8:30:59 PM hudson.model.UpdateSite updateData
master58695|INFO: Obtained the latest update center data file for UpdateSource default
master58695|Oct 01, 2015 8:30:59 PM hudson.model.DownloadService$Downloadable load
master58695|INFO: Obtained the updated data file for hudson.tasks.Maven.MavenInstaller
master58695|Oct 01, 2015 8:31:00 PM hudson.model.DownloadService$Downloadable load
master58695|INFO: Obtained the updated data file for hudson.tasks.Ant.AntInstaller
Jenkins is stopped
]]></system-out>
    <system-err><![CDATA[Oct 01, 2015 8:30:34 PM org.jenkinsci.test.acceptance.controller.LocalController startNow
INFO: Waiting for Jenkins to become running in http://127.0.0.1:58695/
Oct 01, 2015 8:30:57 PM org.jenkinsci.test.acceptance.controller.LocalController startNow
INFO: Jenkins is running in http://127.0.0.1:58695/
Oct 01, 2015 8:31:00 PM org.jenkinsci.test.acceptance.po.PluginManager installationStatus
INFO: tasks is not installed
Oct 01, 2015 8:31:00 PM org.jenkinsci.test.acceptance.po.PluginManager installationStatus
INFO: tasks is not installed
Oct 01, 2015 8:31:01 PM org.jenkinsci.test.acceptance.po.PluginManager installationStatus
INFO: script-security has version 1.13 but 1.15 was requested
]]></system-err>
  </testcase>
</testsuite>