<?xml version="1.0" encoding="UTF-8"?>
<testsuite name="groovy.plugins.JacocoPluginTest" time="56.791" tests="1" errors="1" skipped="0" failures="0">
  <properties>
[...]
</properties>
  <testcase name="Check successfully execution and summary" classname="groovy.plugins.JacocoPluginTest" time="56.791">
    <error message="org.apache.http.entity.ContentType.create(Ljava/lang/String;[Lorg/apache/http/NameValuePair;)Lorg/apache/http/entity/ContentType;" type="java.lang.NoSuchMethodError">java.lang.NoSuchMethodError: org.apache.http.entity.ContentType.create(Ljava/lang/String;[Lorg/apache/http/NameValuePair;)Lorg/apache/http/entity/ContentType;
	at org.apache.http.entity.mime.MultipartEntityBuilder.buildEntity(MultipartEntityBuilder.java:209)
	at org.apache.http.entity.mime.MultipartEntityBuilder.build(MultipartEntityBuilder.java:230)
	at org.jenkinsci.test.acceptance.update_center.PluginMetadata.uploadTo(PluginMetadata.java:65)
	at org.jenkinsci.test.acceptance.po.PluginManager.installPlugins(PluginManager.java:173)
	at org.jenkinsci.test.acceptance.junit.WithPlugins$RuleImpl$1.doInstall(WithPlugins.java:139)
	at org.jenkinsci.test.acceptance.junit.WithPlugins$RuleImpl$1.installPlugins(WithPlugins.java:119)
	at org.jenkinsci.test.acceptance.junit.WithPlugins$RuleImpl$1.evaluate(WithPlugins.java:92)
	at org.jenkinsci.test.acceptance.junit.JenkinsAcceptanceTestRule$1$2$1.evaluate(JenkinsAcceptanceTestRule.java:129)
	at org.jenkinsci.test.acceptance.junit.FilterRule$1.evaluate(FilterRule.java:62)
	at org.jenkinsci.test.acceptance.junit.JenkinsAcceptanceTestRule$1.evaluate(JenkinsAcceptanceTestRule.java:55)
	at org.spockframework.runtime.extension.builtin.MethodRuleInterceptor.intercept(MethodRuleInterceptor.java:40)
	at org.spockframework.runtime.extension.MethodInvocation.proceed(MethodInvocation.java:84)
	at org.spockframework.util.ReflectionUtil.invokeMethod(ReflectionUtil.java:138)
	at org.spockframework.util.ReflectionUtil.invokeMethod(ReflectionUtil.java:138)
	at org.spockframework.util.ReflectionUtil.invokeMethod(ReflectionUtil.java:138)
	at org.apache.maven.surefire.junit4.JUnit4Provider.execute(JUnit4Provider.java:264)
	at org.apache.maven.surefire.junit4.JUnit4Provider.executeTestSet(JUnit4Provider.java:153)
	at org.apache.maven.surefire.junit4.JUnit4Provider.invoke(JUnit4Provider.java:124)
	at org.apache.maven.surefire.booter.ForkedBooter.invokeProviderInSameClassLoader(ForkedBooter.java:200)
	at org.apache.maven.surefire.booter.ForkedBooter.runSuitesInProcess(ForkedBooter.java:153)
	at org.apache.maven.surefire.booter.ForkedBooter.main(ForkedBooter.java:103)
</error>
    <system-out><![CDATA[testCaseResult=ru.yandex.qatools.allure.model.TestCaseResult@b6bccb4[
  name=triggerBuildRemotely
  title=<null>
  description=<null>
  failure=<null>
  start=1443742382847
  stop=1443742474109
  status=PASSED
  severity=<null>
  steps=[]
  attachments=[]
  labels=[ru.yandex.qatools.allure.model.Label@49edcb30, ru.yandex.qatools.allure.model.Label@59303963]
  parameters=<null>
]
testCaseResult={
   "start" : 1443742382847,
   "stop" : 1443742474109,
   "status" : "passed",
   "name" : "triggerBuildRemotely",
   "steps" : {
      "step" : [ ]
   },
   "attachments" : {
      "attachment" : [ ]
   },
   "labels" : {
      "label" : [ {
         "name" : "host",
         "value" : "Abduls-MBP.home"
      }, {
         "name" : "thread",
         "value" : "35250@Abduls-MBP.home.main(1)"
      } ]
   }
}
testCase=ru.yandex.qatools.allure.model.TestCase@61e86192[
  _id=0af4f70e-db43-4e89-9cf2-a97ae47402c7
  executionId=27f47f39-aa42-4a27-8553-fee0eadcf4f3
  result=ru.yandex.qatools.allure.model.TestCaseResult@b6bccb4
]
testCase={
   "_id" : "0af4f70e-db43-4e89-9cf2-a97ae47402c7",
   "executionId" : "27f47f39-aa42-4a27-8553-fee0eadcf4f3",
   "result" : {
      "start" : 1443742382847,
      "stop" : 1443742474109,
      "status" : "passed",
      "name" : "triggerBuildRemotely",
      "steps" : {
         "step" : [ ]
      },
      "attachments" : {
         "attachment" : [ ]
      },
      "labels" : {
         "label" : [ {
            "name" : "host",
            "value" : "Abduls-MBP.home"
         }, {
            "name" : "thread",
            "value" : "35250@Abduls-MBP.home.main(1)"
         } ]
      }
   }
}
>>>REQUEST: /testdb/TestCase
[WARN] [10/01/2015 19:34:34.263] [default-akka.actor.default-dispatcher-27] [ActorSystem(default)] Illegal response header: Illegal 'etag' header: Invalid input '5', expected 'W' or '"' (line 1, column 1): 560dc30afbeaf7a200c9be39
^
<<<RESPONSE (201 Created): /testdb/TestCase
running with given plugins: []
=== Starting Check successfully execution and summary(groovy.plugins.JacocoPluginTest)
Starting Jenkins: JAVA_HOME=/Library/Java/JavaVirtualMachines/jdk1.8.0_60.jdk/Contents/Home JENKINS_HOME=/Users/abduljewel/Documents/c/spiderqa/sample-test-projects/acceptance-test-harness/target/jenkins4204475606104100878home /Library/Java/JavaVirtualMachines/jdk1.8.0_60.jdk/Contents/Home/bin/java -Duser.language=en -jar ./jenkins.war --ajp13Port=-1 --httpPort=62438
master62438|Running from: /Users/abduljewel/Documents/c/spiderqa/sample-test-projects/acceptance-test-harness/jenkins.war
master62438|webroot: EnvVars.masterEnvVars.get("JENKINS_HOME")
master62438|Oct 01, 2015 7:34:35 PM winstone.Logger logInternal
master62438|INFO: Beginning extraction from war file
master62438|Oct 01, 2015 7:34:37 PM org.eclipse.jetty.util.log.JavaUtilLog info
master62438|INFO: jetty-winstone-2.8
master62438|Oct 01, 2015 7:34:40 PM org.eclipse.jetty.util.log.JavaUtilLog info
master62438|INFO: NO JSP Support for , did not find org.apache.jasper.servlet.JspServlet
master62438|Jenkins home directory: /Users/abduljewel/Documents/c/spiderqa/sample-test-projects/acceptance-test-harness/target/jenkins4204475606104100878home found at: EnvVars.masterEnvVars.get("JENKINS_HOME")
master62438|Oct 01, 2015 7:34:42 PM org.eclipse.jetty.util.log.JavaUtilLog info
master62438|INFO: Started SelectChannelConnector@0.0.0.0:62438
master62438|Oct 01, 2015 7:34:42 PM winstone.Logger logInternal
master62438|INFO: Winstone Servlet Engine v2.0 running: controlPort=disabled
master62438|Oct 01, 2015 7:34:43 PM jenkins.InitReactorRunner$1 onAttained
master62438|INFO: Started initialization
master62438|Oct 01, 2015 7:35:09 PM jenkins.InitReactorRunner$1 onAttained
master62438|INFO: Listed all plugins
master62438|Oct 01, 2015 7:35:09 PM jenkins.InitReactorRunner$1 onAttained
master62438|INFO: Prepared all plugins
master62438|Oct 01, 2015 7:35:09 PM jenkins.InitReactorRunner$1 onAttained
master62438|INFO: Started all plugins
master62438|Oct 01, 2015 7:35:09 PM jenkins.InitReactorRunner$1 onAttained
master62438|INFO: Augmented all extensions
master62438|Oct 01, 2015 7:35:14 PM jenkins.InitReactorRunner$1 onAttained
master62438|INFO: Loaded all jobs
master62438|Oct 01, 2015 7:35:18 PM hudson.model.AsyncPeriodicWork$1 run
master62438|INFO: Started Download metadata
master62438|Oct 01, 2015 7:35:19 PM org.jenkinsci.main.modules.sshd.SSHD start
master62438|INFO: Started SSHD at port 61584
master62438|Oct 01, 2015 7:35:19 PM jenkins.InitReactorRunner$1 onAttained
master62438|INFO: Completed initialization
master62438|Oct 01, 2015 7:35:19 PM hudson.UDPBroadcastThread run
master62438|WARNING: UDP handling problem
master62438|java.net.SocketException: Can't assign requested address
master62438|	at java.net.PlainDatagramSocketImpl.join(Native Method)
master62438|	at java.net.AbstractPlainDatagramSocketImpl.join(AbstractPlainDatagramSocketImpl.java:179)
master62438|	at java.net.MulticastSocket.joinGroup(MulticastSocket.java:323)
master62438|	at hudson.UDPBroadcastThread.run(UDPBroadcastThread.java:77)
master62438|
master62438|Oct 01, 2015 7:35:19 PM hudson.WebAppMain$3 run
master62438|INFO: Jenkins is fully up and running
master62438|Oct 01, 2015 7:35:21 PM hudson.model.UpdateSite updateData
master62438|INFO: Obtained the latest update center data file for UpdateSource default
master62438|Oct 01, 2015 7:35:22 PM hudson.model.DownloadService$Downloadable load
master62438|INFO: Obtained the updated data file for hudson.tasks.Maven.MavenInstaller
master62438|Oct 01, 2015 7:35:22 PM hudson.model.DownloadService$Downloadable load
master62438|INFO: Obtained the updated data file for hudson.tasks.Ant.AntInstaller
master62438|Oct 01, 2015 7:35:23 PM hudson.model.DownloadService$Downloadable load
master62438|INFO: Obtained the updated data file for hudson.tools.JDKInstaller
master62438|Oct 01, 2015 7:35:23 PM hudson.model.AsyncPeriodicWork$1 run
master62438|INFO: Finished Download metadata. 4,889 ms
Jenkins is stopped
]]></system-out>
    <system-err><![CDATA[Oct 01, 2015 7:34:34 PM org.jenkinsci.test.acceptance.controller.LocalController startNow
INFO: Waiting for Jenkins to become running in http://127.0.0.1:62438/
Oct 01, 2015 7:35:19 PM org.jenkinsci.test.acceptance.controller.LocalController startNow
INFO: Jenkins is running in http://127.0.0.1:62438/
Oct 01, 2015 7:35:30 PM org.jenkinsci.test.acceptance.po.PluginManager installationStatus
INFO: jacoco is not installed
Oct 01, 2015 7:35:30 PM org.jenkinsci.test.acceptance.po.PluginManager installationStatus
INFO: jacoco is not installed
Oct 01, 2015 7:35:31 PM org.jenkinsci.test.acceptance.po.PluginManager installationStatus
INFO: jacoco@1.0.19 is not installed
]]></system-err>
  </testcase>
</testsuite>