<?xml version="1.0" encoding="UTF-8"?>
<testsuite name="plugins.JobConfigHistoryPluginTest" time="243.147" tests="4" errors="4" skipped="0" failures="0">
  <properties>
    <property name="java.runtime.name" value="Java(TM) SE Runtime Environment"/>
    <property name="sun.boot.library.path" value="/Library/Java/JavaVirtualMachines/jdk1.8.0_60.jdk/Contents/Home/jre/lib"/>
    <property name="java.vm.version" value="25.60-b23"/>
    <property name="gopherProxySet" value="false"/>
    <property name="java.vm.vendor" value="Oracle Corporation"/>
    <property name="maven.multiModuleProjectDirectory" value="/Users/abduljewel/Documents/c/spiderqa/sample-test-projects/acceptance-test-harness"/>
    <property name="java.vendor.url" value="http://java.oracle.com/"/>
    <property name="path.separator" value=":"/>
    <property name="guice.disable.misplaced.annotation.check" value="true"/>
    <property name="java.vm.name" value="Java HotSpot(TM) 64-Bit Server VM"/>
    <property name="file.encoding.pkg" value="sun.io"/>
    <property name="user.country" value="US"/>
    <property name="sun.java.launcher" value="SUN_STANDARD"/>
    <property name="sun.os.patch.level" value="unknown"/>
    <property name="java.vm.specification.name" value="Java Virtual Machine Specification"/>
    <property name="user.dir" value="/Users/abduljewel/Documents/c/spiderqa/sample-test-projects/acceptance-test-harness"/>
    <property name="java.runtime.version" value="1.8.0_60-b27"/>
    <property name="java.awt.graphicsenv" value="sun.awt.CGraphicsEnvironment"/>
    <property name="java.endorsed.dirs" value="/Library/Java/JavaVirtualMachines/jdk1.8.0_60.jdk/Contents/Home/jre/lib/endorsed"/>
    <property name="os.arch" value="x86_64"/>
    <property name="java.io.tmpdir" value="/var/folders/lk/l859yg616c9cbtgfnt9szgjc0000gn/T/"/>
    <property name="line.separator" value="&#10;"/>
    <property name="java.vm.specification.vendor" value="Oracle Corporation"/>
    <property name="os.name" value="Mac OS X"/>
    <property name="classworlds.conf" value="/usr/local/Cellar/maven/3.3.3/libexec/bin/m2.conf"/>
    <property name="sun.jnu.encoding" value="UTF-8"/>
    <property name="java.library.path" value="/Users/abduljewel/Library/Java/Extensions:/Library/Java/Extensions:/Network/Library/Java/Extensions:/System/Library/Java/Extensions:/usr/lib/java:."/>
    <property name="java.specification.name" value="Java Platform API Specification"/>
    <property name="java.class.version" value="52.0"/>
    <property name="sun.management.compiler" value="HotSpot 64-Bit Tiered Compilers"/>
    <property name="os.version" value="10.10.5"/>
    <property name="http.nonProxyHosts" value="local|*.local|169.254/16|*.169.254/16"/>
    <property name="user.home" value="/Users/abduljewel"/>
    <property name="user.timezone" value="America/New_York"/>
    <property name="java.awt.printerjob" value="sun.lwawt.macosx.CPrinterJob"/>
    <property name="java.specification.version" value="1.8"/>
    <property name="file.encoding" value="UTF-8"/>
    <property name="user.name" value="abduljewel"/>
    <property name="java.class.path" value="/usr/local/Cellar/maven/3.3.3/libexec/boot/plexus-classworlds-2.5.2.jar"/>
    <property name="java.vm.specification.version" value="1.8"/>
    <property name="sun.arch.data.model" value="64"/>
    <property name="java.home" value="/Library/Java/JavaVirtualMachines/jdk1.8.0_60.jdk/Contents/Home/jre"/>
    <property name="sun.java.command" value="org.codehaus.plexus.classworlds.launcher.Launcher clean test"/>
    <property name="java.specification.vendor" value="Oracle Corporation"/>
    <property name="user.language" value="en"/>
    <property name="awt.toolkit" value="sun.lwawt.macosx.LWCToolkit"/>
    <property name="java.vm.info" value="mixed mode"/>
    <property name="java.version" value="1.8.0_60"/>
    <property name="java.ext.dirs" value="/Users/abduljewel/Library/Java/Extensions:/Library/Java/JavaVirtualMachines/jdk1.8.0_60.jdk/Contents/Home/jre/lib/ext:/Library/Java/Extensions:/Network/Library/Java/Extensions:/System/Library/Java/Extensions:/usr/lib/java"/>
    <property name="sun.boot.class.path" value="/Library/Java/JavaVirtualMachines/jdk1.8.0_60.jdk/Contents/Home/jre/lib/resources.jar:/Library/Java/JavaVirtualMachines/jdk1.8.0_60.jdk/Contents/Home/jre/lib/rt.jar:/Library/Java/JavaVirtualMachines/jdk1.8.0_60.jdk/Contents/Home/jre/lib/sunrsasign.jar:/Library/Java/JavaVirtualMachines/jdk1.8.0_60.jdk/Contents/Home/jre/lib/jsse.jar:/Library/Java/JavaVirtualMachines/jdk1.8.0_60.jdk/Contents/Home/jre/lib/jce.jar:/Library/Java/JavaVirtualMachines/jdk1.8.0_60.jdk/Contents/Home/jre/lib/charsets.jar:/Library/Java/JavaVirtualMachines/jdk1.8.0_60.jdk/Contents/Home/jre/lib/jfr.jar:/Library/Java/JavaVirtualMachines/jdk1.8.0_60.jdk/Contents/Home/jre/classes"/>
    <property name="java.vendor" value="Oracle Corporation"/>
    <property name="maven.home" value="/usr/local/Cellar/maven/3.3.3/libexec"/>
    <property name="file.separator" value="/"/>
    <property name="java.vendor.url.bug" value="http://bugreport.sun.com/bugreport/"/>
    <property name="sun.cpu.endian" value="little"/>
    <property name="sun.io.unicode.encoding" value="UnicodeBig"/>
    <property name="socksNonProxyHosts" value="local|*.local|169.254/16|*.169.254/16"/>
    <property name="ftp.nonProxyHosts" value="local|*.local|169.254/16|*.169.254/16"/>
    <property name="sun.cpu.isalist" value=""/>
  </properties>
  <testcase name="show_difference_in_config_history" classname="plugins.JobConfigHistoryPluginTest" time="61.465">
    <error message="org.apache.http.entity.ContentType.create(Ljava/lang/String;[Lorg/apache/http/NameValuePair;)Lorg/apache/http/entity/ContentType;" type="java.lang.NoSuchMethodError">java.lang.NoSuchMethodError: org.apache.http.entity.ContentType.create(Ljava/lang/String;[Lorg/apache/http/NameValuePair;)Lorg/apache/http/entity/ContentType;
	at org.apache.http.entity.mime.MultipartEntityBuilder.buildEntity(MultipartEntityBuilder.java:209)
	at org.apache.http.entity.mime.MultipartEntityBuilder.build(MultipartEntityBuilder.java:230)
	at org.jenkinsci.test.acceptance.update_center.PluginMetadata.uploadTo(PluginMetadata.java:65)
	at org.jenkinsci.test.acceptance.po.PluginManager.installPlugins(PluginManager.java:173)
	at org.jenkinsci.test.acceptance.junit.WithPlugins$RuleImpl$1.doInstall(WithPlugins.java:139)
	at org.jenkinsci.test.acceptance.junit.WithPlugins$RuleImpl$1.installPlugins(WithPlugins.java:119)
	at org.jenkinsci.test.acceptance.junit.WithPlugins$RuleImpl$1.evaluate(WithPlugins.java:92)
	at org.jenkinsci.test.acceptance.junit.JenkinsAcceptanceTestRule$1$2$1.evaluate(JenkinsAcceptanceTestRule.java:129)
	at org.jenkinsci.test.acceptance.junit.FilterRule$1.evaluate(FilterRule.java:62)
	at org.jenkinsci.test.acceptance.junit.JenkinsAcceptanceTestRule$1.evaluate(JenkinsAcceptanceTestRule.java:55)
	at org.junit.runners.ParentRunner.runLeaf(ParentRunner.java:271)
	at org.junit.runners.BlockJUnit4ClassRunner.runChild(BlockJUnit4ClassRunner.java:70)
	at org.junit.runners.BlockJUnit4ClassRunner.runChild(BlockJUnit4ClassRunner.java:50)
	at org.junit.runners.ParentRunner$3.run(ParentRunner.java:238)
	at org.junit.runners.ParentRunner$1.schedule(ParentRunner.java:63)
	at org.junit.runners.ParentRunner.runChildren(ParentRunner.java:236)
	at org.junit.runners.ParentRunner.access$000(ParentRunner.java:53)
	at org.junit.runners.ParentRunner$2.evaluate(ParentRunner.java:229)
	at org.junit.runners.ParentRunner.run(ParentRunner.java:309)
	at org.apache.maven.surefire.junit4.JUnit4Provider.execute(JUnit4Provider.java:264)
	at org.apache.maven.surefire.junit4.JUnit4Provider.executeTestSet(JUnit4Provider.java:153)
	at org.apache.maven.surefire.junit4.JUnit4Provider.invoke(JUnit4Provider.java:124)
	at org.apache.maven.surefire.booter.ForkedBooter.invokeProviderInSameClassLoader(ForkedBooter.java:200)
	at org.apache.maven.surefire.booter.ForkedBooter.runSuitesInProcess(ForkedBooter.java:153)
	at org.apache.maven.surefire.booter.ForkedBooter.main(ForkedBooter.java:103)
</error>
    <system-out><![CDATA[testCaseResult=ru.yandex.qatools.allure.model.TestCaseResult@b788dc2[
  name=jira_ticket_gets_updated_with_a_build_link
  title=<null>
  description=<null>
  failure=ru.yandex.qatools.allure.model.Failure@58ec8271
  start=1443743719356
  stop=1443743719437
  status=CANCELED
  severity=<null>
  steps=[]
  attachments=[]
  labels=[ru.yandex.qatools.allure.model.Label@a44effb, ru.yandex.qatools.allure.model.Label@3ee258]
  parameters=<null>
]
testCaseResult={
   "start" : 1443743719356,
   "stop" : 1443743719437,
   "status" : "canceled",
   "name" : "jira_ticket_gets_updated_with_a_build_link",
   "failure" : {
      "message" : "AssumptionViolatedException: Docker is needed for the test",
      "stack-trace" : "org.junit.internal.AssumptionViolatedException: Docker is needed for the test\n\tat org.jenkinsci.test.acceptance.junit.WithDocker$RuleImpl$1.hasDocker(WithDocker.java:49)\n\tat org.jenkinsci.test.acceptance.junit.WithDocker$RuleImpl$1.evaluate(WithDocker.java:40)\n\tat org.jenkinsci.test.acceptance.junit.JenkinsAcceptanceTestRule$1.evaluate(JenkinsAcceptanceTestRule.java:55)\n\tat org.junit.runners.ParentRunner.runLeaf(ParentRunner.java:271)\n\tat org.junit.runners.BlockJUnit4ClassRunner.runChild(BlockJUnit4ClassRunner.java:70)\n\tat org.junit.runners.BlockJUnit4ClassRunner.runChild(BlockJUnit4ClassRunner.java:50)\n\tat org.junit.runners.ParentRunner$3.run(ParentRunner.java:238)\n\tat org.junit.runners.ParentRunner$1.schedule(ParentRunner.java:63)\n\tat org.junit.runners.ParentRunner.runChildren(ParentRunner.java:236)\n\tat org.junit.runners.ParentRunner.access$000(ParentRunner.java:53)\n\tat org.junit.runners.ParentRunner$2.evaluate(ParentRunner.java:229)\n\tat org.junit.runners.ParentRunner.run(ParentRunner.java:309)\n\tat org.apache.maven.surefire.junit4.JUnit4Provider.execute(JUnit4Provider.java:264)\n\tat org.apache.maven.surefire.junit4.JUnit4Provider.executeTestSet(JUnit4Provider.java:153)\n\tat org.apache.maven.surefire.junit4.JUnit4Provider.invoke(JUnit4Provider.java:124)\n\tat org.apache.maven.surefire.booter.ForkedBooter.invokeProviderInSameClassLoader(ForkedBooter.java:200)\n\tat org.apache.maven.surefire.booter.ForkedBooter.runSuitesInProcess(ForkedBooter.java:153)\n\tat org.apache.maven.surefire.booter.ForkedBooter.main(ForkedBooter.java:103)\n"
   },
   "steps" : {
      "step" : [ ]
   },
   "attachments" : {
      "attachment" : [ ]
   },
   "labels" : {
      "label" : [ {
         "name" : "host",
         "value" : "Abduls-MBP.home"
      }, {
         "name" : "thread",
         "value" : "35252@Abduls-MBP.home.main(1)"
      } ]
   }
}
testCase=ru.yandex.qatools.allure.model.TestCase@4f676900[
  _id=8de2e6ac-10ec-4b24-ac25-dd3328aa4c8d
  executionId=7701d757-07c3-4ee5-9df4-52c16ef79685
  result=ru.yandex.qatools.allure.model.TestCaseResult@b788dc2
]
testCase={
   "_id" : "8de2e6ac-10ec-4b24-ac25-dd3328aa4c8d",
   "executionId" : "7701d757-07c3-4ee5-9df4-52c16ef79685",
   "result" : {
      "start" : 1443743719356,
      "stop" : 1443743719437,
      "status" : "canceled",
      "name" : "jira_ticket_gets_updated_with_a_build_link",
      "failure" : {
         "message" : "AssumptionViolatedException: Docker is needed for the test",
         "stack-trace" : "org.junit.internal.AssumptionViolatedException: Docker is needed for the test\n\tat org.jenkinsci.test.acceptance.junit.WithDocker$RuleImpl$1.hasDocker(WithDocker.java:49)\n\tat org.jenkinsci.test.acceptance.junit.WithDocker$RuleImpl$1.evaluate(WithDocker.java:40)\n\tat org.jenkinsci.test.acceptance.junit.JenkinsAcceptanceTestRule$1.evaluate(JenkinsAcceptanceTestRule.java:55)\n\tat org.junit.runners.ParentRunner.runLeaf(ParentRunner.java:271)\n\tat org.junit.runners.BlockJUnit4ClassRunner.runChild(BlockJUnit4ClassRunner.java:70)\n\tat org.junit.runners.BlockJUnit4ClassRunner.runChild(BlockJUnit4ClassRunner.java:50)\n\tat org.junit.runners.ParentRunner$3.run(ParentRunner.java:238)\n\tat org.junit.runners.ParentRunner$1.schedule(ParentRunner.java:63)\n\tat org.junit.runners.ParentRunner.runChildren(ParentRunner.java:236)\n\tat org.junit.runners.ParentRunner.access$000(ParentRunner.java:53)\n\tat org.junit.runners.ParentRunner$2.evaluate(ParentRunner.java:229)\n\tat org.junit.runners.ParentRunner.run(ParentRunner.java:309)\n\tat org.apache.maven.surefire.junit4.JUnit4Provider.execute(JUnit4Provider.java:264)\n\tat org.apache.maven.surefire.junit4.JUnit4Provider.executeTestSet(JUnit4Provider.java:153)\n\tat org.apache.maven.surefire.junit4.JUnit4Provider.invoke(JUnit4Provider.java:124)\n\tat org.apache.maven.surefire.booter.ForkedBooter.invokeProviderInSameClassLoader(ForkedBooter.java:200)\n\tat org.apache.maven.surefire.booter.ForkedBooter.runSuitesInProcess(ForkedBooter.java:153)\n\tat org.apache.maven.surefire.booter.ForkedBooter.main(ForkedBooter.java:103)\n"
      },
      "steps" : {
         "step" : [ ]
      },
      "attachments" : {
         "attachment" : [ ]
      },
      "labels" : {
         "label" : [ {
            "name" : "host",
            "value" : "Abduls-MBP.home"
         }, {
            "name" : "thread",
            "value" : "35252@Abduls-MBP.home.main(1)"
         } ]
      }
   }
}
>>>REQUEST: /testdb/TestCase
[WARN] [10/01/2015 19:55:19.444] [default-akka.actor.default-dispatcher-97] [ActorSystem(default)] Illegal response header: Illegal 'etag' header: Invalid input '5', expected 'W' or '"' (line 1, column 1): 560dc7e7fbeaf7a200c9bf39
^
<<<RESPONSE (201 Created): /testdb/TestCase
running with given plugins: []
=== Starting show_difference_in_config_history(plugins.JobConfigHistoryPluginTest)
Starting Jenkins: JAVA_HOME=/Library/Java/JavaVirtualMachines/jdk1.8.0_60.jdk/Contents/Home JENKINS_HOME=/Users/abduljewel/Documents/c/spiderqa/sample-test-projects/acceptance-test-harness/target/jenkins8536982217665643203home /Library/Java/JavaVirtualMachines/jdk1.8.0_60.jdk/Contents/Home/bin/java -Duser.language=en -jar ./jenkins.war --ajp13Port=-1 --httpPort=53931
master53931|Running from: /Users/abduljewel/Documents/c/spiderqa/sample-test-projects/acceptance-test-harness/jenkins.war
master53931|webroot: EnvVars.masterEnvVars.get("JENKINS_HOME")
master53931|Oct 01, 2015 7:55:20 PM winstone.Logger logInternal
master53931|INFO: Beginning extraction from war file
master53931|Oct 01, 2015 7:55:23 PM org.eclipse.jetty.util.log.JavaUtilLog info
master53931|INFO: jetty-winstone-2.8
master53931|Oct 01, 2015 7:55:28 PM org.eclipse.jetty.util.log.JavaUtilLog info
master53931|INFO: NO JSP Support for , did not find org.apache.jasper.servlet.JspServlet
master53931|Jenkins home directory: /Users/abduljewel/Documents/c/spiderqa/sample-test-projects/acceptance-test-harness/target/jenkins8536982217665643203home found at: EnvVars.masterEnvVars.get("JENKINS_HOME")
master53931|Oct 01, 2015 7:55:31 PM org.eclipse.jetty.util.log.JavaUtilLog info
master53931|INFO: Started SelectChannelConnector@0.0.0.0:53931
master53931|Oct 01, 2015 7:55:31 PM winstone.Logger logInternal
master53931|INFO: Winstone Servlet Engine v2.0 running: controlPort=disabled
master53931|Oct 01, 2015 7:55:32 PM jenkins.InitReactorRunner$1 onAttained
master53931|INFO: Started initialization
master53931|Oct 01, 2015 7:56:01 PM jenkins.InitReactorRunner$1 onAttained
master53931|INFO: Listed all plugins
master53931|Oct 01, 2015 7:56:01 PM jenkins.InitReactorRunner$1 onAttained
master53931|INFO: Prepared all plugins
master53931|Oct 01, 2015 7:56:01 PM jenkins.InitReactorRunner$1 onAttained
master53931|INFO: Started all plugins
master53931|Oct 01, 2015 7:56:01 PM jenkins.InitReactorRunner$1 onAttained
master53931|INFO: Augmented all extensions
master53931|Oct 01, 2015 7:56:06 PM jenkins.InitReactorRunner$1 onAttained
master53931|INFO: Loaded all jobs
master53931|Oct 01, 2015 7:56:11 PM hudson.model.AsyncPeriodicWork$1 run
master53931|INFO: Started Download metadata
master53931|Oct 01, 2015 7:56:11 PM org.jenkinsci.main.modules.sshd.SSHD start
master53931|INFO: Started SSHD at port 53840
master53931|Oct 01, 2015 7:56:11 PM jenkins.InitReactorRunner$1 onAttained
master53931|INFO: Completed initialization
master53931|Oct 01, 2015 7:56:11 PM hudson.UDPBroadcastThread run
master53931|WARNING: UDP handling problem
master53931|java.net.SocketException: Can't assign requested address
master53931|	at java.net.PlainDatagramSocketImpl.join(Native Method)
master53931|	at java.net.AbstractPlainDatagramSocketImpl.join(AbstractPlainDatagramSocketImpl.java:179)
master53931|	at java.net.MulticastSocket.joinGroup(MulticastSocket.java:323)
master53931|	at hudson.UDPBroadcastThread.run(UDPBroadcastThread.java:77)
master53931|
master53931|Oct 01, 2015 7:56:11 PM hudson.WebAppMain$3 run
master53931|INFO: Jenkins is fully up and running
master53931|Oct 01, 2015 7:56:15 PM hudson.model.UpdateSite updateData
master53931|INFO: Obtained the latest update center data file for UpdateSource default
master53931|Oct 01, 2015 7:56:15 PM hudson.model.DownloadService$Downloadable load
master53931|INFO: Obtained the updated data file for hudson.tasks.Maven.MavenInstaller
master53931|Oct 01, 2015 7:56:15 PM hudson.model.DownloadService$Downloadable load
master53931|INFO: Obtained the updated data file for hudson.tasks.Ant.AntInstaller
master53931|Oct 01, 2015 7:56:16 PM hudson.model.DownloadService$Downloadable load
master53931|INFO: Obtained the updated data file for hudson.tools.JDKInstaller
master53931|Oct 01, 2015 7:56:16 PM hudson.model.AsyncPeriodicWork$1 run
master53931|INFO: Finished Download metadata. 5,591 ms
Jenkins is stopped
]]></system-out>
    <system-err><![CDATA[Oct 01, 2015 7:55:19 PM org.jenkinsci.test.acceptance.controller.LocalController startNow
INFO: Waiting for Jenkins to become running in http://127.0.0.1:53931/
Oct 01, 2015 7:56:11 PM org.jenkinsci.test.acceptance.controller.LocalController startNow
INFO: Jenkins is running in http://127.0.0.1:53931/
Oct 01, 2015 7:56:18 PM org.jenkinsci.test.acceptance.po.PluginManager installationStatus
INFO: jobConfigHistory is not installed
Oct 01, 2015 7:56:18 PM org.jenkinsci.test.acceptance.po.PluginManager installationStatus
INFO: jobConfigHistory is not installed
Oct 01, 2015 7:56:20 PM org.jenkinsci.test.acceptance.po.PluginManager installationStatus
INFO: javadoc has version 1.1 but 1.3 was requested
]]></system-err>
  </testcase>
  <testcase name="track_change_in_maven_project" classname="plugins.JobConfigHistoryPluginTest" time="60.46">
    <error message="org.apache.http.entity.ContentType.create(Ljava/lang/String;[Lorg/apache/http/NameValuePair;)Lorg/apache/http/entity/ContentType;" type="java.lang.NoSuchMethodError">java.lang.NoSuchMethodError: org.apache.http.entity.ContentType.create(Ljava/lang/String;[Lorg/apache/http/NameValuePair;)Lorg/apache/http/entity/ContentType;
	at org.apache.http.entity.mime.MultipartEntityBuilder.buildEntity(MultipartEntityBuilder.java:209)
	at org.apache.http.entity.mime.MultipartEntityBuilder.build(MultipartEntityBuilder.java:230)
	at org.jenkinsci.test.acceptance.update_center.PluginMetadata.uploadTo(PluginMetadata.java:65)
	at org.jenkinsci.test.acceptance.po.PluginManager.installPlugins(PluginManager.java:173)
	at org.jenkinsci.test.acceptance.junit.WithPlugins$RuleImpl$1.doInstall(WithPlugins.java:139)
	at org.jenkinsci.test.acceptance.junit.WithPlugins$RuleImpl$1.installPlugins(WithPlugins.java:119)
	at org.jenkinsci.test.acceptance.junit.WithPlugins$RuleImpl$1.evaluate(WithPlugins.java:92)
	at org.jenkinsci.test.acceptance.junit.JenkinsAcceptanceTestRule$1$2$1.evaluate(JenkinsAcceptanceTestRule.java:129)
	at org.jenkinsci.test.acceptance.junit.FilterRule$1.evaluate(FilterRule.java:62)
	at org.jenkinsci.test.acceptance.junit.JenkinsAcceptanceTestRule$1.evaluate(JenkinsAcceptanceTestRule.java:55)
	at org.junit.runners.ParentRunner.runLeaf(ParentRunner.java:271)
	at org.junit.runners.BlockJUnit4ClassRunner.runChild(BlockJUnit4ClassRunner.java:70)
	at org.junit.runners.BlockJUnit4ClassRunner.runChild(BlockJUnit4ClassRunner.java:50)
	at org.junit.runners.ParentRunner$3.run(ParentRunner.java:238)
	at org.junit.runners.ParentRunner$1.schedule(ParentRunner.java:63)
	at org.junit.runners.ParentRunner.runChildren(ParentRunner.java:236)
	at org.junit.runners.ParentRunner.access$000(ParentRunner.java:53)
	at org.junit.runners.ParentRunner$2.evaluate(ParentRunner.java:229)
	at org.junit.runners.ParentRunner.run(ParentRunner.java:309)
	at org.apache.maven.surefire.junit4.JUnit4Provider.execute(JUnit4Provider.java:264)
	at org.apache.maven.surefire.junit4.JUnit4Provider.executeTestSet(JUnit4Provider.java:153)
	at org.apache.maven.surefire.junit4.JUnit4Provider.invoke(JUnit4Provider.java:124)
	at org.apache.maven.surefire.booter.ForkedBooter.invokeProviderInSameClassLoader(ForkedBooter.java:200)
	at org.apache.maven.surefire.booter.ForkedBooter.runSuitesInProcess(ForkedBooter.java:153)
	at org.apache.maven.surefire.booter.ForkedBooter.main(ForkedBooter.java:103)
</error>
    <system-out><![CDATA[testCaseResult=ru.yandex.qatools.allure.model.TestCaseResult@36e3321e[
  name=show_difference_in_config_history
  title=<null>
  description=<null>
  failure=ru.yandex.qatools.allure.model.Failure@218f2f51
  start=1443743719460
  stop=1443743780925
  status=BROKEN
  severity=<null>
  steps=[]
  attachments=[]
  labels=[ru.yandex.qatools.allure.model.Label@1d9af731, ru.yandex.qatools.allure.model.Label@39afe59f]
  parameters=<null>
]
testCaseResult={
   "start" : 1443743719460,
   "stop" : 1443743780925,
   "status" : "broken",
   "name" : "show_difference_in_config_history",
   "failure" : {
      "message" : "NoSuchMethodError: org.apache.http.entity.ContentType.create(Ljava/lang/String;[Lorg/apache/http/NameValuePair;)Lorg/apache/http/entity/ContentType;",
      "stack-trace" : "java.lang.NoSuchMethodError: org.apache.http.entity.ContentType.create(Ljava/lang/String;[Lorg/apache/http/NameValuePair;)Lorg/apache/http/entity/ContentType;\n\tat org.apache.http.entity.mime.MultipartEntityBuilder.buildEntity(MultipartEntityBuilder.java:209)\n\tat org.apache.http.entity.mime.MultipartEntityBuilder.build(MultipartEntityBuilder.java:230)\n\tat org.jenkinsci.test.acceptance.update_center.PluginMetadata.uploadTo(PluginMetadata.java:65)\n\tat org.jenkinsci.test.acceptance.po.PluginManager.installPlugins(PluginManager.java:173)\n\tat org.jenkinsci.test.acceptance.junit.WithPlugins$RuleImpl$1.doInstall(WithPlugins.java:139)\n\tat org.jenkinsci.test.acceptance.junit.WithPlugins$RuleImpl$1.installPlugins(WithPlugins.java:119)\n\tat org.jenkinsci.test.acceptance.junit.WithPlugins$RuleImpl$1.evaluate(WithPlugins.java:92)\n\tat org.jenkinsci.test.acceptance.junit.JenkinsAcceptanceTestRule$1$2$1.evaluate(JenkinsAcceptanceTestRule.java:129)\n\tat org.jenkinsci.test.acceptance.junit.FilterRule$1.evaluate(FilterRule.java:62)\n\tat org.jenkinsci.test.acceptance.junit.JenkinsAcceptanceTestRule$1.evaluate(JenkinsAcceptanceTestRule.java:55)\n\tat org.junit.runners.ParentRunner.runLeaf(ParentRunner.java:271)\n\tat org.junit.runners.BlockJUnit4ClassRunner.runChild(BlockJUnit4ClassRunner.java:70)\n\tat org.junit.runners.BlockJUnit4ClassRunner.runChild(BlockJUnit4ClassRunner.java:50)\n\tat org.junit.runners.ParentRunner$3.run(ParentRunner.java:238)\n\tat org.junit.runners.ParentRunner$1.schedule(ParentRunner.java:63)\n\tat org.junit.runners.ParentRunner.runChildren(ParentRunner.java:236)\n\tat org.junit.runners.ParentRunner.access$000(ParentRunner.java:53)\n\tat org.junit.runners.ParentRunner$2.evaluate(ParentRunner.java:229)\n\tat org.junit.runners.ParentRunner.run(ParentRunner.java:309)\n\tat org.apache.maven.surefire.junit4.JUnit4Provider.execute(JUnit4Provider.java:264)\n\tat org.apache.maven.surefire.junit4.JUnit4Provider.executeTestSet(JUnit4Provider.java:153)\n\tat org.apache.maven.surefire.junit4.JUnit4Provider.invoke(JUnit4Provider.java:124)\n\tat org.apache.maven.surefire.booter.ForkedBooter.invokeProviderInSameClassLoader(ForkedBooter.java:200)\n\tat org.apache.maven.surefire.booter.ForkedBooter.runSuitesInProcess(ForkedBooter.java:153)\n\tat org.apache.maven.surefire.booter.ForkedBooter.main(ForkedBooter.java:103)\n"
   },
   "steps" : {
      "step" : [ ]
   },
   "attachments" : {
      "attachment" : [ ]
   },
   "labels" : {
      "label" : [ {
         "name" : "host",
         "value" : "Abduls-MBP.home"
      }, {
         "name" : "thread",
         "value" : "35252@Abduls-MBP.home.main(1)"
      } ]
   }
}
testCase=ru.yandex.qatools.allure.model.TestCase@16f34376[
  _id=b78e37e2-137c-4576-a482-6f0da760b9c3
  executionId=7701d757-07c3-4ee5-9df4-52c16ef79685
  result=ru.yandex.qatools.allure.model.TestCaseResult@36e3321e
]
testCase={
   "_id" : "b78e37e2-137c-4576-a482-6f0da760b9c3",
   "executionId" : "7701d757-07c3-4ee5-9df4-52c16ef79685",
   "result" : {
      "start" : 1443743719460,
      "stop" : 1443743780925,
      "status" : "broken",
      "name" : "show_difference_in_config_history",
      "failure" : {
         "message" : "NoSuchMethodError: org.apache.http.entity.ContentType.create(Ljava/lang/String;[Lorg/apache/http/NameValuePair;)Lorg/apache/http/entity/ContentType;",
         "stack-trace" : "java.lang.NoSuchMethodError: org.apache.http.entity.ContentType.create(Ljava/lang/String;[Lorg/apache/http/NameValuePair;)Lorg/apache/http/entity/ContentType;\n\tat org.apache.http.entity.mime.MultipartEntityBuilder.buildEntity(MultipartEntityBuilder.java:209)\n\tat org.apache.http.entity.mime.MultipartEntityBuilder.build(MultipartEntityBuilder.java:230)\n\tat org.jenkinsci.test.acceptance.update_center.PluginMetadata.uploadTo(PluginMetadata.java:65)\n\tat org.jenkinsci.test.acceptance.po.PluginManager.installPlugins(PluginManager.java:173)\n\tat org.jenkinsci.test.acceptance.junit.WithPlugins$RuleImpl$1.doInstall(WithPlugins.java:139)\n\tat org.jenkinsci.test.acceptance.junit.WithPlugins$RuleImpl$1.installPlugins(WithPlugins.java:119)\n\tat org.jenkinsci.test.acceptance.junit.WithPlugins$RuleImpl$1.evaluate(WithPlugins.java:92)\n\tat org.jenkinsci.test.acceptance.junit.JenkinsAcceptanceTestRule$1$2$1.evaluate(JenkinsAcceptanceTestRule.java:129)\n\tat org.jenkinsci.test.acceptance.junit.FilterRule$1.evaluate(FilterRule.java:62)\n\tat org.jenkinsci.test.acceptance.junit.JenkinsAcceptanceTestRule$1.evaluate(JenkinsAcceptanceTestRule.java:55)\n\tat org.junit.runners.ParentRunner.runLeaf(ParentRunner.java:271)\n\tat org.junit.runners.BlockJUnit4ClassRunner.runChild(BlockJUnit4ClassRunner.java:70)\n\tat org.junit.runners.BlockJUnit4ClassRunner.runChild(BlockJUnit4ClassRunner.java:50)\n\tat org.junit.runners.ParentRunner$3.run(ParentRunner.java:238)\n\tat org.junit.runners.ParentRunner$1.schedule(ParentRunner.java:63)\n\tat org.junit.runners.ParentRunner.runChildren(ParentRunner.java:236)\n\tat org.junit.runners.ParentRunner.access$000(ParentRunner.java:53)\n\tat org.junit.runners.ParentRunner$2.evaluate(ParentRunner.java:229)\n\tat org.junit.runners.ParentRunner.run(ParentRunner.java:309)\n\tat org.apache.maven.surefire.junit4.JUnit4Provider.execute(JUnit4Provider.java:264)\n\tat org.apache.maven.surefire.junit4.JUnit4Provider.executeTestSet(JUnit4Provider.java:153)\n\tat org.apache.maven.surefire.junit4.JUnit4Provider.invoke(JUnit4Provider.java:124)\n\tat org.apache.maven.surefire.booter.ForkedBooter.invokeProviderInSameClassLoader(ForkedBooter.java:200)\n\tat org.apache.maven.surefire.booter.ForkedBooter.runSuitesInProcess(ForkedBooter.java:153)\n\tat org.apache.maven.surefire.booter.ForkedBooter.main(ForkedBooter.java:103)\n"
      },
      "steps" : {
         "step" : [ ]
      },
      "attachments" : {
         "attachment" : [ ]
      },
      "labels" : {
         "label" : [ {
            "name" : "host",
            "value" : "Abduls-MBP.home"
         }, {
            "name" : "thread",
            "value" : "35252@Abduls-MBP.home.main(1)"
         } ]
      }
   }
}
>>>REQUEST: /testdb/TestCase
[WARN] [10/01/2015 19:56:20.961] [default-akka.actor.default-dispatcher-100] [ActorSystem(default)] Illegal response header: Illegal 'etag' header: Invalid input '5', expected 'W' or '"' (line 1, column 1): 560dc824fbeaf7a200c9bf40
^
<<<RESPONSE (201 Created): /testdb/TestCase
running with given plugins: []
=== Starting track_change_in_maven_project(plugins.JobConfigHistoryPluginTest)
Starting Jenkins: JAVA_HOME=/Library/Java/JavaVirtualMachines/jdk1.8.0_60.jdk/Contents/Home JENKINS_HOME=/Users/abduljewel/Documents/c/spiderqa/sample-test-projects/acceptance-test-harness/target/jenkins7344265335319430062home /Library/Java/JavaVirtualMachines/jdk1.8.0_60.jdk/Contents/Home/bin/java -Duser.language=en -jar ./jenkins.war --ajp13Port=-1 --httpPort=63959
master63959|Running from: /Users/abduljewel/Documents/c/spiderqa/sample-test-projects/acceptance-test-harness/jenkins.war
master63959|webroot: EnvVars.masterEnvVars.get("JENKINS_HOME")
master63959|Oct 01, 2015 7:56:21 PM winstone.Logger logInternal
master63959|INFO: Beginning extraction from war file
master63959|Oct 01, 2015 7:56:24 PM org.eclipse.jetty.util.log.JavaUtilLog info
master63959|INFO: jetty-winstone-2.8
master63959|Oct 01, 2015 7:56:28 PM org.eclipse.jetty.util.log.JavaUtilLog info
master63959|INFO: NO JSP Support for , did not find org.apache.jasper.servlet.JspServlet
master63959|Jenkins home directory: /Users/abduljewel/Documents/c/spiderqa/sample-test-projects/acceptance-test-harness/target/jenkins7344265335319430062home found at: EnvVars.masterEnvVars.get("JENKINS_HOME")
master63959|Oct 01, 2015 7:56:31 PM org.eclipse.jetty.util.log.JavaUtilLog info
master63959|INFO: Started SelectChannelConnector@0.0.0.0:63959
master63959|Oct 01, 2015 7:56:31 PM winstone.Logger logInternal
master63959|INFO: Winstone Servlet Engine v2.0 running: controlPort=disabled
master63959|Oct 01, 2015 7:56:32 PM jenkins.InitReactorRunner$1 onAttained
master63959|INFO: Started initialization
master63959|Oct 01, 2015 7:57:00 PM jenkins.InitReactorRunner$1 onAttained
master63959|INFO: Listed all plugins
master63959|Oct 01, 2015 7:57:00 PM jenkins.InitReactorRunner$1 onAttained
master63959|INFO: Prepared all plugins
master63959|Oct 01, 2015 7:57:00 PM jenkins.InitReactorRunner$1 onAttained
master63959|INFO: Started all plugins
master63959|Oct 01, 2015 7:57:00 PM jenkins.InitReactorRunner$1 onAttained
master63959|INFO: Augmented all extensions
master63959|Oct 01, 2015 7:57:05 PM jenkins.InitReactorRunner$1 onAttained
master63959|INFO: Loaded all jobs
master63959|Oct 01, 2015 7:57:09 PM hudson.model.AsyncPeriodicWork$1 run
master63959|INFO: Started Download metadata
master63959|Oct 01, 2015 7:57:09 PM org.jenkinsci.main.modules.sshd.SSHD start
master63959|INFO: Started SSHD at port 54202
master63959|Oct 01, 2015 7:57:09 PM jenkins.InitReactorRunner$1 onAttained
master63959|INFO: Completed initialization
master63959|Oct 01, 2015 7:57:09 PM hudson.UDPBroadcastThread run
master63959|WARNING: UDP handling problem
master63959|java.net.SocketException: Can't assign requested address
master63959|	at java.net.PlainDatagramSocketImpl.join(Native Method)
master63959|	at java.net.AbstractPlainDatagramSocketImpl.join(AbstractPlainDatagramSocketImpl.java:179)
master63959|	at java.net.MulticastSocket.joinGroup(MulticastSocket.java:323)
master63959|	at hudson.UDPBroadcastThread.run(UDPBroadcastThread.java:77)
master63959|
master63959|Oct 01, 2015 7:57:09 PM hudson.WebAppMain$3 run
master63959|INFO: Jenkins is fully up and running
master63959|Oct 01, 2015 7:57:11 PM hudson.model.UpdateSite updateData
master63959|INFO: Obtained the latest update center data file for UpdateSource default
master63959|Oct 01, 2015 7:57:12 PM hudson.model.DownloadService$Downloadable load
master63959|INFO: Obtained the updated data file for hudson.tasks.Maven.MavenInstaller
master63959|Oct 01, 2015 7:57:12 PM hudson.model.DownloadService$Downloadable load
master63959|INFO: Obtained the updated data file for hudson.tasks.Ant.AntInstaller
master63959|Oct 01, 2015 7:57:13 PM hudson.model.DownloadService$Downloadable load
master63959|INFO: Obtained the updated data file for hudson.tools.JDKInstaller
master63959|Oct 01, 2015 7:57:13 PM hudson.model.AsyncPeriodicWork$1 run
master63959|INFO: Finished Download metadata. 4,297 ms
Jenkins is stopped
]]></system-out>
    <system-err><![CDATA[Oct 01, 2015 7:56:20 PM org.jenkinsci.test.acceptance.controller.LocalController startNow
INFO: Waiting for Jenkins to become running in http://127.0.0.1:63959/
Oct 01, 2015 7:57:09 PM org.jenkinsci.test.acceptance.controller.LocalController startNow
INFO: Jenkins is running in http://127.0.0.1:63959/
Oct 01, 2015 7:57:18 PM org.jenkinsci.test.acceptance.po.PluginManager installationStatus
INFO: jobConfigHistory is not installed
Oct 01, 2015 7:57:18 PM org.jenkinsci.test.acceptance.po.PluginManager installationStatus
INFO: jobConfigHistory is not installed
Oct 01, 2015 7:57:20 PM org.jenkinsci.test.acceptance.po.PluginManager installationStatus
INFO: javadoc has version 1.1 but 1.3 was requested
]]></system-err>
  </testcase>
  <testcase name="track_change_in_matrix_project" classname="plugins.JobConfigHistoryPluginTest" time="59.847">
    <error message="org.apache.http.entity.ContentType.create(Ljava/lang/String;[Lorg/apache/http/NameValuePair;)Lorg/apache/http/entity/ContentType;" type="java.lang.NoSuchMethodError">java.lang.NoSuchMethodError: org.apache.http.entity.ContentType.create(Ljava/lang/String;[Lorg/apache/http/NameValuePair;)Lorg/apache/http/entity/ContentType;
	at org.apache.http.entity.mime.MultipartEntityBuilder.buildEntity(MultipartEntityBuilder.java:209)
	at org.apache.http.entity.mime.MultipartEntityBuilder.build(MultipartEntityBuilder.java:230)
	at org.jenkinsci.test.acceptance.update_center.PluginMetadata.uploadTo(PluginMetadata.java:65)
	at org.jenkinsci.test.acceptance.po.PluginManager.installPlugins(PluginManager.java:173)
	at org.jenkinsci.test.acceptance.junit.WithPlugins$RuleImpl$1.doInstall(WithPlugins.java:139)
	at org.jenkinsci.test.acceptance.junit.WithPlugins$RuleImpl$1.installPlugins(WithPlugins.java:119)
	at org.jenkinsci.test.acceptance.junit.WithPlugins$RuleImpl$1.evaluate(WithPlugins.java:92)
	at org.jenkinsci.test.acceptance.junit.JenkinsAcceptanceTestRule$1$2$1.evaluate(JenkinsAcceptanceTestRule.java:129)
	at org.jenkinsci.test.acceptance.junit.FilterRule$1.evaluate(FilterRule.java:62)
	at org.jenkinsci.test.acceptance.junit.JenkinsAcceptanceTestRule$1.evaluate(JenkinsAcceptanceTestRule.java:55)
	at org.junit.runners.ParentRunner.runLeaf(ParentRunner.java:271)
	at org.junit.runners.BlockJUnit4ClassRunner.runChild(BlockJUnit4ClassRunner.java:70)
	at org.junit.runners.BlockJUnit4ClassRunner.runChild(BlockJUnit4ClassRunner.java:50)
	at org.junit.runners.ParentRunner$3.run(ParentRunner.java:238)
	at org.junit.runners.ParentRunner$1.schedule(ParentRunner.java:63)
	at org.junit.runners.ParentRunner.runChildren(ParentRunner.java:236)
	at org.junit.runners.ParentRunner.access$000(ParentRunner.java:53)
	at org.junit.runners.ParentRunner$2.evaluate(ParentRunner.java:229)
	at org.junit.runners.ParentRunner.run(ParentRunner.java:309)
	at org.apache.maven.surefire.junit4.JUnit4Provider.execute(JUnit4Provider.java:264)
	at org.apache.maven.surefire.junit4.JUnit4Provider.executeTestSet(JUnit4Provider.java:153)
	at org.apache.maven.surefire.junit4.JUnit4Provider.invoke(JUnit4Provider.java:124)
	at org.apache.maven.surefire.booter.ForkedBooter.invokeProviderInSameClassLoader(ForkedBooter.java:200)
	at org.apache.maven.surefire.booter.ForkedBooter.runSuitesInProcess(ForkedBooter.java:153)
	at org.apache.maven.surefire.booter.ForkedBooter.main(ForkedBooter.java:103)
</error>
    <system-out><![CDATA[testCaseResult=ru.yandex.qatools.allure.model.TestCaseResult@70439c3[
  name=track_change_in_maven_project
  title=<null>
  description=<null>
  failure=ru.yandex.qatools.allure.model.Failure@72a33316
  start=1443743780958
  stop=1443743841416
  status=BROKEN
  severity=<null>
  steps=[]
  attachments=[]
  labels=[ru.yandex.qatools.allure.model.Label@57fce8b, ru.yandex.qatools.allure.model.Label@77204651]
  parameters=<null>
]
testCaseResult={
   "start" : 1443743780958,
   "stop" : 1443743841416,
   "status" : "broken",
   "name" : "track_change_in_maven_project",
   "failure" : {
      "message" : "NoSuchMethodError: org.apache.http.entity.ContentType.create(Ljava/lang/String;[Lorg/apache/http/NameValuePair;)Lorg/apache/http/entity/ContentType;",
      "stack-trace" : "java.lang.NoSuchMethodError: org.apache.http.entity.ContentType.create(Ljava/lang/String;[Lorg/apache/http/NameValuePair;)Lorg/apache/http/entity/ContentType;\n\tat org.apache.http.entity.mime.MultipartEntityBuilder.buildEntity(MultipartEntityBuilder.java:209)\n\tat org.apache.http.entity.mime.MultipartEntityBuilder.build(MultipartEntityBuilder.java:230)\n\tat org.jenkinsci.test.acceptance.update_center.PluginMetadata.uploadTo(PluginMetadata.java:65)\n\tat org.jenkinsci.test.acceptance.po.PluginManager.installPlugins(PluginManager.java:173)\n\tat org.jenkinsci.test.acceptance.junit.WithPlugins$RuleImpl$1.doInstall(WithPlugins.java:139)\n\tat org.jenkinsci.test.acceptance.junit.WithPlugins$RuleImpl$1.installPlugins(WithPlugins.java:119)\n\tat org.jenkinsci.test.acceptance.junit.WithPlugins$RuleImpl$1.evaluate(WithPlugins.java:92)\n\tat org.jenkinsci.test.acceptance.junit.JenkinsAcceptanceTestRule$1$2$1.evaluate(JenkinsAcceptanceTestRule.java:129)\n\tat org.jenkinsci.test.acceptance.junit.FilterRule$1.evaluate(FilterRule.java:62)\n\tat org.jenkinsci.test.acceptance.junit.JenkinsAcceptanceTestRule$1.evaluate(JenkinsAcceptanceTestRule.java:55)\n\tat org.junit.runners.ParentRunner.runLeaf(ParentRunner.java:271)\n\tat org.junit.runners.BlockJUnit4ClassRunner.runChild(BlockJUnit4ClassRunner.java:70)\n\tat org.junit.runners.BlockJUnit4ClassRunner.runChild(BlockJUnit4ClassRunner.java:50)\n\tat org.junit.runners.ParentRunner$3.run(ParentRunner.java:238)\n\tat org.junit.runners.ParentRunner$1.schedule(ParentRunner.java:63)\n\tat org.junit.runners.ParentRunner.runChildren(ParentRunner.java:236)\n\tat org.junit.runners.ParentRunner.access$000(ParentRunner.java:53)\n\tat org.junit.runners.ParentRunner$2.evaluate(ParentRunner.java:229)\n\tat org.junit.runners.ParentRunner.run(ParentRunner.java:309)\n\tat org.apache.maven.surefire.junit4.JUnit4Provider.execute(JUnit4Provider.java:264)\n\tat org.apache.maven.surefire.junit4.JUnit4Provider.executeTestSet(JUnit4Provider.java:153)\n\tat org.apache.maven.surefire.junit4.JUnit4Provider.invoke(JUnit4Provider.java:124)\n\tat org.apache.maven.surefire.booter.ForkedBooter.invokeProviderInSameClassLoader(ForkedBooter.java:200)\n\tat org.apache.maven.surefire.booter.ForkedBooter.runSuitesInProcess(ForkedBooter.java:153)\n\tat org.apache.maven.surefire.booter.ForkedBooter.main(ForkedBooter.java:103)\n"
   },
   "steps" : {
      "step" : [ ]
   },
   "attachments" : {
      "attachment" : [ ]
   },
   "labels" : {
      "label" : [ {
         "name" : "host",
         "value" : "Abduls-MBP.home"
      }, {
         "name" : "thread",
         "value" : "35252@Abduls-MBP.home.main(1)"
      } ]
   }
}
testCase=ru.yandex.qatools.allure.model.TestCase@51cca357[
  _id=80a7589e-18ca-453f-877f-efa3f94c611a
  executionId=7701d757-07c3-4ee5-9df4-52c16ef79685
  result=ru.yandex.qatools.allure.model.TestCaseResult@70439c3
]
testCase={
   "_id" : "80a7589e-18ca-453f-877f-efa3f94c611a",
   "executionId" : "7701d757-07c3-4ee5-9df4-52c16ef79685",
   "result" : {
      "start" : 1443743780958,
      "stop" : 1443743841416,
      "status" : "broken",
      "name" : "track_change_in_maven_project",
      "failure" : {
         "message" : "NoSuchMethodError: org.apache.http.entity.ContentType.create(Ljava/lang/String;[Lorg/apache/http/NameValuePair;)Lorg/apache/http/entity/ContentType;",
         "stack-trace" : "java.lang.NoSuchMethodError: org.apache.http.entity.ContentType.create(Ljava/lang/String;[Lorg/apache/http/NameValuePair;)Lorg/apache/http/entity/ContentType;\n\tat org.apache.http.entity.mime.MultipartEntityBuilder.buildEntity(MultipartEntityBuilder.java:209)\n\tat org.apache.http.entity.mime.MultipartEntityBuilder.build(MultipartEntityBuilder.java:230)\n\tat org.jenkinsci.test.acceptance.update_center.PluginMetadata.uploadTo(PluginMetadata.java:65)\n\tat org.jenkinsci.test.acceptance.po.PluginManager.installPlugins(PluginManager.java:173)\n\tat org.jenkinsci.test.acceptance.junit.WithPlugins$RuleImpl$1.doInstall(WithPlugins.java:139)\n\tat org.jenkinsci.test.acceptance.junit.WithPlugins$RuleImpl$1.installPlugins(WithPlugins.java:119)\n\tat org.jenkinsci.test.acceptance.junit.WithPlugins$RuleImpl$1.evaluate(WithPlugins.java:92)\n\tat org.jenkinsci.test.acceptance.junit.JenkinsAcceptanceTestRule$1$2$1.evaluate(JenkinsAcceptanceTestRule.java:129)\n\tat org.jenkinsci.test.acceptance.junit.FilterRule$1.evaluate(FilterRule.java:62)\n\tat org.jenkinsci.test.acceptance.junit.JenkinsAcceptanceTestRule$1.evaluate(JenkinsAcceptanceTestRule.java:55)\n\tat org.junit.runners.ParentRunner.runLeaf(ParentRunner.java:271)\n\tat org.junit.runners.BlockJUnit4ClassRunner.runChild(BlockJUnit4ClassRunner.java:70)\n\tat org.junit.runners.BlockJUnit4ClassRunner.runChild(BlockJUnit4ClassRunner.java:50)\n\tat org.junit.runners.ParentRunner$3.run(ParentRunner.java:238)\n\tat org.junit.runners.ParentRunner$1.schedule(ParentRunner.java:63)\n\tat org.junit.runners.ParentRunner.runChildren(ParentRunner.java:236)\n\tat org.junit.runners.ParentRunner.access$000(ParentRunner.java:53)\n\tat org.junit.runners.ParentRunner$2.evaluate(ParentRunner.java:229)\n\tat org.junit.runners.ParentRunner.run(ParentRunner.java:309)\n\tat org.apache.maven.surefire.junit4.JUnit4Provider.execute(JUnit4Provider.java:264)\n\tat org.apache.maven.surefire.junit4.JUnit4Provider.executeTestSet(JUnit4Provider.java:153)\n\tat org.apache.maven.surefire.junit4.JUnit4Provider.invoke(JUnit4Provider.java:124)\n\tat org.apache.maven.surefire.booter.ForkedBooter.invokeProviderInSameClassLoader(ForkedBooter.java:200)\n\tat org.apache.maven.surefire.booter.ForkedBooter.runSuitesInProcess(ForkedBooter.java:153)\n\tat org.apache.maven.surefire.booter.ForkedBooter.main(ForkedBooter.java:103)\n"
      },
      "steps" : {
         "step" : [ ]
      },
      "attachments" : {
         "attachment" : [ ]
      },
      "labels" : {
         "label" : [ {
            "name" : "host",
            "value" : "Abduls-MBP.home"
         }, {
            "name" : "thread",
            "value" : "35252@Abduls-MBP.home.main(1)"
         } ]
      }
   }
}
>>>REQUEST: /testdb/TestCase
[WARN] [10/01/2015 19:57:21.429] [default-akka.actor.default-dispatcher-87] [ActorSystem(default)] Illegal response header: Illegal 'etag' header: Invalid input '5', expected 'W' or '"' (line 1, column 1): 560dc861fbeaf7a200c9bf61
^
<<<RESPONSE (201 Created): /testdb/TestCase
running with given plugins: []
=== Starting track_change_in_matrix_project(plugins.JobConfigHistoryPluginTest)
Starting Jenkins: JAVA_HOME=/Library/Java/JavaVirtualMachines/jdk1.8.0_60.jdk/Contents/Home JENKINS_HOME=/Users/abduljewel/Documents/c/spiderqa/sample-test-projects/acceptance-test-harness/target/jenkins7132418535721402278home /Library/Java/JavaVirtualMachines/jdk1.8.0_60.jdk/Contents/Home/bin/java -Duser.language=en -jar ./jenkins.war --ajp13Port=-1 --httpPort=50602
master50602|Running from: /Users/abduljewel/Documents/c/spiderqa/sample-test-projects/acceptance-test-harness/jenkins.war
master50602|webroot: EnvVars.masterEnvVars.get("JENKINS_HOME")
master50602|Oct 01, 2015 7:57:22 PM winstone.Logger logInternal
master50602|INFO: Beginning extraction from war file
master50602|Oct 01, 2015 7:57:25 PM org.eclipse.jetty.util.log.JavaUtilLog info
master50602|INFO: jetty-winstone-2.8
master50602|Oct 01, 2015 7:57:28 PM org.eclipse.jetty.util.log.JavaUtilLog info
master50602|INFO: NO JSP Support for , did not find org.apache.jasper.servlet.JspServlet
master50602|Jenkins home directory: /Users/abduljewel/Documents/c/spiderqa/sample-test-projects/acceptance-test-harness/target/jenkins7132418535721402278home found at: EnvVars.masterEnvVars.get("JENKINS_HOME")
master50602|Oct 01, 2015 7:57:32 PM org.eclipse.jetty.util.log.JavaUtilLog info
master50602|INFO: Started SelectChannelConnector@0.0.0.0:50602
master50602|Oct 01, 2015 7:57:32 PM winstone.Logger logInternal
master50602|INFO: Winstone Servlet Engine v2.0 running: controlPort=disabled
master50602|Oct 01, 2015 7:57:33 PM jenkins.InitReactorRunner$1 onAttained
master50602|INFO: Started initialization
master50602|Oct 01, 2015 7:58:04 PM jenkins.InitReactorRunner$1 onAttained
master50602|INFO: Listed all plugins
master50602|Oct 01, 2015 7:58:04 PM jenkins.InitReactorRunner$1 onAttained
master50602|INFO: Prepared all plugins
master50602|Oct 01, 2015 7:58:04 PM jenkins.InitReactorRunner$1 onAttained
master50602|INFO: Started all plugins
master50602|Oct 01, 2015 7:58:05 PM jenkins.InitReactorRunner$1 onAttained
master50602|INFO: Augmented all extensions
master50602|Oct 01, 2015 7:58:09 PM jenkins.InitReactorRunner$1 onAttained
master50602|INFO: Loaded all jobs
master50602|Oct 01, 2015 7:58:12 PM hudson.model.AsyncPeriodicWork$1 run
master50602|INFO: Started Download metadata
master50602|Oct 01, 2015 7:58:12 PM org.jenkinsci.main.modules.sshd.SSHD start
master50602|INFO: Started SSHD at port 55031
master50602|Oct 01, 2015 7:58:12 PM jenkins.InitReactorRunner$1 onAttained
master50602|INFO: Completed initialization
master50602|Oct 01, 2015 7:58:12 PM hudson.UDPBroadcastThread run
master50602|WARNING: UDP handling problem
master50602|java.net.SocketException: Can't assign requested address
master50602|	at java.net.PlainDatagramSocketImpl.join(Native Method)
master50602|	at java.net.AbstractPlainDatagramSocketImpl.join(AbstractPlainDatagramSocketImpl.java:179)
master50602|	at java.net.MulticastSocket.joinGroup(MulticastSocket.java:323)
master50602|	at hudson.UDPBroadcastThread.run(UDPBroadcastThread.java:77)
master50602|
master50602|Oct 01, 2015 7:58:12 PM hudson.WebAppMain$3 run
master50602|INFO: Jenkins is fully up and running
master50602|Oct 01, 2015 7:58:17 PM hudson.model.UpdateSite updateData
master50602|INFO: Obtained the latest update center data file for UpdateSource default
master50602|Oct 01, 2015 7:58:18 PM hudson.model.DownloadService$Downloadable load
master50602|INFO: Obtained the updated data file for hudson.tasks.Maven.MavenInstaller
master50602|Oct 01, 2015 7:58:18 PM hudson.model.DownloadService$Downloadable load
master50602|INFO: Obtained the updated data file for hudson.tasks.Ant.AntInstaller
master50602|Oct 01, 2015 7:58:19 PM hudson.model.DownloadService$Downloadable load
master50602|INFO: Obtained the updated data file for hudson.tools.JDKInstaller
master50602|Oct 01, 2015 7:58:19 PM hudson.model.AsyncPeriodicWork$1 run
master50602|INFO: Finished Download metadata. 6,900 ms
Jenkins is stopped
]]></system-out>
    <system-err><![CDATA[Oct 01, 2015 7:57:21 PM org.jenkinsci.test.acceptance.controller.LocalController startNow
INFO: Waiting for Jenkins to become running in http://127.0.0.1:50602/
Oct 01, 2015 7:58:12 PM org.jenkinsci.test.acceptance.controller.LocalController startNow
INFO: Jenkins is running in http://127.0.0.1:50602/
Oct 01, 2015 7:58:19 PM org.jenkinsci.test.acceptance.po.PluginManager installationStatus
INFO: jobConfigHistory is not installed
Oct 01, 2015 7:58:19 PM org.jenkinsci.test.acceptance.po.PluginManager installationStatus
INFO: jobConfigHistory is not installed
Oct 01, 2015 7:58:20 PM org.jenkinsci.test.acceptance.po.PluginManager installationStatus
INFO: javadoc has version 1.1 but 1.3 was requested
]]></system-err>
  </testcase>
  <testcase name="show_simple_history" classname="plugins.JobConfigHistoryPluginTest" time="61.375">
    <error message="org.apache.http.entity.ContentType.create(Ljava/lang/String;[Lorg/apache/http/NameValuePair;)Lorg/apache/http/entity/ContentType;" type="java.lang.NoSuchMethodError">java.lang.NoSuchMethodError: org.apache.http.entity.ContentType.create(Ljava/lang/String;[Lorg/apache/http/NameValuePair;)Lorg/apache/http/entity/ContentType;
	at org.apache.http.entity.mime.MultipartEntityBuilder.buildEntity(MultipartEntityBuilder.java:209)
	at org.apache.http.entity.mime.MultipartEntityBuilder.build(MultipartEntityBuilder.java:230)
	at org.jenkinsci.test.acceptance.update_center.PluginMetadata.uploadTo(PluginMetadata.java:65)
	at org.jenkinsci.test.acceptance.po.PluginManager.installPlugins(PluginManager.java:173)
	at org.jenkinsci.test.acceptance.junit.WithPlugins$RuleImpl$1.doInstall(WithPlugins.java:139)
	at org.jenkinsci.test.acceptance.junit.WithPlugins$RuleImpl$1.installPlugins(WithPlugins.java:119)
	at org.jenkinsci.test.acceptance.junit.WithPlugins$RuleImpl$1.evaluate(WithPlugins.java:92)
	at org.jenkinsci.test.acceptance.junit.JenkinsAcceptanceTestRule$1$2$1.evaluate(JenkinsAcceptanceTestRule.java:129)
	at org.jenkinsci.test.acceptance.junit.FilterRule$1.evaluate(FilterRule.java:62)
	at org.jenkinsci.test.acceptance.junit.JenkinsAcceptanceTestRule$1.evaluate(JenkinsAcceptanceTestRule.java:55)
	at org.junit.runners.ParentRunner.runLeaf(ParentRunner.java:271)
	at org.junit.runners.BlockJUnit4ClassRunner.runChild(BlockJUnit4ClassRunner.java:70)
	at org.junit.runners.BlockJUnit4ClassRunner.runChild(BlockJUnit4ClassRunner.java:50)
	at org.junit.runners.ParentRunner$3.run(ParentRunner.java:238)
	at org.junit.runners.ParentRunner$1.schedule(ParentRunner.java:63)
	at org.junit.runners.ParentRunner.runChildren(ParentRunner.java:236)
	at org.junit.runners.ParentRunner.access$000(ParentRunner.java:53)
	at org.junit.runners.ParentRunner$2.evaluate(ParentRunner.java:229)
	at org.junit.runners.ParentRunner.run(ParentRunner.java:309)
	at org.apache.maven.surefire.junit4.JUnit4Provider.execute(JUnit4Provider.java:264)
	at org.apache.maven.surefire.junit4.JUnit4Provider.executeTestSet(JUnit4Provider.java:153)
	at org.apache.maven.surefire.junit4.JUnit4Provider.invoke(JUnit4Provider.java:124)
	at org.apache.maven.surefire.booter.ForkedBooter.invokeProviderInSameClassLoader(ForkedBooter.java:200)
	at org.apache.maven.surefire.booter.ForkedBooter.runSuitesInProcess(ForkedBooter.java:153)
	at org.apache.maven.surefire.booter.ForkedBooter.main(ForkedBooter.java:103)
</error>
    <system-out><![CDATA[testCaseResult=ru.yandex.qatools.allure.model.TestCaseResult@70f5f59d[
  name=track_change_in_matrix_project
  title=<null>
  description=<null>
  failure=ru.yandex.qatools.allure.model.Failure@74431832
  start=1443743841424
  stop=1443743901271
  status=BROKEN
  severity=<null>
  steps=[]
  attachments=[]
  labels=[ru.yandex.qatools.allure.model.Label@6fa2a006, ru.yandex.qatools.allure.model.Label@70592729]
  parameters=<null>
]
testCaseResult={
   "start" : 1443743841424,
   "stop" : 1443743901271,
   "status" : "broken",
   "name" : "track_change_in_matrix_project",
   "failure" : {
      "message" : "NoSuchMethodError: org.apache.http.entity.ContentType.create(Ljava/lang/String;[Lorg/apache/http/NameValuePair;)Lorg/apache/http/entity/ContentType;",
      "stack-trace" : "java.lang.NoSuchMethodError: org.apache.http.entity.ContentType.create(Ljava/lang/String;[Lorg/apache/http/NameValuePair;)Lorg/apache/http/entity/ContentType;\n\tat org.apache.http.entity.mime.MultipartEntityBuilder.buildEntity(MultipartEntityBuilder.java:209)\n\tat org.apache.http.entity.mime.MultipartEntityBuilder.build(MultipartEntityBuilder.java:230)\n\tat org.jenkinsci.test.acceptance.update_center.PluginMetadata.uploadTo(PluginMetadata.java:65)\n\tat org.jenkinsci.test.acceptance.po.PluginManager.installPlugins(PluginManager.java:173)\n\tat org.jenkinsci.test.acceptance.junit.WithPlugins$RuleImpl$1.doInstall(WithPlugins.java:139)\n\tat org.jenkinsci.test.acceptance.junit.WithPlugins$RuleImpl$1.installPlugins(WithPlugins.java:119)\n\tat org.jenkinsci.test.acceptance.junit.WithPlugins$RuleImpl$1.evaluate(WithPlugins.java:92)\n\tat org.jenkinsci.test.acceptance.junit.JenkinsAcceptanceTestRule$1$2$1.evaluate(JenkinsAcceptanceTestRule.java:129)\n\tat org.jenkinsci.test.acceptance.junit.FilterRule$1.evaluate(FilterRule.java:62)\n\tat org.jenkinsci.test.acceptance.junit.JenkinsAcceptanceTestRule$1.evaluate(JenkinsAcceptanceTestRule.java:55)\n\tat org.junit.runners.ParentRunner.runLeaf(ParentRunner.java:271)\n\tat org.junit.runners.BlockJUnit4ClassRunner.runChild(BlockJUnit4ClassRunner.java:70)\n\tat org.junit.runners.BlockJUnit4ClassRunner.runChild(BlockJUnit4ClassRunner.java:50)\n\tat org.junit.runners.ParentRunner$3.run(ParentRunner.java:238)\n\tat org.junit.runners.ParentRunner$1.schedule(ParentRunner.java:63)\n\tat org.junit.runners.ParentRunner.runChildren(ParentRunner.java:236)\n\tat org.junit.runners.ParentRunner.access$000(ParentRunner.java:53)\n\tat org.junit.runners.ParentRunner$2.evaluate(ParentRunner.java:229)\n\tat org.junit.runners.ParentRunner.run(ParentRunner.java:309)\n\tat org.apache.maven.surefire.junit4.JUnit4Provider.execute(JUnit4Provider.java:264)\n\tat org.apache.maven.surefire.junit4.JUnit4Provider.executeTestSet(JUnit4Provider.java:153)\n\tat org.apache.maven.surefire.junit4.JUnit4Provider.invoke(JUnit4Provider.java:124)\n\tat org.apache.maven.surefire.booter.ForkedBooter.invokeProviderInSameClassLoader(ForkedBooter.java:200)\n\tat org.apache.maven.surefire.booter.ForkedBooter.runSuitesInProcess(ForkedBooter.java:153)\n\tat org.apache.maven.surefire.booter.ForkedBooter.main(ForkedBooter.java:103)\n"
   },
   "steps" : {
      "step" : [ ]
   },
   "attachments" : {
      "attachment" : [ ]
   },
   "labels" : {
      "label" : [ {
         "name" : "host",
         "value" : "Abduls-MBP.home"
      }, {
         "name" : "thread",
         "value" : "35252@Abduls-MBP.home.main(1)"
      } ]
   }
}
testCase=ru.yandex.qatools.allure.model.TestCase@2fdf7da2[
  _id=66a4ce26-220c-44ac-9a3d-1c2b7998381d
  executionId=7701d757-07c3-4ee5-9df4-52c16ef79685
  result=ru.yandex.qatools.allure.model.TestCaseResult@70f5f59d
]
testCase={
   "_id" : "66a4ce26-220c-44ac-9a3d-1c2b7998381d",
   "executionId" : "7701d757-07c3-4ee5-9df4-52c16ef79685",
   "result" : {
      "start" : 1443743841424,
      "stop" : 1443743901271,
      "status" : "broken",
      "name" : "track_change_in_matrix_project",
      "failure" : {
         "message" : "NoSuchMethodError: org.apache.http.entity.ContentType.create(Ljava/lang/String;[Lorg/apache/http/NameValuePair;)Lorg/apache/http/entity/ContentType;",
         "stack-trace" : "java.lang.NoSuchMethodError: org.apache.http.entity.ContentType.create(Ljava/lang/String;[Lorg/apache/http/NameValuePair;)Lorg/apache/http/entity/ContentType;\n\tat org.apache.http.entity.mime.MultipartEntityBuilder.buildEntity(MultipartEntityBuilder.java:209)\n\tat org.apache.http.entity.mime.MultipartEntityBuilder.build(MultipartEntityBuilder.java:230)\n\tat org.jenkinsci.test.acceptance.update_center.PluginMetadata.uploadTo(PluginMetadata.java:65)\n\tat org.jenkinsci.test.acceptance.po.PluginManager.installPlugins(PluginManager.java:173)\n\tat org.jenkinsci.test.acceptance.junit.WithPlugins$RuleImpl$1.doInstall(WithPlugins.java:139)\n\tat org.jenkinsci.test.acceptance.junit.WithPlugins$RuleImpl$1.installPlugins(WithPlugins.java:119)\n\tat org.jenkinsci.test.acceptance.junit.WithPlugins$RuleImpl$1.evaluate(WithPlugins.java:92)\n\tat org.jenkinsci.test.acceptance.junit.JenkinsAcceptanceTestRule$1$2$1.evaluate(JenkinsAcceptanceTestRule.java:129)\n\tat org.jenkinsci.test.acceptance.junit.FilterRule$1.evaluate(FilterRule.java:62)\n\tat org.jenkinsci.test.acceptance.junit.JenkinsAcceptanceTestRule$1.evaluate(JenkinsAcceptanceTestRule.java:55)\n\tat org.junit.runners.ParentRunner.runLeaf(ParentRunner.java:271)\n\tat org.junit.runners.BlockJUnit4ClassRunner.runChild(BlockJUnit4ClassRunner.java:70)\n\tat org.junit.runners.BlockJUnit4ClassRunner.runChild(BlockJUnit4ClassRunner.java:50)\n\tat org.junit.runners.ParentRunner$3.run(ParentRunner.java:238)\n\tat org.junit.runners.ParentRunner$1.schedule(ParentRunner.java:63)\n\tat org.junit.runners.ParentRunner.runChildren(ParentRunner.java:236)\n\tat org.junit.runners.ParentRunner.access$000(ParentRunner.java:53)\n\tat org.junit.runners.ParentRunner$2.evaluate(ParentRunner.java:229)\n\tat org.junit.runners.ParentRunner.run(ParentRunner.java:309)\n\tat org.apache.maven.surefire.junit4.JUnit4Provider.execute(JUnit4Provider.java:264)\n\tat org.apache.maven.surefire.junit4.JUnit4Provider.executeTestSet(JUnit4Provider.java:153)\n\tat org.apache.maven.surefire.junit4.JUnit4Provider.invoke(JUnit4Provider.java:124)\n\tat org.apache.maven.surefire.booter.ForkedBooter.invokeProviderInSameClassLoader(ForkedBooter.java:200)\n\tat org.apache.maven.surefire.booter.ForkedBooter.runSuitesInProcess(ForkedBooter.java:153)\n\tat org.apache.maven.surefire.booter.ForkedBooter.main(ForkedBooter.java:103)\n"
      },
      "steps" : {
         "step" : [ ]
      },
      "attachments" : {
         "attachment" : [ ]
      },
      "labels" : {
         "label" : [ {
            "name" : "host",
            "value" : "Abduls-MBP.home"
         }, {
            "name" : "thread",
            "value" : "35252@Abduls-MBP.home.main(1)"
         } ]
      }
   }
}
>>>REQUEST: /testdb/TestCase
[WARN] [10/01/2015 19:58:21.292] [default-akka.actor.default-dispatcher-116] [ActorSystem(default)] Illegal response header: Illegal 'etag' header: Invalid input '5', expected 'W' or '"' (line 1, column 1): 560dc89dfbeaf7a200c9bf66
^
<<<RESPONSE (201 Created): /testdb/TestCase
running with given plugins: []
=== Starting show_simple_history(plugins.JobConfigHistoryPluginTest)
Starting Jenkins: JAVA_HOME=/Library/Java/JavaVirtualMachines/jdk1.8.0_60.jdk/Contents/Home JENKINS_HOME=/Users/abduljewel/Documents/c/spiderqa/sample-test-projects/acceptance-test-harness/target/jenkins9076133654374723253home /Library/Java/JavaVirtualMachines/jdk1.8.0_60.jdk/Contents/Home/bin/java -Duser.language=en -jar ./jenkins.war --ajp13Port=-1 --httpPort=52664
master52664|Running from: /Users/abduljewel/Documents/c/spiderqa/sample-test-projects/acceptance-test-harness/jenkins.war
master52664|webroot: EnvVars.masterEnvVars.get("JENKINS_HOME")
master52664|Oct 01, 2015 7:58:21 PM winstone.Logger logInternal
master52664|INFO: Beginning extraction from war file
master52664|Oct 01, 2015 7:58:24 PM org.eclipse.jetty.util.log.JavaUtilLog info
master52664|INFO: jetty-winstone-2.8
master52664|Oct 01, 2015 7:58:27 PM org.eclipse.jetty.util.log.JavaUtilLog info
master52664|INFO: NO JSP Support for , did not find org.apache.jasper.servlet.JspServlet
master52664|Jenkins home directory: /Users/abduljewel/Documents/c/spiderqa/sample-test-projects/acceptance-test-harness/target/jenkins9076133654374723253home found at: EnvVars.masterEnvVars.get("JENKINS_HOME")
master52664|Oct 01, 2015 7:58:30 PM org.eclipse.jetty.util.log.JavaUtilLog info
master52664|INFO: Started SelectChannelConnector@0.0.0.0:52664
master52664|Oct 01, 2015 7:58:30 PM winstone.Logger logInternal
master52664|INFO: Winstone Servlet Engine v2.0 running: controlPort=disabled
master52664|Oct 01, 2015 7:58:30 PM jenkins.InitReactorRunner$1 onAttained
master52664|INFO: Started initialization
master52664|Oct 01, 2015 7:59:04 PM jenkins.InitReactorRunner$1 onAttained
master52664|INFO: Listed all plugins
master52664|Oct 01, 2015 7:59:04 PM jenkins.InitReactorRunner$1 onAttained
master52664|INFO: Prepared all plugins
master52664|Oct 01, 2015 7:59:04 PM jenkins.InitReactorRunner$1 onAttained
master52664|INFO: Started all plugins
master52664|Oct 01, 2015 7:59:04 PM jenkins.InitReactorRunner$1 onAttained
master52664|INFO: Augmented all extensions
master52664|Oct 01, 2015 7:59:09 PM jenkins.InitReactorRunner$1 onAttained
master52664|INFO: Loaded all jobs
master52664|Oct 01, 2015 7:59:13 PM hudson.model.AsyncPeriodicWork$1 run
master52664|INFO: Started Download metadata
master52664|Oct 01, 2015 7:59:14 PM org.jenkinsci.main.modules.sshd.SSHD start
master52664|INFO: Started SSHD at port 55583
master52664|Oct 01, 2015 7:59:14 PM jenkins.InitReactorRunner$1 onAttained
master52664|INFO: Completed initialization
master52664|Oct 01, 2015 7:59:14 PM hudson.UDPBroadcastThread run
master52664|WARNING: UDP handling problem
master52664|java.net.SocketException: Can't assign requested address
master52664|	at java.net.PlainDatagramSocketImpl.join(Native Method)
master52664|	at java.net.AbstractPlainDatagramSocketImpl.join(AbstractPlainDatagramSocketImpl.java:179)
master52664|	at java.net.MulticastSocket.joinGroup(MulticastSocket.java:323)
master52664|	at hudson.UDPBroadcastThread.run(UDPBroadcastThread.java:77)
master52664|
master52664|Oct 01, 2015 7:59:14 PM hudson.WebAppMain$3 run
master52664|INFO: Jenkins is fully up and running
master52664|Oct 01, 2015 7:59:17 PM hudson.model.UpdateSite updateData
master52664|INFO: Obtained the latest update center data file for UpdateSource default
master52664|Oct 01, 2015 7:59:17 PM hudson.model.DownloadService$Downloadable load
master52664|INFO: Obtained the updated data file for hudson.tasks.Maven.MavenInstaller
master52664|Oct 01, 2015 7:59:17 PM hudson.model.DownloadService$Downloadable load
master52664|INFO: Obtained the updated data file for hudson.tasks.Ant.AntInstaller
master52664|Oct 01, 2015 7:59:18 PM hudson.model.DownloadService$Downloadable load
master52664|INFO: Obtained the updated data file for hudson.tools.JDKInstaller
master52664|Oct 01, 2015 7:59:18 PM hudson.model.AsyncPeriodicWork$1 run
master52664|INFO: Finished Download metadata. 4,643 ms
Jenkins is stopped
]]></system-out>
    <system-err><![CDATA[Oct 01, 2015 7:58:21 PM org.jenkinsci.test.acceptance.controller.LocalController startNow
INFO: Waiting for Jenkins to become running in http://127.0.0.1:52664/
Oct 01, 2015 7:59:14 PM org.jenkinsci.test.acceptance.controller.LocalController startNow
INFO: Jenkins is running in http://127.0.0.1:52664/
Oct 01, 2015 7:59:20 PM org.jenkinsci.test.acceptance.po.PluginManager installationStatus
INFO: jobConfigHistory is not installed
Oct 01, 2015 7:59:20 PM org.jenkinsci.test.acceptance.po.PluginManager installationStatus
INFO: jobConfigHistory is not installed
Oct 01, 2015 7:59:22 PM org.jenkinsci.test.acceptance.po.PluginManager installationStatus
INFO: javadoc has version 1.1 but 1.3 was requested
]]></system-err>
  </testcase>
</testsuite>