<?xml version="1.0" encoding="UTF-8"?>
<testsuite name="plugins.OpenstackCloudPluginTest" time="0" tests="4" errors="0" skipped="4" failures="0">
  <properties>
    <property name="java.runtime.name" value="Java(TM) SE Runtime Environment"/>
    <property name="sun.boot.library.path" value="/Library/Java/JavaVirtualMachines/jdk1.8.0_60.jdk/Contents/Home/jre/lib"/>
    <property name="java.vm.version" value="25.60-b23"/>
    <property name="gopherProxySet" value="false"/>
    <property name="java.vm.vendor" value="Oracle Corporation"/>
    <property name="maven.multiModuleProjectDirectory" value="/Users/abduljewel/Documents/c/spiderqa/sample-test-projects/acceptance-test-harness"/>
    <property name="java.vendor.url" value="http://java.oracle.com/"/>
    <property name="path.separator" value=":"/>
    <property name="guice.disable.misplaced.annotation.check" value="true"/>
    <property name="java.vm.name" value="Java HotSpot(TM) 64-Bit Server VM"/>
    <property name="file.encoding.pkg" value="sun.io"/>
    <property name="user.country" value="US"/>
    <property name="sun.java.launcher" value="SUN_STANDARD"/>
    <property name="sun.os.patch.level" value="unknown"/>
    <property name="java.vm.specification.name" value="Java Virtual Machine Specification"/>
    <property name="user.dir" value="/Users/abduljewel/Documents/c/spiderqa/sample-test-projects/acceptance-test-harness"/>
    <property name="java.runtime.version" value="1.8.0_60-b27"/>
    <property name="java.awt.graphicsenv" value="sun.awt.CGraphicsEnvironment"/>
    <property name="java.endorsed.dirs" value="/Library/Java/JavaVirtualMachines/jdk1.8.0_60.jdk/Contents/Home/jre/lib/endorsed"/>
    <property name="os.arch" value="x86_64"/>
    <property name="java.io.tmpdir" value="/var/folders/lk/l859yg616c9cbtgfnt9szgjc0000gn/T/"/>
    <property name="line.separator" value="&#10;"/>
    <property name="java.vm.specification.vendor" value="Oracle Corporation"/>
    <property name="os.name" value="Mac OS X"/>
    <property name="classworlds.conf" value="/usr/local/Cellar/maven/3.3.3/libexec/bin/m2.conf"/>
    <property name="sun.jnu.encoding" value="UTF-8"/>
    <property name="java.library.path" value="/Users/abduljewel/Library/Java/Extensions:/Library/Java/Extensions:/Network/Library/Java/Extensions:/System/Library/Java/Extensions:/usr/lib/java:."/>
    <property name="java.specification.name" value="Java Platform API Specification"/>
    <property name="java.class.version" value="52.0"/>
    <property name="sun.management.compiler" value="HotSpot 64-Bit Tiered Compilers"/>
    <property name="os.version" value="10.10.5"/>
    <property name="http.nonProxyHosts" value="local|*.local|169.254/16|*.169.254/16"/>
    <property name="user.home" value="/Users/abduljewel"/>
    <property name="user.timezone" value="America/New_York"/>
    <property name="java.awt.printerjob" value="sun.lwawt.macosx.CPrinterJob"/>
    <property name="java.specification.version" value="1.8"/>
    <property name="file.encoding" value="UTF-8"/>
    <property name="user.name" value="abduljewel"/>
    <property name="java.class.path" value="/usr/local/Cellar/maven/3.3.3/libexec/boot/plexus-classworlds-2.5.2.jar"/>
    <property name="java.vm.specification.version" value="1.8"/>
    <property name="sun.arch.data.model" value="64"/>
    <property name="java.home" value="/Library/Java/JavaVirtualMachines/jdk1.8.0_60.jdk/Contents/Home/jre"/>
    <property name="sun.java.command" value="org.codehaus.plexus.classworlds.launcher.Launcher clean test"/>
    <property name="java.specification.vendor" value="Oracle Corporation"/>
    <property name="user.language" value="en"/>
    <property name="awt.toolkit" value="sun.lwawt.macosx.LWCToolkit"/>
    <property name="java.vm.info" value="mixed mode"/>
    <property name="java.version" value="1.8.0_60"/>
    <property name="java.ext.dirs" value="/Users/abduljewel/Library/Java/Extensions:/Library/Java/JavaVirtualMachines/jdk1.8.0_60.jdk/Contents/Home/jre/lib/ext:/Library/Java/Extensions:/Network/Library/Java/Extensions:/System/Library/Java/Extensions:/usr/lib/java"/>
    <property name="sun.boot.class.path" value="/Library/Java/JavaVirtualMachines/jdk1.8.0_60.jdk/Contents/Home/jre/lib/resources.jar:/Library/Java/JavaVirtualMachines/jdk1.8.0_60.jdk/Contents/Home/jre/lib/rt.jar:/Library/Java/JavaVirtualMachines/jdk1.8.0_60.jdk/Contents/Home/jre/lib/sunrsasign.jar:/Library/Java/JavaVirtualMachines/jdk1.8.0_60.jdk/Contents/Home/jre/lib/jsse.jar:/Library/Java/JavaVirtualMachines/jdk1.8.0_60.jdk/Contents/Home/jre/lib/jce.jar:/Library/Java/JavaVirtualMachines/jdk1.8.0_60.jdk/Contents/Home/jre/lib/charsets.jar:/Library/Java/JavaVirtualMachines/jdk1.8.0_60.jdk/Contents/Home/jre/lib/jfr.jar:/Library/Java/JavaVirtualMachines/jdk1.8.0_60.jdk/Contents/Home/jre/classes"/>
    <property name="java.vendor" value="Oracle Corporation"/>
    <property name="maven.home" value="/usr/local/Cellar/maven/3.3.3/libexec"/>
    <property name="file.separator" value="/"/>
    <property name="java.vendor.url.bug" value="http://bugreport.sun.com/bugreport/"/>
    <property name="sun.cpu.endian" value="little"/>
    <property name="sun.io.unicode.encoding" value="UnicodeBig"/>
    <property name="socksNonProxyHosts" value="local|*.local|169.254/16|*.169.254/16"/>
    <property name="ftp.nonProxyHosts" value="local|*.local|169.254/16|*.169.254/16"/>
    <property name="sun.cpu.isalist" value=""/>
  </properties>
  <testcase name="testConnection" classname="plugins.OpenstackCloudPluginTest" time="0">
    <skipped/>
    <system-out><![CDATA[testCaseResult=ru.yandex.qatools.allure.model.TestCaseResult@6104691c[
  name=use_job_parameters_in_combination_filters
  title=<null>
  description=<null>
  failure=<null>
  start=1443744397391
  stop=1443744484863
  status=PASSED
  severity=<null>
  steps=[]
  attachments=[]
  labels=[ru.yandex.qatools.allure.model.Label@195cbf5e, ru.yandex.qatools.allure.model.Label@4cb82b09]
  parameters=<null>
]
testCaseResult={
   "start" : 1443744397391,
   "stop" : 1443744484863,
   "status" : "passed",
   "name" : "use_job_parameters_in_combination_filters",
   "steps" : {
      "step" : [ ]
   },
   "attachments" : {
      "attachment" : [ ]
   },
   "labels" : {
      "label" : [ {
         "name" : "host",
         "value" : "Abduls-MBP.home"
      }, {
         "name" : "thread",
         "value" : "35253@Abduls-MBP.home.main(1)"
      } ]
   }
}
testCase=ru.yandex.qatools.allure.model.TestCase@49665f92[
  _id=cc63eb3d-c93b-4a87-ae51-905267c6f8db
  executionId=1bbf0610-8745-4dcf-b9b8-2ceab706f093
  result=ru.yandex.qatools.allure.model.TestCaseResult@6104691c
]
testCase={
   "_id" : "cc63eb3d-c93b-4a87-ae51-905267c6f8db",
   "executionId" : "1bbf0610-8745-4dcf-b9b8-2ceab706f093",
   "result" : {
      "start" : 1443744397391,
      "stop" : 1443744484863,
      "status" : "passed",
      "name" : "use_job_parameters_in_combination_filters",
      "steps" : {
         "step" : [ ]
      },
      "attachments" : {
         "attachment" : [ ]
      },
      "labels" : {
         "label" : [ {
            "name" : "host",
            "value" : "Abduls-MBP.home"
         }, {
            "name" : "thread",
            "value" : "35253@Abduls-MBP.home.main(1)"
         } ]
      }
   }
}
>>>REQUEST: /testdb/TestCase
[WARN] [10/01/2015 20:08:04.875] [default-akka.actor.default-dispatcher-149] [ActorSystem(default)] Illegal response header: Illegal 'etag' header: Invalid input '5', expected 'W' or '"' (line 1, column 1): 560dcae4fbeaf7a200c9bf8d
^
<<<RESPONSE (201 Created): /testdb/TestCase
running with given plugins: []
=== Starting testConnection(plugins.OpenstackCloudPluginTest)
Skipping testConnection(plugins.OpenstackCloudPluginTest): Required property not provided: OpenstackCloudPluginTest.ENDPOINT
]]></system-out>
  </testcase>
  <testcase name="scheduleMatrixWithoutLabel" classname="plugins.OpenstackCloudPluginTest" time="0">
    <skipped/>
    <system-out><![CDATA[testCaseResult=ru.yandex.qatools.allure.model.TestCaseResult@4db16677[
  name=testConnection
  title=<null>
  description=<null>
  failure=ru.yandex.qatools.allure.model.Failure@6abb44cb
  start=1443744484889
  stop=1443744484921
  status=CANCELED
  severity=<null>
  steps=[]
  attachments=[]
  labels=[ru.yandex.qatools.allure.model.Label@41ddec69, ru.yandex.qatools.allure.model.Label@5e3cb58e]
  parameters=<null>
]
testCaseResult={
   "start" : 1443744484889,
   "stop" : 1443744484921,
   "status" : "canceled",
   "name" : "testConnection",
   "failure" : {
      "message" : "AssumptionViolatedException: Required property not provided: OpenstackCloudPluginTest.ENDPOINT",
      "stack-trace" : "org.junit.internal.AssumptionViolatedException: Required property not provided: OpenstackCloudPluginTest.ENDPOINT\n\tat org.jenkinsci.test.acceptance.junit.TestActivation$RuleImpl$1.check(TestActivation.java:84)\n\tat org.jenkinsci.test.acceptance.junit.TestActivation$RuleImpl$1.evaluate(TestActivation.java:71)\n\tat org.jenkinsci.test.acceptance.junit.JenkinsAcceptanceTestRule$1.evaluate(JenkinsAcceptanceTestRule.java:55)\n\tat org.junit.runners.ParentRunner.runLeaf(ParentRunner.java:271)\n\tat org.junit.runners.BlockJUnit4ClassRunner.runChild(BlockJUnit4ClassRunner.java:70)\n\tat org.junit.runners.BlockJUnit4ClassRunner.runChild(BlockJUnit4ClassRunner.java:50)\n\tat org.junit.runners.ParentRunner$3.run(ParentRunner.java:238)\n\tat org.junit.runners.ParentRunner$1.schedule(ParentRunner.java:63)\n\tat org.junit.runners.ParentRunner.runChildren(ParentRunner.java:236)\n\tat org.junit.runners.ParentRunner.access$000(ParentRunner.java:53)\n\tat org.junit.runners.ParentRunner$2.evaluate(ParentRunner.java:229)\n\tat org.junit.runners.ParentRunner.run(ParentRunner.java:309)\n\tat org.apache.maven.surefire.junit4.JUnit4Provider.execute(JUnit4Provider.java:264)\n\tat org.apache.maven.surefire.junit4.JUnit4Provider.executeTestSet(JUnit4Provider.java:153)\n\tat org.apache.maven.surefire.junit4.JUnit4Provider.invoke(JUnit4Provider.java:124)\n\tat org.apache.maven.surefire.booter.ForkedBooter.invokeProviderInSameClassLoader(ForkedBooter.java:200)\n\tat org.apache.maven.surefire.booter.ForkedBooter.runSuitesInProcess(ForkedBooter.java:153)\n\tat org.apache.maven.surefire.booter.ForkedBooter.main(ForkedBooter.java:103)\n"
   },
   "steps" : {
      "step" : [ ]
   },
   "attachments" : {
      "attachment" : [ ]
   },
   "labels" : {
      "label" : [ {
         "name" : "host",
         "value" : "Abduls-MBP.home"
      }, {
         "name" : "thread",
         "value" : "35253@Abduls-MBP.home.main(1)"
      } ]
   }
}
testCase=ru.yandex.qatools.allure.model.TestCase@18f8e2e0[
  _id=e338eea2-6c72-489e-9fb4-ec1a06c85b08
  executionId=1bbf0610-8745-4dcf-b9b8-2ceab706f093
  result=ru.yandex.qatools.allure.model.TestCaseResult@4db16677
]
testCase={
   "_id" : "e338eea2-6c72-489e-9fb4-ec1a06c85b08",
   "executionId" : "1bbf0610-8745-4dcf-b9b8-2ceab706f093",
   "result" : {
      "start" : 1443744484889,
      "stop" : 1443744484921,
      "status" : "canceled",
      "name" : "testConnection",
      "failure" : {
         "message" : "AssumptionViolatedException: Required property not provided: OpenstackCloudPluginTest.ENDPOINT",
         "stack-trace" : "org.junit.internal.AssumptionViolatedException: Required property not provided: OpenstackCloudPluginTest.ENDPOINT\n\tat org.jenkinsci.test.acceptance.junit.TestActivation$RuleImpl$1.check(TestActivation.java:84)\n\tat org.jenkinsci.test.acceptance.junit.TestActivation$RuleImpl$1.evaluate(TestActivation.java:71)\n\tat org.jenkinsci.test.acceptance.junit.JenkinsAcceptanceTestRule$1.evaluate(JenkinsAcceptanceTestRule.java:55)\n\tat org.junit.runners.ParentRunner.runLeaf(ParentRunner.java:271)\n\tat org.junit.runners.BlockJUnit4ClassRunner.runChild(BlockJUnit4ClassRunner.java:70)\n\tat org.junit.runners.BlockJUnit4ClassRunner.runChild(BlockJUnit4ClassRunner.java:50)\n\tat org.junit.runners.ParentRunner$3.run(ParentRunner.java:238)\n\tat org.junit.runners.ParentRunner$1.schedule(ParentRunner.java:63)\n\tat org.junit.runners.ParentRunner.runChildren(ParentRunner.java:236)\n\tat org.junit.runners.ParentRunner.access$000(ParentRunner.java:53)\n\tat org.junit.runners.ParentRunner$2.evaluate(ParentRunner.java:229)\n\tat org.junit.runners.ParentRunner.run(ParentRunner.java:309)\n\tat org.apache.maven.surefire.junit4.JUnit4Provider.execute(JUnit4Provider.java:264)\n\tat org.apache.maven.surefire.junit4.JUnit4Provider.executeTestSet(JUnit4Provider.java:153)\n\tat org.apache.maven.surefire.junit4.JUnit4Provider.invoke(JUnit4Provider.java:124)\n\tat org.apache.maven.surefire.booter.ForkedBooter.invokeProviderInSameClassLoader(ForkedBooter.java:200)\n\tat org.apache.maven.surefire.booter.ForkedBooter.runSuitesInProcess(ForkedBooter.java:153)\n\tat org.apache.maven.surefire.booter.ForkedBooter.main(ForkedBooter.java:103)\n"
      },
      "steps" : {
         "step" : [ ]
      },
      "attachments" : {
         "attachment" : [ ]
      },
      "labels" : {
         "label" : [ {
            "name" : "host",
            "value" : "Abduls-MBP.home"
         }, {
            "name" : "thread",
            "value" : "35253@Abduls-MBP.home.main(1)"
         } ]
      }
   }
}
>>>REQUEST: /testdb/TestCase
[WARN] [10/01/2015 20:08:04.927] [default-akka.actor.default-dispatcher-151] [ActorSystem(default)] Illegal response header: Illegal 'etag' header: Invalid input '5', expected 'W' or '"' (line 1, column 1): 560dcae4fbeaf7a200c9bf8e
^
<<<RESPONSE (201 Created): /testdb/TestCase
running with given plugins: []
=== Starting scheduleMatrixWithoutLabel(plugins.OpenstackCloudPluginTest)
Skipping scheduleMatrixWithoutLabel(plugins.OpenstackCloudPluginTest): Required property not provided: OpenstackCloudPluginTest.HARDWARE_ID
]]></system-out>
  </testcase>
  <testcase name="provisionSshSlave" classname="plugins.OpenstackCloudPluginTest" time="0">
    <skipped/>
    <system-out><![CDATA[testCaseResult=ru.yandex.qatools.allure.model.TestCaseResult@5a6af2c4[
  name=scheduleMatrixWithoutLabel
  title=<null>
  description=<null>
  failure=ru.yandex.qatools.allure.model.Failure@123c48d0
  start=1443744484925
  stop=1443744484938
  status=CANCELED
  severity=<null>
  steps=[]
  attachments=[]
  labels=[ru.yandex.qatools.allure.model.Label@14fff5e7, ru.yandex.qatools.allure.model.Label@1203d787]
  parameters=<null>
]
testCaseResult={
   "start" : 1443744484925,
   "stop" : 1443744484938,
   "status" : "canceled",
   "name" : "scheduleMatrixWithoutLabel",
   "failure" : {
      "message" : "AssumptionViolatedException: Required property not provided: OpenstackCloudPluginTest.HARDWARE_ID",
      "stack-trace" : "org.junit.internal.AssumptionViolatedException: Required property not provided: OpenstackCloudPluginTest.HARDWARE_ID\n\tat org.jenkinsci.test.acceptance.junit.TestActivation$RuleImpl$1.check(TestActivation.java:84)\n\tat org.jenkinsci.test.acceptance.junit.TestActivation$RuleImpl$1.evaluate(TestActivation.java:70)\n\tat org.jenkinsci.test.acceptance.junit.JenkinsAcceptanceTestRule$1.evaluate(JenkinsAcceptanceTestRule.java:55)\n\tat org.junit.runners.ParentRunner.runLeaf(ParentRunner.java:271)\n\tat org.junit.runners.BlockJUnit4ClassRunner.runChild(BlockJUnit4ClassRunner.java:70)\n\tat org.junit.runners.BlockJUnit4ClassRunner.runChild(BlockJUnit4ClassRunner.java:50)\n\tat org.junit.runners.ParentRunner$3.run(ParentRunner.java:238)\n\tat org.junit.runners.ParentRunner$1.schedule(ParentRunner.java:63)\n\tat org.junit.runners.ParentRunner.runChildren(ParentRunner.java:236)\n\tat org.junit.runners.ParentRunner.access$000(ParentRunner.java:53)\n\tat org.junit.runners.ParentRunner$2.evaluate(ParentRunner.java:229)\n\tat org.junit.runners.ParentRunner.run(ParentRunner.java:309)\n\tat org.apache.maven.surefire.junit4.JUnit4Provider.execute(JUnit4Provider.java:264)\n\tat org.apache.maven.surefire.junit4.JUnit4Provider.executeTestSet(JUnit4Provider.java:153)\n\tat org.apache.maven.surefire.junit4.JUnit4Provider.invoke(JUnit4Provider.java:124)\n\tat org.apache.maven.surefire.booter.ForkedBooter.invokeProviderInSameClassLoader(ForkedBooter.java:200)\n\tat org.apache.maven.surefire.booter.ForkedBooter.runSuitesInProcess(ForkedBooter.java:153)\n\tat org.apache.maven.surefire.booter.ForkedBooter.main(ForkedBooter.java:103)\n"
   },
   "steps" : {
      "step" : [ ]
   },
   "attachments" : {
      "attachment" : [ ]
   },
   "labels" : {
      "label" : [ {
         "name" : "host",
         "value" : "Abduls-MBP.home"
      }, {
         "name" : "thread",
         "value" : "35253@Abduls-MBP.home.main(1)"
      } ]
   }
}
testCase=ru.yandex.qatools.allure.model.TestCase@1f72fbd1[
  _id=2a6c74f4-d898-476b-b2b9-4bca4582ed03
  executionId=1bbf0610-8745-4dcf-b9b8-2ceab706f093
  result=ru.yandex.qatools.allure.model.TestCaseResult@5a6af2c4
]
testCase={
   "_id" : "2a6c74f4-d898-476b-b2b9-4bca4582ed03",
   "executionId" : "1bbf0610-8745-4dcf-b9b8-2ceab706f093",
   "result" : {
      "start" : 1443744484925,
      "stop" : 1443744484938,
      "status" : "canceled",
      "name" : "scheduleMatrixWithoutLabel",
      "failure" : {
         "message" : "AssumptionViolatedException: Required property not provided: OpenstackCloudPluginTest.HARDWARE_ID",
         "stack-trace" : "org.junit.internal.AssumptionViolatedException: Required property not provided: OpenstackCloudPluginTest.HARDWARE_ID\n\tat org.jenkinsci.test.acceptance.junit.TestActivation$RuleImpl$1.check(TestActivation.java:84)\n\tat org.jenkinsci.test.acceptance.junit.TestActivation$RuleImpl$1.evaluate(TestActivation.java:70)\n\tat org.jenkinsci.test.acceptance.junit.JenkinsAcceptanceTestRule$1.evaluate(JenkinsAcceptanceTestRule.java:55)\n\tat org.junit.runners.ParentRunner.runLeaf(ParentRunner.java:271)\n\tat org.junit.runners.BlockJUnit4ClassRunner.runChild(BlockJUnit4ClassRunner.java:70)\n\tat org.junit.runners.BlockJUnit4ClassRunner.runChild(BlockJUnit4ClassRunner.java:50)\n\tat org.junit.runners.ParentRunner$3.run(ParentRunner.java:238)\n\tat org.junit.runners.ParentRunner$1.schedule(ParentRunner.java:63)\n\tat org.junit.runners.ParentRunner.runChildren(ParentRunner.java:236)\n\tat org.junit.runners.ParentRunner.access$000(ParentRunner.java:53)\n\tat org.junit.runners.ParentRunner$2.evaluate(ParentRunner.java:229)\n\tat org.junit.runners.ParentRunner.run(ParentRunner.java:309)\n\tat org.apache.maven.surefire.junit4.JUnit4Provider.execute(JUnit4Provider.java:264)\n\tat org.apache.maven.surefire.junit4.JUnit4Provider.executeTestSet(JUnit4Provider.java:153)\n\tat org.apache.maven.surefire.junit4.JUnit4Provider.invoke(JUnit4Provider.java:124)\n\tat org.apache.maven.surefire.booter.ForkedBooter.invokeProviderInSameClassLoader(ForkedBooter.java:200)\n\tat org.apache.maven.surefire.booter.ForkedBooter.runSuitesInProcess(ForkedBooter.java:153)\n\tat org.apache.maven.surefire.booter.ForkedBooter.main(ForkedBooter.java:103)\n"
      },
      "steps" : {
         "step" : [ ]
      },
      "attachments" : {
         "attachment" : [ ]
      },
      "labels" : {
         "label" : [ {
            "name" : "host",
            "value" : "Abduls-MBP.home"
         }, {
            "name" : "thread",
            "value" : "35253@Abduls-MBP.home.main(1)"
         } ]
      }
   }
}
>>>REQUEST: /testdb/TestCase
[WARN] [10/01/2015 20:08:04.944] [default-akka.actor.default-dispatcher-136] [ActorSystem(default)] Illegal response header: Illegal 'etag' header: Invalid input '5', expected 'W' or '"' (line 1, column 1): 560dcae4fbeaf7a200c9bf8f
^
<<<RESPONSE (201 Created): /testdb/TestCase
running with given plugins: []
=== Starting provisionSshSlave(plugins.OpenstackCloudPluginTest)
Skipping provisionSshSlave(plugins.OpenstackCloudPluginTest): Required property not provided: OpenstackCloudPluginTest.HARDWARE_ID
]]></system-out>
  </testcase>
  <testcase name="provisionJnlpSlave" classname="plugins.OpenstackCloudPluginTest" time="0">
    <skipped/>
    <system-out><![CDATA[testCaseResult=ru.yandex.qatools.allure.model.TestCaseResult@6942ee48[
  name=provisionSshSlave
  title=<null>
  description=<null>
  failure=ru.yandex.qatools.allure.model.Failure@3f033664
  start=1443744484942
  stop=1443744484997
  status=CANCELED
  severity=<null>
  steps=[]
  attachments=[]
  labels=[ru.yandex.qatools.allure.model.Label@6abd8bcd, ru.yandex.qatools.allure.model.Label@70cd122]
  parameters=<null>
]
testCaseResult={
   "start" : 1443744484942,
   "stop" : 1443744484997,
   "status" : "canceled",
   "name" : "provisionSshSlave",
   "failure" : {
      "message" : "AssumptionViolatedException: Required property not provided: OpenstackCloudPluginTest.HARDWARE_ID",
      "stack-trace" : "org.junit.internal.AssumptionViolatedException: Required property not provided: OpenstackCloudPluginTest.HARDWARE_ID\n\tat org.jenkinsci.test.acceptance.junit.TestActivation$RuleImpl$1.check(TestActivation.java:84)\n\tat org.jenkinsci.test.acceptance.junit.TestActivation$RuleImpl$1.evaluate(TestActivation.java:70)\n\tat org.jenkinsci.test.acceptance.junit.JenkinsAcceptanceTestRule$1.evaluate(JenkinsAcceptanceTestRule.java:55)\n\tat org.junit.runners.ParentRunner.runLeaf(ParentRunner.java:271)\n\tat org.junit.runners.BlockJUnit4ClassRunner.runChild(BlockJUnit4ClassRunner.java:70)\n\tat org.junit.runners.BlockJUnit4ClassRunner.runChild(BlockJUnit4ClassRunner.java:50)\n\tat org.junit.runners.ParentRunner$3.run(ParentRunner.java:238)\n\tat org.junit.runners.ParentRunner$1.schedule(ParentRunner.java:63)\n\tat org.junit.runners.ParentRunner.runChildren(ParentRunner.java:236)\n\tat org.junit.runners.ParentRunner.access$000(ParentRunner.java:53)\n\tat org.junit.runners.ParentRunner$2.evaluate(ParentRunner.java:229)\n\tat org.junit.runners.ParentRunner.run(ParentRunner.java:309)\n\tat org.apache.maven.surefire.junit4.JUnit4Provider.execute(JUnit4Provider.java:264)\n\tat org.apache.maven.surefire.junit4.JUnit4Provider.executeTestSet(JUnit4Provider.java:153)\n\tat org.apache.maven.surefire.junit4.JUnit4Provider.invoke(JUnit4Provider.java:124)\n\tat org.apache.maven.surefire.booter.ForkedBooter.invokeProviderInSameClassLoader(ForkedBooter.java:200)\n\tat org.apache.maven.surefire.booter.ForkedBooter.runSuitesInProcess(ForkedBooter.java:153)\n\tat org.apache.maven.surefire.booter.ForkedBooter.main(ForkedBooter.java:103)\n"
   },
   "steps" : {
      "step" : [ ]
   },
   "attachments" : {
      "attachment" : [ ]
   },
   "labels" : {
      "label" : [ {
         "name" : "host",
         "value" : "Abduls-MBP.home"
      }, {
         "name" : "thread",
         "value" : "35253@Abduls-MBP.home.main(1)"
      } ]
   }
}
testCase=ru.yandex.qatools.allure.model.TestCase@79424f25[
  _id=6d47f1c0-71bc-4507-96d3-0627daf00ecd
  executionId=1bbf0610-8745-4dcf-b9b8-2ceab706f093
  result=ru.yandex.qatools.allure.model.TestCaseResult@6942ee48
]
testCase={
   "_id" : "6d47f1c0-71bc-4507-96d3-0627daf00ecd",
   "executionId" : "1bbf0610-8745-4dcf-b9b8-2ceab706f093",
   "result" : {
      "start" : 1443744484942,
      "stop" : 1443744484997,
      "status" : "canceled",
      "name" : "provisionSshSlave",
      "failure" : {
         "message" : "AssumptionViolatedException: Required property not provided: OpenstackCloudPluginTest.HARDWARE_ID",
         "stack-trace" : "org.junit.internal.AssumptionViolatedException: Required property not provided: OpenstackCloudPluginTest.HARDWARE_ID\n\tat org.jenkinsci.test.acceptance.junit.TestActivation$RuleImpl$1.check(TestActivation.java:84)\n\tat org.jenkinsci.test.acceptance.junit.TestActivation$RuleImpl$1.evaluate(TestActivation.java:70)\n\tat org.jenkinsci.test.acceptance.junit.JenkinsAcceptanceTestRule$1.evaluate(JenkinsAcceptanceTestRule.java:55)\n\tat org.junit.runners.ParentRunner.runLeaf(ParentRunner.java:271)\n\tat org.junit.runners.BlockJUnit4ClassRunner.runChild(BlockJUnit4ClassRunner.java:70)\n\tat org.junit.runners.BlockJUnit4ClassRunner.runChild(BlockJUnit4ClassRunner.java:50)\n\tat org.junit.runners.ParentRunner$3.run(ParentRunner.java:238)\n\tat org.junit.runners.ParentRunner$1.schedule(ParentRunner.java:63)\n\tat org.junit.runners.ParentRunner.runChildren(ParentRunner.java:236)\n\tat org.junit.runners.ParentRunner.access$000(ParentRunner.java:53)\n\tat org.junit.runners.ParentRunner$2.evaluate(ParentRunner.java:229)\n\tat org.junit.runners.ParentRunner.run(ParentRunner.java:309)\n\tat org.apache.maven.surefire.junit4.JUnit4Provider.execute(JUnit4Provider.java:264)\n\tat org.apache.maven.surefire.junit4.JUnit4Provider.executeTestSet(JUnit4Provider.java:153)\n\tat org.apache.maven.surefire.junit4.JUnit4Provider.invoke(JUnit4Provider.java:124)\n\tat org.apache.maven.surefire.booter.ForkedBooter.invokeProviderInSameClassLoader(ForkedBooter.java:200)\n\tat org.apache.maven.surefire.booter.ForkedBooter.runSuitesInProcess(ForkedBooter.java:153)\n\tat org.apache.maven.surefire.booter.ForkedBooter.main(ForkedBooter.java:103)\n"
      },
      "steps" : {
         "step" : [ ]
      },
      "attachments" : {
         "attachment" : [ ]
      },
      "labels" : {
         "label" : [ {
            "name" : "host",
            "value" : "Abduls-MBP.home"
         }, {
            "name" : "thread",
            "value" : "35253@Abduls-MBP.home.main(1)"
         } ]
      }
   }
}
>>>REQUEST: /testdb/TestCase
[WARN] [10/01/2015 20:08:05.004] [default-akka.actor.default-dispatcher-143] [ActorSystem(default)] Illegal response header: Illegal 'etag' header: Invalid input '5', expected 'W' or '"' (line 1, column 1): 560dcae5fbeaf7a200c9bf90
^
<<<RESPONSE (201 Created): /testdb/TestCase
running with given plugins: []
=== Starting provisionJnlpSlave(plugins.OpenstackCloudPluginTest)
Skipping provisionJnlpSlave(plugins.OpenstackCloudPluginTest): Required property not provided: OpenstackCloudPluginTest.HARDWARE_ID
]]></system-out>
  </testcase>
</testsuite>