<?xml version="1.0" encoding="UTF-8"?>
<testsuite name="plugins.jclouds.JCloudsPluginTest" time="0" tests="4" errors="0" skipped="4" failures="0">
  <properties>
[...]
</properties>
  <testcase name="testConnection" classname="plugins.jclouds.JCloudsPluginTest" time="0">
    <skipped/>
    <system-out><![CDATA[testCaseResult=ru.yandex.qatools.allure.model.TestCaseResult@1bc6c20d[
  name=publish_javadoc_from_freestyle_job
  title=<null>
  description=<null>
  failure=<null>
  start=1443743621597
  stop=1443743719181
  status=PASSED
  severity=<null>
  steps=[]
  attachments=[]
  labels=[ru.yandex.qatools.allure.model.Label@aedc426, ru.yandex.qatools.allure.model.Label@39b85a73]
  parameters=<null>
]
testCaseResult={
   "start" : 1443743621597,
   "stop" : 1443743719181,
   "status" : "passed",
   "name" : "publish_javadoc_from_freestyle_job",
   "steps" : {
      "step" : [ ]
   },
   "attachments" : {
      "attachment" : [ ]
   },
   "labels" : {
      "label" : [ {
         "name" : "host",
         "value" : "Abduls-MBP.home"
      }, {
         "name" : "thread",
         "value" : "35252@Abduls-MBP.home.main(1)"
      } ]
   }
}
testCase=ru.yandex.qatools.allure.model.TestCase@5788722f[
  _id=eb8982ad-57f0-47f8-839b-74e33d6bcd75
  executionId=7701d757-07c3-4ee5-9df4-52c16ef79685
  result=ru.yandex.qatools.allure.model.TestCaseResult@1bc6c20d
]
testCase={
   "_id" : "eb8982ad-57f0-47f8-839b-74e33d6bcd75",
   "executionId" : "7701d757-07c3-4ee5-9df4-52c16ef79685",
   "result" : {
      "start" : 1443743621597,
      "stop" : 1443743719181,
      "status" : "passed",
      "name" : "publish_javadoc_from_freestyle_job",
      "steps" : {
         "step" : [ ]
      },
      "attachments" : {
         "attachment" : [ ]
      },
      "labels" : {
         "label" : [ {
            "name" : "host",
            "value" : "Abduls-MBP.home"
         }, {
            "name" : "thread",
            "value" : "35252@Abduls-MBP.home.main(1)"
         } ]
      }
   }
}
>>>REQUEST: /testdb/TestCase
[WARN] [10/01/2015 19:55:19.199] [default-akka.actor.default-dispatcher-100] [ActorSystem(default)] Illegal response header: Illegal 'etag' header: Invalid input '5', expected 'W' or '"' (line 1, column 1): 560dc7e7fbeaf7a200c9bf34
^
<<<RESPONSE (201 Created): /testdb/TestCase
running with given plugins: []
=== Starting testConnection(plugins.jclouds.JCloudsPluginTest)
Skipping testConnection(plugins.jclouds.JCloudsPluginTest): Required property not provided: JCloudsPluginTest.ENDPOINT
]]></system-out>
  </testcase>
  <testcase name="checkImageNameRegex" classname="plugins.jclouds.JCloudsPluginTest" time="0">
    <skipped/>
    <system-out><![CDATA[testCaseResult=ru.yandex.qatools.allure.model.TestCaseResult@4ef31221[
  name=testConnection
  title=<null>
  description=<null>
  failure=ru.yandex.qatools.allure.model.Failure@4e9e0c6
  start=1443743719206
  stop=1443743719215
  status=CANCELED
  severity=<null>
  steps=[]
  attachments=[]
  labels=[ru.yandex.qatools.allure.model.Label@1a819901, ru.yandex.qatools.allure.model.Label@588d630d]
  parameters=<null>
]
testCaseResult={
   "start" : 1443743719206,
   "stop" : 1443743719215,
   "status" : "canceled",
   "name" : "testConnection",
   "failure" : {
      "message" : "AssumptionViolatedException: Required property not provided: JCloudsPluginTest.ENDPOINT",
      "stack-trace" : "org.junit.internal.AssumptionViolatedException: Required property not provided: JCloudsPluginTest.ENDPOINT\n\tat org.jenkinsci.test.acceptance.junit.TestActivation$RuleImpl$1.check(TestActivation.java:84)\n\tat org.jenkinsci.test.acceptance.junit.TestActivation$RuleImpl$1.evaluate(TestActivation.java:71)\n\tat org.jenkinsci.test.acceptance.junit.JenkinsAcceptanceTestRule$1.evaluate(JenkinsAcceptanceTestRule.java:55)\n\tat org.junit.runners.ParentRunner.runLeaf(ParentRunner.java:271)\n\tat org.junit.runners.BlockJUnit4ClassRunner.runChild(BlockJUnit4ClassRunner.java:70)\n\tat org.junit.runners.BlockJUnit4ClassRunner.runChild(BlockJUnit4ClassRunner.java:50)\n\tat org.junit.runners.ParentRunner$3.run(ParentRunner.java:238)\n\tat org.junit.runners.ParentRunner$1.schedule(ParentRunner.java:63)\n\tat org.junit.runners.ParentRunner.runChildren(ParentRunner.java:236)\n\tat org.junit.runners.ParentRunner.access$000(ParentRunner.java:53)\n\tat org.junit.runners.ParentRunner$2.evaluate(ParentRunner.java:229)\n\tat org.junit.runners.ParentRunner.run(ParentRunner.java:309)\n\tat org.apache.maven.surefire.junit4.JUnit4Provider.execute(JUnit4Provider.java:264)\n\tat org.apache.maven.surefire.junit4.JUnit4Provider.executeTestSet(JUnit4Provider.java:153)\n\tat org.apache.maven.surefire.junit4.JUnit4Provider.invoke(JUnit4Provider.java:124)\n\tat org.apache.maven.surefire.booter.ForkedBooter.invokeProviderInSameClassLoader(ForkedBooter.java:200)\n\tat org.apache.maven.surefire.booter.ForkedBooter.runSuitesInProcess(ForkedBooter.java:153)\n\tat org.apache.maven.surefire.booter.ForkedBooter.main(ForkedBooter.java:103)\n"
   },
   "steps" : {
      "step" : [ ]
   },
   "attachments" : {
      "attachment" : [ ]
   },
   "labels" : {
      "label" : [ {
         "name" : "host",
         "value" : "Abduls-MBP.home"
      }, {
         "name" : "thread",
         "value" : "35252@Abduls-MBP.home.main(1)"
      } ]
   }
}
testCase=ru.yandex.qatools.allure.model.TestCase@eb91027[
  _id=d8d85b06-82ad-4f03-bdfb-7f89e27a867b
  executionId=7701d757-07c3-4ee5-9df4-52c16ef79685
  result=ru.yandex.qatools.allure.model.TestCaseResult@4ef31221
]
testCase={
   "_id" : "d8d85b06-82ad-4f03-bdfb-7f89e27a867b",
   "executionId" : "7701d757-07c3-4ee5-9df4-52c16ef79685",
   "result" : {
      "start" : 1443743719206,
      "stop" : 1443743719215,
      "status" : "canceled",
      "name" : "testConnection",
      "failure" : {
         "message" : "AssumptionViolatedException: Required property not provided: JCloudsPluginTest.ENDPOINT",
         "stack-trace" : "org.junit.internal.AssumptionViolatedException: Required property not provided: JCloudsPluginTest.ENDPOINT\n\tat org.jenkinsci.test.acceptance.junit.TestActivation$RuleImpl$1.check(TestActivation.java:84)\n\tat org.jenkinsci.test.acceptance.junit.TestActivation$RuleImpl$1.evaluate(TestActivation.java:71)\n\tat org.jenkinsci.test.acceptance.junit.JenkinsAcceptanceTestRule$1.evaluate(JenkinsAcceptanceTestRule.java:55)\n\tat org.junit.runners.ParentRunner.runLeaf(ParentRunner.java:271)\n\tat org.junit.runners.BlockJUnit4ClassRunner.runChild(BlockJUnit4ClassRunner.java:70)\n\tat org.junit.runners.BlockJUnit4ClassRunner.runChild(BlockJUnit4ClassRunner.java:50)\n\tat org.junit.runners.ParentRunner$3.run(ParentRunner.java:238)\n\tat org.junit.runners.ParentRunner$1.schedule(ParentRunner.java:63)\n\tat org.junit.runners.ParentRunner.runChildren(ParentRunner.java:236)\n\tat org.junit.runners.ParentRunner.access$000(ParentRunner.java:53)\n\tat org.junit.runners.ParentRunner$2.evaluate(ParentRunner.java:229)\n\tat org.junit.runners.ParentRunner.run(ParentRunner.java:309)\n\tat org.apache.maven.surefire.junit4.JUnit4Provider.execute(JUnit4Provider.java:264)\n\tat org.apache.maven.surefire.junit4.JUnit4Provider.executeTestSet(JUnit4Provider.java:153)\n\tat org.apache.maven.surefire.junit4.JUnit4Provider.invoke(JUnit4Provider.java:124)\n\tat org.apache.maven.surefire.booter.ForkedBooter.invokeProviderInSameClassLoader(ForkedBooter.java:200)\n\tat org.apache.maven.surefire.booter.ForkedBooter.runSuitesInProcess(ForkedBooter.java:153)\n\tat org.apache.maven.surefire.booter.ForkedBooter.main(ForkedBooter.java:103)\n"
      },
      "steps" : {
         "step" : [ ]
      },
      "attachments" : {
         "attachment" : [ ]
      },
      "labels" : {
         "label" : [ {
            "name" : "host",
            "value" : "Abduls-MBP.home"
         }, {
            "name" : "thread",
            "value" : "35252@Abduls-MBP.home.main(1)"
         } ]
      }
   }
}
>>>REQUEST: /testdb/TestCase
[WARN] [10/01/2015 19:55:19.224] [default-akka.actor.default-dispatcher-92] [ActorSystem(default)] Illegal response header: Illegal 'etag' header: Invalid input '5', expected 'W' or '"' (line 1, column 1): 560dc7e7fbeaf7a200c9bf35
^
<<<RESPONSE (201 Created): /testdb/TestCase
running with given plugins: []
=== Starting checkImageNameRegex(plugins.jclouds.JCloudsPluginTest)
Skipping checkImageNameRegex(plugins.jclouds.JCloudsPluginTest): Required property not provided: JCloudsPluginTest.IMAGE_NAME_REGEX
]]></system-out>
  </testcase>
  <testcase name="checkImageId" classname="plugins.jclouds.JCloudsPluginTest" time="0">
    <skipped/>
    <system-out><![CDATA[testCaseResult=ru.yandex.qatools.allure.model.TestCaseResult@186295cc[
  name=checkImageNameRegex
  title=<null>
  description=<null>
  failure=ru.yandex.qatools.allure.model.Failure@4e85dcb2
  start=1443743719221
  stop=1443743719234
  status=CANCELED
  severity=<null>
  steps=[]
  attachments=[]
  labels=[ru.yandex.qatools.allure.model.Label@1b28cff, ru.yandex.qatools.allure.model.Label@73dbe25]
  parameters=<null>
]
testCaseResult={
   "start" : 1443743719221,
   "stop" : 1443743719234,
   "status" : "canceled",
   "name" : "checkImageNameRegex",
   "failure" : {
      "message" : "AssumptionViolatedException: Required property not provided: JCloudsPluginTest.IMAGE_NAME_REGEX",
      "stack-trace" : "org.junit.internal.AssumptionViolatedException: Required property not provided: JCloudsPluginTest.IMAGE_NAME_REGEX\n\tat org.jenkinsci.test.acceptance.junit.TestActivation$RuleImpl$1.check(TestActivation.java:84)\n\tat org.jenkinsci.test.acceptance.junit.TestActivation$RuleImpl$1.evaluate(TestActivation.java:70)\n\tat org.jenkinsci.test.acceptance.junit.JenkinsAcceptanceTestRule$1.evaluate(JenkinsAcceptanceTestRule.java:55)\n\tat org.junit.runners.ParentRunner.runLeaf(ParentRunner.java:271)\n\tat org.junit.runners.BlockJUnit4ClassRunner.runChild(BlockJUnit4ClassRunner.java:70)\n\tat org.junit.runners.BlockJUnit4ClassRunner.runChild(BlockJUnit4ClassRunner.java:50)\n\tat org.junit.runners.ParentRunner$3.run(ParentRunner.java:238)\n\tat org.junit.runners.ParentRunner$1.schedule(ParentRunner.java:63)\n\tat org.junit.runners.ParentRunner.runChildren(ParentRunner.java:236)\n\tat org.junit.runners.ParentRunner.access$000(ParentRunner.java:53)\n\tat org.junit.runners.ParentRunner$2.evaluate(ParentRunner.java:229)\n\tat org.junit.runners.ParentRunner.run(ParentRunner.java:309)\n\tat org.apache.maven.surefire.junit4.JUnit4Provider.execute(JUnit4Provider.java:264)\n\tat org.apache.maven.surefire.junit4.JUnit4Provider.executeTestSet(JUnit4Provider.java:153)\n\tat org.apache.maven.surefire.junit4.JUnit4Provider.invoke(JUnit4Provider.java:124)\n\tat org.apache.maven.surefire.booter.ForkedBooter.invokeProviderInSameClassLoader(ForkedBooter.java:200)\n\tat org.apache.maven.surefire.booter.ForkedBooter.runSuitesInProcess(ForkedBooter.java:153)\n\tat org.apache.maven.surefire.booter.ForkedBooter.main(ForkedBooter.java:103)\n"
   },
   "steps" : {
      "step" : [ ]
   },
   "attachments" : {
      "attachment" : [ ]
   },
   "labels" : {
      "label" : [ {
         "name" : "host",
         "value" : "Abduls-MBP.home"
      }, {
         "name" : "thread",
         "value" : "35252@Abduls-MBP.home.main(1)"
      } ]
   }
}
testCase=ru.yandex.qatools.allure.model.TestCase@bfd97fb[
  _id=78b57171-c783-40ab-80fc-9b521b7d4f65
  executionId=7701d757-07c3-4ee5-9df4-52c16ef79685
  result=ru.yandex.qatools.allure.model.TestCaseResult@186295cc
]
testCase={
   "_id" : "78b57171-c783-40ab-80fc-9b521b7d4f65",
   "executionId" : "7701d757-07c3-4ee5-9df4-52c16ef79685",
   "result" : {
      "start" : 1443743719221,
      "stop" : 1443743719234,
      "status" : "canceled",
      "name" : "checkImageNameRegex",
      "failure" : {
         "message" : "AssumptionViolatedException: Required property not provided: JCloudsPluginTest.IMAGE_NAME_REGEX",
         "stack-trace" : "org.junit.internal.AssumptionViolatedException: Required property not provided: JCloudsPluginTest.IMAGE_NAME_REGEX\n\tat org.jenkinsci.test.acceptance.junit.TestActivation$RuleImpl$1.check(TestActivation.java:84)\n\tat org.jenkinsci.test.acceptance.junit.TestActivation$RuleImpl$1.evaluate(TestActivation.java:70)\n\tat org.jenkinsci.test.acceptance.junit.JenkinsAcceptanceTestRule$1.evaluate(JenkinsAcceptanceTestRule.java:55)\n\tat org.junit.runners.ParentRunner.runLeaf(ParentRunner.java:271)\n\tat org.junit.runners.BlockJUnit4ClassRunner.runChild(BlockJUnit4ClassRunner.java:70)\n\tat org.junit.runners.BlockJUnit4ClassRunner.runChild(BlockJUnit4ClassRunner.java:50)\n\tat org.junit.runners.ParentRunner$3.run(ParentRunner.java:238)\n\tat org.junit.runners.ParentRunner$1.schedule(ParentRunner.java:63)\n\tat org.junit.runners.ParentRunner.runChildren(ParentRunner.java:236)\n\tat org.junit.runners.ParentRunner.access$000(ParentRunner.java:53)\n\tat org.junit.runners.ParentRunner$2.evaluate(ParentRunner.java:229)\n\tat org.junit.runners.ParentRunner.run(ParentRunner.java:309)\n\tat org.apache.maven.surefire.junit4.JUnit4Provider.execute(JUnit4Provider.java:264)\n\tat org.apache.maven.surefire.junit4.JUnit4Provider.executeTestSet(JUnit4Provider.java:153)\n\tat org.apache.maven.surefire.junit4.JUnit4Provider.invoke(JUnit4Provider.java:124)\n\tat org.apache.maven.surefire.booter.ForkedBooter.invokeProviderInSameClassLoader(ForkedBooter.java:200)\n\tat org.apache.maven.surefire.booter.ForkedBooter.runSuitesInProcess(ForkedBooter.java:153)\n\tat org.apache.maven.surefire.booter.ForkedBooter.main(ForkedBooter.java:103)\n"
      },
      "steps" : {
         "step" : [ ]
      },
      "attachments" : {
         "attachment" : [ ]
      },
      "labels" : {
         "label" : [ {
            "name" : "host",
            "value" : "Abduls-MBP.home"
         }, {
            "name" : "thread",
            "value" : "35252@Abduls-MBP.home.main(1)"
         } ]
      }
   }
}
>>>REQUEST: /testdb/TestCase
[WARN] [10/01/2015 19:55:19.244] [default-akka.actor.default-dispatcher-82] [ActorSystem(default)] Illegal response header: Illegal 'etag' header: Invalid input '5', expected 'W' or '"' (line 1, column 1): 560dc7e7fbeaf7a200c9bf36
^
<<<RESPONSE (201 Created): /testdb/TestCase
running with given plugins: []
=== Starting checkImageId(plugins.jclouds.JCloudsPluginTest)
Skipping checkImageId(plugins.jclouds.JCloudsPluginTest): Required property not provided: JCloudsPluginTest.IMAGE_ID
]]></system-out>
  </testcase>
  <testcase name="checkHardwareId" classname="plugins.jclouds.JCloudsPluginTest" time="0">
    <skipped/>
    <system-out><![CDATA[testCaseResult=ru.yandex.qatools.allure.model.TestCaseResult@21c34bf8[
  name=checkImageId
  title=<null>
  description=<null>
  failure=ru.yandex.qatools.allure.model.Failure@559e3f67
  start=1443743719241
  stop=1443743719258
  status=CANCELED
  severity=<null>
  steps=[]
  attachments=[]
  labels=[ru.yandex.qatools.allure.model.Label@23d0944b, ru.yandex.qatools.allure.model.Label@72f24a84]
  parameters=<null>
]
testCaseResult={
   "start" : 1443743719241,
   "stop" : 1443743719258,
   "status" : "canceled",
   "name" : "checkImageId",
   "failure" : {
      "message" : "AssumptionViolatedException: Required property not provided: JCloudsPluginTest.IMAGE_ID",
      "stack-trace" : "org.junit.internal.AssumptionViolatedException: Required property not provided: JCloudsPluginTest.IMAGE_ID\n\tat org.jenkinsci.test.acceptance.junit.TestActivation$RuleImpl$1.check(TestActivation.java:84)\n\tat org.jenkinsci.test.acceptance.junit.TestActivation$RuleImpl$1.evaluate(TestActivation.java:70)\n\tat org.jenkinsci.test.acceptance.junit.JenkinsAcceptanceTestRule$1.evaluate(JenkinsAcceptanceTestRule.java:55)\n\tat org.junit.runners.ParentRunner.runLeaf(ParentRunner.java:271)\n\tat org.junit.runners.BlockJUnit4ClassRunner.runChild(BlockJUnit4ClassRunner.java:70)\n\tat org.junit.runners.BlockJUnit4ClassRunner.runChild(BlockJUnit4ClassRunner.java:50)\n\tat org.junit.runners.ParentRunner$3.run(ParentRunner.java:238)\n\tat org.junit.runners.ParentRunner$1.schedule(ParentRunner.java:63)\n\tat org.junit.runners.ParentRunner.runChildren(ParentRunner.java:236)\n\tat org.junit.runners.ParentRunner.access$000(ParentRunner.java:53)\n\tat org.junit.runners.ParentRunner$2.evaluate(ParentRunner.java:229)\n\tat org.junit.runners.ParentRunner.run(ParentRunner.java:309)\n\tat org.apache.maven.surefire.junit4.JUnit4Provider.execute(JUnit4Provider.java:264)\n\tat org.apache.maven.surefire.junit4.JUnit4Provider.executeTestSet(JUnit4Provider.java:153)\n\tat org.apache.maven.surefire.junit4.JUnit4Provider.invoke(JUnit4Provider.java:124)\n\tat org.apache.maven.surefire.booter.ForkedBooter.invokeProviderInSameClassLoader(ForkedBooter.java:200)\n\tat org.apache.maven.surefire.booter.ForkedBooter.runSuitesInProcess(ForkedBooter.java:153)\n\tat org.apache.maven.surefire.booter.ForkedBooter.main(ForkedBooter.java:103)\n"
   },
   "steps" : {
      "step" : [ ]
   },
   "attachments" : {
      "attachment" : [ ]
   },
   "labels" : {
      "label" : [ {
         "name" : "host",
         "value" : "Abduls-MBP.home"
      }, {
         "name" : "thread",
         "value" : "35252@Abduls-MBP.home.main(1)"
      } ]
   }
}
testCase=ru.yandex.qatools.allure.model.TestCase@49d543a9[
  _id=48785005-8762-4a72-9cef-17d7d8d3090d
  executionId=7701d757-07c3-4ee5-9df4-52c16ef79685
  result=ru.yandex.qatools.allure.model.TestCaseResult@21c34bf8
]
testCase={
   "_id" : "48785005-8762-4a72-9cef-17d7d8d3090d",
   "executionId" : "7701d757-07c3-4ee5-9df4-52c16ef79685",
   "result" : {
      "start" : 1443743719241,
      "stop" : 1443743719258,
      "status" : "canceled",
      "name" : "checkImageId",
      "failure" : {
         "message" : "AssumptionViolatedException: Required property not provided: JCloudsPluginTest.IMAGE_ID",
         "stack-trace" : "org.junit.internal.AssumptionViolatedException: Required property not provided: JCloudsPluginTest.IMAGE_ID\n\tat org.jenkinsci.test.acceptance.junit.TestActivation$RuleImpl$1.check(TestActivation.java:84)\n\tat org.jenkinsci.test.acceptance.junit.TestActivation$RuleImpl$1.evaluate(TestActivation.java:70)\n\tat org.jenkinsci.test.acceptance.junit.JenkinsAcceptanceTestRule$1.evaluate(JenkinsAcceptanceTestRule.java:55)\n\tat org.junit.runners.ParentRunner.runLeaf(ParentRunner.java:271)\n\tat org.junit.runners.BlockJUnit4ClassRunner.runChild(BlockJUnit4ClassRunner.java:70)\n\tat org.junit.runners.BlockJUnit4ClassRunner.runChild(BlockJUnit4ClassRunner.java:50)\n\tat org.junit.runners.ParentRunner$3.run(ParentRunner.java:238)\n\tat org.junit.runners.ParentRunner$1.schedule(ParentRunner.java:63)\n\tat org.junit.runners.ParentRunner.runChildren(ParentRunner.java:236)\n\tat org.junit.runners.ParentRunner.access$000(ParentRunner.java:53)\n\tat org.junit.runners.ParentRunner$2.evaluate(ParentRunner.java:229)\n\tat org.junit.runners.ParentRunner.run(ParentRunner.java:309)\n\tat org.apache.maven.surefire.junit4.JUnit4Provider.execute(JUnit4Provider.java:264)\n\tat org.apache.maven.surefire.junit4.JUnit4Provider.executeTestSet(JUnit4Provider.java:153)\n\tat org.apache.maven.surefire.junit4.JUnit4Provider.invoke(JUnit4Provider.java:124)\n\tat org.apache.maven.surefire.booter.ForkedBooter.invokeProviderInSameClassLoader(ForkedBooter.java:200)\n\tat org.apache.maven.surefire.booter.ForkedBooter.runSuitesInProcess(ForkedBooter.java:153)\n\tat org.apache.maven.surefire.booter.ForkedBooter.main(ForkedBooter.java:103)\n"
      },
      "steps" : {
         "step" : [ ]
      },
      "attachments" : {
         "attachment" : [ ]
      },
      "labels" : {
         "label" : [ {
            "name" : "host",
            "value" : "Abduls-MBP.home"
         }, {
            "name" : "thread",
            "value" : "35252@Abduls-MBP.home.main(1)"
         } ]
      }
   }
}
>>>REQUEST: /testdb/TestCase
[WARN] [10/01/2015 19:55:19.270] [default-akka.actor.default-dispatcher-82] [ActorSystem(default)] Illegal response header: Illegal 'etag' header: Invalid input '5', expected 'W' or '"' (line 1, column 1): 560dc7e7fbeaf7a200c9bf37
^
<<<RESPONSE (201 Created): /testdb/TestCase
running with given plugins: []
=== Starting checkHardwareId(plugins.jclouds.JCloudsPluginTest)
Skipping checkHardwareId(plugins.jclouds.JCloudsPluginTest): Required property not provided: JCloudsPluginTest.HARDWARE_ID
]]></system-out>
  </testcase>
</testsuite>