<?xml version="1.0" encoding="UTF-8"?>
<testsuite name="plugins.Subversion_Version154_PluginTest" time="0" tests="5" errors="0" skipped="5" failures="0">
  <properties>
    <property name="java.runtime.name" value="Java(TM) SE Runtime Environment"/>
    <property name="sun.boot.library.path" value="/Library/Java/JavaVirtualMachines/jdk1.8.0_60.jdk/Contents/Home/jre/lib"/>
    <property name="java.vm.version" value="25.60-b23"/>
    <property name="gopherProxySet" value="false"/>
    <property name="java.vm.vendor" value="Oracle Corporation"/>
    <property name="maven.multiModuleProjectDirectory" value="/Users/abduljewel/Documents/c/spiderqa/sample-test-projects/acceptance-test-harness"/>
    <property name="java.vendor.url" value="http://java.oracle.com/"/>
    <property name="path.separator" value=":"/>
    <property name="guice.disable.misplaced.annotation.check" value="true"/>
    <property name="java.vm.name" value="Java HotSpot(TM) 64-Bit Server VM"/>
    <property name="file.encoding.pkg" value="sun.io"/>
    <property name="user.country" value="US"/>
    <property name="sun.java.launcher" value="SUN_STANDARD"/>
    <property name="sun.os.patch.level" value="unknown"/>
    <property name="java.vm.specification.name" value="Java Virtual Machine Specification"/>
    <property name="user.dir" value="/Users/abduljewel/Documents/c/spiderqa/sample-test-projects/acceptance-test-harness"/>
    <property name="java.runtime.version" value="1.8.0_60-b27"/>
    <property name="java.awt.graphicsenv" value="sun.awt.CGraphicsEnvironment"/>
    <property name="java.endorsed.dirs" value="/Library/Java/JavaVirtualMachines/jdk1.8.0_60.jdk/Contents/Home/jre/lib/endorsed"/>
    <property name="os.arch" value="x86_64"/>
    <property name="java.io.tmpdir" value="/var/folders/lk/l859yg616c9cbtgfnt9szgjc0000gn/T/"/>
    <property name="line.separator" value="&#10;"/>
    <property name="java.vm.specification.vendor" value="Oracle Corporation"/>
    <property name="os.name" value="Mac OS X"/>
    <property name="classworlds.conf" value="/usr/local/Cellar/maven/3.3.3/libexec/bin/m2.conf"/>
    <property name="sun.jnu.encoding" value="UTF-8"/>
    <property name="java.library.path" value="/Users/abduljewel/Library/Java/Extensions:/Library/Java/Extensions:/Network/Library/Java/Extensions:/System/Library/Java/Extensions:/usr/lib/java:."/>
    <property name="java.specification.name" value="Java Platform API Specification"/>
    <property name="java.class.version" value="52.0"/>
    <property name="sun.management.compiler" value="HotSpot 64-Bit Tiered Compilers"/>
    <property name="os.version" value="10.10.5"/>
    <property name="http.nonProxyHosts" value="local|*.local|169.254/16|*.169.254/16"/>
    <property name="user.home" value="/Users/abduljewel"/>
    <property name="user.timezone" value="America/New_York"/>
    <property name="java.awt.printerjob" value="sun.lwawt.macosx.CPrinterJob"/>
    <property name="java.specification.version" value="1.8"/>
    <property name="file.encoding" value="UTF-8"/>
    <property name="user.name" value="abduljewel"/>
    <property name="java.class.path" value="/usr/local/Cellar/maven/3.3.3/libexec/boot/plexus-classworlds-2.5.2.jar"/>
    <property name="java.vm.specification.version" value="1.8"/>
    <property name="sun.arch.data.model" value="64"/>
    <property name="java.home" value="/Library/Java/JavaVirtualMachines/jdk1.8.0_60.jdk/Contents/Home/jre"/>
    <property name="sun.java.command" value="org.codehaus.plexus.classworlds.launcher.Launcher clean test"/>
    <property name="java.specification.vendor" value="Oracle Corporation"/>
    <property name="user.language" value="en"/>
    <property name="awt.toolkit" value="sun.lwawt.macosx.LWCToolkit"/>
    <property name="java.vm.info" value="mixed mode"/>
    <property name="java.version" value="1.8.0_60"/>
    <property name="java.ext.dirs" value="/Users/abduljewel/Library/Java/Extensions:/Library/Java/JavaVirtualMachines/jdk1.8.0_60.jdk/Contents/Home/jre/lib/ext:/Library/Java/Extensions:/Network/Library/Java/Extensions:/System/Library/Java/Extensions:/usr/lib/java"/>
    <property name="sun.boot.class.path" value="/Library/Java/JavaVirtualMachines/jdk1.8.0_60.jdk/Contents/Home/jre/lib/resources.jar:/Library/Java/JavaVirtualMachines/jdk1.8.0_60.jdk/Contents/Home/jre/lib/rt.jar:/Library/Java/JavaVirtualMachines/jdk1.8.0_60.jdk/Contents/Home/jre/lib/sunrsasign.jar:/Library/Java/JavaVirtualMachines/jdk1.8.0_60.jdk/Contents/Home/jre/lib/jsse.jar:/Library/Java/JavaVirtualMachines/jdk1.8.0_60.jdk/Contents/Home/jre/lib/jce.jar:/Library/Java/JavaVirtualMachines/jdk1.8.0_60.jdk/Contents/Home/jre/lib/charsets.jar:/Library/Java/JavaVirtualMachines/jdk1.8.0_60.jdk/Contents/Home/jre/lib/jfr.jar:/Library/Java/JavaVirtualMachines/jdk1.8.0_60.jdk/Contents/Home/jre/classes"/>
    <property name="java.vendor" value="Oracle Corporation"/>
    <property name="maven.home" value="/usr/local/Cellar/maven/3.3.3/libexec"/>
    <property name="file.separator" value="/"/>
    <property name="java.vendor.url.bug" value="http://bugreport.sun.com/bugreport/"/>
    <property name="sun.cpu.endian" value="little"/>
    <property name="sun.io.unicode.encoding" value="UnicodeBig"/>
    <property name="socksNonProxyHosts" value="local|*.local|169.254/16|*.169.254/16"/>
    <property name="ftp.nonProxyHosts" value="local|*.local|169.254/16|*.169.254/16"/>
    <property name="sun.cpu.isalist" value=""/>
  </properties>
  <testcase name="run_basic_subversion_build_svn_userPwd" classname="plugins.Subversion_Version154_PluginTest" time="0">
    <skipped/>
    <system-out><![CDATA[testCaseResult=ru.yandex.qatools.allure.model.TestCaseResult@6643afc7[
  name=connectWithPassword
  title=<null>
  description=<null>
  failure=ru.yandex.qatools.allure.model.Failure@17cc337a
  start=1445041053666
  stop=1445041053677
  status=CANCELED
  severity=<null>
  steps=[]
  attachments=[]
  labels=[ru.yandex.qatools.allure.model.Label@11031464, ru.yandex.qatools.allure.model.Label@58708a98]
  parameters=<null>
]
testCaseResult={
   "start" : 1445041053666,
   "stop" : 1445041053677,
   "status" : "canceled",
   "name" : "connectWithPassword",
   "failure" : {
      "message" : "AssumptionViolatedException: Docker is needed for the test",
      "stack-trace" : "org.junit.internal.AssumptionViolatedException: Docker is needed for the test\n\tat org.jenkinsci.test.acceptance.junit.WithDocker$RuleImpl$1.hasDocker(WithDocker.java:49)\n\tat org.jenkinsci.test.acceptance.junit.WithDocker$RuleImpl$1.evaluate(WithDocker.java:40)\n\tat org.jenkinsci.test.acceptance.junit.JenkinsAcceptanceTestRule$1.evaluate(JenkinsAcceptanceTestRule.java:55)\n\tat org.junit.runners.ParentRunner.runLeaf(ParentRunner.java:271)\n\tat org.junit.runners.BlockJUnit4ClassRunner.runChild(BlockJUnit4ClassRunner.java:70)\n\tat org.junit.runners.BlockJUnit4ClassRunner.runChild(BlockJUnit4ClassRunner.java:50)\n\tat org.junit.runners.ParentRunner$3.run(ParentRunner.java:238)\n\tat org.junit.runners.ParentRunner$1.schedule(ParentRunner.java:63)\n\tat org.junit.runners.ParentRunner.runChildren(ParentRunner.java:236)\n\tat org.junit.runners.ParentRunner.access$000(ParentRunner.java:53)\n\tat org.junit.runners.ParentRunner$2.evaluate(ParentRunner.java:229)\n\tat org.junit.runners.ParentRunner.run(ParentRunner.java:309)\n\tat org.apache.maven.surefire.junit4.JUnit4Provider.execute(JUnit4Provider.java:264)\n\tat org.apache.maven.surefire.junit4.JUnit4Provider.executeTestSet(JUnit4Provider.java:153)\n\tat org.apache.maven.surefire.junit4.JUnit4Provider.invoke(JUnit4Provider.java:124)\n\tat org.apache.maven.surefire.booter.ForkedBooter.invokeProviderInSameClassLoader(ForkedBooter.java:200)\n\tat org.apache.maven.surefire.booter.ForkedBooter.runSuitesInProcess(ForkedBooter.java:153)\n\tat org.apache.maven.surefire.booter.ForkedBooter.main(ForkedBooter.java:103)\n"
   },
   "steps" : {
      "step" : [ ]
   },
   "attachments" : {
      "attachment" : [ ]
   },
   "labels" : {
      "label" : [ {
         "name" : "host",
         "value" : "MacBook-Pro-2.home"
      }, {
         "name" : "thread",
         "value" : "1771@MacBook-Pro-2.home.main(1)"
      } ]
   }
}
testCase=ru.yandex.qatools.allure.model.TestCase@23363bc6[
  _id=d0bf3d11-2106-4181-8359-8e380f0beb47
  executionId=7a8626ac-7b8d-4761-8bff-776519219d78
  threadName=thread_15005794375463
  name=connectWithPassword
  title=<null>
  description=<null>
  failure=ru.yandex.qatools.allure.model.Failure@17cc337a
  start=1445041053666
  stop=1445041053677
  status=CANCELED
  severity=<null>
  steps=[]
  attachments=[]
  labels=[ru.yandex.qatools.allure.model.Label@11031464, ru.yandex.qatools.allure.model.Label@58708a98]
  parameters=<null>
]
testCase={
   "start" : 1445041053666,
   "stop" : 1445041053677,
   "status" : "canceled",
   "_id" : "d0bf3d11-2106-4181-8359-8e380f0beb47",
   "executionId" : "7a8626ac-7b8d-4761-8bff-776519219d78",
   "threadName" : "thread_15005794375463",
   "name" : "connectWithPassword",
   "failure" : {
      "message" : "AssumptionViolatedException: Docker is needed for the test",
      "stack-trace" : "org.junit.internal.AssumptionViolatedException: Docker is needed for the test\n\tat org.jenkinsci.test.acceptance.junit.WithDocker$RuleImpl$1.hasDocker(WithDocker.java:49)\n\tat org.jenkinsci.test.acceptance.junit.WithDocker$RuleImpl$1.evaluate(WithDocker.java:40)\n\tat org.jenkinsci.test.acceptance.junit.JenkinsAcceptanceTestRule$1.evaluate(JenkinsAcceptanceTestRule.java:55)\n\tat org.junit.runners.ParentRunner.runLeaf(ParentRunner.java:271)\n\tat org.junit.runners.BlockJUnit4ClassRunner.runChild(BlockJUnit4ClassRunner.java:70)\n\tat org.junit.runners.BlockJUnit4ClassRunner.runChild(BlockJUnit4ClassRunner.java:50)\n\tat org.junit.runners.ParentRunner$3.run(ParentRunner.java:238)\n\tat org.junit.runners.ParentRunner$1.schedule(ParentRunner.java:63)\n\tat org.junit.runners.ParentRunner.runChildren(ParentRunner.java:236)\n\tat org.junit.runners.ParentRunner.access$000(ParentRunner.java:53)\n\tat org.junit.runners.ParentRunner$2.evaluate(ParentRunner.java:229)\n\tat org.junit.runners.ParentRunner.run(ParentRunner.java:309)\n\tat org.apache.maven.surefire.junit4.JUnit4Provider.execute(JUnit4Provider.java:264)\n\tat org.apache.maven.surefire.junit4.JUnit4Provider.executeTestSet(JUnit4Provider.java:153)\n\tat org.apache.maven.surefire.junit4.JUnit4Provider.invoke(JUnit4Provider.java:124)\n\tat org.apache.maven.surefire.booter.ForkedBooter.invokeProviderInSameClassLoader(ForkedBooter.java:200)\n\tat org.apache.maven.surefire.booter.ForkedBooter.runSuitesInProcess(ForkedBooter.java:153)\n\tat org.apache.maven.surefire.booter.ForkedBooter.main(ForkedBooter.java:103)\n"
   },
   "steps" : {
      "step" : [ ]
   },
   "attachments" : {
      "attachment" : [ ]
   },
   "labels" : {
      "label" : [ {
         "name" : "host",
         "value" : "MacBook-Pro-2.home"
      }, {
         "name" : "thread",
         "value" : "1771@MacBook-Pro-2.home.main(1)"
      } ]
   }
}
>>>REQUEST: /testaspect/TestCase/d0bf3d11-2106-4181-8359-8e380f0beb47
<<<RESPONSE (201 Created): /testaspect/TestCase/d0bf3d11-2106-4181-8359-8e380f0beb47
running with given plugins: []
=== Starting run_basic_subversion_build_svn_userPwd(plugins.Subversion_Version154_PluginTest)
Skipping run_basic_subversion_build_svn_userPwd(plugins.Subversion_Version154_PluginTest): Docker is needed for the test
]]></system-out>
  </testcase>
  <testcase name="run_basic_subversion_build_userPwd" classname="plugins.Subversion_Version154_PluginTest" time="0">
    <skipped/>
    <system-out><![CDATA[testCaseResult=ru.yandex.qatools.allure.model.TestCaseResult@55e4eb83[
  name=run_basic_subversion_build_svn_userPwd
  title=<null>
  description=<null>
  failure=ru.yandex.qatools.allure.model.Failure@34d6bca6
  start=1445041053679
  stop=1445041053690
  status=CANCELED
  severity=<null>
  steps=[]
  attachments=[]
  labels=[ru.yandex.qatools.allure.model.Label@2c890fe2, ru.yandex.qatools.allure.model.Label@73b57c4c]
  parameters=<null>
]
testCaseResult={
   "start" : 1445041053679,
   "stop" : 1445041053690,
   "status" : "canceled",
   "name" : "run_basic_subversion_build_svn_userPwd",
   "failure" : {
      "message" : "AssumptionViolatedException: Docker is needed for the test",
      "stack-trace" : "org.junit.internal.AssumptionViolatedException: Docker is needed for the test\n\tat org.jenkinsci.test.acceptance.junit.WithDocker$RuleImpl$1.hasDocker(WithDocker.java:49)\n\tat org.jenkinsci.test.acceptance.junit.WithDocker$RuleImpl$1.evaluate(WithDocker.java:40)\n\tat org.jenkinsci.test.acceptance.junit.JenkinsAcceptanceTestRule$1.evaluate(JenkinsAcceptanceTestRule.java:55)\n\tat org.junit.runners.ParentRunner.runLeaf(ParentRunner.java:271)\n\tat org.junit.runners.BlockJUnit4ClassRunner.runChild(BlockJUnit4ClassRunner.java:70)\n\tat org.junit.runners.BlockJUnit4ClassRunner.runChild(BlockJUnit4ClassRunner.java:50)\n\tat org.junit.runners.ParentRunner$3.run(ParentRunner.java:238)\n\tat org.junit.runners.ParentRunner$1.schedule(ParentRunner.java:63)\n\tat org.junit.runners.ParentRunner.runChildren(ParentRunner.java:236)\n\tat org.junit.runners.ParentRunner.access$000(ParentRunner.java:53)\n\tat org.junit.runners.ParentRunner$2.evaluate(ParentRunner.java:229)\n\tat org.junit.runners.ParentRunner.run(ParentRunner.java:309)\n\tat org.apache.maven.surefire.junit4.JUnit4Provider.execute(JUnit4Provider.java:264)\n\tat org.apache.maven.surefire.junit4.JUnit4Provider.executeTestSet(JUnit4Provider.java:153)\n\tat org.apache.maven.surefire.junit4.JUnit4Provider.invoke(JUnit4Provider.java:124)\n\tat org.apache.maven.surefire.booter.ForkedBooter.invokeProviderInSameClassLoader(ForkedBooter.java:200)\n\tat org.apache.maven.surefire.booter.ForkedBooter.runSuitesInProcess(ForkedBooter.java:153)\n\tat org.apache.maven.surefire.booter.ForkedBooter.main(ForkedBooter.java:103)\n"
   },
   "steps" : {
      "step" : [ ]
   },
   "attachments" : {
      "attachment" : [ ]
   },
   "labels" : {
      "label" : [ {
         "name" : "host",
         "value" : "MacBook-Pro-2.home"
      }, {
         "name" : "thread",
         "value" : "1771@MacBook-Pro-2.home.main(1)"
      } ]
   }
}
testCase=ru.yandex.qatools.allure.model.TestCase@17f394a[
  _id=9b29ed92-bac2-48ff-9942-b4628b0a7e13
  executionId=7a8626ac-7b8d-4761-8bff-776519219d78
  threadName=thread_15005794375463
  name=run_basic_subversion_build_svn_userPwd
  title=<null>
  description=<null>
  failure=ru.yandex.qatools.allure.model.Failure@34d6bca6
  start=1445041053679
  stop=1445041053690
  status=CANCELED
  severity=<null>
  steps=[]
  attachments=[]
  labels=[ru.yandex.qatools.allure.model.Label@2c890fe2, ru.yandex.qatools.allure.model.Label@73b57c4c]
  parameters=<null>
]
testCase={
   "start" : 1445041053679,
   "stop" : 1445041053690,
   "status" : "canceled",
   "_id" : "9b29ed92-bac2-48ff-9942-b4628b0a7e13",
   "executionId" : "7a8626ac-7b8d-4761-8bff-776519219d78",
   "threadName" : "thread_15005794375463",
   "name" : "run_basic_subversion_build_svn_userPwd",
   "failure" : {
      "message" : "AssumptionViolatedException: Docker is needed for the test",
      "stack-trace" : "org.junit.internal.AssumptionViolatedException: Docker is needed for the test\n\tat org.jenkinsci.test.acceptance.junit.WithDocker$RuleImpl$1.hasDocker(WithDocker.java:49)\n\tat org.jenkinsci.test.acceptance.junit.WithDocker$RuleImpl$1.evaluate(WithDocker.java:40)\n\tat org.jenkinsci.test.acceptance.junit.JenkinsAcceptanceTestRule$1.evaluate(JenkinsAcceptanceTestRule.java:55)\n\tat org.junit.runners.ParentRunner.runLeaf(ParentRunner.java:271)\n\tat org.junit.runners.BlockJUnit4ClassRunner.runChild(BlockJUnit4ClassRunner.java:70)\n\tat org.junit.runners.BlockJUnit4ClassRunner.runChild(BlockJUnit4ClassRunner.java:50)\n\tat org.junit.runners.ParentRunner$3.run(ParentRunner.java:238)\n\tat org.junit.runners.ParentRunner$1.schedule(ParentRunner.java:63)\n\tat org.junit.runners.ParentRunner.runChildren(ParentRunner.java:236)\n\tat org.junit.runners.ParentRunner.access$000(ParentRunner.java:53)\n\tat org.junit.runners.ParentRunner$2.evaluate(ParentRunner.java:229)\n\tat org.junit.runners.ParentRunner.run(ParentRunner.java:309)\n\tat org.apache.maven.surefire.junit4.JUnit4Provider.execute(JUnit4Provider.java:264)\n\tat org.apache.maven.surefire.junit4.JUnit4Provider.executeTestSet(JUnit4Provider.java:153)\n\tat org.apache.maven.surefire.junit4.JUnit4Provider.invoke(JUnit4Provider.java:124)\n\tat org.apache.maven.surefire.booter.ForkedBooter.invokeProviderInSameClassLoader(ForkedBooter.java:200)\n\tat org.apache.maven.surefire.booter.ForkedBooter.runSuitesInProcess(ForkedBooter.java:153)\n\tat org.apache.maven.surefire.booter.ForkedBooter.main(ForkedBooter.java:103)\n"
   },
   "steps" : {
      "step" : [ ]
   },
   "attachments" : {
      "attachment" : [ ]
   },
   "labels" : {
      "label" : [ {
         "name" : "host",
         "value" : "MacBook-Pro-2.home"
      }, {
         "name" : "thread",
         "value" : "1771@MacBook-Pro-2.home.main(1)"
      } ]
   }
}
>>>REQUEST: /testaspect/TestCase/9b29ed92-bac2-48ff-9942-b4628b0a7e13
running with given plugins: []
=== Starting run_basic_subversion_build_userPwd(plugins.Subversion_Version154_PluginTest)
<<<RESPONSE (201 Created): /testaspect/TestCase/9b29ed92-bac2-48ff-9942-b4628b0a7e13
Skipping run_basic_subversion_build_userPwd(plugins.Subversion_Version154_PluginTest): Docker is needed for the test
]]></system-out>
  </testcase>
  <testcase name="run_basic_subversion_build" classname="plugins.Subversion_Version154_PluginTest" time="0">
    <skipped/>
    <system-out><![CDATA[testCaseResult=ru.yandex.qatools.allure.model.TestCaseResult@5e29f5dd[
  name=run_basic_subversion_build_userPwd
  title=<null>
  description=<null>
  failure=ru.yandex.qatools.allure.model.Failure@517a7620
  start=1445041053691
  stop=1445041053703
  status=CANCELED
  severity=<null>
  steps=[]
  attachments=[]
  labels=[ru.yandex.qatools.allure.model.Label@23e3fd99, ru.yandex.qatools.allure.model.Label@1c6f82c9]
  parameters=<null>
]
testCaseResult={
   "start" : 1445041053691,
   "stop" : 1445041053703,
   "status" : "canceled",
   "name" : "run_basic_subversion_build_userPwd",
   "failure" : {
      "message" : "AssumptionViolatedException: Docker is needed for the test",
      "stack-trace" : "org.junit.internal.AssumptionViolatedException: Docker is needed for the test\n\tat org.jenkinsci.test.acceptance.junit.WithDocker$RuleImpl$1.hasDocker(WithDocker.java:49)\n\tat org.jenkinsci.test.acceptance.junit.WithDocker$RuleImpl$1.evaluate(WithDocker.java:40)\n\tat org.jenkinsci.test.acceptance.junit.JenkinsAcceptanceTestRule$1.evaluate(JenkinsAcceptanceTestRule.java:55)\n\tat org.junit.runners.ParentRunner.runLeaf(ParentRunner.java:271)\n\tat org.junit.runners.BlockJUnit4ClassRunner.runChild(BlockJUnit4ClassRunner.java:70)\n\tat org.junit.runners.BlockJUnit4ClassRunner.runChild(BlockJUnit4ClassRunner.java:50)\n\tat org.junit.runners.ParentRunner$3.run(ParentRunner.java:238)\n\tat org.junit.runners.ParentRunner$1.schedule(ParentRunner.java:63)\n\tat org.junit.runners.ParentRunner.runChildren(ParentRunner.java:236)\n\tat org.junit.runners.ParentRunner.access$000(ParentRunner.java:53)\n\tat org.junit.runners.ParentRunner$2.evaluate(ParentRunner.java:229)\n\tat org.junit.runners.ParentRunner.run(ParentRunner.java:309)\n\tat org.apache.maven.surefire.junit4.JUnit4Provider.execute(JUnit4Provider.java:264)\n\tat org.apache.maven.surefire.junit4.JUnit4Provider.executeTestSet(JUnit4Provider.java:153)\n\tat org.apache.maven.surefire.junit4.JUnit4Provider.invoke(JUnit4Provider.java:124)\n\tat org.apache.maven.surefire.booter.ForkedBooter.invokeProviderInSameClassLoader(ForkedBooter.java:200)\n\tat org.apache.maven.surefire.booter.ForkedBooter.runSuitesInProcess(ForkedBooter.java:153)\n\tat org.apache.maven.surefire.booter.ForkedBooter.main(ForkedBooter.java:103)\n"
   },
   "steps" : {
      "step" : [ ]
   },
   "attachments" : {
      "attachment" : [ ]
   },
   "labels" : {
      "label" : [ {
         "name" : "host",
         "value" : "MacBook-Pro-2.home"
      }, {
         "name" : "thread",
         "value" : "1771@MacBook-Pro-2.home.main(1)"
      } ]
   }
}
testCase=ru.yandex.qatools.allure.model.TestCase@d790b84[
  _id=5ab47bee-ec1a-443f-bdf3-25397550951c
  executionId=7a8626ac-7b8d-4761-8bff-776519219d78
  threadName=thread_15005794375463
  name=run_basic_subversion_build_userPwd
  title=<null>
  description=<null>
  failure=ru.yandex.qatools.allure.model.Failure@517a7620
  start=1445041053691
  stop=1445041053703
  status=CANCELED
  severity=<null>
  steps=[]
  attachments=[]
  labels=[ru.yandex.qatools.allure.model.Label@23e3fd99, ru.yandex.qatools.allure.model.Label@1c6f82c9]
  parameters=<null>
]
testCase={
   "start" : 1445041053691,
   "stop" : 1445041053703,
   "status" : "canceled",
   "_id" : "5ab47bee-ec1a-443f-bdf3-25397550951c",
   "executionId" : "7a8626ac-7b8d-4761-8bff-776519219d78",
   "threadName" : "thread_15005794375463",
   "name" : "run_basic_subversion_build_userPwd",
   "failure" : {
      "message" : "AssumptionViolatedException: Docker is needed for the test",
      "stack-trace" : "org.junit.internal.AssumptionViolatedException: Docker is needed for the test\n\tat org.jenkinsci.test.acceptance.junit.WithDocker$RuleImpl$1.hasDocker(WithDocker.java:49)\n\tat org.jenkinsci.test.acceptance.junit.WithDocker$RuleImpl$1.evaluate(WithDocker.java:40)\n\tat org.jenkinsci.test.acceptance.junit.JenkinsAcceptanceTestRule$1.evaluate(JenkinsAcceptanceTestRule.java:55)\n\tat org.junit.runners.ParentRunner.runLeaf(ParentRunner.java:271)\n\tat org.junit.runners.BlockJUnit4ClassRunner.runChild(BlockJUnit4ClassRunner.java:70)\n\tat org.junit.runners.BlockJUnit4ClassRunner.runChild(BlockJUnit4ClassRunner.java:50)\n\tat org.junit.runners.ParentRunner$3.run(ParentRunner.java:238)\n\tat org.junit.runners.ParentRunner$1.schedule(ParentRunner.java:63)\n\tat org.junit.runners.ParentRunner.runChildren(ParentRunner.java:236)\n\tat org.junit.runners.ParentRunner.access$000(ParentRunner.java:53)\n\tat org.junit.runners.ParentRunner$2.evaluate(ParentRunner.java:229)\n\tat org.junit.runners.ParentRunner.run(ParentRunner.java:309)\n\tat org.apache.maven.surefire.junit4.JUnit4Provider.execute(JUnit4Provider.java:264)\n\tat org.apache.maven.surefire.junit4.JUnit4Provider.executeTestSet(JUnit4Provider.java:153)\n\tat org.apache.maven.surefire.junit4.JUnit4Provider.invoke(JUnit4Provider.java:124)\n\tat org.apache.maven.surefire.booter.ForkedBooter.invokeProviderInSameClassLoader(ForkedBooter.java:200)\n\tat org.apache.maven.surefire.booter.ForkedBooter.runSuitesInProcess(ForkedBooter.java:153)\n\tat org.apache.maven.surefire.booter.ForkedBooter.main(ForkedBooter.java:103)\n"
   },
   "steps" : {
      "step" : [ ]
   },
   "attachments" : {
      "attachment" : [ ]
   },
   "labels" : {
      "label" : [ {
         "name" : "host",
         "value" : "MacBook-Pro-2.home"
      }, {
         "name" : "thread",
         "value" : "1771@MacBook-Pro-2.home.main(1)"
      } ]
   }
}
>>>REQUEST: /testaspect/TestCase/5ab47bee-ec1a-443f-bdf3-25397550951c
running with given plugins: []
<<<RESPONSE (201 Created): /testaspect/TestCase/5ab47bee-ec1a-443f-bdf3-25397550951c
=== Starting run_basic_subversion_build(plugins.Subversion_Version154_PluginTest)
Skipping run_basic_subversion_build(plugins.Subversion_Version154_PluginTest): Docker is needed for the test
]]></system-out>
  </testcase>
  <testcase name="checkout_specific_revision" classname="plugins.Subversion_Version154_PluginTest" time="0">
    <skipped/>
    <system-out><![CDATA[testCaseResult=ru.yandex.qatools.allure.model.TestCaseResult@591d3743[
  name=run_basic_subversion_build
  title=<null>
  description=<null>
  failure=ru.yandex.qatools.allure.model.Failure@40372b0a
  start=1445041053704
  stop=1445041053715
  status=CANCELED
  severity=<null>
  steps=[]
  attachments=[]
  labels=[ru.yandex.qatools.allure.model.Label@b5927b2, ru.yandex.qatools.allure.model.Label@6291b784]
  parameters=<null>
]
testCaseResult={
   "start" : 1445041053704,
   "stop" : 1445041053715,
   "status" : "canceled",
   "name" : "run_basic_subversion_build",
   "failure" : {
      "message" : "AssumptionViolatedException: Docker is needed for the test",
      "stack-trace" : "org.junit.internal.AssumptionViolatedException: Docker is needed for the test\n\tat org.jenkinsci.test.acceptance.junit.WithDocker$RuleImpl$1.hasDocker(WithDocker.java:49)\n\tat org.jenkinsci.test.acceptance.junit.WithDocker$RuleImpl$1.evaluate(WithDocker.java:40)\n\tat org.jenkinsci.test.acceptance.junit.JenkinsAcceptanceTestRule$1.evaluate(JenkinsAcceptanceTestRule.java:55)\n\tat org.junit.runners.ParentRunner.runLeaf(ParentRunner.java:271)\n\tat org.junit.runners.BlockJUnit4ClassRunner.runChild(BlockJUnit4ClassRunner.java:70)\n\tat org.junit.runners.BlockJUnit4ClassRunner.runChild(BlockJUnit4ClassRunner.java:50)\n\tat org.junit.runners.ParentRunner$3.run(ParentRunner.java:238)\n\tat org.junit.runners.ParentRunner$1.schedule(ParentRunner.java:63)\n\tat org.junit.runners.ParentRunner.runChildren(ParentRunner.java:236)\n\tat org.junit.runners.ParentRunner.access$000(ParentRunner.java:53)\n\tat org.junit.runners.ParentRunner$2.evaluate(ParentRunner.java:229)\n\tat org.junit.runners.ParentRunner.run(ParentRunner.java:309)\n\tat org.apache.maven.surefire.junit4.JUnit4Provider.execute(JUnit4Provider.java:264)\n\tat org.apache.maven.surefire.junit4.JUnit4Provider.executeTestSet(JUnit4Provider.java:153)\n\tat org.apache.maven.surefire.junit4.JUnit4Provider.invoke(JUnit4Provider.java:124)\n\tat org.apache.maven.surefire.booter.ForkedBooter.invokeProviderInSameClassLoader(ForkedBooter.java:200)\n\tat org.apache.maven.surefire.booter.ForkedBooter.runSuitesInProcess(ForkedBooter.java:153)\n\tat org.apache.maven.surefire.booter.ForkedBooter.main(ForkedBooter.java:103)\n"
   },
   "steps" : {
      "step" : [ ]
   },
   "attachments" : {
      "attachment" : [ ]
   },
   "labels" : {
      "label" : [ {
         "name" : "host",
         "value" : "MacBook-Pro-2.home"
      }, {
         "name" : "thread",
         "value" : "1771@MacBook-Pro-2.home.main(1)"
      } ]
   }
}
testCase=ru.yandex.qatools.allure.model.TestCase@520623ba[
  _id=2e43714d-8d64-43f7-bcbb-82a2bcefc846
  executionId=7a8626ac-7b8d-4761-8bff-776519219d78
  threadName=thread_15005794375463
  name=run_basic_subversion_build
  title=<null>
  description=<null>
  failure=ru.yandex.qatools.allure.model.Failure@40372b0a
  start=1445041053704
  stop=1445041053715
  status=CANCELED
  severity=<null>
  steps=[]
  attachments=[]
  labels=[ru.yandex.qatools.allure.model.Label@b5927b2, ru.yandex.qatools.allure.model.Label@6291b784]
  parameters=<null>
]
testCase={
   "start" : 1445041053704,
   "stop" : 1445041053715,
   "status" : "canceled",
   "_id" : "2e43714d-8d64-43f7-bcbb-82a2bcefc846",
   "executionId" : "7a8626ac-7b8d-4761-8bff-776519219d78",
   "threadName" : "thread_15005794375463",
   "name" : "run_basic_subversion_build",
   "failure" : {
      "message" : "AssumptionViolatedException: Docker is needed for the test",
      "stack-trace" : "org.junit.internal.AssumptionViolatedException: Docker is needed for the test\n\tat org.jenkinsci.test.acceptance.junit.WithDocker$RuleImpl$1.hasDocker(WithDocker.java:49)\n\tat org.jenkinsci.test.acceptance.junit.WithDocker$RuleImpl$1.evaluate(WithDocker.java:40)\n\tat org.jenkinsci.test.acceptance.junit.JenkinsAcceptanceTestRule$1.evaluate(JenkinsAcceptanceTestRule.java:55)\n\tat org.junit.runners.ParentRunner.runLeaf(ParentRunner.java:271)\n\tat org.junit.runners.BlockJUnit4ClassRunner.runChild(BlockJUnit4ClassRunner.java:70)\n\tat org.junit.runners.BlockJUnit4ClassRunner.runChild(BlockJUnit4ClassRunner.java:50)\n\tat org.junit.runners.ParentRunner$3.run(ParentRunner.java:238)\n\tat org.junit.runners.ParentRunner$1.schedule(ParentRunner.java:63)\n\tat org.junit.runners.ParentRunner.runChildren(ParentRunner.java:236)\n\tat org.junit.runners.ParentRunner.access$000(ParentRunner.java:53)\n\tat org.junit.runners.ParentRunner$2.evaluate(ParentRunner.java:229)\n\tat org.junit.runners.ParentRunner.run(ParentRunner.java:309)\n\tat org.apache.maven.surefire.junit4.JUnit4Provider.execute(JUnit4Provider.java:264)\n\tat org.apache.maven.surefire.junit4.JUnit4Provider.executeTestSet(JUnit4Provider.java:153)\n\tat org.apache.maven.surefire.junit4.JUnit4Provider.invoke(JUnit4Provider.java:124)\n\tat org.apache.maven.surefire.booter.ForkedBooter.invokeProviderInSameClassLoader(ForkedBooter.java:200)\n\tat org.apache.maven.surefire.booter.ForkedBooter.runSuitesInProcess(ForkedBooter.java:153)\n\tat org.apache.maven.surefire.booter.ForkedBooter.main(ForkedBooter.java:103)\n"
   },
   "steps" : {
      "step" : [ ]
   },
   "attachments" : {
      "attachment" : [ ]
   },
   "labels" : {
      "label" : [ {
         "name" : "host",
         "value" : "MacBook-Pro-2.home"
      }, {
         "name" : "thread",
         "value" : "1771@MacBook-Pro-2.home.main(1)"
      } ]
   }
}
>>>REQUEST: /testaspect/TestCase/2e43714d-8d64-43f7-bcbb-82a2bcefc846
<<<RESPONSE (201 Created): /testaspect/TestCase/2e43714d-8d64-43f7-bcbb-82a2bcefc846
running with given plugins: []
=== Starting checkout_specific_revision(plugins.Subversion_Version154_PluginTest)
Skipping checkout_specific_revision(plugins.Subversion_Version154_PluginTest): Docker is needed for the test
]]></system-out>
  </testcase>
  <testcase name="always_checkout_fresh_copy" classname="plugins.Subversion_Version154_PluginTest" time="0">
    <skipped/>
    <system-out><![CDATA[testCaseResult=ru.yandex.qatools.allure.model.TestCaseResult@42612b02[
  name=checkout_specific_revision
  title=<null>
  description=<null>
  failure=ru.yandex.qatools.allure.model.Failure@6c9c2509
  start=1445041053716
  stop=1445041053726
  status=CANCELED
  severity=<null>
  steps=[]
  attachments=[]
  labels=[ru.yandex.qatools.allure.model.Label@15577bbd, ru.yandex.qatools.allure.model.Label@911a823]
  parameters=<null>
]
testCaseResult={
   "start" : 1445041053716,
   "stop" : 1445041053726,
   "status" : "canceled",
   "name" : "checkout_specific_revision",
   "failure" : {
      "message" : "AssumptionViolatedException: Docker is needed for the test",
      "stack-trace" : "org.junit.internal.AssumptionViolatedException: Docker is needed for the test\n\tat org.jenkinsci.test.acceptance.junit.WithDocker$RuleImpl$1.hasDocker(WithDocker.java:49)\n\tat org.jenkinsci.test.acceptance.junit.WithDocker$RuleImpl$1.evaluate(WithDocker.java:40)\n\tat org.jenkinsci.test.acceptance.junit.JenkinsAcceptanceTestRule$1.evaluate(JenkinsAcceptanceTestRule.java:55)\n\tat org.junit.runners.ParentRunner.runLeaf(ParentRunner.java:271)\n\tat org.junit.runners.BlockJUnit4ClassRunner.runChild(BlockJUnit4ClassRunner.java:70)\n\tat org.junit.runners.BlockJUnit4ClassRunner.runChild(BlockJUnit4ClassRunner.java:50)\n\tat org.junit.runners.ParentRunner$3.run(ParentRunner.java:238)\n\tat org.junit.runners.ParentRunner$1.schedule(ParentRunner.java:63)\n\tat org.junit.runners.ParentRunner.runChildren(ParentRunner.java:236)\n\tat org.junit.runners.ParentRunner.access$000(ParentRunner.java:53)\n\tat org.junit.runners.ParentRunner$2.evaluate(ParentRunner.java:229)\n\tat org.junit.runners.ParentRunner.run(ParentRunner.java:309)\n\tat org.apache.maven.surefire.junit4.JUnit4Provider.execute(JUnit4Provider.java:264)\n\tat org.apache.maven.surefire.junit4.JUnit4Provider.executeTestSet(JUnit4Provider.java:153)\n\tat org.apache.maven.surefire.junit4.JUnit4Provider.invoke(JUnit4Provider.java:124)\n\tat org.apache.maven.surefire.booter.ForkedBooter.invokeProviderInSameClassLoader(ForkedBooter.java:200)\n\tat org.apache.maven.surefire.booter.ForkedBooter.runSuitesInProcess(ForkedBooter.java:153)\n\tat org.apache.maven.surefire.booter.ForkedBooter.main(ForkedBooter.java:103)\n"
   },
   "steps" : {
      "step" : [ ]
   },
   "attachments" : {
      "attachment" : [ ]
   },
   "labels" : {
      "label" : [ {
         "name" : "host",
         "value" : "MacBook-Pro-2.home"
      }, {
         "name" : "thread",
         "value" : "1771@MacBook-Pro-2.home.main(1)"
      } ]
   }
}
testCase=ru.yandex.qatools.allure.model.TestCase@42e3ab38[
  _id=75a68ce7-4627-4ea7-8cd0-f0c29dd4525e
  executionId=7a8626ac-7b8d-4761-8bff-776519219d78
  threadName=thread_15005794375463
  name=checkout_specific_revision
  title=<null>
  description=<null>
  failure=ru.yandex.qatools.allure.model.Failure@6c9c2509
  start=1445041053716
  stop=1445041053726
  status=CANCELED
  severity=<null>
  steps=[]
  attachments=[]
  labels=[ru.yandex.qatools.allure.model.Label@15577bbd, ru.yandex.qatools.allure.model.Label@911a823]
  parameters=<null>
]
testCase={
   "start" : 1445041053716,
   "stop" : 1445041053726,
   "status" : "canceled",
   "_id" : "75a68ce7-4627-4ea7-8cd0-f0c29dd4525e",
   "executionId" : "7a8626ac-7b8d-4761-8bff-776519219d78",
   "threadName" : "thread_15005794375463",
   "name" : "checkout_specific_revision",
   "failure" : {
      "message" : "AssumptionViolatedException: Docker is needed for the test",
      "stack-trace" : "org.junit.internal.AssumptionViolatedException: Docker is needed for the test\n\tat org.jenkinsci.test.acceptance.junit.WithDocker$RuleImpl$1.hasDocker(WithDocker.java:49)\n\tat org.jenkinsci.test.acceptance.junit.WithDocker$RuleImpl$1.evaluate(WithDocker.java:40)\n\tat org.jenkinsci.test.acceptance.junit.JenkinsAcceptanceTestRule$1.evaluate(JenkinsAcceptanceTestRule.java:55)\n\tat org.junit.runners.ParentRunner.runLeaf(ParentRunner.java:271)\n\tat org.junit.runners.BlockJUnit4ClassRunner.runChild(BlockJUnit4ClassRunner.java:70)\n\tat org.junit.runners.BlockJUnit4ClassRunner.runChild(BlockJUnit4ClassRunner.java:50)\n\tat org.junit.runners.ParentRunner$3.run(ParentRunner.java:238)\n\tat org.junit.runners.ParentRunner$1.schedule(ParentRunner.java:63)\n\tat org.junit.runners.ParentRunner.runChildren(ParentRunner.java:236)\n\tat org.junit.runners.ParentRunner.access$000(ParentRunner.java:53)\n\tat org.junit.runners.ParentRunner$2.evaluate(ParentRunner.java:229)\n\tat org.junit.runners.ParentRunner.run(ParentRunner.java:309)\n\tat org.apache.maven.surefire.junit4.JUnit4Provider.execute(JUnit4Provider.java:264)\n\tat org.apache.maven.surefire.junit4.JUnit4Provider.executeTestSet(JUnit4Provider.java:153)\n\tat org.apache.maven.surefire.junit4.JUnit4Provider.invoke(JUnit4Provider.java:124)\n\tat org.apache.maven.surefire.booter.ForkedBooter.invokeProviderInSameClassLoader(ForkedBooter.java:200)\n\tat org.apache.maven.surefire.booter.ForkedBooter.runSuitesInProcess(ForkedBooter.java:153)\n\tat org.apache.maven.surefire.booter.ForkedBooter.main(ForkedBooter.java:103)\n"
   },
   "steps" : {
      "step" : [ ]
   },
   "attachments" : {
      "attachment" : [ ]
   },
   "labels" : {
      "label" : [ {
         "name" : "host",
         "value" : "MacBook-Pro-2.home"
      }, {
         "name" : "thread",
         "value" : "1771@MacBook-Pro-2.home.main(1)"
      } ]
   }
}
>>>REQUEST: /testaspect/TestCase/75a68ce7-4627-4ea7-8cd0-f0c29dd4525e
running with given plugins: []
<<<RESPONSE (201 Created): /testaspect/TestCase/75a68ce7-4627-4ea7-8cd0-f0c29dd4525e
=== Starting always_checkout_fresh_copy(plugins.Subversion_Version154_PluginTest)
Skipping always_checkout_fresh_copy(plugins.Subversion_Version154_PluginTest): Docker is needed for the test
]]></system-out>
  </testcase>
</testsuite>