<?xml version="1.0" encoding="UTF-8"?>
<testsuite name="plugins.OpenstackCloudPluginTest" time="0" tests="4" errors="0" skipped="4" failures="0">
  <properties>
[...]
</properties>
  <testcase name="testConnection" classname="plugins.OpenstackCloudPluginTest" time="0">
    <skipped/>
    <system-out><![CDATA[testCaseResult=ru.yandex.qatools.allure.model.TestCaseResult@76d52c82[
  name=run_on_a_particular_offline_slave
  title=<null>
  description=<null>
  failure=ru.yandex.qatools.allure.model.Failure@43d4c3b2
  start=1444529788705
  stop=1444529807101
  status=BROKEN
  severity=<null>
  steps=[]
  attachments=[]
  labels=[ru.yandex.qatools.allure.model.Label@1009d1c1, ru.yandex.qatools.allure.model.Label@5355fbaf]
  parameters=<null>
]
testCaseResult={
   "start" : 1444529788705,
   "stop" : 1444529807101,
   "status" : "broken",
   "name" : "run_on_a_particular_offline_slave",
   "failure" : {
      "message" : "NoSuchMethodError: org.apache.http.entity.ContentType.create(Ljava/lang/String;[Lorg/apache/http/NameValuePair;)Lorg/apache/http/entity/ContentType;",
      "stack-trace" : "java.lang.NoSuchMethodError: org.apache.http.entity.ContentType.create(Ljava/lang/String;[Lorg/apache/http/NameValuePair;)Lorg/apache/http/entity/ContentType;\n\tat org.apache.http.entity.mime.MultipartEntityBuilder.buildEntity(MultipartEntityBuilder.java:209)\n\tat org.apache.http.entity.mime.MultipartEntityBuilder.build(MultipartEntityBuilder.java:230)\n\tat org.jenkinsci.test.acceptance.update_center.PluginMetadata.uploadTo(PluginMetadata.java:65)\n\tat org.jenkinsci.test.acceptance.po.PluginManager.installPlugins(PluginManager.java:173)\n\tat org.jenkinsci.test.acceptance.junit.WithPlugins$RuleImpl$1.doInstall(WithPlugins.java:139)\n\tat org.jenkinsci.test.acceptance.junit.WithPlugins$RuleImpl$1.installPlugins(WithPlugins.java:119)\n\tat org.jenkinsci.test.acceptance.junit.WithPlugins$RuleImpl$1.evaluate(WithPlugins.java:92)\n\tat org.jenkinsci.test.acceptance.junit.JenkinsAcceptanceTestRule$1$2$1.evaluate(JenkinsAcceptanceTestRule.java:129)\n\tat org.jenkinsci.test.acceptance.junit.FilterRule$1.evaluate(FilterRule.java:62)\n\tat org.jenkinsci.test.acceptance.junit.JenkinsAcceptanceTestRule$1.evaluate(JenkinsAcceptanceTestRule.java:55)\n\tat org.junit.runners.ParentRunner.runLeaf(ParentRunner.java:271)\n\tat org.junit.runners.BlockJUnit4ClassRunner.runChild(BlockJUnit4ClassRunner.java:70)\n\tat org.junit.runners.BlockJUnit4ClassRunner.runChild(BlockJUnit4ClassRunner.java:50)\n\tat org.junit.runners.ParentRunner$3.run(ParentRunner.java:238)\n\tat org.junit.runners.ParentRunner$1.schedule(ParentRunner.java:63)\n\tat org.junit.runners.ParentRunner.runChildren(ParentRunner.java:236)\n\tat org.junit.runners.ParentRunner.access$000(ParentRunner.java:53)\n\tat org.junit.runners.ParentRunner$2.evaluate(ParentRunner.java:229)\n\tat org.junit.runners.ParentRunner.run(ParentRunner.java:309)\n\tat org.apache.maven.surefire.junit4.JUnit4Provider.execute(JUnit4Provider.java:264)\n\tat org.apache.maven.surefire.junit4.JUnit4Provider.executeTestSet(JUnit4Provider.java:153)\n\tat org.apache.maven.surefire.junit4.JUnit4Provider.invoke(JUnit4Provider.java:124)\n\tat org.apache.maven.surefire.booter.ForkedBooter.invokeProviderInSameClassLoader(ForkedBooter.java:200)\n\tat org.apache.maven.surefire.booter.ForkedBooter.runSuitesInProcess(ForkedBooter.java:153)\n\tat org.apache.maven.surefire.booter.ForkedBooter.main(ForkedBooter.java:103)\n"
   },
   "steps" : {
      "step" : [ ]
   },
   "attachments" : {
      "attachment" : [ ]
   },
   "labels" : {
      "label" : [ {
         "name" : "host",
         "value" : "MacBook-Pro-2.home"
      }, {
         "name" : "thread",
         "value" : "3426@MacBook-Pro-2.home.main(1)"
      } ]
   }
}
testCase=ru.yandex.qatools.allure.model.TestCase@cbb6c7b[
  _id=c973a89b-8e95-409d-a660-8bf95fdfdb08
  executionId=8e6dd7ca-e27b-4013-bda8-bc2788640ddd
  threadName=dc7331de-b740-4ba3-9907-ee3762987799
  result=ru.yandex.qatools.allure.model.TestCaseResult@76d52c82
]
testCase={
   "_id" : "c973a89b-8e95-409d-a660-8bf95fdfdb08",
   "executionId" : "8e6dd7ca-e27b-4013-bda8-bc2788640ddd",
   "threadName" : "dc7331de-b740-4ba3-9907-ee3762987799",
   "result" : {
      "start" : 1444529788705,
      "stop" : 1444529807101,
      "status" : "broken",
      "name" : "run_on_a_particular_offline_slave",
      "failure" : {
         "message" : "NoSuchMethodError: org.apache.http.entity.ContentType.create(Ljava/lang/String;[Lorg/apache/http/NameValuePair;)Lorg/apache/http/entity/ContentType;",
         "stack-trace" : "java.lang.NoSuchMethodError: org.apache.http.entity.ContentType.create(Ljava/lang/String;[Lorg/apache/http/NameValuePair;)Lorg/apache/http/entity/ContentType;\n\tat org.apache.http.entity.mime.MultipartEntityBuilder.buildEntity(MultipartEntityBuilder.java:209)\n\tat org.apache.http.entity.mime.MultipartEntityBuilder.build(MultipartEntityBuilder.java:230)\n\tat org.jenkinsci.test.acceptance.update_center.PluginMetadata.uploadTo(PluginMetadata.java:65)\n\tat org.jenkinsci.test.acceptance.po.PluginManager.installPlugins(PluginManager.java:173)\n\tat org.jenkinsci.test.acceptance.junit.WithPlugins$RuleImpl$1.doInstall(WithPlugins.java:139)\n\tat org.jenkinsci.test.acceptance.junit.WithPlugins$RuleImpl$1.installPlugins(WithPlugins.java:119)\n\tat org.jenkinsci.test.acceptance.junit.WithPlugins$RuleImpl$1.evaluate(WithPlugins.java:92)\n\tat org.jenkinsci.test.acceptance.junit.JenkinsAcceptanceTestRule$1$2$1.evaluate(JenkinsAcceptanceTestRule.java:129)\n\tat org.jenkinsci.test.acceptance.junit.FilterRule$1.evaluate(FilterRule.java:62)\n\tat org.jenkinsci.test.acceptance.junit.JenkinsAcceptanceTestRule$1.evaluate(JenkinsAcceptanceTestRule.java:55)\n\tat org.junit.runners.ParentRunner.runLeaf(ParentRunner.java:271)\n\tat org.junit.runners.BlockJUnit4ClassRunner.runChild(BlockJUnit4ClassRunner.java:70)\n\tat org.junit.runners.BlockJUnit4ClassRunner.runChild(BlockJUnit4ClassRunner.java:50)\n\tat org.junit.runners.ParentRunner$3.run(ParentRunner.java:238)\n\tat org.junit.runners.ParentRunner$1.schedule(ParentRunner.java:63)\n\tat org.junit.runners.ParentRunner.runChildren(ParentRunner.java:236)\n\tat org.junit.runners.ParentRunner.access$000(ParentRunner.java:53)\n\tat org.junit.runners.ParentRunner$2.evaluate(ParentRunner.java:229)\n\tat org.junit.runners.ParentRunner.run(ParentRunner.java:309)\n\tat org.apache.maven.surefire.junit4.JUnit4Provider.execute(JUnit4Provider.java:264)\n\tat org.apache.maven.surefire.junit4.JUnit4Provider.executeTestSet(JUnit4Provider.java:153)\n\tat org.apache.maven.surefire.junit4.JUnit4Provider.invoke(JUnit4Provider.java:124)\n\tat org.apache.maven.surefire.booter.ForkedBooter.invokeProviderInSameClassLoader(ForkedBooter.java:200)\n\tat org.apache.maven.surefire.booter.ForkedBooter.runSuitesInProcess(ForkedBooter.java:153)\n\tat org.apache.maven.surefire.booter.ForkedBooter.main(ForkedBooter.java:103)\n"
      },
      "steps" : {
         "step" : [ ]
      },
      "attachments" : {
         "attachment" : [ ]
      },
      "labels" : {
         "label" : [ {
            "name" : "host",
            "value" : "MacBook-Pro-2.home"
         }, {
            "name" : "thread",
            "value" : "3426@MacBook-Pro-2.home.main(1)"
         } ]
      }
   }
}
>>>REQUEST: /testaspect/TestCase/c973a89b-8e95-409d-a660-8bf95fdfdb08
<<<RESPONSE (201 Created): /testaspect/TestCase/c973a89b-8e95-409d-a660-8bf95fdfdb08
running with given plugins: []
=== Starting testConnection(plugins.OpenstackCloudPluginTest)
Skipping testConnection(plugins.OpenstackCloudPluginTest): Required property not provided: OpenstackCloudPluginTest.ENDPOINT
]]></system-out>
  </testcase>
  <testcase name="scheduleMatrixWithoutLabel" classname="plugins.OpenstackCloudPluginTest" time="0">
    <skipped/>
    <system-out><![CDATA[testCaseResult=ru.yandex.qatools.allure.model.TestCaseResult@1d94eb0d[
  name=testConnection
  title=<null>
  description=<null>
  failure=ru.yandex.qatools.allure.model.Failure@54e37e40
  start=1444529807104
  stop=1444529807107
  status=CANCELED
  severity=<null>
  steps=[]
  attachments=[]
  labels=[ru.yandex.qatools.allure.model.Label@3755b5c3, ru.yandex.qatools.allure.model.Label@6826cb4d]
  parameters=<null>
]
testCaseResult={
   "start" : 1444529807104,
   "stop" : 1444529807107,
   "status" : "canceled",
   "name" : "testConnection",
   "failure" : {
      "message" : "AssumptionViolatedException: Required property not provided: OpenstackCloudPluginTest.ENDPOINT",
      "stack-trace" : "org.junit.internal.AssumptionViolatedException: Required property not provided: OpenstackCloudPluginTest.ENDPOINT\n\tat org.jenkinsci.test.acceptance.junit.TestActivation$RuleImpl$1.check(TestActivation.java:84)\n\tat org.jenkinsci.test.acceptance.junit.TestActivation$RuleImpl$1.evaluate(TestActivation.java:71)\n\tat org.jenkinsci.test.acceptance.junit.JenkinsAcceptanceTestRule$1.evaluate(JenkinsAcceptanceTestRule.java:55)\n\tat org.junit.runners.ParentRunner.runLeaf(ParentRunner.java:271)\n\tat org.junit.runners.BlockJUnit4ClassRunner.runChild(BlockJUnit4ClassRunner.java:70)\n\tat org.junit.runners.BlockJUnit4ClassRunner.runChild(BlockJUnit4ClassRunner.java:50)\n\tat org.junit.runners.ParentRunner$3.run(ParentRunner.java:238)\n\tat org.junit.runners.ParentRunner$1.schedule(ParentRunner.java:63)\n\tat org.junit.runners.ParentRunner.runChildren(ParentRunner.java:236)\n\tat org.junit.runners.ParentRunner.access$000(ParentRunner.java:53)\n\tat org.junit.runners.ParentRunner$2.evaluate(ParentRunner.java:229)\n\tat org.junit.runners.ParentRunner.run(ParentRunner.java:309)\n\tat org.apache.maven.surefire.junit4.JUnit4Provider.execute(JUnit4Provider.java:264)\n\tat org.apache.maven.surefire.junit4.JUnit4Provider.executeTestSet(JUnit4Provider.java:153)\n\tat org.apache.maven.surefire.junit4.JUnit4Provider.invoke(JUnit4Provider.java:124)\n\tat org.apache.maven.surefire.booter.ForkedBooter.invokeProviderInSameClassLoader(ForkedBooter.java:200)\n\tat org.apache.maven.surefire.booter.ForkedBooter.runSuitesInProcess(ForkedBooter.java:153)\n\tat org.apache.maven.surefire.booter.ForkedBooter.main(ForkedBooter.java:103)\n"
   },
   "steps" : {
      "step" : [ ]
   },
   "attachments" : {
      "attachment" : [ ]
   },
   "labels" : {
      "label" : [ {
         "name" : "host",
         "value" : "MacBook-Pro-2.home"
      }, {
         "name" : "thread",
         "value" : "3426@MacBook-Pro-2.home.main(1)"
      } ]
   }
}
testCase=ru.yandex.qatools.allure.model.TestCase@525089c7[
  _id=421ac9e1-9e15-468e-8f9d-0b1e174364ce
  executionId=8e6dd7ca-e27b-4013-bda8-bc2788640ddd
  threadName=dc7331de-b740-4ba3-9907-ee3762987799
  result=ru.yandex.qatools.allure.model.TestCaseResult@1d94eb0d
]
testCase={
   "_id" : "421ac9e1-9e15-468e-8f9d-0b1e174364ce",
   "executionId" : "8e6dd7ca-e27b-4013-bda8-bc2788640ddd",
   "threadName" : "dc7331de-b740-4ba3-9907-ee3762987799",
   "result" : {
      "start" : 1444529807104,
      "stop" : 1444529807107,
      "status" : "canceled",
      "name" : "testConnection",
      "failure" : {
         "message" : "AssumptionViolatedException: Required property not provided: OpenstackCloudPluginTest.ENDPOINT",
         "stack-trace" : "org.junit.internal.AssumptionViolatedException: Required property not provided: OpenstackCloudPluginTest.ENDPOINT\n\tat org.jenkinsci.test.acceptance.junit.TestActivation$RuleImpl$1.check(TestActivation.java:84)\n\tat org.jenkinsci.test.acceptance.junit.TestActivation$RuleImpl$1.evaluate(TestActivation.java:71)\n\tat org.jenkinsci.test.acceptance.junit.JenkinsAcceptanceTestRule$1.evaluate(JenkinsAcceptanceTestRule.java:55)\n\tat org.junit.runners.ParentRunner.runLeaf(ParentRunner.java:271)\n\tat org.junit.runners.BlockJUnit4ClassRunner.runChild(BlockJUnit4ClassRunner.java:70)\n\tat org.junit.runners.BlockJUnit4ClassRunner.runChild(BlockJUnit4ClassRunner.java:50)\n\tat org.junit.runners.ParentRunner$3.run(ParentRunner.java:238)\n\tat org.junit.runners.ParentRunner$1.schedule(ParentRunner.java:63)\n\tat org.junit.runners.ParentRunner.runChildren(ParentRunner.java:236)\n\tat org.junit.runners.ParentRunner.access$000(ParentRunner.java:53)\n\tat org.junit.runners.ParentRunner$2.evaluate(ParentRunner.java:229)\n\tat org.junit.runners.ParentRunner.run(ParentRunner.java:309)\n\tat org.apache.maven.surefire.junit4.JUnit4Provider.execute(JUnit4Provider.java:264)\n\tat org.apache.maven.surefire.junit4.JUnit4Provider.executeTestSet(JUnit4Provider.java:153)\n\tat org.apache.maven.surefire.junit4.JUnit4Provider.invoke(JUnit4Provider.java:124)\n\tat org.apache.maven.surefire.booter.ForkedBooter.invokeProviderInSameClassLoader(ForkedBooter.java:200)\n\tat org.apache.maven.surefire.booter.ForkedBooter.runSuitesInProcess(ForkedBooter.java:153)\n\tat org.apache.maven.surefire.booter.ForkedBooter.main(ForkedBooter.java:103)\n"
      },
      "steps" : {
         "step" : [ ]
      },
      "attachments" : {
         "attachment" : [ ]
      },
      "labels" : {
         "label" : [ {
            "name" : "host",
            "value" : "MacBook-Pro-2.home"
         }, {
            "name" : "thread",
            "value" : "3426@MacBook-Pro-2.home.main(1)"
         } ]
      }
   }
}
>>>REQUEST: /testaspect/TestCase/421ac9e1-9e15-468e-8f9d-0b1e174364ce
running with given plugins: []
=== Starting scheduleMatrixWithoutLabel(plugins.OpenstackCloudPluginTest)
Skipping scheduleMatrixWithoutLabel(plugins.OpenstackCloudPluginTest): Required property not provided: OpenstackCloudPluginTest.HARDWARE_ID
<<<RESPONSE (201 Created): /testaspect/TestCase/421ac9e1-9e15-468e-8f9d-0b1e174364ce
]]></system-out>
  </testcase>
  <testcase name="provisionSshSlave" classname="plugins.OpenstackCloudPluginTest" time="0">
    <skipped/>
    <system-out><![CDATA[testCaseResult=ru.yandex.qatools.allure.model.TestCaseResult@243cc85c[
  name=scheduleMatrixWithoutLabel
  title=<null>
  description=<null>
  failure=ru.yandex.qatools.allure.model.Failure@319e552c
  start=1444529807109
  stop=1444529807112
  status=CANCELED
  severity=<null>
  steps=[]
  attachments=[]
  labels=[ru.yandex.qatools.allure.model.Label@5ca70682, ru.yandex.qatools.allure.model.Label@eabd20b]
  parameters=<null>
]
testCaseResult={
   "start" : 1444529807109,
   "stop" : 1444529807112,
   "status" : "canceled",
   "name" : "scheduleMatrixWithoutLabel",
   "failure" : {
      "message" : "AssumptionViolatedException: Required property not provided: OpenstackCloudPluginTest.HARDWARE_ID",
      "stack-trace" : "org.junit.internal.AssumptionViolatedException: Required property not provided: OpenstackCloudPluginTest.HARDWARE_ID\n\tat org.jenkinsci.test.acceptance.junit.TestActivation$RuleImpl$1.check(TestActivation.java:84)\n\tat org.jenkinsci.test.acceptance.junit.TestActivation$RuleImpl$1.evaluate(TestActivation.java:70)\n\tat org.jenkinsci.test.acceptance.junit.JenkinsAcceptanceTestRule$1.evaluate(JenkinsAcceptanceTestRule.java:55)\n\tat org.junit.runners.ParentRunner.runLeaf(ParentRunner.java:271)\n\tat org.junit.runners.BlockJUnit4ClassRunner.runChild(BlockJUnit4ClassRunner.java:70)\n\tat org.junit.runners.BlockJUnit4ClassRunner.runChild(BlockJUnit4ClassRunner.java:50)\n\tat org.junit.runners.ParentRunner$3.run(ParentRunner.java:238)\n\tat org.junit.runners.ParentRunner$1.schedule(ParentRunner.java:63)\n\tat org.junit.runners.ParentRunner.runChildren(ParentRunner.java:236)\n\tat org.junit.runners.ParentRunner.access$000(ParentRunner.java:53)\n\tat org.junit.runners.ParentRunner$2.evaluate(ParentRunner.java:229)\n\tat org.junit.runners.ParentRunner.run(ParentRunner.java:309)\n\tat org.apache.maven.surefire.junit4.JUnit4Provider.execute(JUnit4Provider.java:264)\n\tat org.apache.maven.surefire.junit4.JUnit4Provider.executeTestSet(JUnit4Provider.java:153)\n\tat org.apache.maven.surefire.junit4.JUnit4Provider.invoke(JUnit4Provider.java:124)\n\tat org.apache.maven.surefire.booter.ForkedBooter.invokeProviderInSameClassLoader(ForkedBooter.java:200)\n\tat org.apache.maven.surefire.booter.ForkedBooter.runSuitesInProcess(ForkedBooter.java:153)\n\tat org.apache.maven.surefire.booter.ForkedBooter.main(ForkedBooter.java:103)\n"
   },
   "steps" : {
      "step" : [ ]
   },
   "attachments" : {
      "attachment" : [ ]
   },
   "labels" : {
      "label" : [ {
         "name" : "host",
         "value" : "MacBook-Pro-2.home"
      }, {
         "name" : "thread",
         "value" : "3426@MacBook-Pro-2.home.main(1)"
      } ]
   }
}
testCase=ru.yandex.qatools.allure.model.TestCase@4c1785aa[
  _id=0e117f77-c6c2-4cfc-a191-086838536889
  executionId=8e6dd7ca-e27b-4013-bda8-bc2788640ddd
  threadName=dc7331de-b740-4ba3-9907-ee3762987799
  result=ru.yandex.qatools.allure.model.TestCaseResult@243cc85c
]
testCase={
   "_id" : "0e117f77-c6c2-4cfc-a191-086838536889",
   "executionId" : "8e6dd7ca-e27b-4013-bda8-bc2788640ddd",
   "threadName" : "dc7331de-b740-4ba3-9907-ee3762987799",
   "result" : {
      "start" : 1444529807109,
      "stop" : 1444529807112,
      "status" : "canceled",
      "name" : "scheduleMatrixWithoutLabel",
      "failure" : {
         "message" : "AssumptionViolatedException: Required property not provided: OpenstackCloudPluginTest.HARDWARE_ID",
         "stack-trace" : "org.junit.internal.AssumptionViolatedException: Required property not provided: OpenstackCloudPluginTest.HARDWARE_ID\n\tat org.jenkinsci.test.acceptance.junit.TestActivation$RuleImpl$1.check(TestActivation.java:84)\n\tat org.jenkinsci.test.acceptance.junit.TestActivation$RuleImpl$1.evaluate(TestActivation.java:70)\n\tat org.jenkinsci.test.acceptance.junit.JenkinsAcceptanceTestRule$1.evaluate(JenkinsAcceptanceTestRule.java:55)\n\tat org.junit.runners.ParentRunner.runLeaf(ParentRunner.java:271)\n\tat org.junit.runners.BlockJUnit4ClassRunner.runChild(BlockJUnit4ClassRunner.java:70)\n\tat org.junit.runners.BlockJUnit4ClassRunner.runChild(BlockJUnit4ClassRunner.java:50)\n\tat org.junit.runners.ParentRunner$3.run(ParentRunner.java:238)\n\tat org.junit.runners.ParentRunner$1.schedule(ParentRunner.java:63)\n\tat org.junit.runners.ParentRunner.runChildren(ParentRunner.java:236)\n\tat org.junit.runners.ParentRunner.access$000(ParentRunner.java:53)\n\tat org.junit.runners.ParentRunner$2.evaluate(ParentRunner.java:229)\n\tat org.junit.runners.ParentRunner.run(ParentRunner.java:309)\n\tat org.apache.maven.surefire.junit4.JUnit4Provider.execute(JUnit4Provider.java:264)\n\tat org.apache.maven.surefire.junit4.JUnit4Provider.executeTestSet(JUnit4Provider.java:153)\n\tat org.apache.maven.surefire.junit4.JUnit4Provider.invoke(JUnit4Provider.java:124)\n\tat org.apache.maven.surefire.booter.ForkedBooter.invokeProviderInSameClassLoader(ForkedBooter.java:200)\n\tat org.apache.maven.surefire.booter.ForkedBooter.runSuitesInProcess(ForkedBooter.java:153)\n\tat org.apache.maven.surefire.booter.ForkedBooter.main(ForkedBooter.java:103)\n"
      },
      "steps" : {
         "step" : [ ]
      },
      "attachments" : {
         "attachment" : [ ]
      },
      "labels" : {
         "label" : [ {
            "name" : "host",
            "value" : "MacBook-Pro-2.home"
         }, {
            "name" : "thread",
            "value" : "3426@MacBook-Pro-2.home.main(1)"
         } ]
      }
   }
}
>>>REQUEST: /testaspect/TestCase/0e117f77-c6c2-4cfc-a191-086838536889
running with given plugins: []
<<<RESPONSE (201 Created): /testaspect/TestCase/0e117f77-c6c2-4cfc-a191-086838536889
=== Starting provisionSshSlave(plugins.OpenstackCloudPluginTest)
Skipping provisionSshSlave(plugins.OpenstackCloudPluginTest): Required property not provided: OpenstackCloudPluginTest.HARDWARE_ID
]]></system-out>
  </testcase>
  <testcase name="provisionJnlpSlave" classname="plugins.OpenstackCloudPluginTest" time="0">
    <skipped/>
    <system-out><![CDATA[testCaseResult=ru.yandex.qatools.allure.model.TestCaseResult@7ed61999[
  name=provisionSshSlave
  title=<null>
  description=<null>
  failure=ru.yandex.qatools.allure.model.Failure@6bac9a7b
  start=1444529807113
  stop=1444529807116
  status=CANCELED
  severity=<null>
  steps=[]
  attachments=[]
  labels=[ru.yandex.qatools.allure.model.Label@b5d5f4a, ru.yandex.qatools.allure.model.Label@33f15012]
  parameters=<null>
]
testCaseResult={
   "start" : 1444529807113,
   "stop" : 1444529807116,
   "status" : "canceled",
   "name" : "provisionSshSlave",
   "failure" : {
      "message" : "AssumptionViolatedException: Required property not provided: OpenstackCloudPluginTest.HARDWARE_ID",
      "stack-trace" : "org.junit.internal.AssumptionViolatedException: Required property not provided: OpenstackCloudPluginTest.HARDWARE_ID\n\tat org.jenkinsci.test.acceptance.junit.TestActivation$RuleImpl$1.check(TestActivation.java:84)\n\tat org.jenkinsci.test.acceptance.junit.TestActivation$RuleImpl$1.evaluate(TestActivation.java:70)\n\tat org.jenkinsci.test.acceptance.junit.JenkinsAcceptanceTestRule$1.evaluate(JenkinsAcceptanceTestRule.java:55)\n\tat org.junit.runners.ParentRunner.runLeaf(ParentRunner.java:271)\n\tat org.junit.runners.BlockJUnit4ClassRunner.runChild(BlockJUnit4ClassRunner.java:70)\n\tat org.junit.runners.BlockJUnit4ClassRunner.runChild(BlockJUnit4ClassRunner.java:50)\n\tat org.junit.runners.ParentRunner$3.run(ParentRunner.java:238)\n\tat org.junit.runners.ParentRunner$1.schedule(ParentRunner.java:63)\n\tat org.junit.runners.ParentRunner.runChildren(ParentRunner.java:236)\n\tat org.junit.runners.ParentRunner.access$000(ParentRunner.java:53)\n\tat org.junit.runners.ParentRunner$2.evaluate(ParentRunner.java:229)\n\tat org.junit.runners.ParentRunner.run(ParentRunner.java:309)\n\tat org.apache.maven.surefire.junit4.JUnit4Provider.execute(JUnit4Provider.java:264)\n\tat org.apache.maven.surefire.junit4.JUnit4Provider.executeTestSet(JUnit4Provider.java:153)\n\tat org.apache.maven.surefire.junit4.JUnit4Provider.invoke(JUnit4Provider.java:124)\n\tat org.apache.maven.surefire.booter.ForkedBooter.invokeProviderInSameClassLoader(ForkedBooter.java:200)\n\tat org.apache.maven.surefire.booter.ForkedBooter.runSuitesInProcess(ForkedBooter.java:153)\n\tat org.apache.maven.surefire.booter.ForkedBooter.main(ForkedBooter.java:103)\n"
   },
   "steps" : {
      "step" : [ ]
   },
   "attachments" : {
      "attachment" : [ ]
   },
   "labels" : {
      "label" : [ {
         "name" : "host",
         "value" : "MacBook-Pro-2.home"
      }, {
         "name" : "thread",
         "value" : "3426@MacBook-Pro-2.home.main(1)"
      } ]
   }
}
testCase=ru.yandex.qatools.allure.model.TestCase@7d259d24[
  _id=ab089de3-04a4-4adb-80df-50df0646a267
  executionId=8e6dd7ca-e27b-4013-bda8-bc2788640ddd
  threadName=dc7331de-b740-4ba3-9907-ee3762987799
  result=ru.yandex.qatools.allure.model.TestCaseResult@7ed61999
]
testCase={
   "_id" : "ab089de3-04a4-4adb-80df-50df0646a267",
   "executionId" : "8e6dd7ca-e27b-4013-bda8-bc2788640ddd",
   "threadName" : "dc7331de-b740-4ba3-9907-ee3762987799",
   "result" : {
      "start" : 1444529807113,
      "stop" : 1444529807116,
      "status" : "canceled",
      "name" : "provisionSshSlave",
      "failure" : {
         "message" : "AssumptionViolatedException: Required property not provided: OpenstackCloudPluginTest.HARDWARE_ID",
         "stack-trace" : "org.junit.internal.AssumptionViolatedException: Required property not provided: OpenstackCloudPluginTest.HARDWARE_ID\n\tat org.jenkinsci.test.acceptance.junit.TestActivation$RuleImpl$1.check(TestActivation.java:84)\n\tat org.jenkinsci.test.acceptance.junit.TestActivation$RuleImpl$1.evaluate(TestActivation.java:70)\n\tat org.jenkinsci.test.acceptance.junit.JenkinsAcceptanceTestRule$1.evaluate(JenkinsAcceptanceTestRule.java:55)\n\tat org.junit.runners.ParentRunner.runLeaf(ParentRunner.java:271)\n\tat org.junit.runners.BlockJUnit4ClassRunner.runChild(BlockJUnit4ClassRunner.java:70)\n\tat org.junit.runners.BlockJUnit4ClassRunner.runChild(BlockJUnit4ClassRunner.java:50)\n\tat org.junit.runners.ParentRunner$3.run(ParentRunner.java:238)\n\tat org.junit.runners.ParentRunner$1.schedule(ParentRunner.java:63)\n\tat org.junit.runners.ParentRunner.runChildren(ParentRunner.java:236)\n\tat org.junit.runners.ParentRunner.access$000(ParentRunner.java:53)\n\tat org.junit.runners.ParentRunner$2.evaluate(ParentRunner.java:229)\n\tat org.junit.runners.ParentRunner.run(ParentRunner.java:309)\n\tat org.apache.maven.surefire.junit4.JUnit4Provider.execute(JUnit4Provider.java:264)\n\tat org.apache.maven.surefire.junit4.JUnit4Provider.executeTestSet(JUnit4Provider.java:153)\n\tat org.apache.maven.surefire.junit4.JUnit4Provider.invoke(JUnit4Provider.java:124)\n\tat org.apache.maven.surefire.booter.ForkedBooter.invokeProviderInSameClassLoader(ForkedBooter.java:200)\n\tat org.apache.maven.surefire.booter.ForkedBooter.runSuitesInProcess(ForkedBooter.java:153)\n\tat org.apache.maven.surefire.booter.ForkedBooter.main(ForkedBooter.java:103)\n"
      },
      "steps" : {
         "step" : [ ]
      },
      "attachments" : {
         "attachment" : [ ]
      },
      "labels" : {
         "label" : [ {
            "name" : "host",
            "value" : "MacBook-Pro-2.home"
         }, {
            "name" : "thread",
            "value" : "3426@MacBook-Pro-2.home.main(1)"
         } ]
      }
   }
}
>>>REQUEST: /testaspect/TestCase/ab089de3-04a4-4adb-80df-50df0646a267
running with given plugins: []
<<<RESPONSE (201 Created): /testaspect/TestCase/ab089de3-04a4-4adb-80df-50df0646a267
=== Starting provisionJnlpSlave(plugins.OpenstackCloudPluginTest)
Skipping provisionJnlpSlave(plugins.OpenstackCloudPluginTest): Required property not provided: OpenstackCloudPluginTest.HARDWARE_ID
]]></system-out>
  </testcase>
</testsuite>