<?xml version="1.0" encoding="UTF-8"?>
<testsuite name="plugins.AnalysisCollectorPluginTest" time="203.913" tests="11" errors="11" skipped="0" failures="0">
  <properties>
[...]
</properties>
  <testcase name="should_show_job_summary_with_warnings_per_tool" classname="plugins.AnalysisCollectorPluginTest" time="18.88">
    <error message="org.apache.http.entity.ContentType.create(Ljava/lang/String;[Lorg/apache/http/NameValuePair;)Lorg/apache/http/entity/ContentType;" type="java.lang.NoSuchMethodError">java.lang.NoSuchMethodError: org.apache.http.entity.ContentType.create(Ljava/lang/String;[Lorg/apache/http/NameValuePair;)Lorg/apache/http/entity/ContentType;
	at org.apache.http.entity.mime.MultipartEntityBuilder.buildEntity(MultipartEntityBuilder.java:209)
	at org.apache.http.entity.mime.MultipartEntityBuilder.build(MultipartEntityBuilder.java:230)
	at org.jenkinsci.test.acceptance.update_center.PluginMetadata.uploadTo(PluginMetadata.java:65)
	at org.jenkinsci.test.acceptance.po.PluginManager.installPlugins(PluginManager.java:173)
	at org.jenkinsci.test.acceptance.junit.WithPlugins$RuleImpl$1.doInstall(WithPlugins.java:139)
	at org.jenkinsci.test.acceptance.junit.WithPlugins$RuleImpl$1.installPlugins(WithPlugins.java:119)
	at org.jenkinsci.test.acceptance.junit.WithPlugins$RuleImpl$1.evaluate(WithPlugins.java:92)
	at org.jenkinsci.test.acceptance.junit.JenkinsAcceptanceTestRule$1$2$1.evaluate(JenkinsAcceptanceTestRule.java:129)
	at org.jenkinsci.test.acceptance.junit.FilterRule$1.evaluate(FilterRule.java:62)
	at org.jenkinsci.test.acceptance.junit.JenkinsAcceptanceTestRule$1.evaluate(JenkinsAcceptanceTestRule.java:55)
	at org.junit.runners.ParentRunner.runLeaf(ParentRunner.java:271)
	at org.junit.runners.BlockJUnit4ClassRunner.runChild(BlockJUnit4ClassRunner.java:70)
	at org.junit.runners.BlockJUnit4ClassRunner.runChild(BlockJUnit4ClassRunner.java:50)
	at org.junit.runners.ParentRunner$3.run(ParentRunner.java:238)
	at org.junit.runners.ParentRunner$1.schedule(ParentRunner.java:63)
	at org.junit.runners.ParentRunner.runChildren(ParentRunner.java:236)
	at org.junit.runners.ParentRunner.access$000(ParentRunner.java:53)
	at org.junit.runners.ParentRunner$2.evaluate(ParentRunner.java:229)
	at org.junit.runners.ParentRunner.run(ParentRunner.java:309)
	at org.apache.maven.surefire.junit4.JUnit4Provider.execute(JUnit4Provider.java:264)
	at org.apache.maven.surefire.junit4.JUnit4Provider.executeTestSet(JUnit4Provider.java:153)
	at org.apache.maven.surefire.junit4.JUnit4Provider.invoke(JUnit4Provider.java:124)
	at org.apache.maven.surefire.booter.ForkedBooter.invokeProviderInSameClassLoader(ForkedBooter.java:200)
	at org.apache.maven.surefire.booter.ForkedBooter.runSuitesInProcess(ForkedBooter.java:153)
	at org.apache.maven.surefire.booter.ForkedBooter.main(ForkedBooter.java:103)
</error>
    <system-out><![CDATA[testCaseResult=ru.yandex.qatools.allure.model.TestCaseResult@458e3dba[
  name=user_can_login_to_Jenkins_as_admin_after_AD_security_configured
  title=<null>
  description=<null>
  failure=ru.yandex.qatools.allure.model.Failure@27a445b1
  start=1445037238124
  stop=1445037256570
  status=BROKEN
  severity=<null>
  steps=[]
  attachments=[]
  labels=[ru.yandex.qatools.allure.model.Label@40f40c60, ru.yandex.qatools.allure.model.Label@7a17c3bf]
  parameters=<null>
]
testCaseResult={
   "start" : 1445037238124,
   "stop" : 1445037256570,
   "status" : "broken",
   "name" : "user_can_login_to_Jenkins_as_admin_after_AD_security_configured",
   "failure" : {
      "message" : "NoSuchMethodError: org.apache.http.entity.ContentType.create(Ljava/lang/String;[Lorg/apache/http/NameValuePair;)Lorg/apache/http/entity/ContentType;",
      "stack-trace" : "java.lang.NoSuchMethodError: org.apache.http.entity.ContentType.create(Ljava/lang/String;[Lorg/apache/http/NameValuePair;)Lorg/apache/http/entity/ContentType;\n\tat org.apache.http.entity.mime.MultipartEntityBuilder.buildEntity(MultipartEntityBuilder.java:209)\n\tat org.apache.http.entity.mime.MultipartEntityBuilder.build(MultipartEntityBuilder.java:230)\n\tat org.jenkinsci.test.acceptance.update_center.PluginMetadata.uploadTo(PluginMetadata.java:65)\n\tat org.jenkinsci.test.acceptance.po.PluginManager.installPlugins(PluginManager.java:173)\n\tat org.jenkinsci.test.acceptance.junit.WithPlugins$RuleImpl$1.doInstall(WithPlugins.java:139)\n\tat org.jenkinsci.test.acceptance.junit.WithPlugins$RuleImpl$1.installPlugins(WithPlugins.java:119)\n\tat org.jenkinsci.test.acceptance.junit.WithPlugins$RuleImpl$1.evaluate(WithPlugins.java:92)\n\tat org.jenkinsci.test.acceptance.junit.JenkinsAcceptanceTestRule$1$2$1.evaluate(JenkinsAcceptanceTestRule.java:129)\n\tat org.jenkinsci.test.acceptance.junit.FilterRule$1.evaluate(FilterRule.java:62)\n\tat org.jenkinsci.test.acceptance.junit.JenkinsAcceptanceTestRule$1.evaluate(JenkinsAcceptanceTestRule.java:55)\n\tat org.junit.runners.ParentRunner.runLeaf(ParentRunner.java:271)\n\tat org.junit.runners.BlockJUnit4ClassRunner.runChild(BlockJUnit4ClassRunner.java:70)\n\tat org.junit.runners.BlockJUnit4ClassRunner.runChild(BlockJUnit4ClassRunner.java:50)\n\tat org.junit.runners.ParentRunner$3.run(ParentRunner.java:238)\n\tat org.junit.runners.ParentRunner$1.schedule(ParentRunner.java:63)\n\tat org.junit.runners.ParentRunner.runChildren(ParentRunner.java:236)\n\tat org.junit.runners.ParentRunner.access$000(ParentRunner.java:53)\n\tat org.junit.runners.ParentRunner$2.evaluate(ParentRunner.java:229)\n\tat org.junit.runners.ParentRunner.run(ParentRunner.java:309)\n\tat org.apache.maven.surefire.junit4.JUnit4Provider.execute(JUnit4Provider.java:264)\n\tat org.apache.maven.surefire.junit4.JUnit4Provider.executeTestSet(JUnit4Provider.java:153)\n\tat org.apache.maven.surefire.junit4.JUnit4Provider.invoke(JUnit4Provider.java:124)\n\tat org.apache.maven.surefire.booter.ForkedBooter.invokeProviderInSameClassLoader(ForkedBooter.java:200)\n\tat org.apache.maven.surefire.booter.ForkedBooter.runSuitesInProcess(ForkedBooter.java:153)\n\tat org.apache.maven.surefire.booter.ForkedBooter.main(ForkedBooter.java:103)\n"
   },
   "steps" : {
      "step" : [ ]
   },
   "attachments" : {
      "attachment" : [ ]
   },
   "labels" : {
      "label" : [ {
         "name" : "host",
         "value" : "MacBook-Pro-2.home"
      }, {
         "name" : "thread",
         "value" : "1771@MacBook-Pro-2.home.main(1)"
      } ]
   }
}
testCase=ru.yandex.qatools.allure.model.TestCase@4ec042aa[
  _id=039a2cb1-885e-4693-a814-c4fa43f451a6
  executionId=7a8626ac-7b8d-4761-8bff-776519219d78
  threadName=thread_15005794375463
  name=user_can_login_to_Jenkins_as_admin_after_AD_security_configured
  title=<null>
  description=<null>
  failure=ru.yandex.qatools.allure.model.Failure@27a445b1
  start=1445037238124
  stop=1445037256570
  status=BROKEN
  severity=<null>
  steps=[]
  attachments=[]
  labels=[ru.yandex.qatools.allure.model.Label@40f40c60, ru.yandex.qatools.allure.model.Label@7a17c3bf]
  parameters=<null>
]
testCase={
   "start" : 1445037238124,
   "stop" : 1445037256570,
   "status" : "broken",
   "_id" : "039a2cb1-885e-4693-a814-c4fa43f451a6",
   "executionId" : "7a8626ac-7b8d-4761-8bff-776519219d78",
   "threadName" : "thread_15005794375463",
   "name" : "user_can_login_to_Jenkins_as_admin_after_AD_security_configured",
   "failure" : {
      "message" : "NoSuchMethodError: org.apache.http.entity.ContentType.create(Ljava/lang/String;[Lorg/apache/http/NameValuePair;)Lorg/apache/http/entity/ContentType;",
      "stack-trace" : "java.lang.NoSuchMethodError: org.apache.http.entity.ContentType.create(Ljava/lang/String;[Lorg/apache/http/NameValuePair;)Lorg/apache/http/entity/ContentType;\n\tat org.apache.http.entity.mime.MultipartEntityBuilder.buildEntity(MultipartEntityBuilder.java:209)\n\tat org.apache.http.entity.mime.MultipartEntityBuilder.build(MultipartEntityBuilder.java:230)\n\tat org.jenkinsci.test.acceptance.update_center.PluginMetadata.uploadTo(PluginMetadata.java:65)\n\tat org.jenkinsci.test.acceptance.po.PluginManager.installPlugins(PluginManager.java:173)\n\tat org.jenkinsci.test.acceptance.junit.WithPlugins$RuleImpl$1.doInstall(WithPlugins.java:139)\n\tat org.jenkinsci.test.acceptance.junit.WithPlugins$RuleImpl$1.installPlugins(WithPlugins.java:119)\n\tat org.jenkinsci.test.acceptance.junit.WithPlugins$RuleImpl$1.evaluate(WithPlugins.java:92)\n\tat org.jenkinsci.test.acceptance.junit.JenkinsAcceptanceTestRule$1$2$1.evaluate(JenkinsAcceptanceTestRule.java:129)\n\tat org.jenkinsci.test.acceptance.junit.FilterRule$1.evaluate(FilterRule.java:62)\n\tat org.jenkinsci.test.acceptance.junit.JenkinsAcceptanceTestRule$1.evaluate(JenkinsAcceptanceTestRule.java:55)\n\tat org.junit.runners.ParentRunner.runLeaf(ParentRunner.java:271)\n\tat org.junit.runners.BlockJUnit4ClassRunner.runChild(BlockJUnit4ClassRunner.java:70)\n\tat org.junit.runners.BlockJUnit4ClassRunner.runChild(BlockJUnit4ClassRunner.java:50)\n\tat org.junit.runners.ParentRunner$3.run(ParentRunner.java:238)\n\tat org.junit.runners.ParentRunner$1.schedule(ParentRunner.java:63)\n\tat org.junit.runners.ParentRunner.runChildren(ParentRunner.java:236)\n\tat org.junit.runners.ParentRunner.access$000(ParentRunner.java:53)\n\tat org.junit.runners.ParentRunner$2.evaluate(ParentRunner.java:229)\n\tat org.junit.runners.ParentRunner.run(ParentRunner.java:309)\n\tat org.apache.maven.surefire.junit4.JUnit4Provider.execute(JUnit4Provider.java:264)\n\tat org.apache.maven.surefire.junit4.JUnit4Provider.executeTestSet(JUnit4Provider.java:153)\n\tat org.apache.maven.surefire.junit4.JUnit4Provider.invoke(JUnit4Provider.java:124)\n\tat org.apache.maven.surefire.booter.ForkedBooter.invokeProviderInSameClassLoader(ForkedBooter.java:200)\n\tat org.apache.maven.surefire.booter.ForkedBooter.runSuitesInProcess(ForkedBooter.java:153)\n\tat org.apache.maven.surefire.booter.ForkedBooter.main(ForkedBooter.java:103)\n"
   },
   "steps" : {
      "step" : [ ]
   },
   "attachments" : {
      "attachment" : [ ]
   },
   "labels" : {
      "label" : [ {
         "name" : "host",
         "value" : "MacBook-Pro-2.home"
      }, {
         "name" : "thread",
         "value" : "1771@MacBook-Pro-2.home.main(1)"
      } ]
   }
}
>>>REQUEST: /testaspect/TestCase/039a2cb1-885e-4693-a814-c4fa43f451a6
<<<RESPONSE (201 Created): /testaspect/TestCase/039a2cb1-885e-4693-a814-c4fa43f451a6
running with given plugins: []
=== Starting should_show_job_summary_with_warnings_per_tool(plugins.AnalysisCollectorPluginTest)
Starting Jenkins: JAVA_HOME=/Library/Java/JavaVirtualMachines/jdk1.8.0_60.jdk/Contents/Home JENKINS_HOME=/Users/abduljewel/Documents/c/spiderqa/sample-test-projects/acceptance-test-harness/target/jenkins3637031980597201702home /Library/Java/JavaVirtualMachines/jdk1.8.0_60.jdk/Contents/Home/bin/java -Duser.language=en -jar ./jenkins.war --ajp13Port=-1 --httpPort=63306
master63306|Running from: /Users/abduljewel/Documents/c/spiderqa/sample-test-projects/acceptance-test-harness/jenkins.war
master63306|webroot: EnvVars.masterEnvVars.get("JENKINS_HOME")
master63306|Oct 16, 2015 7:14:16 PM winstone.Logger logInternal
master63306|INFO: Beginning extraction from war file
master63306|Oct 16, 2015 7:14:17 PM org.eclipse.jetty.util.log.JavaUtilLog info
master63306|INFO: jetty-winstone-2.8
master63306|Oct 16, 2015 7:14:19 PM org.eclipse.jetty.util.log.JavaUtilLog info
master63306|INFO: NO JSP Support for , did not find org.apache.jasper.servlet.JspServlet
master63306|Jenkins home directory: /Users/abduljewel/Documents/c/spiderqa/sample-test-projects/acceptance-test-harness/target/jenkins3637031980597201702home found at: EnvVars.masterEnvVars.get("JENKINS_HOME")
master63306|Oct 16, 2015 7:14:19 PM org.eclipse.jetty.util.log.JavaUtilLog info
master63306|INFO: Started SelectChannelConnector@0.0.0.0:63306
master63306|Oct 16, 2015 7:14:19 PM winstone.Logger logInternal
master63306|INFO: Winstone Servlet Engine v2.0 running: controlPort=disabled
master63306|Oct 16, 2015 7:14:20 PM jenkins.InitReactorRunner$1 onAttained
master63306|INFO: Started initialization
master63306|Oct 16, 2015 7:14:29 PM jenkins.InitReactorRunner$1 onAttained
master63306|INFO: Listed all plugins
master63306|Oct 16, 2015 7:14:29 PM jenkins.InitReactorRunner$1 onAttained
master63306|INFO: Prepared all plugins
master63306|Oct 16, 2015 7:14:29 PM jenkins.InitReactorRunner$1 onAttained
master63306|INFO: Started all plugins
master63306|Oct 16, 2015 7:14:29 PM jenkins.InitReactorRunner$1 onAttained
master63306|INFO: Augmented all extensions
master63306|Oct 16, 2015 7:14:30 PM jenkins.InitReactorRunner$1 onAttained
master63306|INFO: Loaded all jobs
master63306|Oct 16, 2015 7:14:31 PM hudson.model.AsyncPeriodicWork$1 run
master63306|INFO: Started Download metadata
master63306|Oct 16, 2015 7:14:32 PM org.jenkinsci.main.modules.sshd.SSHD start
master63306|INFO: Started SSHD at port 55133
master63306|Oct 16, 2015 7:14:32 PM jenkins.InitReactorRunner$1 onAttained
master63306|INFO: Completed initialization
master63306|Oct 16, 2015 7:14:32 PM hudson.UDPBroadcastThread run
master63306|WARNING: UDP handling problem
master63306|java.net.SocketException: Can't assign requested address
master63306|	at java.net.PlainDatagramSocketImpl.join(Native Method)
master63306|	at java.net.AbstractPlainDatagramSocketImpl.join(AbstractPlainDatagramSocketImpl.java:179)
master63306|	at java.net.MulticastSocket.joinGroup(MulticastSocket.java:323)
master63306|	at hudson.UDPBroadcastThread.run(UDPBroadcastThread.java:77)
master63306|
master63306|Oct 16, 2015 7:14:32 PM hudson.WebAppMain$3 run
master63306|INFO: Jenkins is fully up and running
master63306|Oct 16, 2015 7:14:34 PM hudson.model.UpdateSite updateData
master63306|INFO: Obtained the latest update center data file for UpdateSource default
Jenkins is stopped
]]></system-out>
    <system-err><![CDATA[Oct 16, 2015 7:14:16 PM org.jenkinsci.test.acceptance.controller.LocalController startNow
INFO: Waiting for Jenkins to become running in http://127.0.0.1:63306/
Oct 16, 2015 7:14:32 PM org.jenkinsci.test.acceptance.controller.LocalController startNow
INFO: Jenkins is running in http://127.0.0.1:63306/
Oct 16, 2015 7:14:32 PM org.openqa.selenium.phantomjs.PhantomJSDriverService <init>
INFO: executable: /usr/local/bin/phantomjs
Oct 16, 2015 7:14:32 PM org.openqa.selenium.phantomjs.PhantomJSDriverService <init>
INFO: port: 24375
Oct 16, 2015 7:14:32 PM org.openqa.selenium.phantomjs.PhantomJSDriverService <init>
INFO: arguments: [--webdriver=24375, --webdriver-logfile=/Users/abduljewel/Documents/c/spiderqa/sample-test-projects/acceptance-test-harness/phantomjsdriver.log]
Oct 16, 2015 7:14:32 PM org.openqa.selenium.phantomjs.PhantomJSDriverService <init>
INFO: environment: {}
[INFO  - 2015-10-16T23:14:32.309Z] GhostDriver - Main - running on port 24375
[INFO  - 2015-10-16T23:14:32.602Z] Session [a8b57b60-745b-11e5-b43a-19f60027a806] - page.settings - {"XSSAuditingEnabled":false,"javascriptCanCloseWindows":true,"javascriptCanOpenWindows":true,"javascriptEnabled":true,"loadImages":true,"localToRemoteUrlAccessEnabled":false,"userAgent":"Mozilla/5.0 (Macintosh; Intel Mac OS X) AppleWebKit/538.1 (KHTML, like Gecko) PhantomJS/2.0.0 Safari/538.1","webSecurityEnabled":true}
[INFO  - 2015-10-16T23:14:32.602Z] Session [a8b57b60-745b-11e5-b43a-19f60027a806] - page.customHeaders:  - {"Accept-Language":"en"}
[INFO  - 2015-10-16T23:14:32.602Z] Session [a8b57b60-745b-11e5-b43a-19f60027a806] - Session.negotiatedCapabilities - {"browserName":"phantomjs","version":"2.0.0","driverName":"ghostdriver","driverVersion":"1.2.0","platform":"mac-10.9 (Mavericks)-64bit","javascriptEnabled":true,"takesScreenshot":true,"handlesAlerts":false,"databaseEnabled":false,"locationContextEnabled":false,"applicationCacheEnabled":false,"browserConnectionEnabled":false,"cssSelectorsEnabled":true,"webStorageEnabled":false,"rotatable":false,"acceptSslCerts":false,"nativeEvents":true,"proxy":{"proxyType":"direct"},"phantomjs.page.customHeaders.Accept-Language":"en"}
[INFO  - 2015-10-16T23:14:32.602Z] SessionManagerReqHand - _postNewSessionCommand - New Session Created: a8b57b60-745b-11e5-b43a-19f60027a806
Oct 16, 2015 7:14:33 PM org.jenkinsci.test.acceptance.po.PluginManager installationStatus
INFO: analysis-collector is not installed
Oct 16, 2015 7:14:33 PM org.jenkinsci.test.acceptance.po.PluginManager installationStatus
INFO: analysis-collector is not installed
Oct 16, 2015 7:14:33 PM org.jenkinsci.test.acceptance.po.PluginManager installationStatus
INFO: script-security has version 1.13 but 1.15 was requested
[INFO  - 2015-10-16T23:14:33.831Z] ShutdownReqHand - _handle - About to shutdown
]]></system-err>
  </testcase>
  <testcase name="should_set_warnings_count_in_list_view_column" classname="plugins.AnalysisCollectorPluginTest" time="19.074">
    <error message="org.apache.http.entity.ContentType.create(Ljava/lang/String;[Lorg/apache/http/NameValuePair;)Lorg/apache/http/entity/ContentType;" type="java.lang.NoSuchMethodError">java.lang.NoSuchMethodError: org.apache.http.entity.ContentType.create(Ljava/lang/String;[Lorg/apache/http/NameValuePair;)Lorg/apache/http/entity/ContentType;
	at org.apache.http.entity.mime.MultipartEntityBuilder.buildEntity(MultipartEntityBuilder.java:209)
	at org.apache.http.entity.mime.MultipartEntityBuilder.build(MultipartEntityBuilder.java:230)
	at org.jenkinsci.test.acceptance.update_center.PluginMetadata.uploadTo(PluginMetadata.java:65)
	at org.jenkinsci.test.acceptance.po.PluginManager.installPlugins(PluginManager.java:173)
	at org.jenkinsci.test.acceptance.junit.WithPlugins$RuleImpl$1.doInstall(WithPlugins.java:139)
	at org.jenkinsci.test.acceptance.junit.WithPlugins$RuleImpl$1.installPlugins(WithPlugins.java:119)
	at org.jenkinsci.test.acceptance.junit.WithPlugins$RuleImpl$1.evaluate(WithPlugins.java:92)
	at org.jenkinsci.test.acceptance.junit.JenkinsAcceptanceTestRule$1$2$1.evaluate(JenkinsAcceptanceTestRule.java:129)
	at org.jenkinsci.test.acceptance.junit.FilterRule$1.evaluate(FilterRule.java:62)
	at org.jenkinsci.test.acceptance.junit.JenkinsAcceptanceTestRule$1.evaluate(JenkinsAcceptanceTestRule.java:55)
	at org.junit.runners.ParentRunner.runLeaf(ParentRunner.java:271)
	at org.junit.runners.BlockJUnit4ClassRunner.runChild(BlockJUnit4ClassRunner.java:70)
	at org.junit.runners.BlockJUnit4ClassRunner.runChild(BlockJUnit4ClassRunner.java:50)
	at org.junit.runners.ParentRunner$3.run(ParentRunner.java:238)
	at org.junit.runners.ParentRunner$1.schedule(ParentRunner.java:63)
	at org.junit.runners.ParentRunner.runChildren(ParentRunner.java:236)
	at org.junit.runners.ParentRunner.access$000(ParentRunner.java:53)
	at org.junit.runners.ParentRunner$2.evaluate(ParentRunner.java:229)
	at org.junit.runners.ParentRunner.run(ParentRunner.java:309)
	at org.apache.maven.surefire.junit4.JUnit4Provider.execute(JUnit4Provider.java:264)
	at org.apache.maven.surefire.junit4.JUnit4Provider.executeTestSet(JUnit4Provider.java:153)
	at org.apache.maven.surefire.junit4.JUnit4Provider.invoke(JUnit4Provider.java:124)
	at org.apache.maven.surefire.booter.ForkedBooter.invokeProviderInSameClassLoader(ForkedBooter.java:200)
	at org.apache.maven.surefire.booter.ForkedBooter.runSuitesInProcess(ForkedBooter.java:153)
	at org.apache.maven.surefire.booter.ForkedBooter.main(ForkedBooter.java:103)
</error>
    <system-out><![CDATA[testCaseResult=ru.yandex.qatools.allure.model.TestCaseResult@32db1959[
  name=should_show_job_summary_with_warnings_per_tool
  title=<null>
  description=<null>
  failure=ru.yandex.qatools.allure.model.Failure@52486cb9
  start=1445037256577
  stop=1445037275507
  status=BROKEN
  severity=<null>
  steps=[]
  attachments=[]
  labels=[ru.yandex.qatools.allure.model.Label@4f369d06, ru.yandex.qatools.allure.model.Label@4d9e6bd4]
  parameters=<null>
]
testCaseResult={
   "start" : 1445037256577,
   "stop" : 1445037275507,
   "status" : "broken",
   "name" : "should_show_job_summary_with_warnings_per_tool",
   "failure" : {
      "message" : "NoSuchMethodError: org.apache.http.entity.ContentType.create(Ljava/lang/String;[Lorg/apache/http/NameValuePair;)Lorg/apache/http/entity/ContentType;",
      "stack-trace" : "java.lang.NoSuchMethodError: org.apache.http.entity.ContentType.create(Ljava/lang/String;[Lorg/apache/http/NameValuePair;)Lorg/apache/http/entity/ContentType;\n\tat org.apache.http.entity.mime.MultipartEntityBuilder.buildEntity(MultipartEntityBuilder.java:209)\n\tat org.apache.http.entity.mime.MultipartEntityBuilder.build(MultipartEntityBuilder.java:230)\n\tat org.jenkinsci.test.acceptance.update_center.PluginMetadata.uploadTo(PluginMetadata.java:65)\n\tat org.jenkinsci.test.acceptance.po.PluginManager.installPlugins(PluginManager.java:173)\n\tat org.jenkinsci.test.acceptance.junit.WithPlugins$RuleImpl$1.doInstall(WithPlugins.java:139)\n\tat org.jenkinsci.test.acceptance.junit.WithPlugins$RuleImpl$1.installPlugins(WithPlugins.java:119)\n\tat org.jenkinsci.test.acceptance.junit.WithPlugins$RuleImpl$1.evaluate(WithPlugins.java:92)\n\tat org.jenkinsci.test.acceptance.junit.JenkinsAcceptanceTestRule$1$2$1.evaluate(JenkinsAcceptanceTestRule.java:129)\n\tat org.jenkinsci.test.acceptance.junit.FilterRule$1.evaluate(FilterRule.java:62)\n\tat org.jenkinsci.test.acceptance.junit.JenkinsAcceptanceTestRule$1.evaluate(JenkinsAcceptanceTestRule.java:55)\n\tat org.junit.runners.ParentRunner.runLeaf(ParentRunner.java:271)\n\tat org.junit.runners.BlockJUnit4ClassRunner.runChild(BlockJUnit4ClassRunner.java:70)\n\tat org.junit.runners.BlockJUnit4ClassRunner.runChild(BlockJUnit4ClassRunner.java:50)\n\tat org.junit.runners.ParentRunner$3.run(ParentRunner.java:238)\n\tat org.junit.runners.ParentRunner$1.schedule(ParentRunner.java:63)\n\tat org.junit.runners.ParentRunner.runChildren(ParentRunner.java:236)\n\tat org.junit.runners.ParentRunner.access$000(ParentRunner.java:53)\n\tat org.junit.runners.ParentRunner$2.evaluate(ParentRunner.java:229)\n\tat org.junit.runners.ParentRunner.run(ParentRunner.java:309)\n\tat org.apache.maven.surefire.junit4.JUnit4Provider.execute(JUnit4Provider.java:264)\n\tat org.apache.maven.surefire.junit4.JUnit4Provider.executeTestSet(JUnit4Provider.java:153)\n\tat org.apache.maven.surefire.junit4.JUnit4Provider.invoke(JUnit4Provider.java:124)\n\tat org.apache.maven.surefire.booter.ForkedBooter.invokeProviderInSameClassLoader(ForkedBooter.java:200)\n\tat org.apache.maven.surefire.booter.ForkedBooter.runSuitesInProcess(ForkedBooter.java:153)\n\tat org.apache.maven.surefire.booter.ForkedBooter.main(ForkedBooter.java:103)\n"
   },
   "steps" : {
      "step" : [ ]
   },
   "attachments" : {
      "attachment" : [ ]
   },
   "labels" : {
      "label" : [ {
         "name" : "host",
         "value" : "MacBook-Pro-2.home"
      }, {
         "name" : "thread",
         "value" : "1771@MacBook-Pro-2.home.main(1)"
      } ]
   }
}
testCase=ru.yandex.qatools.allure.model.TestCase@2765a2ef[
  _id=4dc27872-4918-4df0-accb-16db9a8ed59c
  executionId=7a8626ac-7b8d-4761-8bff-776519219d78
  threadName=thread_15005794375463
  name=should_show_job_summary_with_warnings_per_tool
  title=<null>
  description=<null>
  failure=ru.yandex.qatools.allure.model.Failure@52486cb9
  start=1445037256577
  stop=1445037275507
  status=BROKEN
  severity=<null>
  steps=[]
  attachments=[]
  labels=[ru.yandex.qatools.allure.model.Label@4f369d06, ru.yandex.qatools.allure.model.Label@4d9e6bd4]
  parameters=<null>
]
testCase={
   "start" : 1445037256577,
   "stop" : 1445037275507,
   "status" : "broken",
   "_id" : "4dc27872-4918-4df0-accb-16db9a8ed59c",
   "executionId" : "7a8626ac-7b8d-4761-8bff-776519219d78",
   "threadName" : "thread_15005794375463",
   "name" : "should_show_job_summary_with_warnings_per_tool",
   "failure" : {
      "message" : "NoSuchMethodError: org.apache.http.entity.ContentType.create(Ljava/lang/String;[Lorg/apache/http/NameValuePair;)Lorg/apache/http/entity/ContentType;",
      "stack-trace" : "java.lang.NoSuchMethodError: org.apache.http.entity.ContentType.create(Ljava/lang/String;[Lorg/apache/http/NameValuePair;)Lorg/apache/http/entity/ContentType;\n\tat org.apache.http.entity.mime.MultipartEntityBuilder.buildEntity(MultipartEntityBuilder.java:209)\n\tat org.apache.http.entity.mime.MultipartEntityBuilder.build(MultipartEntityBuilder.java:230)\n\tat org.jenkinsci.test.acceptance.update_center.PluginMetadata.uploadTo(PluginMetadata.java:65)\n\tat org.jenkinsci.test.acceptance.po.PluginManager.installPlugins(PluginManager.java:173)\n\tat org.jenkinsci.test.acceptance.junit.WithPlugins$RuleImpl$1.doInstall(WithPlugins.java:139)\n\tat org.jenkinsci.test.acceptance.junit.WithPlugins$RuleImpl$1.installPlugins(WithPlugins.java:119)\n\tat org.jenkinsci.test.acceptance.junit.WithPlugins$RuleImpl$1.evaluate(WithPlugins.java:92)\n\tat org.jenkinsci.test.acceptance.junit.JenkinsAcceptanceTestRule$1$2$1.evaluate(JenkinsAcceptanceTestRule.java:129)\n\tat org.jenkinsci.test.acceptance.junit.FilterRule$1.evaluate(FilterRule.java:62)\n\tat org.jenkinsci.test.acceptance.junit.JenkinsAcceptanceTestRule$1.evaluate(JenkinsAcceptanceTestRule.java:55)\n\tat org.junit.runners.ParentRunner.runLeaf(ParentRunner.java:271)\n\tat org.junit.runners.BlockJUnit4ClassRunner.runChild(BlockJUnit4ClassRunner.java:70)\n\tat org.junit.runners.BlockJUnit4ClassRunner.runChild(BlockJUnit4ClassRunner.java:50)\n\tat org.junit.runners.ParentRunner$3.run(ParentRunner.java:238)\n\tat org.junit.runners.ParentRunner$1.schedule(ParentRunner.java:63)\n\tat org.junit.runners.ParentRunner.runChildren(ParentRunner.java:236)\n\tat org.junit.runners.ParentRunner.access$000(ParentRunner.java:53)\n\tat org.junit.runners.ParentRunner$2.evaluate(ParentRunner.java:229)\n\tat org.junit.runners.ParentRunner.run(ParentRunner.java:309)\n\tat org.apache.maven.surefire.junit4.JUnit4Provider.execute(JUnit4Provider.java:264)\n\tat org.apache.maven.surefire.junit4.JUnit4Provider.executeTestSet(JUnit4Provider.java:153)\n\tat org.apache.maven.surefire.junit4.JUnit4Provider.invoke(JUnit4Provider.java:124)\n\tat org.apache.maven.surefire.booter.ForkedBooter.invokeProviderInSameClassLoader(ForkedBooter.java:200)\n\tat org.apache.maven.surefire.booter.ForkedBooter.runSuitesInProcess(ForkedBooter.java:153)\n\tat org.apache.maven.surefire.booter.ForkedBooter.main(ForkedBooter.java:103)\n"
   },
   "steps" : {
      "step" : [ ]
   },
   "attachments" : {
      "attachment" : [ ]
   },
   "labels" : {
      "label" : [ {
         "name" : "host",
         "value" : "MacBook-Pro-2.home"
      }, {
         "name" : "thread",
         "value" : "1771@MacBook-Pro-2.home.main(1)"
      } ]
   }
}
>>>REQUEST: /testaspect/TestCase/4dc27872-4918-4df0-accb-16db9a8ed59c
<<<RESPONSE (201 Created): /testaspect/TestCase/4dc27872-4918-4df0-accb-16db9a8ed59c
running with given plugins: []
=== Starting should_set_warnings_count_in_list_view_column(plugins.AnalysisCollectorPluginTest)
Starting Jenkins: JAVA_HOME=/Library/Java/JavaVirtualMachines/jdk1.8.0_60.jdk/Contents/Home JENKINS_HOME=/Users/abduljewel/Documents/c/spiderqa/sample-test-projects/acceptance-test-harness/target/jenkins1593240382498977922home /Library/Java/JavaVirtualMachines/jdk1.8.0_60.jdk/Contents/Home/bin/java -Duser.language=en -jar ./jenkins.war --ajp13Port=-1 --httpPort=55570
master55570|Running from: /Users/abduljewel/Documents/c/spiderqa/sample-test-projects/acceptance-test-harness/jenkins.war
master55570|webroot: EnvVars.masterEnvVars.get("JENKINS_HOME")
master55570|Oct 16, 2015 7:14:35 PM winstone.Logger logInternal
master55570|INFO: Beginning extraction from war file
master55570|Oct 16, 2015 7:14:36 PM org.eclipse.jetty.util.log.JavaUtilLog info
master55570|INFO: jetty-winstone-2.8
master55570|Oct 16, 2015 7:14:37 PM org.eclipse.jetty.util.log.JavaUtilLog info
master55570|INFO: NO JSP Support for , did not find org.apache.jasper.servlet.JspServlet
master55570|Jenkins home directory: /Users/abduljewel/Documents/c/spiderqa/sample-test-projects/acceptance-test-harness/target/jenkins1593240382498977922home found at: EnvVars.masterEnvVars.get("JENKINS_HOME")
master55570|Oct 16, 2015 7:14:38 PM org.eclipse.jetty.util.log.JavaUtilLog info
master55570|INFO: Started SelectChannelConnector@0.0.0.0:55570
master55570|Oct 16, 2015 7:14:38 PM winstone.Logger logInternal
master55570|INFO: Winstone Servlet Engine v2.0 running: controlPort=disabled
master55570|Oct 16, 2015 7:14:39 PM jenkins.InitReactorRunner$1 onAttained
master55570|INFO: Started initialization
master55570|Oct 16, 2015 7:14:48 PM jenkins.InitReactorRunner$1 onAttained
master55570|INFO: Listed all plugins
master55570|Oct 16, 2015 7:14:48 PM jenkins.InitReactorRunner$1 onAttained
master55570|INFO: Prepared all plugins
master55570|Oct 16, 2015 7:14:48 PM jenkins.InitReactorRunner$1 onAttained
master55570|INFO: Started all plugins
master55570|Oct 16, 2015 7:14:48 PM jenkins.InitReactorRunner$1 onAttained
master55570|INFO: Augmented all extensions
master55570|Oct 16, 2015 7:14:49 PM jenkins.InitReactorRunner$1 onAttained
master55570|INFO: Loaded all jobs
master55570|Oct 16, 2015 7:14:51 PM hudson.model.AsyncPeriodicWork$1 run
master55570|INFO: Started Download metadata
master55570|Oct 16, 2015 7:14:51 PM org.jenkinsci.main.modules.sshd.SSHD start
master55570|INFO: Started SSHD at port 55155
master55570|Oct 16, 2015 7:14:51 PM jenkins.InitReactorRunner$1 onAttained
master55570|INFO: Completed initialization
master55570|Oct 16, 2015 7:14:51 PM hudson.UDPBroadcastThread run
master55570|WARNING: UDP handling problem
master55570|java.net.SocketException: Can't assign requested address
master55570|	at java.net.PlainDatagramSocketImpl.join(Native Method)
master55570|	at java.net.AbstractPlainDatagramSocketImpl.join(AbstractPlainDatagramSocketImpl.java:179)
master55570|	at java.net.MulticastSocket.joinGroup(MulticastSocket.java:323)
master55570|	at hudson.UDPBroadcastThread.run(UDPBroadcastThread.java:77)
master55570|
master55570|Oct 16, 2015 7:14:51 PM hudson.WebAppMain$3 run
master55570|INFO: Jenkins is fully up and running
master55570|Oct 16, 2015 7:14:53 PM hudson.model.UpdateSite updateData
master55570|INFO: Obtained the latest update center data file for UpdateSource default
Jenkins is stopped
]]></system-out>
    <system-err><![CDATA[Oct 16, 2015 7:14:35 PM org.jenkinsci.test.acceptance.controller.LocalController startNow
INFO: Waiting for Jenkins to become running in http://127.0.0.1:55570/
Oct 16, 2015 7:14:51 PM org.jenkinsci.test.acceptance.controller.LocalController startNow
INFO: Jenkins is running in http://127.0.0.1:55570/
Oct 16, 2015 7:14:51 PM org.openqa.selenium.phantomjs.PhantomJSDriverService <init>
INFO: executable: /usr/local/bin/phantomjs
Oct 16, 2015 7:14:51 PM org.openqa.selenium.phantomjs.PhantomJSDriverService <init>
INFO: port: 40228
Oct 16, 2015 7:14:51 PM org.openqa.selenium.phantomjs.PhantomJSDriverService <init>
INFO: arguments: [--webdriver=40228, --webdriver-logfile=/Users/abduljewel/Documents/c/spiderqa/sample-test-projects/acceptance-test-harness/phantomjsdriver.log]
Oct 16, 2015 7:14:51 PM org.openqa.selenium.phantomjs.PhantomJSDriverService <init>
INFO: environment: {}
[INFO  - 2015-10-16T23:14:51.466Z] GhostDriver - Main - running on port 40228
[INFO  - 2015-10-16T23:14:51.753Z] Session [b41fd860-745b-11e5-8894-afe01bad3afc] - page.settings - {"XSSAuditingEnabled":false,"javascriptCanCloseWindows":true,"javascriptCanOpenWindows":true,"javascriptEnabled":true,"loadImages":true,"localToRemoteUrlAccessEnabled":false,"userAgent":"Mozilla/5.0 (Macintosh; Intel Mac OS X) AppleWebKit/538.1 (KHTML, like Gecko) PhantomJS/2.0.0 Safari/538.1","webSecurityEnabled":true}
[INFO  - 2015-10-16T23:14:51.753Z] Session [b41fd860-745b-11e5-8894-afe01bad3afc] - page.customHeaders:  - {"Accept-Language":"en"}
[INFO  - 2015-10-16T23:14:51.753Z] Session [b41fd860-745b-11e5-8894-afe01bad3afc] - Session.negotiatedCapabilities - {"browserName":"phantomjs","version":"2.0.0","driverName":"ghostdriver","driverVersion":"1.2.0","platform":"mac-10.9 (Mavericks)-64bit","javascriptEnabled":true,"takesScreenshot":true,"handlesAlerts":false,"databaseEnabled":false,"locationContextEnabled":false,"applicationCacheEnabled":false,"browserConnectionEnabled":false,"cssSelectorsEnabled":true,"webStorageEnabled":false,"rotatable":false,"acceptSslCerts":false,"nativeEvents":true,"proxy":{"proxyType":"direct"},"phantomjs.page.customHeaders.Accept-Language":"en"}
[INFO  - 2015-10-16T23:14:51.753Z] SessionManagerReqHand - _postNewSessionCommand - New Session Created: b41fd860-745b-11e5-8894-afe01bad3afc
Oct 16, 2015 7:14:52 PM org.jenkinsci.test.acceptance.po.PluginManager installationStatus
INFO: analysis-collector is not installed
Oct 16, 2015 7:14:52 PM org.jenkinsci.test.acceptance.po.PluginManager installationStatus
INFO: analysis-collector is not installed
Oct 16, 2015 7:14:52 PM org.jenkinsci.test.acceptance.po.PluginManager installationStatus
INFO: script-security has version 1.13 but 1.15 was requested
[INFO  - 2015-10-16T23:14:52.911Z] ShutdownReqHand - _handle - About to shutdown
]]></system-err>
  </testcase>
  <testcase name="should_aggregate_warnings_in_dashboard_portlet" classname="plugins.AnalysisCollectorPluginTest" time="18.44">
    <error message="org.apache.http.entity.ContentType.create(Ljava/lang/String;[Lorg/apache/http/NameValuePair;)Lorg/apache/http/entity/ContentType;" type="java.lang.NoSuchMethodError">java.lang.NoSuchMethodError: org.apache.http.entity.ContentType.create(Ljava/lang/String;[Lorg/apache/http/NameValuePair;)Lorg/apache/http/entity/ContentType;
	at org.apache.http.entity.mime.MultipartEntityBuilder.buildEntity(MultipartEntityBuilder.java:209)
	at org.apache.http.entity.mime.MultipartEntityBuilder.build(MultipartEntityBuilder.java:230)
	at org.jenkinsci.test.acceptance.update_center.PluginMetadata.uploadTo(PluginMetadata.java:65)
	at org.jenkinsci.test.acceptance.po.PluginManager.installPlugins(PluginManager.java:173)
	at org.jenkinsci.test.acceptance.junit.WithPlugins$RuleImpl$1.doInstall(WithPlugins.java:139)
	at org.jenkinsci.test.acceptance.junit.WithPlugins$RuleImpl$1.installPlugins(WithPlugins.java:119)
	at org.jenkinsci.test.acceptance.junit.WithPlugins$RuleImpl$1.evaluate(WithPlugins.java:91)
	at org.jenkinsci.test.acceptance.junit.JenkinsAcceptanceTestRule$1$2$1.evaluate(JenkinsAcceptanceTestRule.java:129)
	at org.jenkinsci.test.acceptance.junit.FilterRule$1.evaluate(FilterRule.java:62)
	at org.jenkinsci.test.acceptance.junit.JenkinsAcceptanceTestRule$1.evaluate(JenkinsAcceptanceTestRule.java:55)
	at org.junit.runners.ParentRunner.runLeaf(ParentRunner.java:271)
	at org.junit.runners.BlockJUnit4ClassRunner.runChild(BlockJUnit4ClassRunner.java:70)
	at org.junit.runners.BlockJUnit4ClassRunner.runChild(BlockJUnit4ClassRunner.java:50)
	at org.junit.runners.ParentRunner$3.run(ParentRunner.java:238)
	at org.junit.runners.ParentRunner$1.schedule(ParentRunner.java:63)
	at org.junit.runners.ParentRunner.runChildren(ParentRunner.java:236)
	at org.junit.runners.ParentRunner.access$000(ParentRunner.java:53)
	at org.junit.runners.ParentRunner$2.evaluate(ParentRunner.java:229)
	at org.junit.runners.ParentRunner.run(ParentRunner.java:309)
	at org.apache.maven.surefire.junit4.JUnit4Provider.execute(JUnit4Provider.java:264)
	at org.apache.maven.surefire.junit4.JUnit4Provider.executeTestSet(JUnit4Provider.java:153)
	at org.apache.maven.surefire.junit4.JUnit4Provider.invoke(JUnit4Provider.java:124)
	at org.apache.maven.surefire.booter.ForkedBooter.invokeProviderInSameClassLoader(ForkedBooter.java:200)
	at org.apache.maven.surefire.booter.ForkedBooter.runSuitesInProcess(ForkedBooter.java:153)
	at org.apache.maven.surefire.booter.ForkedBooter.main(ForkedBooter.java:103)
</error>
    <system-out><![CDATA[testCaseResult=ru.yandex.qatools.allure.model.TestCaseResult@7e7d9957[
  name=should_set_warnings_count_in_list_view_column
  title=<null>
  description=<null>
  failure=ru.yandex.qatools.allure.model.Failure@1801f3b8
  start=1445037275510
  stop=1445037294583
  status=BROKEN
  severity=<null>
  steps=[]
  attachments=[]
  labels=[ru.yandex.qatools.allure.model.Label@16ec2e44, ru.yandex.qatools.allure.model.Label@5312a1b8]
  parameters=<null>
]
testCaseResult={
   "start" : 1445037275510,
   "stop" : 1445037294583,
   "status" : "broken",
   "name" : "should_set_warnings_count_in_list_view_column",
   "failure" : {
      "message" : "NoSuchMethodError: org.apache.http.entity.ContentType.create(Ljava/lang/String;[Lorg/apache/http/NameValuePair;)Lorg/apache/http/entity/ContentType;",
      "stack-trace" : "java.lang.NoSuchMethodError: org.apache.http.entity.ContentType.create(Ljava/lang/String;[Lorg/apache/http/NameValuePair;)Lorg/apache/http/entity/ContentType;\n\tat org.apache.http.entity.mime.MultipartEntityBuilder.buildEntity(MultipartEntityBuilder.java:209)\n\tat org.apache.http.entity.mime.MultipartEntityBuilder.build(MultipartEntityBuilder.java:230)\n\tat org.jenkinsci.test.acceptance.update_center.PluginMetadata.uploadTo(PluginMetadata.java:65)\n\tat org.jenkinsci.test.acceptance.po.PluginManager.installPlugins(PluginManager.java:173)\n\tat org.jenkinsci.test.acceptance.junit.WithPlugins$RuleImpl$1.doInstall(WithPlugins.java:139)\n\tat org.jenkinsci.test.acceptance.junit.WithPlugins$RuleImpl$1.installPlugins(WithPlugins.java:119)\n\tat org.jenkinsci.test.acceptance.junit.WithPlugins$RuleImpl$1.evaluate(WithPlugins.java:92)\n\tat org.jenkinsci.test.acceptance.junit.JenkinsAcceptanceTestRule$1$2$1.evaluate(JenkinsAcceptanceTestRule.java:129)\n\tat org.jenkinsci.test.acceptance.junit.FilterRule$1.evaluate(FilterRule.java:62)\n\tat org.jenkinsci.test.acceptance.junit.JenkinsAcceptanceTestRule$1.evaluate(JenkinsAcceptanceTestRule.java:55)\n\tat org.junit.runners.ParentRunner.runLeaf(ParentRunner.java:271)\n\tat org.junit.runners.BlockJUnit4ClassRunner.runChild(BlockJUnit4ClassRunner.java:70)\n\tat org.junit.runners.BlockJUnit4ClassRunner.runChild(BlockJUnit4ClassRunner.java:50)\n\tat org.junit.runners.ParentRunner$3.run(ParentRunner.java:238)\n\tat org.junit.runners.ParentRunner$1.schedule(ParentRunner.java:63)\n\tat org.junit.runners.ParentRunner.runChildren(ParentRunner.java:236)\n\tat org.junit.runners.ParentRunner.access$000(ParentRunner.java:53)\n\tat org.junit.runners.ParentRunner$2.evaluate(ParentRunner.java:229)\n\tat org.junit.runners.ParentRunner.run(ParentRunner.java:309)\n\tat org.apache.maven.surefire.junit4.JUnit4Provider.execute(JUnit4Provider.java:264)\n\tat org.apache.maven.surefire.junit4.JUnit4Provider.executeTestSet(JUnit4Provider.java:153)\n\tat org.apache.maven.surefire.junit4.JUnit4Provider.invoke(JUnit4Provider.java:124)\n\tat org.apache.maven.surefire.booter.ForkedBooter.invokeProviderInSameClassLoader(ForkedBooter.java:200)\n\tat org.apache.maven.surefire.booter.ForkedBooter.runSuitesInProcess(ForkedBooter.java:153)\n\tat org.apache.maven.surefire.booter.ForkedBooter.main(ForkedBooter.java:103)\n"
   },
   "steps" : {
      "step" : [ ]
   },
   "attachments" : {
      "attachment" : [ ]
   },
   "labels" : {
      "label" : [ {
         "name" : "host",
         "value" : "MacBook-Pro-2.home"
      }, {
         "name" : "thread",
         "value" : "1771@MacBook-Pro-2.home.main(1)"
      } ]
   }
}
testCase=ru.yandex.qatools.allure.model.TestCase@41372dac[
  _id=9616d8a7-b3b9-430e-ae09-5d7d92baee7b
  executionId=7a8626ac-7b8d-4761-8bff-776519219d78
  threadName=thread_15005794375463
  name=should_set_warnings_count_in_list_view_column
  title=<null>
  description=<null>
  failure=ru.yandex.qatools.allure.model.Failure@1801f3b8
  start=1445037275510
  stop=1445037294583
  status=BROKEN
  severity=<null>
  steps=[]
  attachments=[]
  labels=[ru.yandex.qatools.allure.model.Label@16ec2e44, ru.yandex.qatools.allure.model.Label@5312a1b8]
  parameters=<null>
]
testCase={
   "start" : 1445037275510,
   "stop" : 1445037294583,
   "status" : "broken",
   "_id" : "9616d8a7-b3b9-430e-ae09-5d7d92baee7b",
   "executionId" : "7a8626ac-7b8d-4761-8bff-776519219d78",
   "threadName" : "thread_15005794375463",
   "name" : "should_set_warnings_count_in_list_view_column",
   "failure" : {
      "message" : "NoSuchMethodError: org.apache.http.entity.ContentType.create(Ljava/lang/String;[Lorg/apache/http/NameValuePair;)Lorg/apache/http/entity/ContentType;",
      "stack-trace" : "java.lang.NoSuchMethodError: org.apache.http.entity.ContentType.create(Ljava/lang/String;[Lorg/apache/http/NameValuePair;)Lorg/apache/http/entity/ContentType;\n\tat org.apache.http.entity.mime.MultipartEntityBuilder.buildEntity(MultipartEntityBuilder.java:209)\n\tat org.apache.http.entity.mime.MultipartEntityBuilder.build(MultipartEntityBuilder.java:230)\n\tat org.jenkinsci.test.acceptance.update_center.PluginMetadata.uploadTo(PluginMetadata.java:65)\n\tat org.jenkinsci.test.acceptance.po.PluginManager.installPlugins(PluginManager.java:173)\n\tat org.jenkinsci.test.acceptance.junit.WithPlugins$RuleImpl$1.doInstall(WithPlugins.java:139)\n\tat org.jenkinsci.test.acceptance.junit.WithPlugins$RuleImpl$1.installPlugins(WithPlugins.java:119)\n\tat org.jenkinsci.test.acceptance.junit.WithPlugins$RuleImpl$1.evaluate(WithPlugins.java:92)\n\tat org.jenkinsci.test.acceptance.junit.JenkinsAcceptanceTestRule$1$2$1.evaluate(JenkinsAcceptanceTestRule.java:129)\n\tat org.jenkinsci.test.acceptance.junit.FilterRule$1.evaluate(FilterRule.java:62)\n\tat org.jenkinsci.test.acceptance.junit.JenkinsAcceptanceTestRule$1.evaluate(JenkinsAcceptanceTestRule.java:55)\n\tat org.junit.runners.ParentRunner.runLeaf(ParentRunner.java:271)\n\tat org.junit.runners.BlockJUnit4ClassRunner.runChild(BlockJUnit4ClassRunner.java:70)\n\tat org.junit.runners.BlockJUnit4ClassRunner.runChild(BlockJUnit4ClassRunner.java:50)\n\tat org.junit.runners.ParentRunner$3.run(ParentRunner.java:238)\n\tat org.junit.runners.ParentRunner$1.schedule(ParentRunner.java:63)\n\tat org.junit.runners.ParentRunner.runChildren(ParentRunner.java:236)\n\tat org.junit.runners.ParentRunner.access$000(ParentRunner.java:53)\n\tat org.junit.runners.ParentRunner$2.evaluate(ParentRunner.java:229)\n\tat org.junit.runners.ParentRunner.run(ParentRunner.java:309)\n\tat org.apache.maven.surefire.junit4.JUnit4Provider.execute(JUnit4Provider.java:264)\n\tat org.apache.maven.surefire.junit4.JUnit4Provider.executeTestSet(JUnit4Provider.java:153)\n\tat org.apache.maven.surefire.junit4.JUnit4Provider.invoke(JUnit4Provider.java:124)\n\tat org.apache.maven.surefire.booter.ForkedBooter.invokeProviderInSameClassLoader(ForkedBooter.java:200)\n\tat org.apache.maven.surefire.booter.ForkedBooter.runSuitesInProcess(ForkedBooter.java:153)\n\tat org.apache.maven.surefire.booter.ForkedBooter.main(ForkedBooter.java:103)\n"
   },
   "steps" : {
      "step" : [ ]
   },
   "attachments" : {
      "attachment" : [ ]
   },
   "labels" : {
      "label" : [ {
         "name" : "host",
         "value" : "MacBook-Pro-2.home"
      }, {
         "name" : "thread",
         "value" : "1771@MacBook-Pro-2.home.main(1)"
      } ]
   }
}
>>>REQUEST: /testaspect/TestCase/9616d8a7-b3b9-430e-ae09-5d7d92baee7b
<<<RESPONSE (201 Created): /testaspect/TestCase/9616d8a7-b3b9-430e-ae09-5d7d92baee7b
running with given plugins: []
=== Starting should_aggregate_warnings_in_dashboard_portlet(plugins.AnalysisCollectorPluginTest)
Starting Jenkins: JAVA_HOME=/Library/Java/JavaVirtualMachines/jdk1.8.0_60.jdk/Contents/Home JENKINS_HOME=/Users/abduljewel/Documents/c/spiderqa/sample-test-projects/acceptance-test-harness/target/jenkins3441665586061265997home /Library/Java/JavaVirtualMachines/jdk1.8.0_60.jdk/Contents/Home/bin/java -Duser.language=en -jar ./jenkins.war --ajp13Port=-1 --httpPort=51595
master51595|Running from: /Users/abduljewel/Documents/c/spiderqa/sample-test-projects/acceptance-test-harness/jenkins.war
master51595|webroot: EnvVars.masterEnvVars.get("JENKINS_HOME")
master51595|Oct 16, 2015 7:14:54 PM winstone.Logger logInternal
master51595|INFO: Beginning extraction from war file
master51595|Oct 16, 2015 7:14:55 PM org.eclipse.jetty.util.log.JavaUtilLog info
master51595|INFO: jetty-winstone-2.8
master51595|Oct 16, 2015 7:14:57 PM org.eclipse.jetty.util.log.JavaUtilLog info
master51595|INFO: NO JSP Support for , did not find org.apache.jasper.servlet.JspServlet
master51595|Jenkins home directory: /Users/abduljewel/Documents/c/spiderqa/sample-test-projects/acceptance-test-harness/target/jenkins3441665586061265997home found at: EnvVars.masterEnvVars.get("JENKINS_HOME")
master51595|Oct 16, 2015 7:14:57 PM org.eclipse.jetty.util.log.JavaUtilLog info
master51595|INFO: Started SelectChannelConnector@0.0.0.0:51595
master51595|Oct 16, 2015 7:14:57 PM winstone.Logger logInternal
master51595|INFO: Winstone Servlet Engine v2.0 running: controlPort=disabled
master51595|Oct 16, 2015 7:14:58 PM jenkins.InitReactorRunner$1 onAttained
master51595|INFO: Started initialization
master51595|Oct 16, 2015 7:15:07 PM jenkins.InitReactorRunner$1 onAttained
master51595|INFO: Listed all plugins
master51595|Oct 16, 2015 7:15:07 PM jenkins.InitReactorRunner$1 onAttained
master51595|INFO: Prepared all plugins
master51595|Oct 16, 2015 7:15:07 PM jenkins.InitReactorRunner$1 onAttained
master51595|INFO: Started all plugins
master51595|Oct 16, 2015 7:15:07 PM jenkins.InitReactorRunner$1 onAttained
master51595|INFO: Augmented all extensions
master51595|Oct 16, 2015 7:15:08 PM jenkins.InitReactorRunner$1 onAttained
master51595|INFO: Loaded all jobs
master51595|Oct 16, 2015 7:15:10 PM hudson.model.AsyncPeriodicWork$1 run
master51595|INFO: Started Download metadata
master51595|Oct 16, 2015 7:15:10 PM org.jenkinsci.main.modules.sshd.SSHD start
master51595|INFO: Started SSHD at port 55182
master51595|Oct 16, 2015 7:15:10 PM jenkins.InitReactorRunner$1 onAttained
master51595|INFO: Completed initialization
master51595|Oct 16, 2015 7:15:10 PM hudson.UDPBroadcastThread run
master51595|WARNING: UDP handling problem
master51595|java.net.SocketException: Can't assign requested address
master51595|	at java.net.PlainDatagramSocketImpl.join(Native Method)
master51595|	at java.net.AbstractPlainDatagramSocketImpl.join(AbstractPlainDatagramSocketImpl.java:179)
master51595|	at java.net.MulticastSocket.joinGroup(MulticastSocket.java:323)
master51595|	at hudson.UDPBroadcastThread.run(UDPBroadcastThread.java:77)
master51595|
master51595|Oct 16, 2015 7:15:10 PM hudson.WebAppMain$3 run
master51595|INFO: Jenkins is fully up and running
master51595|Oct 16, 2015 7:15:11 PM hudson.model.UpdateSite updateData
master51595|INFO: Obtained the latest update center data file for UpdateSource default
master51595|Oct 16, 2015 7:15:11 PM hudson.model.DownloadService$Downloadable load
master51595|INFO: Obtained the updated data file for hudson.tasks.Maven.MavenInstaller
master51595|Oct 16, 2015 7:15:11 PM hudson.model.DownloadService$Downloadable load
master51595|INFO: Obtained the updated data file for hudson.tasks.Ant.AntInstaller
master51595|Oct 16, 2015 7:15:12 PM hudson.model.DownloadService$Downloadable load
master51595|INFO: Obtained the updated data file for hudson.tools.JDKInstaller
master51595|Oct 16, 2015 7:15:12 PM hudson.model.AsyncPeriodicWork$1 run
master51595|INFO: Finished Download metadata. 2,660 ms
Jenkins is stopped
]]></system-out>
    <system-err><![CDATA[Oct 16, 2015 7:14:54 PM org.jenkinsci.test.acceptance.controller.LocalController startNow
INFO: Waiting for Jenkins to become running in http://127.0.0.1:51595/
Oct 16, 2015 7:15:10 PM org.jenkinsci.test.acceptance.controller.LocalController startNow
INFO: Jenkins is running in http://127.0.0.1:51595/
Oct 16, 2015 7:15:10 PM org.openqa.selenium.phantomjs.PhantomJSDriverService <init>
INFO: executable: /usr/local/bin/phantomjs
Oct 16, 2015 7:15:10 PM org.openqa.selenium.phantomjs.PhantomJSDriverService <init>
INFO: port: 5636
Oct 16, 2015 7:15:10 PM org.openqa.selenium.phantomjs.PhantomJSDriverService <init>
INFO: arguments: [--webdriver=5636, --webdriver-logfile=/Users/abduljewel/Documents/c/spiderqa/sample-test-projects/acceptance-test-harness/phantomjsdriver.log]
Oct 16, 2015 7:15:10 PM org.openqa.selenium.phantomjs.PhantomJSDriverService <init>
INFO: environment: {}
[INFO  - 2015-10-16T23:15:10.467Z] GhostDriver - Main - running on port 5636
[INFO  - 2015-10-16T23:15:10.748Z] Session [bf71f270-745b-11e5-8fcd-9137214008fd] - page.settings - {"XSSAuditingEnabled":false,"javascriptCanCloseWindows":true,"javascriptCanOpenWindows":true,"javascriptEnabled":true,"loadImages":true,"localToRemoteUrlAccessEnabled":false,"userAgent":"Mozilla/5.0 (Macintosh; Intel Mac OS X) AppleWebKit/538.1 (KHTML, like Gecko) PhantomJS/2.0.0 Safari/538.1","webSecurityEnabled":true}
[INFO  - 2015-10-16T23:15:10.748Z] Session [bf71f270-745b-11e5-8fcd-9137214008fd] - page.customHeaders:  - {"Accept-Language":"en"}
[INFO  - 2015-10-16T23:15:10.748Z] Session [bf71f270-745b-11e5-8fcd-9137214008fd] - Session.negotiatedCapabilities - {"browserName":"phantomjs","version":"2.0.0","driverName":"ghostdriver","driverVersion":"1.2.0","platform":"mac-10.9 (Mavericks)-64bit","javascriptEnabled":true,"takesScreenshot":true,"handlesAlerts":false,"databaseEnabled":false,"locationContextEnabled":false,"applicationCacheEnabled":false,"browserConnectionEnabled":false,"cssSelectorsEnabled":true,"webStorageEnabled":false,"rotatable":false,"acceptSslCerts":false,"nativeEvents":true,"proxy":{"proxyType":"direct"},"phantomjs.page.customHeaders.Accept-Language":"en"}
[INFO  - 2015-10-16T23:15:10.748Z] SessionManagerReqHand - _postNewSessionCommand - New Session Created: bf71f270-745b-11e5-8fcd-9137214008fd
Oct 16, 2015 7:15:11 PM org.jenkinsci.test.acceptance.po.PluginManager installationStatus
INFO: dashboard-view is not installed
Oct 16, 2015 7:15:11 PM org.jenkinsci.test.acceptance.po.PluginManager installationStatus
INFO: dashboard-view is not installed
Oct 16, 2015 7:15:12 PM org.jenkinsci.test.acceptance.po.PluginManager installationStatus
INFO: javadoc has version 1.1 but 1.3 was requested
[INFO  - 2015-10-16T23:15:12.359Z] ShutdownReqHand - _handle - About to shutdown
]]></system-err>
  </testcase>
  <testcase name="should_collect_warnings_of_selected_tools_only" classname="plugins.AnalysisCollectorPluginTest" time="18.04">
    <error message="org.apache.http.entity.ContentType.create(Ljava/lang/String;[Lorg/apache/http/NameValuePair;)Lorg/apache/http/entity/ContentType;" type="java.lang.NoSuchMethodError">java.lang.NoSuchMethodError: org.apache.http.entity.ContentType.create(Ljava/lang/String;[Lorg/apache/http/NameValuePair;)Lorg/apache/http/entity/ContentType;
	at org.apache.http.entity.mime.MultipartEntityBuilder.buildEntity(MultipartEntityBuilder.java:209)
	at org.apache.http.entity.mime.MultipartEntityBuilder.build(MultipartEntityBuilder.java:230)
	at org.jenkinsci.test.acceptance.update_center.PluginMetadata.uploadTo(PluginMetadata.java:65)
	at org.jenkinsci.test.acceptance.po.PluginManager.installPlugins(PluginManager.java:173)
	at org.jenkinsci.test.acceptance.junit.WithPlugins$RuleImpl$1.doInstall(WithPlugins.java:139)
	at org.jenkinsci.test.acceptance.junit.WithPlugins$RuleImpl$1.installPlugins(WithPlugins.java:119)
	at org.jenkinsci.test.acceptance.junit.WithPlugins$RuleImpl$1.evaluate(WithPlugins.java:92)
	at org.jenkinsci.test.acceptance.junit.JenkinsAcceptanceTestRule$1$2$1.evaluate(JenkinsAcceptanceTestRule.java:129)
	at org.jenkinsci.test.acceptance.junit.FilterRule$1.evaluate(FilterRule.java:62)
	at org.jenkinsci.test.acceptance.junit.JenkinsAcceptanceTestRule$1.evaluate(JenkinsAcceptanceTestRule.java:55)
	at org.junit.runners.ParentRunner.runLeaf(ParentRunner.java:271)
	at org.junit.runners.BlockJUnit4ClassRunner.runChild(BlockJUnit4ClassRunner.java:70)
	at org.junit.runners.BlockJUnit4ClassRunner.runChild(BlockJUnit4ClassRunner.java:50)
	at org.junit.runners.ParentRunner$3.run(ParentRunner.java:238)
	at org.junit.runners.ParentRunner$1.schedule(ParentRunner.java:63)
	at org.junit.runners.ParentRunner.runChildren(ParentRunner.java:236)
	at org.junit.runners.ParentRunner.access$000(ParentRunner.java:53)
	at org.junit.runners.ParentRunner$2.evaluate(ParentRunner.java:229)
	at org.junit.runners.ParentRunner.run(ParentRunner.java:309)
	at org.apache.maven.surefire.junit4.JUnit4Provider.execute(JUnit4Provider.java:264)
	at org.apache.maven.surefire.junit4.JUnit4Provider.executeTestSet(JUnit4Provider.java:153)
	at org.apache.maven.surefire.junit4.JUnit4Provider.invoke(JUnit4Provider.java:124)
	at org.apache.maven.surefire.booter.ForkedBooter.invokeProviderInSameClassLoader(ForkedBooter.java:200)
	at org.apache.maven.surefire.booter.ForkedBooter.runSuitesInProcess(ForkedBooter.java:153)
	at org.apache.maven.surefire.booter.ForkedBooter.main(ForkedBooter.java:103)
</error>
    <system-out><![CDATA[testCaseResult=ru.yandex.qatools.allure.model.TestCaseResult@4b3154c0[
  name=should_aggregate_warnings_in_dashboard_portlet
  title=<null>
  description=<null>
  failure=ru.yandex.qatools.allure.model.Failure@71331627
  start=1445037294586
  stop=1445037313025
  status=BROKEN
  severity=<null>
  steps=[]
  attachments=[]
  labels=[ru.yandex.qatools.allure.model.Label@671aa34e, ru.yandex.qatools.allure.model.Label@56c29bec]
  parameters=<null>
]
testCaseResult={
   "start" : 1445037294586,
   "stop" : 1445037313025,
   "status" : "broken",
   "name" : "should_aggregate_warnings_in_dashboard_portlet",
   "failure" : {
      "message" : "NoSuchMethodError: org.apache.http.entity.ContentType.create(Ljava/lang/String;[Lorg/apache/http/NameValuePair;)Lorg/apache/http/entity/ContentType;",
      "stack-trace" : "java.lang.NoSuchMethodError: org.apache.http.entity.ContentType.create(Ljava/lang/String;[Lorg/apache/http/NameValuePair;)Lorg/apache/http/entity/ContentType;\n\tat org.apache.http.entity.mime.MultipartEntityBuilder.buildEntity(MultipartEntityBuilder.java:209)\n\tat org.apache.http.entity.mime.MultipartEntityBuilder.build(MultipartEntityBuilder.java:230)\n\tat org.jenkinsci.test.acceptance.update_center.PluginMetadata.uploadTo(PluginMetadata.java:65)\n\tat org.jenkinsci.test.acceptance.po.PluginManager.installPlugins(PluginManager.java:173)\n\tat org.jenkinsci.test.acceptance.junit.WithPlugins$RuleImpl$1.doInstall(WithPlugins.java:139)\n\tat org.jenkinsci.test.acceptance.junit.WithPlugins$RuleImpl$1.installPlugins(WithPlugins.java:119)\n\tat org.jenkinsci.test.acceptance.junit.WithPlugins$RuleImpl$1.evaluate(WithPlugins.java:91)\n\tat org.jenkinsci.test.acceptance.junit.JenkinsAcceptanceTestRule$1$2$1.evaluate(JenkinsAcceptanceTestRule.java:129)\n\tat org.jenkinsci.test.acceptance.junit.FilterRule$1.evaluate(FilterRule.java:62)\n\tat org.jenkinsci.test.acceptance.junit.JenkinsAcceptanceTestRule$1.evaluate(JenkinsAcceptanceTestRule.java:55)\n\tat org.junit.runners.ParentRunner.runLeaf(ParentRunner.java:271)\n\tat org.junit.runners.BlockJUnit4ClassRunner.runChild(BlockJUnit4ClassRunner.java:70)\n\tat org.junit.runners.BlockJUnit4ClassRunner.runChild(BlockJUnit4ClassRunner.java:50)\n\tat org.junit.runners.ParentRunner$3.run(ParentRunner.java:238)\n\tat org.junit.runners.ParentRunner$1.schedule(ParentRunner.java:63)\n\tat org.junit.runners.ParentRunner.runChildren(ParentRunner.java:236)\n\tat org.junit.runners.ParentRunner.access$000(ParentRunner.java:53)\n\tat org.junit.runners.ParentRunner$2.evaluate(ParentRunner.java:229)\n\tat org.junit.runners.ParentRunner.run(ParentRunner.java:309)\n\tat org.apache.maven.surefire.junit4.JUnit4Provider.execute(JUnit4Provider.java:264)\n\tat org.apache.maven.surefire.junit4.JUnit4Provider.executeTestSet(JUnit4Provider.java:153)\n\tat org.apache.maven.surefire.junit4.JUnit4Provider.invoke(JUnit4Provider.java:124)\n\tat org.apache.maven.surefire.booter.ForkedBooter.invokeProviderInSameClassLoader(ForkedBooter.java:200)\n\tat org.apache.maven.surefire.booter.ForkedBooter.runSuitesInProcess(ForkedBooter.java:153)\n\tat org.apache.maven.surefire.booter.ForkedBooter.main(ForkedBooter.java:103)\n"
   },
   "steps" : {
      "step" : [ ]
   },
   "attachments" : {
      "attachment" : [ ]
   },
   "labels" : {
      "label" : [ {
         "name" : "host",
         "value" : "MacBook-Pro-2.home"
      }, {
         "name" : "thread",
         "value" : "1771@MacBook-Pro-2.home.main(1)"
      } ]
   }
}
testCase=ru.yandex.qatools.allure.model.TestCase@179452a0[
  _id=460c6ba7-5286-44b1-95b1-2c2b7b80a8f5
  executionId=7a8626ac-7b8d-4761-8bff-776519219d78
  threadName=thread_15005794375463
  name=should_aggregate_warnings_in_dashboard_portlet
  title=<null>
  description=<null>
  failure=ru.yandex.qatools.allure.model.Failure@71331627
  start=1445037294586
  stop=1445037313025
  status=BROKEN
  severity=<null>
  steps=[]
  attachments=[]
  labels=[ru.yandex.qatools.allure.model.Label@671aa34e, ru.yandex.qatools.allure.model.Label@56c29bec]
  parameters=<null>
]
testCase={
   "start" : 1445037294586,
   "stop" : 1445037313025,
   "status" : "broken",
   "_id" : "460c6ba7-5286-44b1-95b1-2c2b7b80a8f5",
   "executionId" : "7a8626ac-7b8d-4761-8bff-776519219d78",
   "threadName" : "thread_15005794375463",
   "name" : "should_aggregate_warnings_in_dashboard_portlet",
   "failure" : {
      "message" : "NoSuchMethodError: org.apache.http.entity.ContentType.create(Ljava/lang/String;[Lorg/apache/http/NameValuePair;)Lorg/apache/http/entity/ContentType;",
      "stack-trace" : "java.lang.NoSuchMethodError: org.apache.http.entity.ContentType.create(Ljava/lang/String;[Lorg/apache/http/NameValuePair;)Lorg/apache/http/entity/ContentType;\n\tat org.apache.http.entity.mime.MultipartEntityBuilder.buildEntity(MultipartEntityBuilder.java:209)\n\tat org.apache.http.entity.mime.MultipartEntityBuilder.build(MultipartEntityBuilder.java:230)\n\tat org.jenkinsci.test.acceptance.update_center.PluginMetadata.uploadTo(PluginMetadata.java:65)\n\tat org.jenkinsci.test.acceptance.po.PluginManager.installPlugins(PluginManager.java:173)\n\tat org.jenkinsci.test.acceptance.junit.WithPlugins$RuleImpl$1.doInstall(WithPlugins.java:139)\n\tat org.jenkinsci.test.acceptance.junit.WithPlugins$RuleImpl$1.installPlugins(WithPlugins.java:119)\n\tat org.jenkinsci.test.acceptance.junit.WithPlugins$RuleImpl$1.evaluate(WithPlugins.java:91)\n\tat org.jenkinsci.test.acceptance.junit.JenkinsAcceptanceTestRule$1$2$1.evaluate(JenkinsAcceptanceTestRule.java:129)\n\tat org.jenkinsci.test.acceptance.junit.FilterRule$1.evaluate(FilterRule.java:62)\n\tat org.jenkinsci.test.acceptance.junit.JenkinsAcceptanceTestRule$1.evaluate(JenkinsAcceptanceTestRule.java:55)\n\tat org.junit.runners.ParentRunner.runLeaf(ParentRunner.java:271)\n\tat org.junit.runners.BlockJUnit4ClassRunner.runChild(BlockJUnit4ClassRunner.java:70)\n\tat org.junit.runners.BlockJUnit4ClassRunner.runChild(BlockJUnit4ClassRunner.java:50)\n\tat org.junit.runners.ParentRunner$3.run(ParentRunner.java:238)\n\tat org.junit.runners.ParentRunner$1.schedule(ParentRunner.java:63)\n\tat org.junit.runners.ParentRunner.runChildren(ParentRunner.java:236)\n\tat org.junit.runners.ParentRunner.access$000(ParentRunner.java:53)\n\tat org.junit.runners.ParentRunner$2.evaluate(ParentRunner.java:229)\n\tat org.junit.runners.ParentRunner.run(ParentRunner.java:309)\n\tat org.apache.maven.surefire.junit4.JUnit4Provider.execute(JUnit4Provider.java:264)\n\tat org.apache.maven.surefire.junit4.JUnit4Provider.executeTestSet(JUnit4Provider.java:153)\n\tat org.apache.maven.surefire.junit4.JUnit4Provider.invoke(JUnit4Provider.java:124)\n\tat org.apache.maven.surefire.booter.ForkedBooter.invokeProviderInSameClassLoader(ForkedBooter.java:200)\n\tat org.apache.maven.surefire.booter.ForkedBooter.runSuitesInProcess(ForkedBooter.java:153)\n\tat org.apache.maven.surefire.booter.ForkedBooter.main(ForkedBooter.java:103)\n"
   },
   "steps" : {
      "step" : [ ]
   },
   "attachments" : {
      "attachment" : [ ]
   },
   "labels" : {
      "label" : [ {
         "name" : "host",
         "value" : "MacBook-Pro-2.home"
      }, {
         "name" : "thread",
         "value" : "1771@MacBook-Pro-2.home.main(1)"
      } ]
   }
}
>>>REQUEST: /testaspect/TestCase/460c6ba7-5286-44b1-95b1-2c2b7b80a8f5
<<<RESPONSE (201 Created): /testaspect/TestCase/460c6ba7-5286-44b1-95b1-2c2b7b80a8f5
running with given plugins: []
=== Starting should_collect_warnings_of_selected_tools_only(plugins.AnalysisCollectorPluginTest)
Starting Jenkins: JAVA_HOME=/Library/Java/JavaVirtualMachines/jdk1.8.0_60.jdk/Contents/Home JENKINS_HOME=/Users/abduljewel/Documents/c/spiderqa/sample-test-projects/acceptance-test-harness/target/jenkins2090201789979943755home /Library/Java/JavaVirtualMachines/jdk1.8.0_60.jdk/Contents/Home/bin/java -Duser.language=en -jar ./jenkins.war --ajp13Port=-1 --httpPort=50844
master50844|Running from: /Users/abduljewel/Documents/c/spiderqa/sample-test-projects/acceptance-test-harness/jenkins.war
master50844|webroot: EnvVars.masterEnvVars.get("JENKINS_HOME")
master50844|Oct 16, 2015 7:15:13 PM winstone.Logger logInternal
master50844|INFO: Beginning extraction from war file
master50844|Oct 16, 2015 7:15:14 PM org.eclipse.jetty.util.log.JavaUtilLog info
master50844|INFO: jetty-winstone-2.8
master50844|Oct 16, 2015 7:15:15 PM org.eclipse.jetty.util.log.JavaUtilLog info
master50844|INFO: NO JSP Support for , did not find org.apache.jasper.servlet.JspServlet
master50844|Jenkins home directory: /Users/abduljewel/Documents/c/spiderqa/sample-test-projects/acceptance-test-harness/target/jenkins2090201789979943755home found at: EnvVars.masterEnvVars.get("JENKINS_HOME")
master50844|Oct 16, 2015 7:15:16 PM org.eclipse.jetty.util.log.JavaUtilLog info
master50844|INFO: Started SelectChannelConnector@0.0.0.0:50844
master50844|Oct 16, 2015 7:15:16 PM winstone.Logger logInternal
master50844|INFO: Winstone Servlet Engine v2.0 running: controlPort=disabled
master50844|Oct 16, 2015 7:15:16 PM jenkins.InitReactorRunner$1 onAttained
master50844|INFO: Started initialization
master50844|Oct 16, 2015 7:15:25 PM jenkins.InitReactorRunner$1 onAttained
master50844|INFO: Listed all plugins
master50844|Oct 16, 2015 7:15:25 PM jenkins.InitReactorRunner$1 onAttained
master50844|INFO: Prepared all plugins
master50844|Oct 16, 2015 7:15:25 PM jenkins.InitReactorRunner$1 onAttained
master50844|INFO: Started all plugins
master50844|Oct 16, 2015 7:15:25 PM jenkins.InitReactorRunner$1 onAttained
master50844|INFO: Augmented all extensions
master50844|Oct 16, 2015 7:15:27 PM jenkins.InitReactorRunner$1 onAttained
master50844|INFO: Loaded all jobs
master50844|Oct 16, 2015 7:15:28 PM hudson.model.AsyncPeriodicWork$1 run
master50844|INFO: Started Download metadata
master50844|Oct 16, 2015 7:15:28 PM org.jenkinsci.main.modules.sshd.SSHD start
master50844|INFO: Started SSHD at port 55206
master50844|Oct 16, 2015 7:15:28 PM jenkins.InitReactorRunner$1 onAttained
master50844|INFO: Completed initialization
master50844|Oct 16, 2015 7:15:28 PM hudson.UDPBroadcastThread run
master50844|WARNING: UDP handling problem
master50844|java.net.SocketException: Can't assign requested address
master50844|	at java.net.PlainDatagramSocketImpl.join(Native Method)
master50844|	at java.net.AbstractPlainDatagramSocketImpl.join(AbstractPlainDatagramSocketImpl.java:179)
master50844|	at java.net.MulticastSocket.joinGroup(MulticastSocket.java:323)
master50844|	at hudson.UDPBroadcastThread.run(UDPBroadcastThread.java:77)
master50844|
master50844|Oct 16, 2015 7:15:28 PM hudson.WebAppMain$3 run
master50844|INFO: Jenkins is fully up and running
Jenkins is stopped
]]></system-out>
    <system-err><![CDATA[Oct 16, 2015 7:15:13 PM org.jenkinsci.test.acceptance.controller.LocalController startNow
INFO: Waiting for Jenkins to become running in http://127.0.0.1:50844/
Oct 16, 2015 7:15:28 PM org.jenkinsci.test.acceptance.controller.LocalController startNow
INFO: Jenkins is running in http://127.0.0.1:50844/
Oct 16, 2015 7:15:28 PM org.openqa.selenium.phantomjs.PhantomJSDriverService <init>
INFO: executable: /usr/local/bin/phantomjs
Oct 16, 2015 7:15:28 PM org.openqa.selenium.phantomjs.PhantomJSDriverService <init>
INFO: port: 34720
Oct 16, 2015 7:15:28 PM org.openqa.selenium.phantomjs.PhantomJSDriverService <init>
INFO: arguments: [--webdriver=34720, --webdriver-logfile=/Users/abduljewel/Documents/c/spiderqa/sample-test-projects/acceptance-test-harness/phantomjsdriver.log]
Oct 16, 2015 7:15:28 PM org.openqa.selenium.phantomjs.PhantomJSDriverService <init>
INFO: environment: {}
[INFO  - 2015-10-16T23:15:29.051Z] GhostDriver - Main - running on port 34720
[INFO  - 2015-10-16T23:15:29.335Z] Session [ca864030-745b-11e5-b312-b509521d5884] - page.settings - {"XSSAuditingEnabled":false,"javascriptCanCloseWindows":true,"javascriptCanOpenWindows":true,"javascriptEnabled":true,"loadImages":true,"localToRemoteUrlAccessEnabled":false,"userAgent":"Mozilla/5.0 (Macintosh; Intel Mac OS X) AppleWebKit/538.1 (KHTML, like Gecko) PhantomJS/2.0.0 Safari/538.1","webSecurityEnabled":true}
[INFO  - 2015-10-16T23:15:29.335Z] Session [ca864030-745b-11e5-b312-b509521d5884] - page.customHeaders:  - {"Accept-Language":"en"}
[INFO  - 2015-10-16T23:15:29.335Z] Session [ca864030-745b-11e5-b312-b509521d5884] - Session.negotiatedCapabilities - {"browserName":"phantomjs","version":"2.0.0","driverName":"ghostdriver","driverVersion":"1.2.0","platform":"mac-10.9 (Mavericks)-64bit","javascriptEnabled":true,"takesScreenshot":true,"handlesAlerts":false,"databaseEnabled":false,"locationContextEnabled":false,"applicationCacheEnabled":false,"browserConnectionEnabled":false,"cssSelectorsEnabled":true,"webStorageEnabled":false,"rotatable":false,"acceptSslCerts":false,"nativeEvents":true,"proxy":{"proxyType":"direct"},"phantomjs.page.customHeaders.Accept-Language":"en"}
[INFO  - 2015-10-16T23:15:29.335Z] SessionManagerReqHand - _postNewSessionCommand - New Session Created: ca864030-745b-11e5-b312-b509521d5884
Oct 16, 2015 7:15:30 PM org.jenkinsci.test.acceptance.po.PluginManager installationStatus
INFO: analysis-collector is not installed
Oct 16, 2015 7:15:30 PM org.jenkinsci.test.acceptance.po.PluginManager installationStatus
INFO: analysis-collector is not installed
Oct 16, 2015 7:15:30 PM org.jenkinsci.test.acceptance.po.PluginManager installationStatus
INFO: script-security has version 1.13 but 1.15 was requested
[INFO  - 2015-10-16T23:15:30.366Z] ShutdownReqHand - _handle - About to shutdown
]]></system-err>
  </testcase>
  <testcase name="should_compute_all_new_open_tasks" classname="plugins.AnalysisCollectorPluginTest" time="17.836">
    <error message="org.apache.http.entity.ContentType.create(Ljava/lang/String;[Lorg/apache/http/NameValuePair;)Lorg/apache/http/entity/ContentType;" type="java.lang.NoSuchMethodError">java.lang.NoSuchMethodError: org.apache.http.entity.ContentType.create(Ljava/lang/String;[Lorg/apache/http/NameValuePair;)Lorg/apache/http/entity/ContentType;
	at org.apache.http.entity.mime.MultipartEntityBuilder.buildEntity(MultipartEntityBuilder.java:209)
	at org.apache.http.entity.mime.MultipartEntityBuilder.build(MultipartEntityBuilder.java:230)
	at org.jenkinsci.test.acceptance.update_center.PluginMetadata.uploadTo(PluginMetadata.java:65)
	at org.jenkinsci.test.acceptance.po.PluginManager.installPlugins(PluginManager.java:173)
	at org.jenkinsci.test.acceptance.junit.WithPlugins$RuleImpl$1.doInstall(WithPlugins.java:139)
	at org.jenkinsci.test.acceptance.junit.WithPlugins$RuleImpl$1.installPlugins(WithPlugins.java:119)
	at org.jenkinsci.test.acceptance.junit.WithPlugins$RuleImpl$1.evaluate(WithPlugins.java:92)
	at org.jenkinsci.test.acceptance.junit.JenkinsAcceptanceTestRule$1$2$1.evaluate(JenkinsAcceptanceTestRule.java:129)
	at org.jenkinsci.test.acceptance.junit.FilterRule$1.evaluate(FilterRule.java:62)
	at org.jenkinsci.test.acceptance.junit.JenkinsAcceptanceTestRule$1.evaluate(JenkinsAcceptanceTestRule.java:55)
	at org.junit.runners.ParentRunner.runLeaf(ParentRunner.java:271)
	at org.junit.runners.BlockJUnit4ClassRunner.runChild(BlockJUnit4ClassRunner.java:70)
	at org.junit.runners.BlockJUnit4ClassRunner.runChild(BlockJUnit4ClassRunner.java:50)
	at org.junit.runners.ParentRunner$3.run(ParentRunner.java:238)
	at org.junit.runners.ParentRunner$1.schedule(ParentRunner.java:63)
	at org.junit.runners.ParentRunner.runChildren(ParentRunner.java:236)
	at org.junit.runners.ParentRunner.access$000(ParentRunner.java:53)
	at org.junit.runners.ParentRunner$2.evaluate(ParentRunner.java:229)
	at org.junit.runners.ParentRunner.run(ParentRunner.java:309)
	at org.apache.maven.surefire.junit4.JUnit4Provider.execute(JUnit4Provider.java:264)
	at org.apache.maven.surefire.junit4.JUnit4Provider.executeTestSet(JUnit4Provider.java:153)
	at org.apache.maven.surefire.junit4.JUnit4Provider.invoke(JUnit4Provider.java:124)
	at org.apache.maven.surefire.booter.ForkedBooter.invokeProviderInSameClassLoader(ForkedBooter.java:200)
	at org.apache.maven.surefire.booter.ForkedBooter.runSuitesInProcess(ForkedBooter.java:153)
	at org.apache.maven.surefire.booter.ForkedBooter.main(ForkedBooter.java:103)
</error>
    <system-out><![CDATA[testCaseResult=ru.yandex.qatools.allure.model.TestCaseResult@1b9e238f[
  name=should_collect_warnings_of_selected_tools_only
  title=<null>
  description=<null>
  failure=ru.yandex.qatools.allure.model.Failure@4878afae
  start=1445037313027
  stop=1445037331067
  status=BROKEN
  severity=<null>
  steps=[]
  attachments=[]
  labels=[ru.yandex.qatools.allure.model.Label@60af73d2, ru.yandex.qatools.allure.model.Label@6da50de6]
  parameters=<null>
]
testCaseResult={
   "start" : 1445037313027,
   "stop" : 1445037331067,
   "status" : "broken",
   "name" : "should_collect_warnings_of_selected_tools_only",
   "failure" : {
      "message" : "NoSuchMethodError: org.apache.http.entity.ContentType.create(Ljava/lang/String;[Lorg/apache/http/NameValuePair;)Lorg/apache/http/entity/ContentType;",
      "stack-trace" : "java.lang.NoSuchMethodError: org.apache.http.entity.ContentType.create(Ljava/lang/String;[Lorg/apache/http/NameValuePair;)Lorg/apache/http/entity/ContentType;\n\tat org.apache.http.entity.mime.MultipartEntityBuilder.buildEntity(MultipartEntityBuilder.java:209)\n\tat org.apache.http.entity.mime.MultipartEntityBuilder.build(MultipartEntityBuilder.java:230)\n\tat org.jenkinsci.test.acceptance.update_center.PluginMetadata.uploadTo(PluginMetadata.java:65)\n\tat org.jenkinsci.test.acceptance.po.PluginManager.installPlugins(PluginManager.java:173)\n\tat org.jenkinsci.test.acceptance.junit.WithPlugins$RuleImpl$1.doInstall(WithPlugins.java:139)\n\tat org.jenkinsci.test.acceptance.junit.WithPlugins$RuleImpl$1.installPlugins(WithPlugins.java:119)\n\tat org.jenkinsci.test.acceptance.junit.WithPlugins$RuleImpl$1.evaluate(WithPlugins.java:92)\n\tat org.jenkinsci.test.acceptance.junit.JenkinsAcceptanceTestRule$1$2$1.evaluate(JenkinsAcceptanceTestRule.java:129)\n\tat org.jenkinsci.test.acceptance.junit.FilterRule$1.evaluate(FilterRule.java:62)\n\tat org.jenkinsci.test.acceptance.junit.JenkinsAcceptanceTestRule$1.evaluate(JenkinsAcceptanceTestRule.java:55)\n\tat org.junit.runners.ParentRunner.runLeaf(ParentRunner.java:271)\n\tat org.junit.runners.BlockJUnit4ClassRunner.runChild(BlockJUnit4ClassRunner.java:70)\n\tat org.junit.runners.BlockJUnit4ClassRunner.runChild(BlockJUnit4ClassRunner.java:50)\n\tat org.junit.runners.ParentRunner$3.run(ParentRunner.java:238)\n\tat org.junit.runners.ParentRunner$1.schedule(ParentRunner.java:63)\n\tat org.junit.runners.ParentRunner.runChildren(ParentRunner.java:236)\n\tat org.junit.runners.ParentRunner.access$000(ParentRunner.java:53)\n\tat org.junit.runners.ParentRunner$2.evaluate(ParentRunner.java:229)\n\tat org.junit.runners.ParentRunner.run(ParentRunner.java:309)\n\tat org.apache.maven.surefire.junit4.JUnit4Provider.execute(JUnit4Provider.java:264)\n\tat org.apache.maven.surefire.junit4.JUnit4Provider.executeTestSet(JUnit4Provider.java:153)\n\tat org.apache.maven.surefire.junit4.JUnit4Provider.invoke(JUnit4Provider.java:124)\n\tat org.apache.maven.surefire.booter.ForkedBooter.invokeProviderInSameClassLoader(ForkedBooter.java:200)\n\tat org.apache.maven.surefire.booter.ForkedBooter.runSuitesInProcess(ForkedBooter.java:153)\n\tat org.apache.maven.surefire.booter.ForkedBooter.main(ForkedBooter.java:103)\n"
   },
   "steps" : {
      "step" : [ ]
   },
   "attachments" : {
      "attachment" : [ ]
   },
   "labels" : {
      "label" : [ {
         "name" : "host",
         "value" : "MacBook-Pro-2.home"
      }, {
         "name" : "thread",
         "value" : "1771@MacBook-Pro-2.home.main(1)"
      } ]
   }
}
testCase=ru.yandex.qatools.allure.model.TestCase@74dd986[
  _id=9bd54838-edba-436f-96a0-0d46615ac08b
  executionId=7a8626ac-7b8d-4761-8bff-776519219d78
  threadName=thread_15005794375463
  name=should_collect_warnings_of_selected_tools_only
  title=<null>
  description=<null>
  failure=ru.yandex.qatools.allure.model.Failure@4878afae
  start=1445037313027
  stop=1445037331067
  status=BROKEN
  severity=<null>
  steps=[]
  attachments=[]
  labels=[ru.yandex.qatools.allure.model.Label@60af73d2, ru.yandex.qatools.allure.model.Label@6da50de6]
  parameters=<null>
]
testCase={
   "start" : 1445037313027,
   "stop" : 1445037331067,
   "status" : "broken",
   "_id" : "9bd54838-edba-436f-96a0-0d46615ac08b",
   "executionId" : "7a8626ac-7b8d-4761-8bff-776519219d78",
   "threadName" : "thread_15005794375463",
   "name" : "should_collect_warnings_of_selected_tools_only",
   "failure" : {
      "message" : "NoSuchMethodError: org.apache.http.entity.ContentType.create(Ljava/lang/String;[Lorg/apache/http/NameValuePair;)Lorg/apache/http/entity/ContentType;",
      "stack-trace" : "java.lang.NoSuchMethodError: org.apache.http.entity.ContentType.create(Ljava/lang/String;[Lorg/apache/http/NameValuePair;)Lorg/apache/http/entity/ContentType;\n\tat org.apache.http.entity.mime.MultipartEntityBuilder.buildEntity(MultipartEntityBuilder.java:209)\n\tat org.apache.http.entity.mime.MultipartEntityBuilder.build(MultipartEntityBuilder.java:230)\n\tat org.jenkinsci.test.acceptance.update_center.PluginMetadata.uploadTo(PluginMetadata.java:65)\n\tat org.jenkinsci.test.acceptance.po.PluginManager.installPlugins(PluginManager.java:173)\n\tat org.jenkinsci.test.acceptance.junit.WithPlugins$RuleImpl$1.doInstall(WithPlugins.java:139)\n\tat org.jenkinsci.test.acceptance.junit.WithPlugins$RuleImpl$1.installPlugins(WithPlugins.java:119)\n\tat org.jenkinsci.test.acceptance.junit.WithPlugins$RuleImpl$1.evaluate(WithPlugins.java:92)\n\tat org.jenkinsci.test.acceptance.junit.JenkinsAcceptanceTestRule$1$2$1.evaluate(JenkinsAcceptanceTestRule.java:129)\n\tat org.jenkinsci.test.acceptance.junit.FilterRule$1.evaluate(FilterRule.java:62)\n\tat org.jenkinsci.test.acceptance.junit.JenkinsAcceptanceTestRule$1.evaluate(JenkinsAcceptanceTestRule.java:55)\n\tat org.junit.runners.ParentRunner.runLeaf(ParentRunner.java:271)\n\tat org.junit.runners.BlockJUnit4ClassRunner.runChild(BlockJUnit4ClassRunner.java:70)\n\tat org.junit.runners.BlockJUnit4ClassRunner.runChild(BlockJUnit4ClassRunner.java:50)\n\tat org.junit.runners.ParentRunner$3.run(ParentRunner.java:238)\n\tat org.junit.runners.ParentRunner$1.schedule(ParentRunner.java:63)\n\tat org.junit.runners.ParentRunner.runChildren(ParentRunner.java:236)\n\tat org.junit.runners.ParentRunner.access$000(ParentRunner.java:53)\n\tat org.junit.runners.ParentRunner$2.evaluate(ParentRunner.java:229)\n\tat org.junit.runners.ParentRunner.run(ParentRunner.java:309)\n\tat org.apache.maven.surefire.junit4.JUnit4Provider.execute(JUnit4Provider.java:264)\n\tat org.apache.maven.surefire.junit4.JUnit4Provider.executeTestSet(JUnit4Provider.java:153)\n\tat org.apache.maven.surefire.junit4.JUnit4Provider.invoke(JUnit4Provider.java:124)\n\tat org.apache.maven.surefire.booter.ForkedBooter.invokeProviderInSameClassLoader(ForkedBooter.java:200)\n\tat org.apache.maven.surefire.booter.ForkedBooter.runSuitesInProcess(ForkedBooter.java:153)\n\tat org.apache.maven.surefire.booter.ForkedBooter.main(ForkedBooter.java:103)\n"
   },
   "steps" : {
      "step" : [ ]
   },
   "attachments" : {
      "attachment" : [ ]
   },
   "labels" : {
      "label" : [ {
         "name" : "host",
         "value" : "MacBook-Pro-2.home"
      }, {
         "name" : "thread",
         "value" : "1771@MacBook-Pro-2.home.main(1)"
      } ]
   }
}
>>>REQUEST: /testaspect/TestCase/9bd54838-edba-436f-96a0-0d46615ac08b
<<<RESPONSE (201 Created): /testaspect/TestCase/9bd54838-edba-436f-96a0-0d46615ac08b
running with given plugins: []
=== Starting should_compute_all_new_open_tasks(plugins.AnalysisCollectorPluginTest)
Starting Jenkins: JAVA_HOME=/Library/Java/JavaVirtualMachines/jdk1.8.0_60.jdk/Contents/Home JENKINS_HOME=/Users/abduljewel/Documents/c/spiderqa/sample-test-projects/acceptance-test-harness/target/jenkins1225457989894083776home /Library/Java/JavaVirtualMachines/jdk1.8.0_60.jdk/Contents/Home/bin/java -Duser.language=en -jar ./jenkins.war --ajp13Port=-1 --httpPort=50581
master50581|Running from: /Users/abduljewel/Documents/c/spiderqa/sample-test-projects/acceptance-test-harness/jenkins.war
master50581|webroot: EnvVars.masterEnvVars.get("JENKINS_HOME")
master50581|Oct 16, 2015 7:15:31 PM winstone.Logger logInternal
master50581|INFO: Beginning extraction from war file
master50581|Oct 16, 2015 7:15:32 PM org.eclipse.jetty.util.log.JavaUtilLog info
master50581|INFO: jetty-winstone-2.8
master50581|Oct 16, 2015 7:15:33 PM org.eclipse.jetty.util.log.JavaUtilLog info
master50581|INFO: NO JSP Support for , did not find org.apache.jasper.servlet.JspServlet
master50581|Jenkins home directory: /Users/abduljewel/Documents/c/spiderqa/sample-test-projects/acceptance-test-harness/target/jenkins1225457989894083776home found at: EnvVars.masterEnvVars.get("JENKINS_HOME")
master50581|Oct 16, 2015 7:15:34 PM org.eclipse.jetty.util.log.JavaUtilLog info
master50581|INFO: Started SelectChannelConnector@0.0.0.0:50581
master50581|Oct 16, 2015 7:15:34 PM winstone.Logger logInternal
master50581|INFO: Winstone Servlet Engine v2.0 running: controlPort=disabled
master50581|Oct 16, 2015 7:15:34 PM jenkins.InitReactorRunner$1 onAttained
master50581|INFO: Started initialization
master50581|Oct 16, 2015 7:15:43 PM jenkins.InitReactorRunner$1 onAttained
master50581|INFO: Listed all plugins
master50581|Oct 16, 2015 7:15:43 PM jenkins.InitReactorRunner$1 onAttained
master50581|INFO: Prepared all plugins
master50581|Oct 16, 2015 7:15:43 PM jenkins.InitReactorRunner$1 onAttained
master50581|INFO: Started all plugins
master50581|Oct 16, 2015 7:15:43 PM jenkins.InitReactorRunner$1 onAttained
master50581|INFO: Augmented all extensions
master50581|Oct 16, 2015 7:15:45 PM jenkins.InitReactorRunner$1 onAttained
master50581|INFO: Loaded all jobs
master50581|Oct 16, 2015 7:15:46 PM hudson.model.AsyncPeriodicWork$1 run
master50581|INFO: Started Download metadata
master50581|Oct 16, 2015 7:15:46 PM org.jenkinsci.main.modules.sshd.SSHD start
master50581|INFO: Started SSHD at port 55245
master50581|Oct 16, 2015 7:15:46 PM jenkins.InitReactorRunner$1 onAttained
master50581|INFO: Completed initialization
master50581|Oct 16, 2015 7:15:46 PM hudson.UDPBroadcastThread run
master50581|WARNING: UDP handling problem
master50581|java.net.SocketException: Can't assign requested address
master50581|	at java.net.PlainDatagramSocketImpl.join(Native Method)
master50581|	at java.net.AbstractPlainDatagramSocketImpl.join(AbstractPlainDatagramSocketImpl.java:179)
master50581|	at java.net.MulticastSocket.joinGroup(MulticastSocket.java:323)
master50581|	at hudson.UDPBroadcastThread.run(UDPBroadcastThread.java:77)
master50581|
master50581|Oct 16, 2015 7:15:46 PM hudson.WebAppMain$3 run
master50581|INFO: Jenkins is fully up and running
master50581|Oct 16, 2015 7:15:48 PM hudson.model.UpdateSite updateData
master50581|INFO: Obtained the latest update center data file for UpdateSource default
master50581|Oct 16, 2015 7:15:48 PM hudson.model.DownloadService$Downloadable load
master50581|INFO: Obtained the updated data file for hudson.tasks.Maven.MavenInstaller
Jenkins is stopped
]]></system-out>
    <system-err><![CDATA[Oct 16, 2015 7:15:31 PM org.jenkinsci.test.acceptance.controller.LocalController startNow
INFO: Waiting for Jenkins to become running in http://127.0.0.1:50581/
[...]
master52316|
master52316|Oct 16, 2015 7:17:19 PM hudson.WebAppMain$3 run
master52316|INFO: Jenkins is fully up and running
master52316|Oct 16, 2015 7:17:20 PM hudson.model.UpdateSite updateData
master52316|INFO: Obtained the latest update center data file for UpdateSource default
master52316|Oct 16, 2015 7:17:20 PM hudson.model.DownloadService$Downloadable load
master52316|INFO: Obtained the updated data file for hudson.tasks.Maven.MavenInstaller
master52316|Oct 16, 2015 7:17:20 PM hudson.model.DownloadService$Downloadable load
master52316|INFO: Obtained the updated data file for hudson.tasks.Ant.AntInstaller
master52316|Oct 16, 2015 7:17:21 PM hudson.model.DownloadService$Downloadable load
master52316|INFO: Obtained the updated data file for hudson.tools.JDKInstaller
master52316|Oct 16, 2015 7:17:21 PM hudson.model.AsyncPeriodicWork$1 run
master52316|INFO: Finished Download metadata. 2,700 ms
Jenkins is stopped
]]></system-out>
    <system-err><![CDATA[Oct 16, 2015 7:17:03 PM org.jenkinsci.test.acceptance.controller.LocalController startNow
INFO: Waiting for Jenkins to become running in http://127.0.0.1:52316/
Oct 16, 2015 7:17:19 PM org.jenkinsci.test.acceptance.controller.LocalController startNow
INFO: Jenkins is running in http://127.0.0.1:52316/
Oct 16, 2015 7:17:19 PM org.openqa.selenium.phantomjs.PhantomJSDriverService <init>
INFO: executable: /usr/local/bin/phantomjs
Oct 16, 2015 7:17:19 PM org.openqa.selenium.phantomjs.PhantomJSDriverService <init>
INFO: port: 7185
Oct 16, 2015 7:17:19 PM org.openqa.selenium.phantomjs.PhantomJSDriverService <init>
INFO: arguments: [--webdriver=7185, --webdriver-logfile=/Users/abduljewel/Documents/c/spiderqa/sample-test-projects/acceptance-test-harness/phantomjsdriver.log]
Oct 16, 2015 7:17:19 PM org.openqa.selenium.phantomjs.PhantomJSDriverService <init>
INFO: environment: {}
[INFO  - 2015-10-16T23:17:19.263Z] GhostDriver - Main - running on port 7185
[INFO  - 2015-10-16T23:17:19.530Z] Session [0c345e40-745c-11e5-88f0-230a20c47ebb] - page.settings - {"XSSAuditingEnabled":false,"javascriptCanCloseWindows":true,"javascriptCanOpenWindows":true,"javascriptEnabled":true,"loadImages":true,"localToRemoteUrlAccessEnabled":false,"userAgent":"Mozilla/5.0 (Macintosh; Intel Mac OS X) AppleWebKit/538.1 (KHTML, like Gecko) PhantomJS/2.0.0 Safari/538.1","webSecurityEnabled":true}
[INFO  - 2015-10-16T23:17:19.530Z] Session [0c345e40-745c-11e5-88f0-230a20c47ebb] - page.customHeaders:  - {"Accept-Language":"en"}
[INFO  - 2015-10-16T23:17:19.531Z] Session [0c345e40-745c-11e5-88f0-230a20c47ebb] - Session.negotiatedCapabilities - {"browserName":"phantomjs","version":"2.0.0","driverName":"ghostdriver","driverVersion":"1.2.0","platform":"mac-10.9 (Mavericks)-64bit","javascriptEnabled":true,"takesScreenshot":true,"handlesAlerts":false,"databaseEnabled":false,"locationContextEnabled":false,"applicationCacheEnabled":false,"browserConnectionEnabled":false,"cssSelectorsEnabled":true,"webStorageEnabled":false,"rotatable":false,"acceptSslCerts":false,"nativeEvents":true,"proxy":{"proxyType":"direct"},"phantomjs.page.customHeaders.Accept-Language":"en"}
[INFO  - 2015-10-16T23:17:19.531Z] SessionManagerReqHand - _postNewSessionCommand - New Session Created: 0c345e40-745c-11e5-88f0-230a20c47ebb
Oct 16, 2015 7:17:20 PM org.jenkinsci.test.acceptance.po.PluginManager installationStatus
INFO: analysis-collector is not installed
Oct 16, 2015 7:17:20 PM org.jenkinsci.test.acceptance.po.PluginManager installationStatus
INFO: analysis-collector is not installed
Oct 16, 2015 7:17:21 PM org.jenkinsci.test.acceptance.po.PluginManager installationStatus
INFO: script-security has version 1.13 but 1.15 was requested
[INFO  - 2015-10-16T23:17:21.220Z] ShutdownReqHand - _handle - About to shutdown
]]></system-err>
  </testcase>
  <testcase name="should_show_build_health" classname="plugins.AnalysisCollectorPluginTest" time="18.735">
    <error message="org.apache.http.entity.ContentType.create(Ljava/lang/String;[Lorg/apache/http/NameValuePair;)Lorg/apache/http/entity/ContentType;" type="java.lang.NoSuchMethodError">java.lang.NoSuchMethodError: org.apache.http.entity.ContentType.create(Ljava/lang/String;[Lorg/apache/http/NameValuePair;)Lorg/apache/http/entity/ContentType;
	at org.apache.http.entity.mime.MultipartEntityBuilder.buildEntity(MultipartEntityBuilder.java:209)
	at org.apache.http.entity.mime.MultipartEntityBuilder.build(MultipartEntityBuilder.java:230)
	at org.jenkinsci.test.acceptance.update_center.PluginMetadata.uploadTo(PluginMetadata.java:65)
	at org.jenkinsci.test.acceptance.po.PluginManager.installPlugins(PluginManager.java:173)
	at org.jenkinsci.test.acceptance.junit.WithPlugins$RuleImpl$1.doInstall(WithPlugins.java:139)
	at org.jenkinsci.test.acceptance.junit.WithPlugins$RuleImpl$1.installPlugins(WithPlugins.java:119)
	at org.jenkinsci.test.acceptance.junit.WithPlugins$RuleImpl$1.evaluate(WithPlugins.java:92)
	at org.jenkinsci.test.acceptance.junit.JenkinsAcceptanceTestRule$1$2$1.evaluate(JenkinsAcceptanceTestRule.java:129)
	at org.jenkinsci.test.acceptance.junit.FilterRule$1.evaluate(FilterRule.java:62)
	at org.jenkinsci.test.acceptance.junit.JenkinsAcceptanceTestRule$1.evaluate(JenkinsAcceptanceTestRule.java:55)
	at org.junit.runners.ParentRunner.runLeaf(ParentRunner.java:271)
	at org.junit.runners.BlockJUnit4ClassRunner.runChild(BlockJUnit4ClassRunner.java:70)
	at org.junit.runners.BlockJUnit4ClassRunner.runChild(BlockJUnit4ClassRunner.java:50)
	at org.junit.runners.ParentRunner$3.run(ParentRunner.java:238)
	at org.junit.runners.ParentRunner$1.schedule(ParentRunner.java:63)
	at org.junit.runners.ParentRunner.runChildren(ParentRunner.java:236)
	at org.junit.runners.ParentRunner.access$000(ParentRunner.java:53)
	at org.junit.runners.ParentRunner$2.evaluate(ParentRunner.java:229)
	at org.junit.runners.ParentRunner.run(ParentRunner.java:309)
	at org.apache.maven.surefire.junit4.JUnit4Provider.execute(JUnit4Provider.java:264)
	at org.apache.maven.surefire.junit4.JUnit4Provider.executeTestSet(JUnit4Provider.java:153)
	at org.apache.maven.surefire.junit4.JUnit4Provider.invoke(JUnit4Provider.java:124)
	at org.apache.maven.surefire.booter.ForkedBooter.invokeProviderInSameClassLoader(ForkedBooter.java:200)
	at org.apache.maven.surefire.booter.ForkedBooter.runSuitesInProcess(ForkedBooter.java:153)
	at org.apache.maven.surefire.booter.ForkedBooter.main(ForkedBooter.java:103)
</error>
    <system-out><![CDATA[testCaseResult=ru.yandex.qatools.allure.model.TestCaseResult@70111274[
  name=should_navigate_to_result_action_from_job
  title=<null>
  description=<null>
  failure=ru.yandex.qatools.allure.model.Failure@2d9ad2d1
  start=1445037423042
  stop=1445037441879
  status=BROKEN
  severity=<null>
  steps=[]
  attachments=[]
  labels=[ru.yandex.qatools.allure.model.Label@61b4f53a, ru.yandex.qatools.allure.model.Label@5d7f97fd]
  parameters=<null>
]
testCaseResult={
   "start" : 1445037423042,
   "stop" : 1445037441879,
   "status" : "broken",
   "name" : "should_navigate_to_result_action_from_job",
   "failure" : {
      "message" : "NoSuchMethodError: org.apache.http.entity.ContentType.create(Ljava/lang/String;[Lorg/apache/http/NameValuePair;)Lorg/apache/http/entity/ContentType;",
      "stack-trace" : "java.lang.NoSuchMethodError: org.apache.http.entity.ContentType.create(Ljava/lang/String;[Lorg/apache/http/NameValuePair;)Lorg/apache/http/entity/ContentType;\n\tat org.apache.http.entity.mime.MultipartEntityBuilder.buildEntity(MultipartEntityBuilder.java:209)\n\tat org.apache.http.entity.mime.MultipartEntityBuilder.build(MultipartEntityBuilder.java:230)\n\tat org.jenkinsci.test.acceptance.update_center.PluginMetadata.uploadTo(PluginMetadata.java:65)\n\tat org.jenkinsci.test.acceptance.po.PluginManager.installPlugins(PluginManager.java:173)\n\tat org.jenkinsci.test.acceptance.junit.WithPlugins$RuleImpl$1.doInstall(WithPlugins.java:139)\n\tat org.jenkinsci.test.acceptance.junit.WithPlugins$RuleImpl$1.installPlugins(WithPlugins.java:119)\n\tat org.jenkinsci.test.acceptance.junit.WithPlugins$RuleImpl$1.evaluate(WithPlugins.java:92)\n\tat org.jenkinsci.test.acceptance.junit.JenkinsAcceptanceTestRule$1$2$1.evaluate(JenkinsAcceptanceTestRule.java:129)\n\tat org.jenkinsci.test.acceptance.junit.FilterRule$1.evaluate(FilterRule.java:62)\n\tat org.jenkinsci.test.acceptance.junit.JenkinsAcceptanceTestRule$1.evaluate(JenkinsAcceptanceTestRule.java:55)\n\tat org.junit.runners.ParentRunner.runLeaf(ParentRunner.java:271)\n\tat org.junit.runners.BlockJUnit4ClassRunner.runChild(BlockJUnit4ClassRunner.java:70)\n\tat org.junit.runners.BlockJUnit4ClassRunner.runChild(BlockJUnit4ClassRunner.java:50)\n\tat org.junit.runners.ParentRunner$3.run(ParentRunner.java:238)\n\tat org.junit.runners.ParentRunner$1.schedule(ParentRunner.java:63)\n\tat org.junit.runners.ParentRunner.runChildren(ParentRunner.java:236)\n\tat org.junit.runners.ParentRunner.access$000(ParentRunner.java:53)\n\tat org.junit.runners.ParentRunner$2.evaluate(ParentRunner.java:229)\n\tat org.junit.runners.ParentRunner.run(ParentRunner.java:309)\n\tat org.apache.maven.surefire.junit4.JUnit4Provider.execute(JUnit4Provider.java:264)\n\tat org.apache.maven.surefire.junit4.JUnit4Provider.executeTestSet(JUnit4Provider.java:153)\n\tat org.apache.maven.surefire.junit4.JUnit4Provider.invoke(JUnit4Provider.java:124)\n\tat org.apache.maven.surefire.booter.ForkedBooter.invokeProviderInSameClassLoader(ForkedBooter.java:200)\n\tat org.apache.maven.surefire.booter.ForkedBooter.runSuitesInProcess(ForkedBooter.java:153)\n\tat org.apache.maven.surefire.booter.ForkedBooter.main(ForkedBooter.java:103)\n"
   },
   "steps" : {
      "step" : [ ]
   },
   "attachments" : {
      "attachment" : [ ]
   },
   "labels" : {
      "label" : [ {
         "name" : "host",
         "value" : "MacBook-Pro-2.home"
      }, {
         "name" : "thread",
         "value" : "1771@MacBook-Pro-2.home.main(1)"
      } ]
   }
}
testCase=ru.yandex.qatools.allure.model.TestCase@2585ac94[
  _id=8f18b13f-fd96-4081-88ef-1f5c9f81a6f3
  executionId=7a8626ac-7b8d-4761-8bff-776519219d78
  threadName=thread_15005794375463
  name=should_navigate_to_result_action_from_job
  title=<null>
  description=<null>
  failure=ru.yandex.qatools.allure.model.Failure@2d9ad2d1
  start=1445037423042
  stop=1445037441879
  status=BROKEN
  severity=<null>
  steps=[]
  attachments=[]
  labels=[ru.yandex.qatools.allure.model.Label@61b4f53a, ru.yandex.qatools.allure.model.Label@5d7f97fd]
  parameters=<null>
]
testCase={
   "start" : 1445037423042,
   "stop" : 1445037441879,
   "status" : "broken",
   "_id" : "8f18b13f-fd96-4081-88ef-1f5c9f81a6f3",
   "executionId" : "7a8626ac-7b8d-4761-8bff-776519219d78",
   "threadName" : "thread_15005794375463",
   "name" : "should_navigate_to_result_action_from_job",
   "failure" : {
      "message" : "NoSuchMethodError: org.apache.http.entity.ContentType.create(Ljava/lang/String;[Lorg/apache/http/NameValuePair;)Lorg/apache/http/entity/ContentType;",
      "stack-trace" : "java.lang.NoSuchMethodError: org.apache.http.entity.ContentType.create(Ljava/lang/String;[Lorg/apache/http/NameValuePair;)Lorg/apache/http/entity/ContentType;\n\tat org.apache.http.entity.mime.MultipartEntityBuilder.buildEntity(MultipartEntityBuilder.java:209)\n\tat org.apache.http.entity.mime.MultipartEntityBuilder.build(MultipartEntityBuilder.java:230)\n\tat org.jenkinsci.test.acceptance.update_center.PluginMetadata.uploadTo(PluginMetadata.java:65)\n\tat org.jenkinsci.test.acceptance.po.PluginManager.installPlugins(PluginManager.java:173)\n\tat org.jenkinsci.test.acceptance.junit.WithPlugins$RuleImpl$1.doInstall(WithPlugins.java:139)\n\tat org.jenkinsci.test.acceptance.junit.WithPlugins$RuleImpl$1.installPlugins(WithPlugins.java:119)\n\tat org.jenkinsci.test.acceptance.junit.WithPlugins$RuleImpl$1.evaluate(WithPlugins.java:92)\n\tat org.jenkinsci.test.acceptance.junit.JenkinsAcceptanceTestRule$1$2$1.evaluate(JenkinsAcceptanceTestRule.java:129)\n\tat org.jenkinsci.test.acceptance.junit.FilterRule$1.evaluate(FilterRule.java:62)\n\tat org.jenkinsci.test.acceptance.junit.JenkinsAcceptanceTestRule$1.evaluate(JenkinsAcceptanceTestRule.java:55)\n\tat org.junit.runners.ParentRunner.runLeaf(ParentRunner.java:271)\n\tat org.junit.runners.BlockJUnit4ClassRunner.runChild(BlockJUnit4ClassRunner.java:70)\n\tat org.junit.runners.BlockJUnit4ClassRunner.runChild(BlockJUnit4ClassRunner.java:50)\n\tat org.junit.runners.ParentRunner$3.run(ParentRunner.java:238)\n\tat org.junit.runners.ParentRunner$1.schedule(ParentRunner.java:63)\n\tat org.junit.runners.ParentRunner.runChildren(ParentRunner.java:236)\n\tat org.junit.runners.ParentRunner.access$000(ParentRunner.java:53)\n\tat org.junit.runners.ParentRunner$2.evaluate(ParentRunner.java:229)\n\tat org.junit.runners.ParentRunner.run(ParentRunner.java:309)\n\tat org.apache.maven.surefire.junit4.JUnit4Provider.execute(JUnit4Provider.java:264)\n\tat org.apache.maven.surefire.junit4.JUnit4Provider.executeTestSet(JUnit4Provider.java:153)\n\tat org.apache.maven.surefire.junit4.JUnit4Provider.invoke(JUnit4Provider.java:124)\n\tat org.apache.maven.surefire.booter.ForkedBooter.invokeProviderInSameClassLoader(ForkedBooter.java:200)\n\tat org.apache.maven.surefire.booter.ForkedBooter.runSuitesInProcess(ForkedBooter.java:153)\n\tat org.apache.maven.surefire.booter.ForkedBooter.main(ForkedBooter.java:103)\n"
   },
   "steps" : {
      "step" : [ ]
   },
   "attachments" : {
      "attachment" : [ ]
   },
   "labels" : {
      "label" : [ {
         "name" : "host",
         "value" : "MacBook-Pro-2.home"
      }, {
         "name" : "thread",
         "value" : "1771@MacBook-Pro-2.home.main(1)"
      } ]
   }
}
>>>REQUEST: /testaspect/TestCase/8f18b13f-fd96-4081-88ef-1f5c9f81a6f3
<<<RESPONSE (201 Created): /testaspect/TestCase/8f18b13f-fd96-4081-88ef-1f5c9f81a6f3
running with given plugins: []
=== Starting should_show_build_health(plugins.AnalysisCollectorPluginTest)
Starting Jenkins: JAVA_HOME=/Library/Java/JavaVirtualMachines/jdk1.8.0_60.jdk/Contents/Home JENKINS_HOME=/Users/abduljewel/Documents/c/spiderqa/sample-test-projects/acceptance-test-harness/target/jenkins4368569928310277325home /Library/Java/JavaVirtualMachines/jdk1.8.0_60.jdk/Contents/Home/bin/java -Duser.language=en -jar ./jenkins.war --ajp13Port=-1 --httpPort=58386
master58386|Running from: /Users/abduljewel/Documents/c/spiderqa/sample-test-projects/acceptance-test-harness/jenkins.war
master58386|webroot: EnvVars.masterEnvVars.get("JENKINS_HOME")
master58386|Oct 16, 2015 7:17:22 PM winstone.Logger logInternal
master58386|INFO: Beginning extraction from war file
master58386|Oct 16, 2015 7:17:23 PM org.eclipse.jetty.util.log.JavaUtilLog info
master58386|INFO: jetty-winstone-2.8
master58386|Oct 16, 2015 7:17:24 PM org.eclipse.jetty.util.log.JavaUtilLog info
master58386|INFO: NO JSP Support for , did not find org.apache.jasper.servlet.JspServlet
master58386|Jenkins home directory: /Users/abduljewel/Documents/c/spiderqa/sample-test-projects/acceptance-test-harness/target/jenkins4368569928310277325home found at: EnvVars.masterEnvVars.get("JENKINS_HOME")
master58386|Oct 16, 2015 7:17:25 PM org.eclipse.jetty.util.log.JavaUtilLog info
master58386|INFO: Started SelectChannelConnector@0.0.0.0:58386
master58386|Oct 16, 2015 7:17:25 PM winstone.Logger logInternal
master58386|INFO: Winstone Servlet Engine v2.0 running: controlPort=disabled
master58386|Oct 16, 2015 7:17:25 PM jenkins.InitReactorRunner$1 onAttained
master58386|INFO: Started initialization
master58386|Oct 16, 2015 7:17:34 PM jenkins.InitReactorRunner$1 onAttained
master58386|INFO: Listed all plugins
master58386|Oct 16, 2015 7:17:34 PM jenkins.InitReactorRunner$1 onAttained
master58386|INFO: Prepared all plugins
master58386|Oct 16, 2015 7:17:34 PM jenkins.InitReactorRunner$1 onAttained
master58386|INFO: Started all plugins
master58386|Oct 16, 2015 7:17:34 PM jenkins.InitReactorRunner$1 onAttained
master58386|INFO: Augmented all extensions
master58386|Oct 16, 2015 7:17:35 PM jenkins.InitReactorRunner$1 onAttained
master58386|INFO: Loaded all jobs
master58386|Oct 16, 2015 7:17:37 PM hudson.model.AsyncPeriodicWork$1 run
master58386|INFO: Started Download metadata
master58386|Oct 16, 2015 7:17:37 PM org.jenkinsci.main.modules.sshd.SSHD start
master58386|INFO: Started SSHD at port 55372
master58386|Oct 16, 2015 7:17:37 PM jenkins.InitReactorRunner$1 onAttained
master58386|INFO: Completed initialization
master58386|Oct 16, 2015 7:17:37 PM hudson.UDPBroadcastThread run
master58386|WARNING: UDP handling problem
master58386|java.net.SocketException: Can't assign requested address
master58386|	at java.net.PlainDatagramSocketImpl.join(Native Method)
master58386|	at java.net.AbstractPlainDatagramSocketImpl.join(AbstractPlainDatagramSocketImpl.java:179)
master58386|	at java.net.MulticastSocket.joinGroup(MulticastSocket.java:323)
master58386|	at hudson.UDPBroadcastThread.run(UDPBroadcastThread.java:77)
master58386|
master58386|Oct 16, 2015 7:17:37 PM hudson.WebAppMain$3 run
master58386|INFO: Jenkins is fully up and running
Jenkins is stopped
]]></system-out>
    <system-err><![CDATA[Oct 16, 2015 7:17:21 PM org.jenkinsci.test.acceptance.controller.LocalController startNow
INFO: Waiting for Jenkins to become running in http://127.0.0.1:58386/
Oct 16, 2015 7:17:37 PM org.jenkinsci.test.acceptance.controller.LocalController startNow
INFO: Jenkins is running in http://127.0.0.1:58386/
Oct 16, 2015 7:17:37 PM org.openqa.selenium.phantomjs.PhantomJSDriverService <init>
INFO: executable: /usr/local/bin/phantomjs
Oct 16, 2015 7:17:37 PM org.openqa.selenium.phantomjs.PhantomJSDriverService <init>
INFO: port: 39489
Oct 16, 2015 7:17:37 PM org.openqa.selenium.phantomjs.PhantomJSDriverService <init>
INFO: arguments: [--webdriver=39489, --webdriver-logfile=/Users/abduljewel/Documents/c/spiderqa/sample-test-projects/acceptance-test-harness/phantomjsdriver.log]
Oct 16, 2015 7:17:37 PM org.openqa.selenium.phantomjs.PhantomJSDriverService <init>
INFO: environment: {}
[INFO  - 2015-10-16T23:17:37.637Z] GhostDriver - Main - running on port 39489
[INFO  - 2015-10-16T23:17:37.912Z] Session [17298b40-745c-11e5-a06e-b54141d2a949] - page.settings - {"XSSAuditingEnabled":false,"javascriptCanCloseWindows":true,"javascriptCanOpenWindows":true,"javascriptEnabled":true,"loadImages":true,"localToRemoteUrlAccessEnabled":false,"userAgent":"Mozilla/5.0 (Macintosh; Intel Mac OS X) AppleWebKit/538.1 (KHTML, like Gecko) PhantomJS/2.0.0 Safari/538.1","webSecurityEnabled":true}
[INFO  - 2015-10-16T23:17:37.913Z] Session [17298b40-745c-11e5-a06e-b54141d2a949] - page.customHeaders:  - {"Accept-Language":"en"}
[INFO  - 2015-10-16T23:17:37.913Z] Session [17298b40-745c-11e5-a06e-b54141d2a949] - Session.negotiatedCapabilities - {"browserName":"phantomjs","version":"2.0.0","driverName":"ghostdriver","driverVersion":"1.2.0","platform":"mac-10.9 (Mavericks)-64bit","javascriptEnabled":true,"takesScreenshot":true,"handlesAlerts":false,"databaseEnabled":false,"locationContextEnabled":false,"applicationCacheEnabled":false,"browserConnectionEnabled":false,"cssSelectorsEnabled":true,"webStorageEnabled":false,"rotatable":false,"acceptSslCerts":false,"nativeEvents":true,"proxy":{"proxyType":"direct"},"phantomjs.page.customHeaders.Accept-Language":"en"}
[INFO  - 2015-10-16T23:17:37.913Z] SessionManagerReqHand - _postNewSessionCommand - New Session Created: 17298b40-745c-11e5-a06e-b54141d2a949
Oct 16, 2015 7:17:38 PM org.jenkinsci.test.acceptance.po.PluginManager installationStatus
INFO: analysis-collector is not installed
Oct 16, 2015 7:17:38 PM org.jenkinsci.test.acceptance.po.PluginManager installationStatus
INFO: analysis-collector is not installed
Oct 16, 2015 7:17:38 PM org.jenkinsci.test.acceptance.po.PluginManager installationStatus
INFO: script-security has version 1.13 but 1.15 was requested
[INFO  - 2015-10-16T23:17:38.930Z] ShutdownReqHand - _handle - About to shutdown
]]></system-err>
  </testcase>
</testsuite>