<?xml version="1.0" encoding="UTF-8"?>
<testsuite name="plugins.XvncPluginTest" time="0" tests="4" errors="0" skipped="4" failures="0">
  <properties>
[...]
</properties>
  <testcase name="workflow" classname="plugins.XvncPluginTest" time="0">
    <skipped/>
    <system-out><![CDATA[testCaseResult=ru.yandex.qatools.allure.model.TestCaseResult@66090e10[
  name=publish_xunit_results
  title=<null>
  description=<null>
  failure=ru.yandex.qatools.allure.model.Failure@14244c24
  start=1445041904468
  stop=1445041923270
  status=BROKEN
  severity=<null>
  steps=[]
  attachments=[]
  labels=[ru.yandex.qatools.allure.model.Label@5b717681, ru.yandex.qatools.allure.model.Label@2c977e11]
  parameters=<null>
]
testCaseResult={
   "start" : 1445041904468,
   "stop" : 1445041923270,
   "status" : "broken",
   "name" : "publish_xunit_results",
   "failure" : {
      "message" : "NoSuchMethodError: org.apache.http.entity.ContentType.create(Ljava/lang/String;[Lorg/apache/http/NameValuePair;)Lorg/apache/http/entity/ContentType;",
      "stack-trace" : "java.lang.NoSuchMethodError: org.apache.http.entity.ContentType.create(Ljava/lang/String;[Lorg/apache/http/NameValuePair;)Lorg/apache/http/entity/ContentType;\n\tat org.apache.http.entity.mime.MultipartEntityBuilder.buildEntity(MultipartEntityBuilder.java:209)\n\tat org.apache.http.entity.mime.MultipartEntityBuilder.build(MultipartEntityBuilder.java:230)\n\tat org.jenkinsci.test.acceptance.update_center.PluginMetadata.uploadTo(PluginMetadata.java:65)\n\tat org.jenkinsci.test.acceptance.po.PluginManager.installPlugins(PluginManager.java:173)\n\tat org.jenkinsci.test.acceptance.junit.WithPlugins$RuleImpl$1.doInstall(WithPlugins.java:139)\n\tat org.jenkinsci.test.acceptance.junit.WithPlugins$RuleImpl$1.installPlugins(WithPlugins.java:119)\n\tat org.jenkinsci.test.acceptance.junit.WithPlugins$RuleImpl$1.evaluate(WithPlugins.java:92)\n\tat org.jenkinsci.test.acceptance.junit.JenkinsAcceptanceTestRule$1$2$1.evaluate(JenkinsAcceptanceTestRule.java:129)\n\tat org.jenkinsci.test.acceptance.junit.FilterRule$1.evaluate(FilterRule.java:62)\n\tat org.jenkinsci.test.acceptance.junit.JenkinsAcceptanceTestRule$1.evaluate(JenkinsAcceptanceTestRule.java:55)\n\tat org.junit.runners.ParentRunner.runLeaf(ParentRunner.java:271)\n\tat org.junit.runners.BlockJUnit4ClassRunner.runChild(BlockJUnit4ClassRunner.java:70)\n\tat org.junit.runners.BlockJUnit4ClassRunner.runChild(BlockJUnit4ClassRunner.java:50)\n\tat org.junit.runners.ParentRunner$3.run(ParentRunner.java:238)\n\tat org.junit.runners.ParentRunner$1.schedule(ParentRunner.java:63)\n\tat org.junit.runners.ParentRunner.runChildren(ParentRunner.java:236)\n\tat org.junit.runners.ParentRunner.access$000(ParentRunner.java:53)\n\tat org.junit.runners.ParentRunner$2.evaluate(ParentRunner.java:229)\n\tat org.junit.runners.ParentRunner.run(ParentRunner.java:309)\n\tat org.apache.maven.surefire.junit4.JUnit4Provider.execute(JUnit4Provider.java:264)\n\tat org.apache.maven.surefire.junit4.JUnit4Provider.executeTestSet(JUnit4Provider.java:153)\n\tat org.apache.maven.surefire.junit4.JUnit4Provider.invoke(JUnit4Provider.java:124)\n\tat org.apache.maven.surefire.booter.ForkedBooter.invokeProviderInSameClassLoader(ForkedBooter.java:200)\n\tat org.apache.maven.surefire.booter.ForkedBooter.runSuitesInProcess(ForkedBooter.java:153)\n\tat org.apache.maven.surefire.booter.ForkedBooter.main(ForkedBooter.java:103)\n"
   },
   "steps" : {
      "step" : [ ]
   },
   "attachments" : {
      "attachment" : [ ]
   },
   "labels" : {
      "label" : [ {
         "name" : "host",
         "value" : "MacBook-Pro-2.home"
      }, {
         "name" : "thread",
         "value" : "1771@MacBook-Pro-2.home.main(1)"
      } ]
   }
}
testCase=ru.yandex.qatools.allure.model.TestCase@2408c1d[
  _id=8ae26de6-4de7-4f9a-b6fc-f3f449ef8baf
  executionId=7a8626ac-7b8d-4761-8bff-776519219d78
  threadName=thread_15005794375463
  name=publish_xunit_results
  title=<null>
  description=<null>
  failure=ru.yandex.qatools.allure.model.Failure@14244c24
  start=1445041904468
  stop=1445041923270
  status=BROKEN
  severity=<null>
  steps=[]
  attachments=[]
  labels=[ru.yandex.qatools.allure.model.Label@5b717681, ru.yandex.qatools.allure.model.Label@2c977e11]
  parameters=<null>
]
testCase={
   "start" : 1445041904468,
   "stop" : 1445041923270,
   "status" : "broken",
   "_id" : "8ae26de6-4de7-4f9a-b6fc-f3f449ef8baf",
   "executionId" : "7a8626ac-7b8d-4761-8bff-776519219d78",
   "threadName" : "thread_15005794375463",
   "name" : "publish_xunit_results",
   "failure" : {
      "message" : "NoSuchMethodError: org.apache.http.entity.ContentType.create(Ljava/lang/String;[Lorg/apache/http/NameValuePair;)Lorg/apache/http/entity/ContentType;",
      "stack-trace" : "java.lang.NoSuchMethodError: org.apache.http.entity.ContentType.create(Ljava/lang/String;[Lorg/apache/http/NameValuePair;)Lorg/apache/http/entity/ContentType;\n\tat org.apache.http.entity.mime.MultipartEntityBuilder.buildEntity(MultipartEntityBuilder.java:209)\n\tat org.apache.http.entity.mime.MultipartEntityBuilder.build(MultipartEntityBuilder.java:230)\n\tat org.jenkinsci.test.acceptance.update_center.PluginMetadata.uploadTo(PluginMetadata.java:65)\n\tat org.jenkinsci.test.acceptance.po.PluginManager.installPlugins(PluginManager.java:173)\n\tat org.jenkinsci.test.acceptance.junit.WithPlugins$RuleImpl$1.doInstall(WithPlugins.java:139)\n\tat org.jenkinsci.test.acceptance.junit.WithPlugins$RuleImpl$1.installPlugins(WithPlugins.java:119)\n\tat org.jenkinsci.test.acceptance.junit.WithPlugins$RuleImpl$1.evaluate(WithPlugins.java:92)\n\tat org.jenkinsci.test.acceptance.junit.JenkinsAcceptanceTestRule$1$2$1.evaluate(JenkinsAcceptanceTestRule.java:129)\n\tat org.jenkinsci.test.acceptance.junit.FilterRule$1.evaluate(FilterRule.java:62)\n\tat org.jenkinsci.test.acceptance.junit.JenkinsAcceptanceTestRule$1.evaluate(JenkinsAcceptanceTestRule.java:55)\n\tat org.junit.runners.ParentRunner.runLeaf(ParentRunner.java:271)\n\tat org.junit.runners.BlockJUnit4ClassRunner.runChild(BlockJUnit4ClassRunner.java:70)\n\tat org.junit.runners.BlockJUnit4ClassRunner.runChild(BlockJUnit4ClassRunner.java:50)\n\tat org.junit.runners.ParentRunner$3.run(ParentRunner.java:238)\n\tat org.junit.runners.ParentRunner$1.schedule(ParentRunner.java:63)\n\tat org.junit.runners.ParentRunner.runChildren(ParentRunner.java:236)\n\tat org.junit.runners.ParentRunner.access$000(ParentRunner.java:53)\n\tat org.junit.runners.ParentRunner$2.evaluate(ParentRunner.java:229)\n\tat org.junit.runners.ParentRunner.run(ParentRunner.java:309)\n\tat org.apache.maven.surefire.junit4.JUnit4Provider.execute(JUnit4Provider.java:264)\n\tat org.apache.maven.surefire.junit4.JUnit4Provider.executeTestSet(JUnit4Provider.java:153)\n\tat org.apache.maven.surefire.junit4.JUnit4Provider.invoke(JUnit4Provider.java:124)\n\tat org.apache.maven.surefire.booter.ForkedBooter.invokeProviderInSameClassLoader(ForkedBooter.java:200)\n\tat org.apache.maven.surefire.booter.ForkedBooter.runSuitesInProcess(ForkedBooter.java:153)\n\tat org.apache.maven.surefire.booter.ForkedBooter.main(ForkedBooter.java:103)\n"
   },
   "steps" : {
      "step" : [ ]
   },
   "attachments" : {
      "attachment" : [ ]
   },
   "labels" : {
      "label" : [ {
         "name" : "host",
         "value" : "MacBook-Pro-2.home"
      }, {
         "name" : "thread",
         "value" : "1771@MacBook-Pro-2.home.main(1)"
      } ]
   }
}
>>>REQUEST: /testaspect/TestCase/8ae26de6-4de7-4f9a-b6fc-f3f449ef8baf
running with given plugins: []
=== Starting workflow(plugins.XvncPluginTest)
<<<RESPONSE (201 Created): /testaspect/TestCase/8ae26de6-4de7-4f9a-b6fc-f3f449ef8baf
Skipping workflow(plugins.XvncPluginTest): Docker is needed for the test
]]></system-out>
  </testcase>
  <testcase name="use_specific_display_number" classname="plugins.XvncPluginTest" time="0">
    <skipped/>
    <system-out><![CDATA[testCaseResult=ru.yandex.qatools.allure.model.TestCaseResult@383c278b[
  name=workflow
  title=<null>
  description=<null>
  failure=ru.yandex.qatools.allure.model.Failure@3e7f10c5
  start=1445041923274
  stop=1445041923287
  status=CANCELED
  severity=<null>
  steps=[]
  attachments=[]
  labels=[ru.yandex.qatools.allure.model.Label@4fce0bee, ru.yandex.qatools.allure.model.Label@7e29ef05]
  parameters=<null>
]
testCaseResult={
   "start" : 1445041923274,
   "stop" : 1445041923287,
   "status" : "canceled",
   "name" : "workflow",
   "failure" : {
      "message" : "AssumptionViolatedException: Docker is needed for the test",
      "stack-trace" : "org.junit.internal.AssumptionViolatedException: Docker is needed for the test\n\tat org.jenkinsci.test.acceptance.junit.WithDocker$RuleImpl$1.hasDocker(WithDocker.java:49)\n\tat org.jenkinsci.test.acceptance.junit.WithDocker$RuleImpl$1.evaluate(WithDocker.java:40)\n\tat org.jenkinsci.test.acceptance.junit.JenkinsAcceptanceTestRule$1.evaluate(JenkinsAcceptanceTestRule.java:55)\n\tat org.junit.runners.ParentRunner.runLeaf(ParentRunner.java:271)\n\tat org.junit.runners.BlockJUnit4ClassRunner.runChild(BlockJUnit4ClassRunner.java:70)\n\tat org.junit.runners.BlockJUnit4ClassRunner.runChild(BlockJUnit4ClassRunner.java:50)\n\tat org.junit.runners.ParentRunner$3.run(ParentRunner.java:238)\n\tat org.junit.runners.ParentRunner$1.schedule(ParentRunner.java:63)\n\tat org.junit.runners.ParentRunner.runChildren(ParentRunner.java:236)\n\tat org.junit.runners.ParentRunner.access$000(ParentRunner.java:53)\n\tat org.junit.runners.ParentRunner$2.evaluate(ParentRunner.java:229)\n\tat org.junit.runners.ParentRunner.run(ParentRunner.java:309)\n\tat org.apache.maven.surefire.junit4.JUnit4Provider.execute(JUnit4Provider.java:264)\n\tat org.apache.maven.surefire.junit4.JUnit4Provider.executeTestSet(JUnit4Provider.java:153)\n\tat org.apache.maven.surefire.junit4.JUnit4Provider.invoke(JUnit4Provider.java:124)\n\tat org.apache.maven.surefire.booter.ForkedBooter.invokeProviderInSameClassLoader(ForkedBooter.java:200)\n\tat org.apache.maven.surefire.booter.ForkedBooter.runSuitesInProcess(ForkedBooter.java:153)\n\tat org.apache.maven.surefire.booter.ForkedBooter.main(ForkedBooter.java:103)\n"
   },
   "steps" : {
      "step" : [ ]
   },
   "attachments" : {
      "attachment" : [ ]
   },
   "labels" : {
      "label" : [ {
         "name" : "host",
         "value" : "MacBook-Pro-2.home"
      }, {
         "name" : "thread",
         "value" : "1771@MacBook-Pro-2.home.main(1)"
      } ]
   }
}
testCase=ru.yandex.qatools.allure.model.TestCase@27708f34[
  _id=2d984c9e-1781-4ac6-bdf1-64fe2b435abf
  executionId=7a8626ac-7b8d-4761-8bff-776519219d78
  threadName=thread_15005794375463
  name=workflow
  title=<null>
  description=<null>
  failure=ru.yandex.qatools.allure.model.Failure@3e7f10c5
  start=1445041923274
  stop=1445041923287
  status=CANCELED
  severity=<null>
  steps=[]
  attachments=[]
  labels=[ru.yandex.qatools.allure.model.Label@4fce0bee, ru.yandex.qatools.allure.model.Label@7e29ef05]
  parameters=<null>
]
testCase={
   "start" : 1445041923274,
   "stop" : 1445041923287,
   "status" : "canceled",
   "_id" : "2d984c9e-1781-4ac6-bdf1-64fe2b435abf",
   "executionId" : "7a8626ac-7b8d-4761-8bff-776519219d78",
   "threadName" : "thread_15005794375463",
   "name" : "workflow",
   "failure" : {
      "message" : "AssumptionViolatedException: Docker is needed for the test",
      "stack-trace" : "org.junit.internal.AssumptionViolatedException: Docker is needed for the test\n\tat org.jenkinsci.test.acceptance.junit.WithDocker$RuleImpl$1.hasDocker(WithDocker.java:49)\n\tat org.jenkinsci.test.acceptance.junit.WithDocker$RuleImpl$1.evaluate(WithDocker.java:40)\n\tat org.jenkinsci.test.acceptance.junit.JenkinsAcceptanceTestRule$1.evaluate(JenkinsAcceptanceTestRule.java:55)\n\tat org.junit.runners.ParentRunner.runLeaf(ParentRunner.java:271)\n\tat org.junit.runners.BlockJUnit4ClassRunner.runChild(BlockJUnit4ClassRunner.java:70)\n\tat org.junit.runners.BlockJUnit4ClassRunner.runChild(BlockJUnit4ClassRunner.java:50)\n\tat org.junit.runners.ParentRunner$3.run(ParentRunner.java:238)\n\tat org.junit.runners.ParentRunner$1.schedule(ParentRunner.java:63)\n\tat org.junit.runners.ParentRunner.runChildren(ParentRunner.java:236)\n\tat org.junit.runners.ParentRunner.access$000(ParentRunner.java:53)\n\tat org.junit.runners.ParentRunner$2.evaluate(ParentRunner.java:229)\n\tat org.junit.runners.ParentRunner.run(ParentRunner.java:309)\n\tat org.apache.maven.surefire.junit4.JUnit4Provider.execute(JUnit4Provider.java:264)\n\tat org.apache.maven.surefire.junit4.JUnit4Provider.executeTestSet(JUnit4Provider.java:153)\n\tat org.apache.maven.surefire.junit4.JUnit4Provider.invoke(JUnit4Provider.java:124)\n\tat org.apache.maven.surefire.booter.ForkedBooter.invokeProviderInSameClassLoader(ForkedBooter.java:200)\n\tat org.apache.maven.surefire.booter.ForkedBooter.runSuitesInProcess(ForkedBooter.java:153)\n\tat org.apache.maven.surefire.booter.ForkedBooter.main(ForkedBooter.java:103)\n"
   },
   "steps" : {
      "step" : [ ]
   },
   "attachments" : {
      "attachment" : [ ]
   },
   "labels" : {
      "label" : [ {
         "name" : "host",
         "value" : "MacBook-Pro-2.home"
      }, {
         "name" : "thread",
         "value" : "1771@MacBook-Pro-2.home.main(1)"
      } ]
   }
}
>>>REQUEST: /testaspect/TestCase/2d984c9e-1781-4ac6-bdf1-64fe2b435abf
running with given plugins: []
=== Starting use_specific_display_number(plugins.XvncPluginTest)
<<<RESPONSE (201 Created): /testaspect/TestCase/2d984c9e-1781-4ac6-bdf1-64fe2b435abf
Skipping use_specific_display_number(plugins.XvncPluginTest): Docker is needed for the test
]]></system-out>
  </testcase>
  <testcase name="run_xvnc_during_the_build" classname="plugins.XvncPluginTest" time="0">
    <skipped/>
    <system-out><![CDATA[testCaseResult=ru.yandex.qatools.allure.model.TestCaseResult@7607409f[
  name=use_specific_display_number
  title=<null>
  description=<null>
  failure=ru.yandex.qatools.allure.model.Failure@49f3ceda
  start=1445041923287
  stop=1445041923298
  status=CANCELED
  severity=<null>
  steps=[]
  attachments=[]
  labels=[ru.yandex.qatools.allure.model.Label@6d921de8, ru.yandex.qatools.allure.model.Label@73d0907d]
  parameters=<null>
]
testCaseResult={
   "start" : 1445041923287,
   "stop" : 1445041923298,
   "status" : "canceled",
   "name" : "use_specific_display_number",
   "failure" : {
      "message" : "AssumptionViolatedException: Docker is needed for the test",
      "stack-trace" : "org.junit.internal.AssumptionViolatedException: Docker is needed for the test\n\tat org.jenkinsci.test.acceptance.junit.WithDocker$RuleImpl$1.hasDocker(WithDocker.java:49)\n\tat org.jenkinsci.test.acceptance.junit.WithDocker$RuleImpl$1.evaluate(WithDocker.java:40)\n\tat org.jenkinsci.test.acceptance.junit.JenkinsAcceptanceTestRule$1.evaluate(JenkinsAcceptanceTestRule.java:55)\n\tat org.junit.runners.ParentRunner.runLeaf(ParentRunner.java:271)\n\tat org.junit.runners.BlockJUnit4ClassRunner.runChild(BlockJUnit4ClassRunner.java:70)\n\tat org.junit.runners.BlockJUnit4ClassRunner.runChild(BlockJUnit4ClassRunner.java:50)\n\tat org.junit.runners.ParentRunner$3.run(ParentRunner.java:238)\n\tat org.junit.runners.ParentRunner$1.schedule(ParentRunner.java:63)\n\tat org.junit.runners.ParentRunner.runChildren(ParentRunner.java:236)\n\tat org.junit.runners.ParentRunner.access$000(ParentRunner.java:53)\n\tat org.junit.runners.ParentRunner$2.evaluate(ParentRunner.java:229)\n\tat org.junit.runners.ParentRunner.run(ParentRunner.java:309)\n\tat org.apache.maven.surefire.junit4.JUnit4Provider.execute(JUnit4Provider.java:264)\n\tat org.apache.maven.surefire.junit4.JUnit4Provider.executeTestSet(JUnit4Provider.java:153)\n\tat org.apache.maven.surefire.junit4.JUnit4Provider.invoke(JUnit4Provider.java:124)\n\tat org.apache.maven.surefire.booter.ForkedBooter.invokeProviderInSameClassLoader(ForkedBooter.java:200)\n\tat org.apache.maven.surefire.booter.ForkedBooter.runSuitesInProcess(ForkedBooter.java:153)\n\tat org.apache.maven.surefire.booter.ForkedBooter.main(ForkedBooter.java:103)\n"
   },
   "steps" : {
      "step" : [ ]
   },
   "attachments" : {
      "attachment" : [ ]
   },
   "labels" : {
      "label" : [ {
         "name" : "host",
         "value" : "MacBook-Pro-2.home"
      }, {
         "name" : "thread",
         "value" : "1771@MacBook-Pro-2.home.main(1)"
      } ]
   }
}
testCase=ru.yandex.qatools.allure.model.TestCase@3f9f3520[
  _id=751e2c92-00b5-4fa9-a71b-4ab16403f21e
  executionId=7a8626ac-7b8d-4761-8bff-776519219d78
  threadName=thread_15005794375463
  name=use_specific_display_number
  title=<null>
  description=<null>
  failure=ru.yandex.qatools.allure.model.Failure@49f3ceda
  start=1445041923287
  stop=1445041923298
  status=CANCELED
  severity=<null>
  steps=[]
  attachments=[]
  labels=[ru.yandex.qatools.allure.model.Label@6d921de8, ru.yandex.qatools.allure.model.Label@73d0907d]
  parameters=<null>
]
testCase={
   "start" : 1445041923287,
   "stop" : 1445041923298,
   "status" : "canceled",
   "_id" : "751e2c92-00b5-4fa9-a71b-4ab16403f21e",
   "executionId" : "7a8626ac-7b8d-4761-8bff-776519219d78",
   "threadName" : "thread_15005794375463",
   "name" : "use_specific_display_number",
   "failure" : {
      "message" : "AssumptionViolatedException: Docker is needed for the test",
      "stack-trace" : "org.junit.internal.AssumptionViolatedException: Docker is needed for the test\n\tat org.jenkinsci.test.acceptance.junit.WithDocker$RuleImpl$1.hasDocker(WithDocker.java:49)\n\tat org.jenkinsci.test.acceptance.junit.WithDocker$RuleImpl$1.evaluate(WithDocker.java:40)\n\tat org.jenkinsci.test.acceptance.junit.JenkinsAcceptanceTestRule$1.evaluate(JenkinsAcceptanceTestRule.java:55)\n\tat org.junit.runners.ParentRunner.runLeaf(ParentRunner.java:271)\n\tat org.junit.runners.BlockJUnit4ClassRunner.runChild(BlockJUnit4ClassRunner.java:70)\n\tat org.junit.runners.BlockJUnit4ClassRunner.runChild(BlockJUnit4ClassRunner.java:50)\n\tat org.junit.runners.ParentRunner$3.run(ParentRunner.java:238)\n\tat org.junit.runners.ParentRunner$1.schedule(ParentRunner.java:63)\n\tat org.junit.runners.ParentRunner.runChildren(ParentRunner.java:236)\n\tat org.junit.runners.ParentRunner.access$000(ParentRunner.java:53)\n\tat org.junit.runners.ParentRunner$2.evaluate(ParentRunner.java:229)\n\tat org.junit.runners.ParentRunner.run(ParentRunner.java:309)\n\tat org.apache.maven.surefire.junit4.JUnit4Provider.execute(JUnit4Provider.java:264)\n\tat org.apache.maven.surefire.junit4.JUnit4Provider.executeTestSet(JUnit4Provider.java:153)\n\tat org.apache.maven.surefire.junit4.JUnit4Provider.invoke(JUnit4Provider.java:124)\n\tat org.apache.maven.surefire.booter.ForkedBooter.invokeProviderInSameClassLoader(ForkedBooter.java:200)\n\tat org.apache.maven.surefire.booter.ForkedBooter.runSuitesInProcess(ForkedBooter.java:153)\n\tat org.apache.maven.surefire.booter.ForkedBooter.main(ForkedBooter.java:103)\n"
   },
   "steps" : {
      "step" : [ ]
   },
   "attachments" : {
      "attachment" : [ ]
   },
   "labels" : {
      "label" : [ {
         "name" : "host",
         "value" : "MacBook-Pro-2.home"
      }, {
         "name" : "thread",
         "value" : "1771@MacBook-Pro-2.home.main(1)"
      } ]
   }
}
>>>REQUEST: /testaspect/TestCase/751e2c92-00b5-4fa9-a71b-4ab16403f21e
running with given plugins: []
<<<RESPONSE (201 Created): /testaspect/TestCase/751e2c92-00b5-4fa9-a71b-4ab16403f21e
=== Starting run_xvnc_during_the_build(plugins.XvncPluginTest)
Skipping run_xvnc_during_the_build(plugins.XvncPluginTest): Docker is needed for the test
]]></system-out>
  </testcase>
  <testcase name="take_screenshot_at_the_end_of_the_build" classname="plugins.XvncPluginTest" time="0">
    <skipped/>
    <system-out><![CDATA[testCaseResult=ru.yandex.qatools.allure.model.TestCaseResult@5ac9078b[
  name=run_xvnc_during_the_build
  title=<null>
  description=<null>
  failure=ru.yandex.qatools.allure.model.Failure@e7b129e
  start=1445041923300
  stop=1445041923311
  status=CANCELED
  severity=<null>
  steps=[]
  attachments=[]
  labels=[ru.yandex.qatools.allure.model.Label@50fbf377, ru.yandex.qatools.allure.model.Label@69f4c98d]
  parameters=<null>
]
testCaseResult={
   "start" : 1445041923300,
   "stop" : 1445041923311,
   "status" : "canceled",
   "name" : "run_xvnc_during_the_build",
   "failure" : {
      "message" : "AssumptionViolatedException: Docker is needed for the test",
      "stack-trace" : "org.junit.internal.AssumptionViolatedException: Docker is needed for the test\n\tat org.jenkinsci.test.acceptance.junit.WithDocker$RuleImpl$1.hasDocker(WithDocker.java:49)\n\tat org.jenkinsci.test.acceptance.junit.WithDocker$RuleImpl$1.evaluate(WithDocker.java:40)\n\tat org.jenkinsci.test.acceptance.junit.JenkinsAcceptanceTestRule$1.evaluate(JenkinsAcceptanceTestRule.java:55)\n\tat org.junit.runners.ParentRunner.runLeaf(ParentRunner.java:271)\n\tat org.junit.runners.BlockJUnit4ClassRunner.runChild(BlockJUnit4ClassRunner.java:70)\n\tat org.junit.runners.BlockJUnit4ClassRunner.runChild(BlockJUnit4ClassRunner.java:50)\n\tat org.junit.runners.ParentRunner$3.run(ParentRunner.java:238)\n\tat org.junit.runners.ParentRunner$1.schedule(ParentRunner.java:63)\n\tat org.junit.runners.ParentRunner.runChildren(ParentRunner.java:236)\n\tat org.junit.runners.ParentRunner.access$000(ParentRunner.java:53)\n\tat org.junit.runners.ParentRunner$2.evaluate(ParentRunner.java:229)\n\tat org.junit.runners.ParentRunner.run(ParentRunner.java:309)\n\tat org.apache.maven.surefire.junit4.JUnit4Provider.execute(JUnit4Provider.java:264)\n\tat org.apache.maven.surefire.junit4.JUnit4Provider.executeTestSet(JUnit4Provider.java:153)\n\tat org.apache.maven.surefire.junit4.JUnit4Provider.invoke(JUnit4Provider.java:124)\n\tat org.apache.maven.surefire.booter.ForkedBooter.invokeProviderInSameClassLoader(ForkedBooter.java:200)\n\tat org.apache.maven.surefire.booter.ForkedBooter.runSuitesInProcess(ForkedBooter.java:153)\n\tat org.apache.maven.surefire.booter.ForkedBooter.main(ForkedBooter.java:103)\n"
   },
   "steps" : {
      "step" : [ ]
   },
   "attachments" : {
      "attachment" : [ ]
   },
   "labels" : {
      "label" : [ {
         "name" : "host",
         "value" : "MacBook-Pro-2.home"
      }, {
         "name" : "thread",
         "value" : "1771@MacBook-Pro-2.home.main(1)"
      } ]
   }
}
testCase=ru.yandex.qatools.allure.model.TestCase@7b136e67[
  _id=d9902ca7-7671-47ff-8885-1947b2394272
  executionId=7a8626ac-7b8d-4761-8bff-776519219d78
  threadName=thread_15005794375463
  name=run_xvnc_during_the_build
  title=<null>
  description=<null>
  failure=ru.yandex.qatools.allure.model.Failure@e7b129e
  start=1445041923300
  stop=1445041923311
  status=CANCELED
  severity=<null>
  steps=[]
  attachments=[]
  labels=[ru.yandex.qatools.allure.model.Label@50fbf377, ru.yandex.qatools.allure.model.Label@69f4c98d]
  parameters=<null>
]
testCase={
   "start" : 1445041923300,
   "stop" : 1445041923311,
   "status" : "canceled",
   "_id" : "d9902ca7-7671-47ff-8885-1947b2394272",
   "executionId" : "7a8626ac-7b8d-4761-8bff-776519219d78",
   "threadName" : "thread_15005794375463",
   "name" : "run_xvnc_during_the_build",
   "failure" : {
      "message" : "AssumptionViolatedException: Docker is needed for the test",
      "stack-trace" : "org.junit.internal.AssumptionViolatedException: Docker is needed for the test\n\tat org.jenkinsci.test.acceptance.junit.WithDocker$RuleImpl$1.hasDocker(WithDocker.java:49)\n\tat org.jenkinsci.test.acceptance.junit.WithDocker$RuleImpl$1.evaluate(WithDocker.java:40)\n\tat org.jenkinsci.test.acceptance.junit.JenkinsAcceptanceTestRule$1.evaluate(JenkinsAcceptanceTestRule.java:55)\n\tat org.junit.runners.ParentRunner.runLeaf(ParentRunner.java:271)\n\tat org.junit.runners.BlockJUnit4ClassRunner.runChild(BlockJUnit4ClassRunner.java:70)\n\tat org.junit.runners.BlockJUnit4ClassRunner.runChild(BlockJUnit4ClassRunner.java:50)\n\tat org.junit.runners.ParentRunner$3.run(ParentRunner.java:238)\n\tat org.junit.runners.ParentRunner$1.schedule(ParentRunner.java:63)\n\tat org.junit.runners.ParentRunner.runChildren(ParentRunner.java:236)\n\tat org.junit.runners.ParentRunner.access$000(ParentRunner.java:53)\n\tat org.junit.runners.ParentRunner$2.evaluate(ParentRunner.java:229)\n\tat org.junit.runners.ParentRunner.run(ParentRunner.java:309)\n\tat org.apache.maven.surefire.junit4.JUnit4Provider.execute(JUnit4Provider.java:264)\n\tat org.apache.maven.surefire.junit4.JUnit4Provider.executeTestSet(JUnit4Provider.java:153)\n\tat org.apache.maven.surefire.junit4.JUnit4Provider.invoke(JUnit4Provider.java:124)\n\tat org.apache.maven.surefire.booter.ForkedBooter.invokeProviderInSameClassLoader(ForkedBooter.java:200)\n\tat org.apache.maven.surefire.booter.ForkedBooter.runSuitesInProcess(ForkedBooter.java:153)\n\tat org.apache.maven.surefire.booter.ForkedBooter.main(ForkedBooter.java:103)\n"
   },
   "steps" : {
      "step" : [ ]
   },
   "attachments" : {
      "attachment" : [ ]
   },
   "labels" : {
      "label" : [ {
         "name" : "host",
         "value" : "MacBook-Pro-2.home"
      }, {
         "name" : "thread",
         "value" : "1771@MacBook-Pro-2.home.main(1)"
      } ]
   }
}
>>>REQUEST: /testaspect/TestCase/d9902ca7-7671-47ff-8885-1947b2394272
running with given plugins: []
<<<RESPONSE (201 Created): /testaspect/TestCase/d9902ca7-7671-47ff-8885-1947b2394272
=== Starting take_screenshot_at_the_end_of_the_build(plugins.XvncPluginTest)
Skipping take_screenshot_at_the_end_of_the_build(plugins.XvncPluginTest): Docker is needed for the test
]]></system-out>
  </testcase>
</testsuite>