<?xml version="1.0" encoding="UTF-8"?>
<testsuite name="plugins.AnalysisCollectorPluginTest" time="693.366" tests="11" errors="11" skipped="0" failures="0">
  <properties>
[...]
</properties>
  <testcase name="should_show_job_summary_with_warnings_per_tool" classname="plugins.AnalysisCollectorPluginTest" time="52.339">
    <error message="org.apache.http.entity.ContentType.create(Ljava/lang/String;[Lorg/apache/http/NameValuePair;)Lorg/apache/http/entity/ContentType;" type="java.lang.NoSuchMethodError">java.lang.NoSuchMethodError: org.apache.http.entity.ContentType.create(Ljava/lang/String;[Lorg/apache/http/NameValuePair;)Lorg/apache/http/entity/ContentType;
	at org.apache.http.entity.mime.MultipartEntityBuilder.buildEntity(MultipartEntityBuilder.java:209)
	at org.apache.http.entity.mime.MultipartEntityBuilder.build(MultipartEntityBuilder.java:230)
	at org.jenkinsci.test.acceptance.update_center.PluginMetadata.uploadTo(PluginMetadata.java:65)
	at org.jenkinsci.test.acceptance.po.PluginManager.installPlugins(PluginManager.java:173)
	at org.jenkinsci.test.acceptance.junit.WithPlugins$RuleImpl$1.doInstall(WithPlugins.java:139)
	at org.jenkinsci.test.acceptance.junit.WithPlugins$RuleImpl$1.installPlugins(WithPlugins.java:119)
	at org.jenkinsci.test.acceptance.junit.WithPlugins$RuleImpl$1.evaluate(WithPlugins.java:92)
	at org.jenkinsci.test.acceptance.junit.JenkinsAcceptanceTestRule$1$2$1.evaluate(JenkinsAcceptanceTestRule.java:129)
	at org.jenkinsci.test.acceptance.junit.FilterRule$1.evaluate(FilterRule.java:62)
	at org.jenkinsci.test.acceptance.junit.JenkinsAcceptanceTestRule$1.evaluate(JenkinsAcceptanceTestRule.java:55)
	at org.junit.runners.ParentRunner.runLeaf(ParentRunner.java:271)
	at org.junit.runners.BlockJUnit4ClassRunner.runChild(BlockJUnit4ClassRunner.java:70)
	at org.junit.runners.BlockJUnit4ClassRunner.runChild(BlockJUnit4ClassRunner.java:50)
	at org.junit.runners.ParentRunner$3.run(ParentRunner.java:238)
	at org.junit.runners.ParentRunner$1.schedule(ParentRunner.java:63)
	at org.junit.runners.ParentRunner.runChildren(ParentRunner.java:236)
	at org.junit.runners.ParentRunner.access$000(ParentRunner.java:53)
	at org.junit.runners.ParentRunner$2.evaluate(ParentRunner.java:229)
	at org.junit.runners.ParentRunner.run(ParentRunner.java:309)
	at org.apache.maven.surefire.junit4.JUnit4Provider.execute(JUnit4Provider.java:264)
	at org.apache.maven.surefire.junit4.JUnit4Provider.executeTestSet(JUnit4Provider.java:153)
	at org.apache.maven.surefire.junit4.JUnit4Provider.invoke(JUnit4Provider.java:124)
	at org.apache.maven.surefire.booter.ForkedBooter.invokeProviderInSameClassLoader(ForkedBooter.java:200)
	at org.apache.maven.surefire.booter.ForkedBooter.runSuitesInProcess(ForkedBooter.java:153)
	at org.apache.maven.surefire.booter.ForkedBooter.main(ForkedBooter.java:103)
</error>
    <system-out><![CDATA[testCaseResult=ru.yandex.qatools.allure.model.TestCaseResult@251a90ce[
  name=Check successfully execution and summary
  title=<null>
  description=<null>
  failure=ru.yandex.qatools.allure.model.Failure@4c4c7d6c
  start=1443742474902
  stop=1443742531969
  status=BROKEN
  severity=<null>
  steps=[]
  attachments=[]
  labels=[ru.yandex.qatools.allure.model.Label@7f0766ef, ru.yandex.qatools.allure.model.Label@1e56bc9b]
  parameters=<null>
]
testCaseResult={
   "start" : 1443742474902,
   "stop" : 1443742531969,
   "status" : "broken",
   "name" : "Check successfully execution and summary",
   "failure" : {
      "message" : "NoSuchMethodError: org.apache.http.entity.ContentType.create(Ljava/lang/String;[Lorg/apache/http/NameValuePair;)Lorg/apache/http/entity/ContentType;",
      "stack-trace" : "java.lang.NoSuchMethodError: org.apache.http.entity.ContentType.create(Ljava/lang/String;[Lorg/apache/http/NameValuePair;)Lorg/apache/http/entity/ContentType;\n\tat org.apache.http.entity.mime.MultipartEntityBuilder.buildEntity(MultipartEntityBuilder.java:209)\n\tat org.apache.http.entity.mime.MultipartEntityBuilder.build(MultipartEntityBuilder.java:230)\n\tat org.jenkinsci.test.acceptance.update_center.PluginMetadata.uploadTo(PluginMetadata.java:65)\n\tat org.jenkinsci.test.acceptance.po.PluginManager.installPlugins(PluginManager.java:173)\n\tat org.jenkinsci.test.acceptance.junit.WithPlugins$RuleImpl$1.doInstall(WithPlugins.java:139)\n\tat org.jenkinsci.test.acceptance.junit.WithPlugins$RuleImpl$1.installPlugins(WithPlugins.java:119)\n\tat org.jenkinsci.test.acceptance.junit.WithPlugins$RuleImpl$1.evaluate(WithPlugins.java:92)\n\tat org.jenkinsci.test.acceptance.junit.JenkinsAcceptanceTestRule$1$2$1.evaluate(JenkinsAcceptanceTestRule.java:129)\n\tat org.jenkinsci.test.acceptance.junit.FilterRule$1.evaluate(FilterRule.java:62)\n\tat org.jenkinsci.test.acceptance.junit.JenkinsAcceptanceTestRule$1.evaluate(JenkinsAcceptanceTestRule.java:55)\n\tat org.spockframework.runtime.extension.builtin.MethodRuleInterceptor.intercept(MethodRuleInterceptor.java:40)\n\tat org.spockframework.runtime.extension.MethodInvocation.proceed(MethodInvocation.java:84)\n\tat org.spockframework.util.ReflectionUtil.invokeMethod(ReflectionUtil.java:138)\n\tat org.spockframework.util.ReflectionUtil.invokeMethod(ReflectionUtil.java:138)\n\tat org.spockframework.util.ReflectionUtil.invokeMethod(ReflectionUtil.java:138)\n\tat org.apache.maven.surefire.junit4.JUnit4Provider.execute(JUnit4Provider.java:264)\n\tat org.apache.maven.surefire.junit4.JUnit4Provider.executeTestSet(JUnit4Provider.java:153)\n\tat org.apache.maven.surefire.junit4.JUnit4Provider.invoke(JUnit4Provider.java:124)\n\tat org.apache.maven.surefire.booter.ForkedBooter.invokeProviderInSameClassLoader(ForkedBooter.java:200)\n\tat org.apache.maven.surefire.booter.ForkedBooter.runSuitesInProcess(ForkedBooter.java:153)\n\tat org.apache.maven.surefire.booter.ForkedBooter.main(ForkedBooter.java:103)\n"
   },
   "steps" : {
      "step" : [ ]
   },
   "attachments" : {
      "attachment" : [ ]
   },
   "labels" : {
      "label" : [ {
         "name" : "host",
         "value" : "Abduls-MBP.home"
      }, {
         "name" : "thread",
         "value" : "35250@Abduls-MBP.home.main(1)"
      } ]
   }
}
testCase=ru.yandex.qatools.allure.model.TestCase@6f3bd37f[
  _id=057c345e-32a6-4012-9cd8-7121df73e55b
  executionId=27f47f39-aa42-4a27-8553-fee0eadcf4f3
  result=ru.yandex.qatools.allure.model.TestCaseResult@251a90ce
]
testCase={
   "_id" : "057c345e-32a6-4012-9cd8-7121df73e55b",
   "executionId" : "27f47f39-aa42-4a27-8553-fee0eadcf4f3",
   "result" : {
      "start" : 1443742474902,
      "stop" : 1443742531969,
      "status" : "broken",
      "name" : "Check successfully execution and summary",
      "failure" : {
         "message" : "NoSuchMethodError: org.apache.http.entity.ContentType.create(Ljava/lang/String;[Lorg/apache/http/NameValuePair;)Lorg/apache/http/entity/ContentType;",
         "stack-trace" : "java.lang.NoSuchMethodError: org.apache.http.entity.ContentType.create(Ljava/lang/String;[Lorg/apache/http/NameValuePair;)Lorg/apache/http/entity/ContentType;\n\tat org.apache.http.entity.mime.MultipartEntityBuilder.buildEntity(MultipartEntityBuilder.java:209)\n\tat org.apache.http.entity.mime.MultipartEntityBuilder.build(MultipartEntityBuilder.java:230)\n\tat org.jenkinsci.test.acceptance.update_center.PluginMetadata.uploadTo(PluginMetadata.java:65)\n\tat org.jenkinsci.test.acceptance.po.PluginManager.installPlugins(PluginManager.java:173)\n\tat org.jenkinsci.test.acceptance.junit.WithPlugins$RuleImpl$1.doInstall(WithPlugins.java:139)\n\tat org.jenkinsci.test.acceptance.junit.WithPlugins$RuleImpl$1.installPlugins(WithPlugins.java:119)\n\tat org.jenkinsci.test.acceptance.junit.WithPlugins$RuleImpl$1.evaluate(WithPlugins.java:92)\n\tat org.jenkinsci.test.acceptance.junit.JenkinsAcceptanceTestRule$1$2$1.evaluate(JenkinsAcceptanceTestRule.java:129)\n\tat org.jenkinsci.test.acceptance.junit.FilterRule$1.evaluate(FilterRule.java:62)\n\tat org.jenkinsci.test.acceptance.junit.JenkinsAcceptanceTestRule$1.evaluate(JenkinsAcceptanceTestRule.java:55)\n\tat org.spockframework.runtime.extension.builtin.MethodRuleInterceptor.intercept(MethodRuleInterceptor.java:40)\n\tat org.spockframework.runtime.extension.MethodInvocation.proceed(MethodInvocation.java:84)\n\tat org.spockframework.util.ReflectionUtil.invokeMethod(ReflectionUtil.java:138)\n\tat org.spockframework.util.ReflectionUtil.invokeMethod(ReflectionUtil.java:138)\n\tat org.spockframework.util.ReflectionUtil.invokeMethod(ReflectionUtil.java:138)\n\tat org.apache.maven.surefire.junit4.JUnit4Provider.execute(JUnit4Provider.java:264)\n\tat org.apache.maven.surefire.junit4.JUnit4Provider.executeTestSet(JUnit4Provider.java:153)\n\tat org.apache.maven.surefire.junit4.JUnit4Provider.invoke(JUnit4Provider.java:124)\n\tat org.apache.maven.surefire.booter.ForkedBooter.invokeProviderInSameClassLoader(ForkedBooter.java:200)\n\tat org.apache.maven.surefire.booter.ForkedBooter.runSuitesInProcess(ForkedBooter.java:153)\n\tat org.apache.maven.surefire.booter.ForkedBooter.main(ForkedBooter.java:103)\n"
      },
      "steps" : {
         "step" : [ ]
      },
      "attachments" : {
         "attachment" : [ ]
      },
      "labels" : {
         "label" : [ {
            "name" : "host",
            "value" : "Abduls-MBP.home"
         }, {
            "name" : "thread",
            "value" : "35250@Abduls-MBP.home.main(1)"
         } ]
      }
   }
}
>>>REQUEST: /testdb/TestCase
[WARN] [10/01/2015 19:35:32.001] [default-akka.actor.default-dispatcher-3] [ActorSystem(default)] Illegal response header: Illegal 'etag' header: Invalid input '5', expected 'W' or '"' (line 1, column 1): 560dc343fbeaf7a200c9be43
^
<<<RESPONSE (201 Created): /testdb/TestCase
running with given plugins: []
=== Starting should_show_job_summary_with_warnings_per_tool(plugins.AnalysisCollectorPluginTest)
Starting Jenkins: JAVA_HOME=/Library/Java/JavaVirtualMachines/jdk1.8.0_60.jdk/Contents/Home JENKINS_HOME=/Users/abduljewel/Documents/c/spiderqa/sample-test-projects/acceptance-test-harness/target/jenkins6324037085410711668home /Library/Java/JavaVirtualMachines/jdk1.8.0_60.jdk/Contents/Home/bin/java -Duser.language=en -jar ./jenkins.war --ajp13Port=-1 --httpPort=65370
master65370|Running from: /Users/abduljewel/Documents/c/spiderqa/sample-test-projects/acceptance-test-harness/jenkins.war
master65370|webroot: EnvVars.masterEnvVars.get("JENKINS_HOME")
master65370|Oct 01, 2015 7:35:32 PM winstone.Logger logInternal
master65370|INFO: Beginning extraction from war file
master65370|Oct 01, 2015 7:35:35 PM org.eclipse.jetty.util.log.JavaUtilLog info
master65370|INFO: jetty-winstone-2.8
master65370|Oct 01, 2015 7:35:38 PM org.eclipse.jetty.util.log.JavaUtilLog info
master65370|INFO: NO JSP Support for , did not find org.apache.jasper.servlet.JspServlet
master65370|Jenkins home directory: /Users/abduljewel/Documents/c/spiderqa/sample-test-projects/acceptance-test-harness/target/jenkins6324037085410711668home found at: EnvVars.masterEnvVars.get("JENKINS_HOME")
master65370|Oct 01, 2015 7:35:41 PM org.eclipse.jetty.util.log.JavaUtilLog info
master65370|INFO: Started SelectChannelConnector@0.0.0.0:65370
master65370|Oct 01, 2015 7:35:41 PM winstone.Logger logInternal
master65370|INFO: Winstone Servlet Engine v2.0 running: controlPort=disabled
master65370|Oct 01, 2015 7:35:41 PM jenkins.InitReactorRunner$1 onAttained
master65370|INFO: Started initialization
master65370|Oct 01, 2015 7:36:06 PM jenkins.InitReactorRunner$1 onAttained
master65370|INFO: Listed all plugins
master65370|Oct 01, 2015 7:36:06 PM jenkins.InitReactorRunner$1 onAttained
master65370|INFO: Prepared all plugins
master65370|Oct 01, 2015 7:36:06 PM jenkins.InitReactorRunner$1 onAttained
master65370|INFO: Started all plugins
master65370|Oct 01, 2015 7:36:06 PM jenkins.InitReactorRunner$1 onAttained
master65370|INFO: Augmented all extensions
master65370|Oct 01, 2015 7:36:10 PM jenkins.InitReactorRunner$1 onAttained
master65370|INFO: Loaded all jobs
master65370|Oct 01, 2015 7:36:14 PM hudson.model.AsyncPeriodicWork$1 run
master65370|INFO: Started Download metadata
master65370|Oct 01, 2015 7:36:15 PM org.jenkinsci.main.modules.sshd.SSHD start
master65370|INFO: Started SSHD at port 62158
master65370|Oct 01, 2015 7:36:15 PM jenkins.InitReactorRunner$1 onAttained
master65370|INFO: Completed initialization
master65370|Oct 01, 2015 7:36:15 PM hudson.UDPBroadcastThread run
master65370|WARNING: UDP handling problem
master65370|java.net.SocketException: Can't assign requested address
master65370|	at java.net.PlainDatagramSocketImpl.join(Native Method)
master65370|	at java.net.AbstractPlainDatagramSocketImpl.join(AbstractPlainDatagramSocketImpl.java:179)
master65370|	at java.net.MulticastSocket.joinGroup(MulticastSocket.java:323)
master65370|	at hudson.UDPBroadcastThread.run(UDPBroadcastThread.java:77)
master65370|
master65370|Oct 01, 2015 7:36:15 PM hudson.WebAppMain$3 run
master65370|INFO: Jenkins is fully up and running
master65370|Oct 01, 2015 7:36:19 PM hudson.model.UpdateSite updateData
master65370|INFO: Obtained the latest update center data file for UpdateSource default
master65370|Oct 01, 2015 7:36:19 PM hudson.model.DownloadService$Downloadable load
master65370|INFO: Obtained the updated data file for hudson.tasks.Maven.MavenInstaller
master65370|Oct 01, 2015 7:36:19 PM hudson.model.DownloadService$Downloadable load
master65370|INFO: Obtained the updated data file for hudson.tasks.Ant.AntInstaller
master65370|Oct 01, 2015 7:36:20 PM hudson.model.DownloadService$Downloadable load
master65370|INFO: Obtained the updated data file for hudson.tools.JDKInstaller
master65370|Oct 01, 2015 7:36:20 PM hudson.model.AsyncPeriodicWork$1 run
master65370|INFO: Finished Download metadata. 5,827 ms
Jenkins is stopped
]]></system-out>
    <system-err><![CDATA[Oct 01, 2015 7:35:32 PM org.jenkinsci.test.acceptance.controller.LocalController startNow
INFO: Waiting for Jenkins to become running in http://127.0.0.1:65370/
Oct 01, 2015 7:36:15 PM org.jenkinsci.test.acceptance.controller.LocalController startNow
INFO: Jenkins is running in http://127.0.0.1:65370/
Oct 01, 2015 7:36:22 PM org.jenkinsci.test.acceptance.po.PluginManager installationStatus
INFO: analysis-collector is not installed
Oct 01, 2015 7:36:22 PM org.jenkinsci.test.acceptance.po.PluginManager installationStatus
INFO: analysis-collector is not installed
Oct 01, 2015 7:36:24 PM org.jenkinsci.test.acceptance.po.PluginManager installationStatus
INFO: script-security has version 1.13 but 1.15 was requested
]]></system-err>
  </testcase>
  <testcase name="should_set_warnings_count_in_list_view_column" classname="plugins.AnalysisCollectorPluginTest" time="52.738">
    <error message="org.apache.http.entity.ContentType.create(Ljava/lang/String;[Lorg/apache/http/NameValuePair;)Lorg/apache/http/entity/ContentType;" type="java.lang.NoSuchMethodError">java.lang.NoSuchMethodError: org.apache.http.entity.ContentType.create(Ljava/lang/String;[Lorg/apache/http/NameValuePair;)Lorg/apache/http/entity/ContentType;
	at org.apache.http.entity.mime.MultipartEntityBuilder.buildEntity(MultipartEntityBuilder.java:209)
	at org.apache.http.entity.mime.MultipartEntityBuilder.build(MultipartEntityBuilder.java:230)
	at org.jenkinsci.test.acceptance.update_center.PluginMetadata.uploadTo(PluginMetadata.java:65)
	at org.jenkinsci.test.acceptance.po.PluginManager.installPlugins(PluginManager.java:173)
	at org.jenkinsci.test.acceptance.junit.WithPlugins$RuleImpl$1.doInstall(WithPlugins.java:139)
	at org.jenkinsci.test.acceptance.junit.WithPlugins$RuleImpl$1.installPlugins(WithPlugins.java:119)
	at org.jenkinsci.test.acceptance.junit.WithPlugins$RuleImpl$1.evaluate(WithPlugins.java:92)
	at org.jenkinsci.test.acceptance.junit.JenkinsAcceptanceTestRule$1$2$1.evaluate(JenkinsAcceptanceTestRule.java:129)
	at org.jenkinsci.test.acceptance.junit.FilterRule$1.evaluate(FilterRule.java:62)
	at org.jenkinsci.test.acceptance.junit.JenkinsAcceptanceTestRule$1.evaluate(JenkinsAcceptanceTestRule.java:55)
	at org.junit.runners.ParentRunner.runLeaf(ParentRunner.java:271)
	at org.junit.runners.BlockJUnit4ClassRunner.runChild(BlockJUnit4ClassRunner.java:70)
	at org.junit.runners.BlockJUnit4ClassRunner.runChild(BlockJUnit4ClassRunner.java:50)
	at org.junit.runners.ParentRunner$3.run(ParentRunner.java:238)
	at org.junit.runners.ParentRunner$1.schedule(ParentRunner.java:63)
	at org.junit.runners.ParentRunner.runChildren(ParentRunner.java:236)
	at org.junit.runners.ParentRunner.access$000(ParentRunner.java:53)
	at org.junit.runners.ParentRunner$2.evaluate(ParentRunner.java:229)
	at org.junit.runners.ParentRunner.run(ParentRunner.java:309)
	at org.apache.maven.surefire.junit4.JUnit4Provider.execute(JUnit4Provider.java:264)
	at org.apache.maven.surefire.junit4.JUnit4Provider.executeTestSet(JUnit4Provider.java:153)
	at org.apache.maven.surefire.junit4.JUnit4Provider.invoke(JUnit4Provider.java:124)
	at org.apache.maven.surefire.booter.ForkedBooter.invokeProviderInSameClassLoader(ForkedBooter.java:200)
	at org.apache.maven.surefire.booter.ForkedBooter.runSuitesInProcess(ForkedBooter.java:153)
	at org.apache.maven.surefire.booter.ForkedBooter.main(ForkedBooter.java:103)
</error>
    <system-out><![CDATA[testCaseResult=ru.yandex.qatools.allure.model.TestCaseResult@2c7c0e36[
  name=should_show_job_summary_with_warnings_per_tool
  title=<null>
  description=<null>
  failure=ru.yandex.qatools.allure.model.Failure@307cf964
  start=1443742532046
  stop=1443742584384
  status=BROKEN
  severity=<null>
  steps=[]
  attachments=[]
  labels=[ru.yandex.qatools.allure.model.Label@374ccb9, ru.yandex.qatools.allure.model.Label@66713605]
  parameters=<null>
]
testCaseResult={
   "start" : 1443742532046,
   "stop" : 1443742584384,
   "status" : "broken",
   "name" : "should_show_job_summary_with_warnings_per_tool",
   "failure" : {
      "message" : "NoSuchMethodError: org.apache.http.entity.ContentType.create(Ljava/lang/String;[Lorg/apache/http/NameValuePair;)Lorg/apache/http/entity/ContentType;",
      "stack-trace" : "java.lang.NoSuchMethodError: org.apache.http.entity.ContentType.create(Ljava/lang/String;[Lorg/apache/http/NameValuePair;)Lorg/apache/http/entity/ContentType;\n\tat org.apache.http.entity.mime.MultipartEntityBuilder.buildEntity(MultipartEntityBuilder.java:209)\n\tat org.apache.http.entity.mime.MultipartEntityBuilder.build(MultipartEntityBuilder.java:230)\n\tat org.jenkinsci.test.acceptance.update_center.PluginMetadata.uploadTo(PluginMetadata.java:65)\n\tat org.jenkinsci.test.acceptance.po.PluginManager.installPlugins(PluginManager.java:173)\n\tat org.jenkinsci.test.acceptance.junit.WithPlugins$RuleImpl$1.doInstall(WithPlugins.java:139)\n\tat org.jenkinsci.test.acceptance.junit.WithPlugins$RuleImpl$1.installPlugins(WithPlugins.java:119)\n\tat org.jenkinsci.test.acceptance.junit.WithPlugins$RuleImpl$1.evaluate(WithPlugins.java:92)\n\tat org.jenkinsci.test.acceptance.junit.JenkinsAcceptanceTestRule$1$2$1.evaluate(JenkinsAcceptanceTestRule.java:129)\n\tat org.jenkinsci.test.acceptance.junit.FilterRule$1.evaluate(FilterRule.java:62)\n\tat org.jenkinsci.test.acceptance.junit.JenkinsAcceptanceTestRule$1.evaluate(JenkinsAcceptanceTestRule.java:55)\n\tat org.junit.runners.ParentRunner.runLeaf(ParentRunner.java:271)\n\tat org.junit.runners.BlockJUnit4ClassRunner.runChild(BlockJUnit4ClassRunner.java:70)\n\tat org.junit.runners.BlockJUnit4ClassRunner.runChild(BlockJUnit4ClassRunner.java:50)\n\tat org.junit.runners.ParentRunner$3.run(ParentRunner.java:238)\n\tat org.junit.runners.ParentRunner$1.schedule(ParentRunner.java:63)\n\tat org.junit.runners.ParentRunner.runChildren(ParentRunner.java:236)\n\tat org.junit.runners.ParentRunner.access$000(ParentRunner.java:53)\n\tat org.junit.runners.ParentRunner$2.evaluate(ParentRunner.java:229)\n\tat org.junit.runners.ParentRunner.run(ParentRunner.java:309)\n\tat org.apache.maven.surefire.junit4.JUnit4Provider.execute(JUnit4Provider.java:264)\n\tat org.apache.maven.surefire.junit4.JUnit4Provider.executeTestSet(JUnit4Provider.java:153)\n\tat org.apache.maven.surefire.junit4.JUnit4Provider.invoke(JUnit4Provider.java:124)\n\tat org.apache.maven.surefire.booter.ForkedBooter.invokeProviderInSameClassLoader(ForkedBooter.java:200)\n\tat org.apache.maven.surefire.booter.ForkedBooter.runSuitesInProcess(ForkedBooter.java:153)\n\tat org.apache.maven.surefire.booter.ForkedBooter.main(ForkedBooter.java:103)\n"
   },
   "steps" : {
      "step" : [ ]
   },
   "attachments" : {
      "attachment" : [ ]
   },
   "labels" : {
      "label" : [ {
         "name" : "host",
         "value" : "Abduls-MBP.home"
      }, {
         "name" : "thread",
         "value" : "35250@Abduls-MBP.home.main(1)"
      } ]
   }
}
testCase=ru.yandex.qatools.allure.model.TestCase@2ab09943[
  _id=ea5c4a7c-8e11-4d95-9b07-c728bb629c98
  executionId=27f47f39-aa42-4a27-8553-fee0eadcf4f3
  result=ru.yandex.qatools.allure.model.TestCaseResult@2c7c0e36
]
testCase={
   "_id" : "ea5c4a7c-8e11-4d95-9b07-c728bb629c98",
   "executionId" : "27f47f39-aa42-4a27-8553-fee0eadcf4f3",
   "result" : {
      "start" : 1443742532046,
      "stop" : 1443742584384,
      "status" : "broken",
      "name" : "should_show_job_summary_with_warnings_per_tool",
      "failure" : {
         "message" : "NoSuchMethodError: org.apache.http.entity.ContentType.create(Ljava/lang/String;[Lorg/apache/http/NameValuePair;)Lorg/apache/http/entity/ContentType;",
         "stack-trace" : "java.lang.NoSuchMethodError: org.apache.http.entity.ContentType.create(Ljava/lang/String;[Lorg/apache/http/NameValuePair;)Lorg/apache/http/entity/ContentType;\n\tat org.apache.http.entity.mime.MultipartEntityBuilder.buildEntity(MultipartEntityBuilder.java:209)\n\tat org.apache.http.entity.mime.MultipartEntityBuilder.build(MultipartEntityBuilder.java:230)\n\tat org.jenkinsci.test.acceptance.update_center.PluginMetadata.uploadTo(PluginMetadata.java:65)\n\tat org.jenkinsci.test.acceptance.po.PluginManager.installPlugins(PluginManager.java:173)\n\tat org.jenkinsci.test.acceptance.junit.WithPlugins$RuleImpl$1.doInstall(WithPlugins.java:139)\n\tat org.jenkinsci.test.acceptance.junit.WithPlugins$RuleImpl$1.installPlugins(WithPlugins.java:119)\n\tat org.jenkinsci.test.acceptance.junit.WithPlugins$RuleImpl$1.evaluate(WithPlugins.java:92)\n\tat org.jenkinsci.test.acceptance.junit.JenkinsAcceptanceTestRule$1$2$1.evaluate(JenkinsAcceptanceTestRule.java:129)\n\tat org.jenkinsci.test.acceptance.junit.FilterRule$1.evaluate(FilterRule.java:62)\n\tat org.jenkinsci.test.acceptance.junit.JenkinsAcceptanceTestRule$1.evaluate(JenkinsAcceptanceTestRule.java:55)\n\tat org.junit.runners.ParentRunner.runLeaf(ParentRunner.java:271)\n\tat org.junit.runners.BlockJUnit4ClassRunner.runChild(BlockJUnit4ClassRunner.java:70)\n\tat org.junit.runners.BlockJUnit4ClassRunner.runChild(BlockJUnit4ClassRunner.java:50)\n\tat org.junit.runners.ParentRunner$3.run(ParentRunner.java:238)\n\tat org.junit.runners.ParentRunner$1.schedule(ParentRunner.java:63)\n\tat org.junit.runners.ParentRunner.runChildren(ParentRunner.java:236)\n\tat org.junit.runners.ParentRunner.access$000(ParentRunner.java:53)\n\tat org.junit.runners.ParentRunner$2.evaluate(ParentRunner.java:229)\n\tat org.junit.runners.ParentRunner.run(ParentRunner.java:309)\n\tat org.apache.maven.surefire.junit4.JUnit4Provider.execute(JUnit4Provider.java:264)\n\tat org.apache.maven.surefire.junit4.JUnit4Provider.executeTestSet(JUnit4Provider.java:153)\n\tat org.apache.maven.surefire.junit4.JUnit4Provider.invoke(JUnit4Provider.java:124)\n\tat org.apache.maven.surefire.booter.ForkedBooter.invokeProviderInSameClassLoader(ForkedBooter.java:200)\n\tat org.apache.maven.surefire.booter.ForkedBooter.runSuitesInProcess(ForkedBooter.java:153)\n\tat org.apache.maven.surefire.booter.ForkedBooter.main(ForkedBooter.java:103)\n"
      },
      "steps" : {
         "step" : [ ]
      },
      "attachments" : {
         "attachment" : [ ]
      },
      "labels" : {
         "label" : [ {
            "name" : "host",
            "value" : "Abduls-MBP.home"
         }, {
            "name" : "thread",
            "value" : "35250@Abduls-MBP.home.main(1)"
         } ]
      }
   }
}
>>>REQUEST: /testdb/TestCase
[WARN] [10/01/2015 19:36:24.400] [default-akka.actor.default-dispatcher-30] [ActorSystem(default)] Illegal response header: Illegal 'etag' header: Invalid input '5', expected 'W' or '"' (line 1, column 1): 560dc378fbeaf7a200c9be51
^
<<<RESPONSE (201 Created): /testdb/TestCase
running with given plugins: []
=== Starting should_set_warnings_count_in_list_view_column(plugins.AnalysisCollectorPluginTest)
Starting Jenkins: JAVA_HOME=/Library/Java/JavaVirtualMachines/jdk1.8.0_60.jdk/Contents/Home JENKINS_HOME=/Users/abduljewel/Documents/c/spiderqa/sample-test-projects/acceptance-test-harness/target/jenkins2718747783646269092home /Library/Java/JavaVirtualMachines/jdk1.8.0_60.jdk/Contents/Home/bin/java -Duser.language=en -jar ./jenkins.war --ajp13Port=-1 --httpPort=64819
master64819|Running from: /Users/abduljewel/Documents/c/spiderqa/sample-test-projects/acceptance-test-harness/jenkins.war
master64819|webroot: EnvVars.masterEnvVars.get("JENKINS_HOME")
master64819|Oct 01, 2015 7:36:25 PM winstone.Logger logInternal
master64819|INFO: Beginning extraction from war file
master64819|Oct 01, 2015 7:36:28 PM org.eclipse.jetty.util.log.JavaUtilLog info
master64819|INFO: jetty-winstone-2.8
master64819|Oct 01, 2015 7:36:32 PM org.eclipse.jetty.util.log.JavaUtilLog info
master64819|INFO: NO JSP Support for , did not find org.apache.jasper.servlet.JspServlet
master64819|Jenkins home directory: /Users/abduljewel/Documents/c/spiderqa/sample-test-projects/acceptance-test-harness/target/jenkins2718747783646269092home found at: EnvVars.masterEnvVars.get("JENKINS_HOME")
master64819|Oct 01, 2015 7:36:34 PM org.eclipse.jetty.util.log.JavaUtilLog info
master64819|INFO: Started SelectChannelConnector@0.0.0.0:64819
master64819|Oct 01, 2015 7:36:34 PM winstone.Logger logInternal
master64819|INFO: Winstone Servlet Engine v2.0 running: controlPort=disabled
master64819|Oct 01, 2015 7:36:34 PM jenkins.InitReactorRunner$1 onAttained
master64819|INFO: Started initialization
master64819|Oct 01, 2015 7:36:57 PM jenkins.InitReactorRunner$1 onAttained
master64819|INFO: Listed all plugins
master64819|Oct 01, 2015 7:36:57 PM jenkins.InitReactorRunner$1 onAttained
master64819|INFO: Prepared all plugins
master64819|Oct 01, 2015 7:36:57 PM jenkins.InitReactorRunner$1 onAttained
master64819|INFO: Started all plugins
master64819|Oct 01, 2015 7:36:57 PM jenkins.InitReactorRunner$1 onAttained
master64819|INFO: Augmented all extensions
master64819|Oct 01, 2015 7:37:02 PM jenkins.InitReactorRunner$1 onAttained
master64819|INFO: Loaded all jobs
master64819|Oct 01, 2015 7:37:06 PM hudson.model.AsyncPeriodicWork$1 run
master64819|INFO: Started Download metadata
master64819|Oct 01, 2015 7:37:06 PM org.jenkinsci.main.modules.sshd.SSHD start
master64819|INFO: Started SSHD at port 62465
master64819|Oct 01, 2015 7:37:06 PM jenkins.InitReactorRunner$1 onAttained
master64819|INFO: Completed initialization
master64819|Oct 01, 2015 7:37:06 PM hudson.UDPBroadcastThread run
master64819|WARNING: UDP handling problem
master64819|java.net.SocketException: Can't assign requested address
master64819|	at java.net.PlainDatagramSocketImpl.join(Native Method)
master64819|	at java.net.AbstractPlainDatagramSocketImpl.join(AbstractPlainDatagramSocketImpl.java:179)
master64819|	at java.net.MulticastSocket.joinGroup(MulticastSocket.java:323)
master64819|	at hudson.UDPBroadcastThread.run(UDPBroadcastThread.java:77)
master64819|
master64819|Oct 01, 2015 7:37:06 PM hudson.WebAppMain$3 run
master64819|INFO: Jenkins is fully up and running
master64819|Oct 01, 2015 7:37:10 PM hudson.model.UpdateSite updateData
master64819|INFO: Obtained the latest update center data file for UpdateSource default
master64819|Oct 01, 2015 7:37:10 PM hudson.model.DownloadService$Downloadable load
master64819|INFO: Obtained the updated data file for hudson.tasks.Maven.MavenInstaller
master64819|Oct 01, 2015 7:37:11 PM hudson.model.DownloadService$Downloadable load
master64819|INFO: Obtained the updated data file for hudson.tasks.Ant.AntInstaller
master64819|Oct 01, 2015 7:37:12 PM hudson.model.DownloadService$Downloadable load
master64819|INFO: Obtained the updated data file for hudson.tools.JDKInstaller
master64819|Oct 01, 2015 7:37:12 PM hudson.model.AsyncPeriodicWork$1 run
master64819|INFO: Finished Download metadata. 6,221 ms
Jenkins is stopped
]]></system-out>
    <system-err><![CDATA[Oct 01, 2015 7:36:24 PM org.jenkinsci.test.acceptance.controller.LocalController startNow
INFO: Waiting for Jenkins to become running in http://127.0.0.1:64819/
Oct 01, 2015 7:37:06 PM org.jenkinsci.test.acceptance.controller.LocalController startNow
INFO: Jenkins is running in http://127.0.0.1:64819/
Oct 01, 2015 7:37:14 PM org.jenkinsci.test.acceptance.po.PluginManager installationStatus
INFO: analysis-collector is not installed
Oct 01, 2015 7:37:14 PM org.jenkinsci.test.acceptance.po.PluginManager installationStatus
INFO: analysis-collector is not installed
Oct 01, 2015 7:37:16 PM org.jenkinsci.test.acceptance.po.PluginManager installationStatus
INFO: script-security has version 1.13 but 1.15 was requested
]]></system-err>
  </testcase>
  <testcase name="should_aggregate_warnings_in_dashboard_portlet" classname="plugins.AnalysisCollectorPluginTest" time="53.878">
    <error message="org.apache.http.entity.ContentType.create(Ljava/lang/String;[Lorg/apache/http/NameValuePair;)Lorg/apache/http/entity/ContentType;" type="java.lang.NoSuchMethodError">java.lang.NoSuchMethodError: org.apache.http.entity.ContentType.create(Ljava/lang/String;[Lorg/apache/http/NameValuePair;)Lorg/apache/http/entity/ContentType;
	at org.apache.http.entity.mime.MultipartEntityBuilder.buildEntity(MultipartEntityBuilder.java:209)
	at org.apache.http.entity.mime.MultipartEntityBuilder.build(MultipartEntityBuilder.java:230)
	at org.jenkinsci.test.acceptance.update_center.PluginMetadata.uploadTo(PluginMetadata.java:65)
	at org.jenkinsci.test.acceptance.po.PluginManager.installPlugins(PluginManager.java:173)
	at org.jenkinsci.test.acceptance.junit.WithPlugins$RuleImpl$1.doInstall(WithPlugins.java:139)
	at org.jenkinsci.test.acceptance.junit.WithPlugins$RuleImpl$1.installPlugins(WithPlugins.java:119)
	at org.jenkinsci.test.acceptance.junit.WithPlugins$RuleImpl$1.evaluate(WithPlugins.java:91)
	at org.jenkinsci.test.acceptance.junit.JenkinsAcceptanceTestRule$1$2$1.evaluate(JenkinsAcceptanceTestRule.java:129)
	at org.jenkinsci.test.acceptance.junit.FilterRule$1.evaluate(FilterRule.java:62)
	at org.jenkinsci.test.acceptance.junit.JenkinsAcceptanceTestRule$1.evaluate(JenkinsAcceptanceTestRule.java:55)
	at org.junit.runners.ParentRunner.runLeaf(ParentRunner.java:271)
	at org.junit.runners.BlockJUnit4ClassRunner.runChild(BlockJUnit4ClassRunner.java:70)
	at org.junit.runners.BlockJUnit4ClassRunner.runChild(BlockJUnit4ClassRunner.java:50)
	at org.junit.runners.ParentRunner$3.run(ParentRunner.java:238)
	at org.junit.runners.ParentRunner$1.schedule(ParentRunner.java:63)
	at org.junit.runners.ParentRunner.runChildren(ParentRunner.java:236)
	at org.junit.runners.ParentRunner.access$000(ParentRunner.java:53)
	at org.junit.runners.ParentRunner$2.evaluate(ParentRunner.java:229)
	at org.junit.runners.ParentRunner.run(ParentRunner.java:309)
	at org.apache.maven.surefire.junit4.JUnit4Provider.execute(JUnit4Provider.java:264)
	at org.apache.maven.surefire.junit4.JUnit4Provider.executeTestSet(JUnit4Provider.java:153)
	at org.apache.maven.surefire.junit4.JUnit4Provider.invoke(JUnit4Provider.java:124)
	at org.apache.maven.surefire.booter.ForkedBooter.invokeProviderInSameClassLoader(ForkedBooter.java:200)
	at org.apache.maven.surefire.booter.ForkedBooter.runSuitesInProcess(ForkedBooter.java:153)
	at org.apache.maven.surefire.booter.ForkedBooter.main(ForkedBooter.java:103)
</error>
    <system-out><![CDATA[testCaseResult=ru.yandex.qatools.allure.model.TestCaseResult@5520f675[
  name=should_set_warnings_count_in_list_view_column
  title=<null>
  description=<null>
  failure=ru.yandex.qatools.allure.model.Failure@2d237460
  start=1443742584393
  stop=1443742637130
  status=BROKEN
  severity=<null>
  steps=[]
  attachments=[]
  labels=[ru.yandex.qatools.allure.model.Label@48f2054d, ru.yandex.qatools.allure.model.Label@4b3a01d8]
  parameters=<null>
]
testCaseResult={
   "start" : 1443742584393,
   "stop" : 1443742637130,
   "status" : "broken",
   "name" : "should_set_warnings_count_in_list_view_column",
   "failure" : {
      "message" : "NoSuchMethodError: org.apache.http.entity.ContentType.create(Ljava/lang/String;[Lorg/apache/http/NameValuePair;)Lorg/apache/http/entity/ContentType;",
      "stack-trace" : "java.lang.NoSuchMethodError: org.apache.http.entity.ContentType.create(Ljava/lang/String;[Lorg/apache/http/NameValuePair;)Lorg/apache/http/entity/ContentType;\n\tat org.apache.http.entity.mime.MultipartEntityBuilder.buildEntity(MultipartEntityBuilder.java:209)\n\tat org.apache.http.entity.mime.MultipartEntityBuilder.build(MultipartEntityBuilder.java:230)\n\tat org.jenkinsci.test.acceptance.update_center.PluginMetadata.uploadTo(PluginMetadata.java:65)\n\tat org.jenkinsci.test.acceptance.po.PluginManager.installPlugins(PluginManager.java:173)\n\tat org.jenkinsci.test.acceptance.junit.WithPlugins$RuleImpl$1.doInstall(WithPlugins.java:139)\n\tat org.jenkinsci.test.acceptance.junit.WithPlugins$RuleImpl$1.installPlugins(WithPlugins.java:119)\n\tat org.jenkinsci.test.acceptance.junit.WithPlugins$RuleImpl$1.evaluate(WithPlugins.java:92)\n\tat org.jenkinsci.test.acceptance.junit.JenkinsAcceptanceTestRule$1$2$1.evaluate(JenkinsAcceptanceTestRule.java:129)\n\tat org.jenkinsci.test.acceptance.junit.FilterRule$1.evaluate(FilterRule.java:62)\n\tat org.jenkinsci.test.acceptance.junit.JenkinsAcceptanceTestRule$1.evaluate(JenkinsAcceptanceTestRule.java:55)\n\tat org.junit.runners.ParentRunner.runLeaf(ParentRunner.java:271)\n\tat org.junit.runners.BlockJUnit4ClassRunner.runChild(BlockJUnit4ClassRunner.java:70)\n\tat org.junit.runners.BlockJUnit4ClassRunner.runChild(BlockJUnit4ClassRunner.java:50)\n\tat org.junit.runners.ParentRunner$3.run(ParentRunner.java:238)\n\tat org.junit.runners.ParentRunner$1.schedule(ParentRunner.java:63)\n\tat org.junit.runners.ParentRunner.runChildren(ParentRunner.java:236)\n\tat org.junit.runners.ParentRunner.access$000(ParentRunner.java:53)\n\tat org.junit.runners.ParentRunner$2.evaluate(ParentRunner.java:229)\n\tat org.junit.runners.ParentRunner.run(ParentRunner.java:309)\n\tat org.apache.maven.surefire.junit4.JUnit4Provider.execute(JUnit4Provider.java:264)\n\tat org.apache.maven.surefire.junit4.JUnit4Provider.executeTestSet(JUnit4Provider.java:153)\n\tat org.apache.maven.surefire.junit4.JUnit4Provider.invoke(JUnit4Provider.java:124)\n\tat org.apache.maven.surefire.booter.ForkedBooter.invokeProviderInSameClassLoader(ForkedBooter.java:200)\n\tat org.apache.maven.surefire.booter.ForkedBooter.runSuitesInProcess(ForkedBooter.java:153)\n\tat org.apache.maven.surefire.booter.ForkedBooter.main(ForkedBooter.java:103)\n"
   },
   "steps" : {
      "step" : [ ]
   },
   "attachments" : {
      "attachment" : [ ]
   },
   "labels" : {
      "label" : [ {
         "name" : "host",
         "value" : "Abduls-MBP.home"
      }, {
         "name" : "thread",
         "value" : "35250@Abduls-MBP.home.main(1)"
      } ]
   }
}
testCase=ru.yandex.qatools.allure.model.TestCase@19fbc594[
  _id=348e36ef-b5cc-46f0-b7c6-30fd62081398
  executionId=27f47f39-aa42-4a27-8553-fee0eadcf4f3
  result=ru.yandex.qatools.allure.model.TestCaseResult@5520f675
]
testCase={
   "_id" : "348e36ef-b5cc-46f0-b7c6-30fd62081398",
   "executionId" : "27f47f39-aa42-4a27-8553-fee0eadcf4f3",
   "result" : {
      "start" : 1443742584393,
      "stop" : 1443742637130,
      "status" : "broken",
      "name" : "should_set_warnings_count_in_list_view_column",
      "failure" : {
         "message" : "NoSuchMethodError: org.apache.http.entity.ContentType.create(Ljava/lang/String;[Lorg/apache/http/NameValuePair;)Lorg/apache/http/entity/ContentType;",
         "stack-trace" : "java.lang.NoSuchMethodError: org.apache.http.entity.ContentType.create(Ljava/lang/String;[Lorg/apache/http/NameValuePair;)Lorg/apache/http/entity/ContentType;\n\tat org.apache.http.entity.mime.MultipartEntityBuilder.buildEntity(MultipartEntityBuilder.java:209)\n\tat org.apache.http.entity.mime.MultipartEntityBuilder.build(MultipartEntityBuilder.java:230)\n\tat org.jenkinsci.test.acceptance.update_center.PluginMetadata.uploadTo(PluginMetadata.java:65)\n\tat org.jenkinsci.test.acceptance.po.PluginManager.installPlugins(PluginManager.java:173)\n\tat org.jenkinsci.test.acceptance.junit.WithPlugins$RuleImpl$1.doInstall(WithPlugins.java:139)\n\tat org.jenkinsci.test.acceptance.junit.WithPlugins$RuleImpl$1.installPlugins(WithPlugins.java:119)\n\tat org.jenkinsci.test.acceptance.junit.WithPlugins$RuleImpl$1.evaluate(WithPlugins.java:92)\n\tat org.jenkinsci.test.acceptance.junit.JenkinsAcceptanceTestRule$1$2$1.evaluate(JenkinsAcceptanceTestRule.java:129)\n\tat org.jenkinsci.test.acceptance.junit.FilterRule$1.evaluate(FilterRule.java:62)\n\tat org.jenkinsci.test.acceptance.junit.JenkinsAcceptanceTestRule$1.evaluate(JenkinsAcceptanceTestRule.java:55)\n\tat org.junit.runners.ParentRunner.runLeaf(ParentRunner.java:271)\n\tat org.junit.runners.BlockJUnit4ClassRunner.runChild(BlockJUnit4ClassRunner.java:70)\n\tat org.junit.runners.BlockJUnit4ClassRunner.runChild(BlockJUnit4ClassRunner.java:50)\n\tat org.junit.runners.ParentRunner$3.run(ParentRunner.java:238)\n\tat org.junit.runners.ParentRunner$1.schedule(ParentRunner.java:63)\n\tat org.junit.runners.ParentRunner.runChildren(ParentRunner.java:236)\n\tat org.junit.runners.ParentRunner.access$000(ParentRunner.java:53)\n\tat org.junit.runners.ParentRunner$2.evaluate(ParentRunner.java:229)\n\tat org.junit.runners.ParentRunner.run(ParentRunner.java:309)\n\tat org.apache.maven.surefire.junit4.JUnit4Provider.execute(JUnit4Provider.java:264)\n\tat org.apache.maven.surefire.junit4.JUnit4Provider.executeTestSet(JUnit4Provider.java:153)\n\tat org.apache.maven.surefire.junit4.JUnit4Provider.invoke(JUnit4Provider.java:124)\n\tat org.apache.maven.surefire.booter.ForkedBooter.invokeProviderInSameClassLoader(ForkedBooter.java:200)\n\tat org.apache.maven.surefire.booter.ForkedBooter.runSuitesInProcess(ForkedBooter.java:153)\n\tat org.apache.maven.surefire.booter.ForkedBooter.main(ForkedBooter.java:103)\n"
      },
      "steps" : {
         "step" : [ ]
      },
      "attachments" : {
         "attachment" : [ ]
      },
      "labels" : {
         "label" : [ {
            "name" : "host",
            "value" : "Abduls-MBP.home"
         }, {
            "name" : "thread",
            "value" : "35250@Abduls-MBP.home.main(1)"
         } ]
      }
   }
}
>>>REQUEST: /testdb/TestCase
[WARN] [10/01/2015 19:37:17.147] [default-akka.actor.default-dispatcher-35] [ActorSystem(default)] Illegal response header: Illegal 'etag' header: Invalid input '5', expected 'W' or '"' (line 1, column 1): 560dc3adfbeaf7a200c9be58
^
<<<RESPONSE (201 Created): /testdb/TestCase
running with given plugins: []
=== Starting should_aggregate_warnings_in_dashboard_portlet(plugins.AnalysisCollectorPluginTest)
Starting Jenkins: JAVA_HOME=/Library/Java/JavaVirtualMachines/jdk1.8.0_60.jdk/Contents/Home JENKINS_HOME=/Users/abduljewel/Documents/c/spiderqa/sample-test-projects/acceptance-test-harness/target/jenkins6041983304517355063home /Library/Java/JavaVirtualMachines/jdk1.8.0_60.jdk/Contents/Home/bin/java -Duser.language=en -jar ./jenkins.war --ajp13Port=-1 --httpPort=51153
master51153|Running from: /Users/abduljewel/Documents/c/spiderqa/sample-test-projects/acceptance-test-harness/jenkins.war
master51153|webroot: EnvVars.masterEnvVars.get("JENKINS_HOME")
master51153|Oct 01, 2015 7:37:17 PM winstone.Logger logInternal
master51153|INFO: Beginning extraction from war file
master51153|Oct 01, 2015 7:37:21 PM org.eclipse.jetty.util.log.JavaUtilLog info
master51153|INFO: jetty-winstone-2.8
master51153|Oct 01, 2015 7:37:24 PM org.eclipse.jetty.util.log.JavaUtilLog info
master51153|INFO: NO JSP Support for , did not find org.apache.jasper.servlet.JspServlet
master51153|Jenkins home directory: /Users/abduljewel/Documents/c/spiderqa/sample-test-projects/acceptance-test-harness/target/jenkins6041983304517355063home found at: EnvVars.masterEnvVars.get("JENKINS_HOME")
master51153|Oct 01, 2015 7:37:27 PM org.eclipse.jetty.util.log.JavaUtilLog info
master51153|INFO: Started SelectChannelConnector@0.0.0.0:51153
master51153|Oct 01, 2015 7:37:27 PM winstone.Logger logInternal
master51153|INFO: Winstone Servlet Engine v2.0 running: controlPort=disabled
master51153|Oct 01, 2015 7:37:27 PM jenkins.InitReactorRunner$1 onAttained
master51153|INFO: Started initialization
master51153|Oct 01, 2015 7:37:51 PM jenkins.InitReactorRunner$1 onAttained
master51153|INFO: Listed all plugins
master51153|Oct 01, 2015 7:37:51 PM jenkins.InitReactorRunner$1 onAttained
master51153|INFO: Prepared all plugins
master51153|Oct 01, 2015 7:37:51 PM jenkins.InitReactorRunner$1 onAttained
master51153|INFO: Started all plugins
master51153|Oct 01, 2015 7:37:51 PM jenkins.InitReactorRunner$1 onAttained
master51153|INFO: Augmented all extensions
master51153|Oct 01, 2015 7:37:54 PM jenkins.InitReactorRunner$1 onAttained
master51153|INFO: Loaded all jobs
master51153|Oct 01, 2015 7:37:58 PM hudson.model.AsyncPeriodicWork$1 run
master51153|INFO: Started Download metadata
master51153|Oct 01, 2015 7:37:58 PM org.jenkinsci.main.modules.sshd.SSHD start
master51153|INFO: Started SSHD at port 62773
master51153|Oct 01, 2015 7:37:58 PM jenkins.InitReactorRunner$1 onAttained
master51153|INFO: Completed initialization
master51153|Oct 01, 2015 7:37:58 PM hudson.UDPBroadcastThread run
master51153|WARNING: UDP handling problem
master51153|java.net.SocketException: Can't assign requested address
master51153|	at java.net.PlainDatagramSocketImpl.join(Native Method)
master51153|	at java.net.AbstractPlainDatagramSocketImpl.join(AbstractPlainDatagramSocketImpl.java:179)
master51153|	at java.net.MulticastSocket.joinGroup(MulticastSocket.java:323)
master51153|	at hudson.UDPBroadcastThread.run(UDPBroadcastThread.java:77)
master51153|
master51153|Oct 01, 2015 7:37:58 PM hudson.WebAppMain$3 run
master51153|INFO: Jenkins is fully up and running
master51153|Oct 01, 2015 7:38:02 PM hudson.model.UpdateSite updateData
master51153|INFO: Obtained the latest update center data file for UpdateSource default
master51153|Oct 01, 2015 7:38:02 PM hudson.model.DownloadService$Downloadable load
master51153|INFO: Obtained the updated data file for hudson.tasks.Maven.MavenInstaller
master51153|Oct 01, 2015 7:38:03 PM hudson.model.DownloadService$Downloadable load
master51153|INFO: Obtained the updated data file for hudson.tasks.Ant.AntInstaller
master51153|Oct 01, 2015 7:38:07 PM hudson.model.DownloadService$Downloadable load
master51153|INFO: Obtained the updated data file for hudson.tools.JDKInstaller
master51153|Oct 01, 2015 7:38:07 PM hudson.model.AsyncPeriodicWork$1 run
master51153|INFO: Finished Download metadata. 9,531 ms
Jenkins is stopped
]]></system-out>
    <system-err><![CDATA[Oct 01, 2015 7:37:17 PM org.jenkinsci.test.acceptance.controller.LocalController startNow
INFO: Waiting for Jenkins to become running in http://127.0.0.1:51153/
Oct 01, 2015 7:37:58 PM org.jenkinsci.test.acceptance.controller.LocalController startNow
INFO: Jenkins is running in http://127.0.0.1:51153/
Oct 01, 2015 7:38:07 PM org.jenkinsci.test.acceptance.po.PluginManager installationStatus
INFO: dashboard-view is not installed
Oct 01, 2015 7:38:07 PM org.jenkinsci.test.acceptance.po.PluginManager installationStatus
INFO: dashboard-view is not installed
Oct 01, 2015 7:38:10 PM org.jenkinsci.test.acceptance.po.PluginManager installationStatus
INFO: javadoc has version 1.1 but 1.3 was requested
]]></system-err>
  </testcase>
  <testcase name="should_collect_warnings_of_selected_tools_only" classname="plugins.AnalysisCollectorPluginTest" time="52.306">
    <error message="org.apache.http.entity.ContentType.create(Ljava/lang/String;[Lorg/apache/http/NameValuePair;)Lorg/apache/http/entity/ContentType;" type="java.lang.NoSuchMethodError">java.lang.NoSuchMethodError: org.apache.http.entity.ContentType.create(Ljava/lang/String;[Lorg/apache/http/NameValuePair;)Lorg/apache/http/entity/ContentType;
	at org.apache.http.entity.mime.MultipartEntityBuilder.buildEntity(MultipartEntityBuilder.java:209)
	at org.apache.http.entity.mime.MultipartEntityBuilder.build(MultipartEntityBuilder.java:230)
	at org.jenkinsci.test.acceptance.update_center.PluginMetadata.uploadTo(PluginMetadata.java:65)
	at org.jenkinsci.test.acceptance.po.PluginManager.installPlugins(PluginManager.java:173)
	at org.jenkinsci.test.acceptance.junit.WithPlugins$RuleImpl$1.doInstall(WithPlugins.java:139)
	at org.jenkinsci.test.acceptance.junit.WithPlugins$RuleImpl$1.installPlugins(WithPlugins.java:119)
	at org.jenkinsci.test.acceptance.junit.WithPlugins$RuleImpl$1.evaluate(WithPlugins.java:92)
	at org.jenkinsci.test.acceptance.junit.JenkinsAcceptanceTestRule$1$2$1.evaluate(JenkinsAcceptanceTestRule.java:129)
	at org.jenkinsci.test.acceptance.junit.FilterRule$1.evaluate(FilterRule.java:62)
	at org.jenkinsci.test.acceptance.junit.JenkinsAcceptanceTestRule$1.evaluate(JenkinsAcceptanceTestRule.java:55)
	at org.junit.runners.ParentRunner.runLeaf(ParentRunner.java:271)
	at org.junit.runners.BlockJUnit4ClassRunner.runChild(BlockJUnit4ClassRunner.java:70)
	at org.junit.runners.BlockJUnit4ClassRunner.runChild(BlockJUnit4ClassRunner.java:50)
	at org.junit.runners.ParentRunner$3.run(ParentRunner.java:238)
	at org.junit.runners.ParentRunner$1.schedule(ParentRunner.java:63)
	at org.junit.runners.ParentRunner.runChildren(ParentRunner.java:236)
	at org.junit.runners.ParentRunner.access$000(ParentRunner.java:53)
	at org.junit.runners.ParentRunner$2.evaluate(ParentRunner.java:229)
	at org.junit.runners.ParentRunner.run(ParentRunner.java:309)
	at org.apache.maven.surefire.junit4.JUnit4Provider.execute(JUnit4Provider.java:264)
	at org.apache.maven.surefire.junit4.JUnit4Provider.executeTestSet(JUnit4Provider.java:153)
	at org.apache.maven.surefire.junit4.JUnit4Provider.invoke(JUnit4Provider.java:124)
	at org.apache.maven.surefire.booter.ForkedBooter.invokeProviderInSameClassLoader(ForkedBooter.java:200)
	at org.apache.maven.surefire.booter.ForkedBooter.runSuitesInProcess(ForkedBooter.java:153)
	at org.apache.maven.surefire.booter.ForkedBooter.main(ForkedBooter.java:103)
</error>
    <system-out><![CDATA[testCaseResult=ru.yandex.qatools.allure.model.TestCaseResult@5f5297e3[
  name=should_aggregate_warnings_in_dashboard_portlet
  title=<null>
  description=<null>
  failure=ru.yandex.qatools.allure.model.Failure@2d22d3b1
  start=1443742637144
  stop=1443742691022
  status=BROKEN
  severity=<null>
  steps=[]
  attachments=[]
  labels=[ru.yandex.qatools.allure.model.Label@7ec3a8bd, ru.yandex.qatools.allure.model.Label@9690008]
  parameters=<null>
]
testCaseResult={
   "start" : 1443742637144,
   "stop" : 1443742691022,
   "status" : "broken",
   "name" : "should_aggregate_warnings_in_dashboard_portlet",
   "failure" : {
      "message" : "NoSuchMethodError: org.apache.http.entity.ContentType.create(Ljava/lang/String;[Lorg/apache/http/NameValuePair;)Lorg/apache/http/entity/ContentType;",
      "stack-trace" : "java.lang.NoSuchMethodError: org.apache.http.entity.ContentType.create(Ljava/lang/String;[Lorg/apache/http/NameValuePair;)Lorg/apache/http/entity/ContentType;\n\tat org.apache.http.entity.mime.MultipartEntityBuilder.buildEntity(MultipartEntityBuilder.java:209)\n\tat org.apache.http.entity.mime.MultipartEntityBuilder.build(MultipartEntityBuilder.java:230)\n\tat org.jenkinsci.test.acceptance.update_center.PluginMetadata.uploadTo(PluginMetadata.java:65)\n\tat org.jenkinsci.test.acceptance.po.PluginManager.installPlugins(PluginManager.java:173)\n\tat org.jenkinsci.test.acceptance.junit.WithPlugins$RuleImpl$1.doInstall(WithPlugins.java:139)\n\tat org.jenkinsci.test.acceptance.junit.WithPlugins$RuleImpl$1.installPlugins(WithPlugins.java:119)\n\tat org.jenkinsci.test.acceptance.junit.WithPlugins$RuleImpl$1.evaluate(WithPlugins.java:91)\n\tat org.jenkinsci.test.acceptance.junit.JenkinsAcceptanceTestRule$1$2$1.evaluate(JenkinsAcceptanceTestRule.java:129)\n\tat org.jenkinsci.test.acceptance.junit.FilterRule$1.evaluate(FilterRule.java:62)\n\tat org.jenkinsci.test.acceptance.junit.JenkinsAcceptanceTestRule$1.evaluate(JenkinsAcceptanceTestRule.java:55)\n\tat org.junit.runners.ParentRunner.runLeaf(ParentRunner.java:271)\n\tat org.junit.runners.BlockJUnit4ClassRunner.runChild(BlockJUnit4ClassRunner.java:70)\n\tat org.junit.runners.BlockJUnit4ClassRunner.runChild(BlockJUnit4ClassRunner.java:50)\n\tat org.junit.runners.ParentRunner$3.run(ParentRunner.java:238)\n\tat org.junit.runners.ParentRunner$1.schedule(ParentRunner.java:63)\n\tat org.junit.runners.ParentRunner.runChildren(ParentRunner.java:236)\n\tat org.junit.runners.ParentRunner.access$000(ParentRunner.java:53)\n\tat org.junit.runners.ParentRunner$2.evaluate(ParentRunner.java:229)\n\tat org.junit.runners.ParentRunner.run(ParentRunner.java:309)\n\tat org.apache.maven.surefire.junit4.JUnit4Provider.execute(JUnit4Provider.java:264)\n\tat org.apache.maven.surefire.junit4.JUnit4Provider.executeTestSet(JUnit4Provider.java:153)\n\tat org.apache.maven.surefire.junit4.JUnit4Provider.invoke(JUnit4Provider.java:124)\n\tat org.apache.maven.surefire.booter.ForkedBooter.invokeProviderInSameClassLoader(ForkedBooter.java:200)\n\tat org.apache.maven.surefire.booter.ForkedBooter.runSuitesInProcess(ForkedBooter.java:153)\n\tat org.apache.maven.surefire.booter.ForkedBooter.main(ForkedBooter.java:103)\n"
   },
   "steps" : {
      "step" : [ ]
   },
   "attachments" : {
      "attachment" : [ ]
   },
   "labels" : {
      "label" : [ {
         "name" : "host",
         "value" : "Abduls-MBP.home"
      }, {
         "name" : "thread",
         "value" : "35250@Abduls-MBP.home.main(1)"
      } ]
   }
}
testCase=ru.yandex.qatools.allure.model.TestCase@42cf6349[
  _id=9fdfd0e6-63f8-4882-80ae-f161a2655fb6
  executionId=27f47f39-aa42-4a27-8553-fee0eadcf4f3
  result=ru.yandex.qatools.allure.model.TestCaseResult@5f5297e3
]
testCase={
   "_id" : "9fdfd0e6-63f8-4882-80ae-f161a2655fb6",
   "executionId" : "27f47f39-aa42-4a27-8553-fee0eadcf4f3",
   "result" : {
      "start" : 1443742637144,
      "stop" : 1443742691022,
      "status" : "broken",
      "name" : "should_aggregate_warnings_in_dashboard_portlet",
      "failure" : {
         "message" : "NoSuchMethodError: org.apache.http.entity.ContentType.create(Ljava/lang/String;[Lorg/apache/http/NameValuePair;)Lorg/apache/http/entity/ContentType;",
         "stack-trace" : "java.lang.NoSuchMethodError: org.apache.http.entity.ContentType.create(Ljava/lang/String;[Lorg/apache/http/NameValuePair;)Lorg/apache/http/entity/ContentType;\n\tat org.apache.http.entity.mime.MultipartEntityBuilder.buildEntity(MultipartEntityBuilder.java:209)\n\tat org.apache.http.entity.mime.MultipartEntityBuilder.build(MultipartEntityBuilder.java:230)\n\tat org.jenkinsci.test.acceptance.update_center.PluginMetadata.uploadTo(PluginMetadata.java:65)\n\tat org.jenkinsci.test.acceptance.po.PluginManager.installPlugins(PluginManager.java:173)\n\tat org.jenkinsci.test.acceptance.junit.WithPlugins$RuleImpl$1.doInstall(WithPlugins.java:139)\n\tat org.jenkinsci.test.acceptance.junit.WithPlugins$RuleImpl$1.installPlugins(WithPlugins.java:119)\n\tat org.jenkinsci.test.acceptance.junit.WithPlugins$RuleImpl$1.evaluate(WithPlugins.java:91)\n\tat org.jenkinsci.test.acceptance.junit.JenkinsAcceptanceTestRule$1$2$1.evaluate(JenkinsAcceptanceTestRule.java:129)\n\tat org.jenkinsci.test.acceptance.junit.FilterRule$1.evaluate(FilterRule.java:62)\n\tat org.jenkinsci.test.acceptance.junit.JenkinsAcceptanceTestRule$1.evaluate(JenkinsAcceptanceTestRule.java:55)\n\tat org.junit.runners.ParentRunner.runLeaf(ParentRunner.java:271)\n\tat org.junit.runners.BlockJUnit4ClassRunner.runChild(BlockJUnit4ClassRunner.java:70)\n\tat org.junit.runners.BlockJUnit4ClassRunner.runChild(BlockJUnit4ClassRunner.java:50)\n\tat org.junit.runners.ParentRunner$3.run(ParentRunner.java:238)\n\tat org.junit.runners.ParentRunner$1.schedule(ParentRunner.java:63)\n\tat org.junit.runners.ParentRunner.runChildren(ParentRunner.java:236)\n\tat org.junit.runners.ParentRunner.access$000(ParentRunner.java:53)\n\tat org.junit.runners.ParentRunner$2.evaluate(ParentRunner.java:229)\n\tat org.junit.runners.ParentRunner.run(ParentRunner.java:309)\n\tat org.apache.maven.surefire.junit4.JUnit4Provider.execute(JUnit4Provider.java:264)\n\tat org.apache.maven.surefire.junit4.JUnit4Provider.executeTestSet(JUnit4Provider.java:153)\n\tat org.apache.maven.surefire.junit4.JUnit4Provider.invoke(JUnit4Provider.java:124)\n\tat org.apache.maven.surefire.booter.ForkedBooter.invokeProviderInSameClassLoader(ForkedBooter.java:200)\n\tat org.apache.maven.surefire.booter.ForkedBooter.runSuitesInProcess(ForkedBooter.java:153)\n\tat org.apache.maven.surefire.booter.ForkedBooter.main(ForkedBooter.java:103)\n"
      },
      "steps" : {
         "step" : [ ]
      },
      "attachments" : {
         "attachment" : [ ]
      },
      "labels" : {
         "label" : [ {
            "name" : "host",
            "value" : "Abduls-MBP.home"
         }, {
            "name" : "thread",
            "value" : "35250@Abduls-MBP.home.main(1)"
         } ]
      }
   }
}
>>>REQUEST: /testdb/TestCase
[WARN] [10/01/2015 19:38:11.040] [default-akka.actor.default-dispatcher-30] [ActorSystem(default)] Illegal response header: Illegal 'etag' header: Invalid input '5', expected 'W' or '"' (line 1, column 1): 560dc3e3fbeaf7a200c9be61
^
<<<RESPONSE (201 Created): /testdb/TestCase
running with given plugins: []
=== Starting should_collect_warnings_of_selected_tools_only(plugins.AnalysisCollectorPluginTest)
Starting Jenkins: JAVA_HOME=/Library/Java/JavaVirtualMachines/jdk1.8.0_60.jdk/Contents/Home JENKINS_HOME=/Users/abduljewel/Documents/c/spiderqa/sample-test-projects/acceptance-test-harness/target/jenkins1783729978354507848home /Library/Java/JavaVirtualMachines/jdk1.8.0_60.jdk/Contents/Home/bin/java -Duser.language=en -jar ./jenkins.war --ajp13Port=-1 --httpPort=62906
master62906|Running from: /Users/abduljewel/Documents/c/spiderqa/sample-test-projects/acceptance-test-harness/jenkins.war
master62906|webroot: EnvVars.masterEnvVars.get("JENKINS_HOME")
master62906|Oct 01, 2015 7:38:12 PM winstone.Logger logInternal
master62906|INFO: Beginning extraction from war file
master62906|Oct 01, 2015 7:38:15 PM org.eclipse.jetty.util.log.JavaUtilLog info
master62906|INFO: jetty-winstone-2.8
master62906|Oct 01, 2015 7:38:20 PM org.eclipse.jetty.util.log.JavaUtilLog info
master62906|INFO: NO JSP Support for , did not find org.apache.jasper.servlet.JspServlet
master62906|Jenkins home directory: /Users/abduljewel/Documents/c/spiderqa/sample-test-projects/acceptance-test-harness/target/jenkins1783729978354507848home found at: EnvVars.masterEnvVars.get("JENKINS_HOME")
master62906|Oct 01, 2015 7:38:24 PM org.eclipse.jetty.util.log.JavaUtilLog info
master62906|INFO: Started SelectChannelConnector@0.0.0.0:62906
master62906|Oct 01, 2015 7:38:24 PM winstone.Logger logInternal
master62906|INFO: Winstone Servlet Engine v2.0 running: controlPort=disabled
master62906|Oct 01, 2015 7:38:24 PM jenkins.InitReactorRunner$1 onAttained
master62906|INFO: Started initialization
master62906|Oct 01, 2015 7:38:47 PM jenkins.InitReactorRunner$1 onAttained
master62906|INFO: Listed all plugins
master62906|Oct 01, 2015 7:38:47 PM jenkins.InitReactorRunner$1 onAttained
master62906|INFO: Prepared all plugins
master62906|Oct 01, 2015 7:38:47 PM jenkins.InitReactorRunner$1 onAttained
master62906|INFO: Started all plugins
master62906|Oct 01, 2015 7:38:47 PM jenkins.InitReactorRunner$1 onAttained
master62906|INFO: Augmented all extensions
master62906|Oct 01, 2015 7:38:51 PM jenkins.InitReactorRunner$1 onAttained
master62906|INFO: Loaded all jobs
master62906|Oct 01, 2015 7:38:53 PM hudson.model.AsyncPeriodicWork$1 run
master62906|INFO: Started Download metadata
master62906|Oct 01, 2015 7:38:54 PM org.jenkinsci.main.modules.sshd.SSHD start
master62906|INFO: Started SSHD at port 63334
master62906|Oct 01, 2015 7:38:54 PM jenkins.InitReactorRunner$1 onAttained
master62906|INFO: Completed initialization
master62906|Oct 01, 2015 7:38:54 PM hudson.UDPBroadcastThread run
master62906|WARNING: UDP handling problem
master62906|java.net.SocketException: Can't assign requested address
master62906|	at java.net.PlainDatagramSocketImpl.join(Native Method)
master62906|	at java.net.AbstractPlainDatagramSocketImpl.join(AbstractPlainDatagramSocketImpl.java:179)
master62906|	at java.net.MulticastSocket.joinGroup(MulticastSocket.java:323)
master62906|	at hudson.UDPBroadcastThread.run(UDPBroadcastThread.java:77)
master62906|
master62906|Oct 01, 2015 7:38:54 PM hudson.WebAppMain$3 run
master62906|INFO: Jenkins is fully up and running
master62906|Oct 01, 2015 7:38:57 PM hudson.model.UpdateSite updateData
master62906|INFO: Obtained the latest update center data file for UpdateSource default
master62906|Oct 01, 2015 7:38:57 PM hudson.model.DownloadService$Downloadable load
master62906|INFO: Obtained the updated data file for hudson.tasks.Maven.MavenInstaller
master62906|Oct 01, 2015 7:38:58 PM hudson.model.DownloadService$Downloadable load
master62906|INFO: Obtained the updated data file for hudson.tasks.Ant.AntInstaller
master62906|Oct 01, 2015 7:38:59 PM hudson.model.DownloadService$Downloadable load
master62906|INFO: Obtained the updated data file for hudson.tools.JDKInstaller
master62906|Oct 01, 2015 7:38:59 PM hudson.model.AsyncPeriodicWork$1 run
master62906|INFO: Finished Download metadata. 5,742 ms
Jenkins is stopped
]]></system-out>
    <system-err><![CDATA[Oct 01, 2015 7:38:11 PM org.jenkinsci.test.acceptance.controller.LocalController startNow
INFO: Waiting for Jenkins to become running in http://127.0.0.1:62906/
Oct 01, 2015 7:38:54 PM org.jenkinsci.test.acceptance.controller.LocalController startNow
INFO: Jenkins is running in http://127.0.0.1:62906/
Oct 01, 2015 7:39:01 PM org.jenkinsci.test.acceptance.po.PluginManager installationStatus
INFO: analysis-collector is not installed
Oct 01, 2015 7:39:01 PM org.jenkinsci.test.acceptance.po.PluginManager installationStatus
INFO: analysis-collector is not installed
Oct 01, 2015 7:39:02 PM org.jenkinsci.test.acceptance.po.PluginManager installationStatus
INFO: script-security has version 1.13 but 1.15 was requested
]]></system-err>
  </testcase>
  <testcase name="should_compute_all_new_open_tasks" classname="plugins.AnalysisCollectorPluginTest" time="53.957">
    <error message="org.apache.http.entity.ContentType.create(Ljava/lang/String;[Lorg/apache/http/NameValuePair;)Lorg/apache/http/entity/ContentType;" type="java.lang.NoSuchMethodError">java.lang.NoSuchMethodError: org.apache.http.entity.ContentType.create(Ljava/lang/String;[Lorg/apache/http/NameValuePair;)Lorg/apache/http/entity/ContentType;
	at org.apache.http.entity.mime.MultipartEntityBuilder.buildEntity(MultipartEntityBuilder.java:209)
	at org.apache.http.entity.mime.MultipartEntityBuilder.build(MultipartEntityBuilder.java:230)
	at org.jenkinsci.test.acceptance.update_center.PluginMetadata.uploadTo(PluginMetadata.java:65)
	at org.jenkinsci.test.acceptance.po.PluginManager.installPlugins(PluginManager.java:173)
	at org.jenkinsci.test.acceptance.junit.WithPlugins$RuleImpl$1.doInstall(WithPlugins.java:139)
	at org.jenkinsci.test.acceptance.junit.WithPlugins$RuleImpl$1.installPlugins(WithPlugins.java:119)
	at org.jenkinsci.test.acceptance.junit.WithPlugins$RuleImpl$1.evaluate(WithPlugins.java:92)
	at org.jenkinsci.test.acceptance.junit.JenkinsAcceptanceTestRule$1$2$1.evaluate(JenkinsAcceptanceTestRule.java:129)
	at org.jenkinsci.test.acceptance.junit.FilterRule$1.evaluate(FilterRule.java:62)
	at org.jenkinsci.test.acceptance.junit.JenkinsAcceptanceTestRule$1.evaluate(JenkinsAcceptanceTestRule.java:55)
	at org.junit.runners.ParentRunner.runLeaf(ParentRunner.java:271)
	at org.junit.runners.BlockJUnit4ClassRunner.runChild(BlockJUnit4ClassRunner.java:70)
	at org.junit.runners.BlockJUnit4ClassRunner.runChild(BlockJUnit4ClassRunner.java:50)
	at org.junit.runners.ParentRunner$3.run(ParentRunner.java:238)
	at org.junit.runners.ParentRunner$1.schedule(ParentRunner.java:63)
	at org.junit.runners.ParentRunner.runChildren(ParentRunner.java:236)
	at org.junit.runners.ParentRunner.access$000(ParentRunner.java:53)
	at org.junit.runners.ParentRunner$2.evaluate(ParentRunner.java:229)
	at org.junit.runners.ParentRunner.run(ParentRunner.java:309)
	at org.apache.maven.surefire.junit4.JUnit4Provider.execute(JUnit4Provider.java:264)
	at org.apache.maven.surefire.junit4.JUnit4Provider.executeTestSet(JUnit4Provider.java:153)
	at org.apache.maven.surefire.junit4.JUnit4Provider.invoke(JUnit4Provider.java:124)
	at org.apache.maven.surefire.booter.ForkedBooter.invokeProviderInSameClassLoader(ForkedBooter.java:200)
	at org.apache.maven.surefire.booter.ForkedBooter.runSuitesInProcess(ForkedBooter.java:153)
	at org.apache.maven.surefire.booter.ForkedBooter.main(ForkedBooter.java:103)
</error>
    <system-out><![CDATA[testCaseResult=ru.yandex.qatools.allure.model.TestCaseResult@1be52861[
  name=should_collect_warnings_of_selected_tools_only
  title=<null>
  description=<null>
  failure=ru.yandex.qatools.allure.model.Failure@5fb5ad40
  start=1443742691033
  stop=1443742743338
  status=BROKEN
  severity=<null>
  steps=[]
  attachments=[]
  labels=[ru.yandex.qatools.allure.model.Label@615439f7, ru.yandex.qatools.allure.model.Label@632cf7d3]
  parameters=<null>
]
testCaseResult={
   "start" : 1443742691033,
   "stop" : 1443742743338,
   "status" : "broken",
   "name" : "should_collect_warnings_of_selected_tools_only",
   "failure" : {
      "message" : "NoSuchMethodError: org.apache.http.entity.ContentType.create(Ljava/lang/String;[Lorg/apache/http/NameValuePair;)Lorg/apache/http/entity/ContentType;",
      "stack-trace" : "java.lang.NoSuchMethodError: org.apache.http.entity.ContentType.create(Ljava/lang/String;[Lorg/apache/http/NameValuePair;)Lorg/apache/http/entity/ContentType;\n\tat org.apache.http.entity.mime.MultipartEntityBuilder.buildEntity(MultipartEntityBuilder.java:209)\n\tat org.apache.http.entity.mime.MultipartEntityBuilder.build(MultipartEntityBuilder.java:230)\n\tat org.jenkinsci.test.acceptance.update_center.PluginMetadata.uploadTo(PluginMetadata.java:65)\n\tat org.jenkinsci.test.acceptance.po.PluginManager.installPlugins(PluginManager.java:173)\n\tat org.jenkinsci.test.acceptance.junit.WithPlugins$RuleImpl$1.doInstall(WithPlugins.java:139)\n\tat org.jenkinsci.test.acceptance.junit.WithPlugins$RuleImpl$1.installPlugins(WithPlugins.java:119)\n\tat org.jenkinsci.test.acceptance.junit.WithPlugins$RuleImpl$1.evaluate(WithPlugins.java:92)\n\tat org.jenkinsci.test.acceptance.junit.JenkinsAcceptanceTestRule$1$2$1.evaluate(JenkinsAcceptanceTestRule.java:129)\n\tat org.jenkinsci.test.acceptance.junit.FilterRule$1.evaluate(FilterRule.java:62)\n\tat org.jenkinsci.test.acceptance.junit.JenkinsAcceptanceTestRule$1.evaluate(JenkinsAcceptanceTestRule.java:55)\n\tat org.junit.runners.ParentRunner.runLeaf(ParentRunner.java:271)\n\tat org.junit.runners.BlockJUnit4ClassRunner.runChild(BlockJUnit4ClassRunner.java:70)\n\tat org.junit.runners.BlockJUnit4ClassRunner.runChild(BlockJUnit4ClassRunner.java:50)\n\tat org.junit.runners.ParentRunner$3.run(ParentRunner.java:238)\n\tat org.junit.runners.ParentRunner$1.schedule(ParentRunner.java:63)\n\tat org.junit.runners.ParentRunner.runChildren(ParentRunner.java:236)\n\tat org.junit.runners.ParentRunner.access$000(ParentRunner.java:53)\n\tat org.junit.runners.ParentRunner$2.evaluate(ParentRunner.java:229)\n\tat org.junit.runners.ParentRunner.run(ParentRunner.java:309)\n\tat org.apache.maven.surefire.junit4.JUnit4Provider.execute(JUnit4Provider.java:264)\n\tat org.apache.maven.surefire.junit4.JUnit4Provider.executeTestSet(JUnit4Provider.java:153)\n\tat org.apache.maven.surefire.junit4.JUnit4Provider.invoke(JUnit4Provider.java:124)\n\tat org.apache.maven.surefire.booter.ForkedBooter.invokeProviderInSameClassLoader(ForkedBooter.java:200)\n\tat org.apache.maven.surefire.booter.ForkedBooter.runSuitesInProcess(ForkedBooter.java:153)\n\tat org.apache.maven.surefire.booter.ForkedBooter.main(ForkedBooter.java:103)\n"
   },
   "steps" : {
      "step" : [ ]
   },
   "attachments" : {
      "attachment" : [ ]
   },
   "labels" : {
      "label" : [ {
         "name" : "host",
         "value" : "Abduls-MBP.home"
      }, {
         "name" : "thread",
         "value" : "35250@Abduls-MBP.home.main(1)"
      } ]
   }
}
testCase=ru.yandex.qatools.allure.model.TestCase@51b87df7[
  _id=c78b50d8-d888-4dad-9759-546ef6c4bdd1
  executionId=27f47f39-aa42-4a27-8553-fee0eadcf4f3
  result=ru.yandex.qatools.allure.model.TestCaseResult@1be52861
]
testCase={
   "_id" : "c78b50d8-d888-4dad-9759-546ef6c4bdd1",
   "executionId" : "27f47f39-aa42-4a27-8553-fee0eadcf4f3",
   "result" : {
      "start" : 1443742691033,
      "stop" : 1443742743338,
      "status" : "broken",
      "name" : "should_collect_warnings_of_selected_tools_only",
      "failure" : {
         "message" : "NoSuchMethodError: org.apache.http.entity.ContentType.create(Ljava/lang/String;[Lorg/apache/http/NameValuePair;)Lorg/apache/http/entity/ContentType;",
         "stack-trace" : "java.lang.NoSuchMethodError: org.apache.http.entity.ContentType.create(Ljava/lang/String;[Lorg/apache/http/NameValuePair;)Lorg/apache/http/entity/ContentType;\n\tat org.apache.http.entity.mime.MultipartEntityBuilder.buildEntity(MultipartEntityBuilder.java:209)\n\tat org.apache.http.entity.mime.MultipartEntityBuilder.build(MultipartEntityBuilder.java:230)\n\tat org.jenkinsci.test.acceptance.update_center.PluginMetadata.uploadTo(PluginMetadata.java:65)\n\tat org.jenkinsci.test.acceptance.po.PluginManager.installPlugins(PluginManager.java:173)\n\tat org.jenkinsci.test.acceptance.junit.WithPlugins$RuleImpl$1.doInstall(WithPlugins.java:139)\n\tat org.jenkinsci.test.acceptance.junit.WithPlugins$RuleImpl$1.installPlugins(WithPlugins.java:119)\n\tat org.jenkinsci.test.acceptance.junit.WithPlugins$RuleImpl$1.evaluate(WithPlugins.java:92)\n\tat org.jenkinsci.test.acceptance.junit.JenkinsAcceptanceTestRule$1$2$1.evaluate(JenkinsAcceptanceTestRule.java:129)\n\tat org.jenkinsci.test.acceptance.junit.FilterRule$1.evaluate(FilterRule.java:62)\n\tat org.jenkinsci.test.acceptance.junit.JenkinsAcceptanceTestRule$1.evaluate(JenkinsAcceptanceTestRule.java:55)\n\tat org.junit.runners.ParentRunner.runLeaf(ParentRunner.java:271)\n\tat org.junit.runners.BlockJUnit4ClassRunner.runChild(BlockJUnit4ClassRunner.java:70)\n\tat org.junit.runners.BlockJUnit4ClassRunner.runChild(BlockJUnit4ClassRunner.java:50)\n\tat org.junit.runners.ParentRunner$3.run(ParentRunner.java:238)\n\tat org.junit.runners.ParentRunner$1.schedule(ParentRunner.java:63)\n\tat org.junit.runners.ParentRunner.runChildren(ParentRunner.java:236)\n\tat org.junit.runners.ParentRunner.access$000(ParentRunner.java:53)\n\tat org.junit.runners.ParentRunner$2.evaluate(ParentRunner.java:229)\n\tat org.junit.runners.ParentRunner.run(ParentRunner.java:309)\n\tat org.apache.maven.surefire.junit4.JUnit4Provider.execute(JUnit4Provider.java:264)\n\tat org.apache.maven.surefire.junit4.JUnit4Provider.executeTestSet(JUnit4Provider.java:153)\n\tat org.apache.maven.surefire.junit4.JUnit4Provider.invoke(JUnit4Provider.java:124)\n\tat org.apache.maven.surefire.booter.ForkedBooter.invokeProviderInSameClassLoader(ForkedBooter.java:200)\n\tat org.apache.maven.surefire.booter.ForkedBooter.runSuitesInProcess(ForkedBooter.java:153)\n\tat org.apache.maven.surefire.booter.ForkedBooter.main(ForkedBooter.java:103)\n"
      },
      "steps" : {
         "step" : [ ]
      },
      "attachments" : {
         "attachment" : [ ]
      },
      "labels" : {
         "label" : [ {
            "name" : "host",
            "value" : "Abduls-MBP.home"
         }, {
            "name" : "thread",
            "value" : "35250@Abduls-MBP.home.main(1)"
         } ]
      }
   }
}
>>>REQUEST: /testdb/TestCase
[WARN] [10/01/2015 19:39:03.352] [default-akka.actor.default-dispatcher-25] [ActorSystem(default)] Illegal response header: Illegal 'etag' header: Invalid input '5', expected 'W' or '"' (line 1, column 1): 560dc417fbeaf7a200c9be68
^
<<<RESPONSE (201 Created): /testdb/TestCase
running with given plugins: []
=== Starting should_compute_all_new_open_tasks(plugins.AnalysisCollectorPluginTest)
Starting Jenkins: JAVA_HOME=/Library/Java/JavaVirtualMachines/jdk1.8.0_60.jdk/Contents/Home JENKINS_HOME=/Users/abduljewel/Documents/c/spiderqa/sample-test-projects/acceptance-test-harness/target/jenkins736352013461639257home /Library/Java/JavaVirtualMachines/jdk1.8.0_60.jdk/Contents/Home/bin/java -Duser.language=en -jar ./jenkins.war --ajp13Port=-1 --httpPort=57169
master57169|Running from: /Users/abduljewel/Documents/c/spiderqa/sample-test-projects/acceptance-test-harness/jenkins.war
master57169|webroot: EnvVars.masterEnvVars.get("JENKINS_HOME")
master57169|Oct 01, 2015 7:39:04 PM winstone.Logger logInternal
master57169|INFO: Beginning extraction from war file
master57169|Oct 01, 2015 7:39:07 PM org.eclipse.jetty.util.log.JavaUtilLog info
master57169|INFO: jetty-winstone-2.8
master57169|Oct 01, 2015 7:39:11 PM org.eclipse.jetty.util.log.JavaUtilLog info
master57169|INFO: NO JSP Support for , did not find org.apache.jasper.servlet.JspServlet
master57169|Jenkins home directory: /Users/abduljewel/Documents/c/spiderqa/sample-test-projects/acceptance-test-harness/target/jenkins736352013461639257home found at: EnvVars.masterEnvVars.get("JENKINS_HOME")
master57169|Oct 01, 2015 7:39:14 PM org.eclipse.jetty.util.log.JavaUtilLog info
master57169|INFO: Started SelectChannelConnector@0.0.0.0:57169
master57169|Oct 01, 2015 7:39:14 PM winstone.Logger logInternal
master57169|INFO: Winstone Servlet Engine v2.0 running: controlPort=disabled
master57169|Oct 01, 2015 7:39:15 PM jenkins.InitReactorRunner$1 onAttained
master57169|INFO: Started initialization
master57169|Oct 01, 2015 7:39:40 PM jenkins.InitReactorRunner$1 onAttained
master57169|INFO: Listed all plugins
master57169|Oct 01, 2015 7:39:40 PM jenkins.InitReactorRunner$1 onAttained
master57169|INFO: Prepared all plugins
master57169|Oct 01, 2015 7:39:40 PM jenkins.InitReactorRunner$1 onAttained
master57169|INFO: Started all plugins
master57169|Oct 01, 2015 7:39:40 PM jenkins.InitReactorRunner$1 onAttained
master57169|INFO: Augmented all extensions
master57169|Oct 01, 2015 7:39:45 PM jenkins.InitReactorRunner$1 onAttained
master57169|INFO: Loaded all jobs
master57169|Oct 01, 2015 7:39:48 PM hudson.model.AsyncPeriodicWork$1 run
master57169|INFO: Started Download metadata
master57169|Oct 01, 2015 7:39:48 PM org.jenkinsci.main.modules.sshd.SSHD start
master57169|INFO: Started SSHD at port 63903
master57169|Oct 01, 2015 7:39:48 PM jenkins.InitReactorRunner$1 onAttained
master57169|INFO: Completed initialization
master57169|Oct 01, 2015 7:39:48 PM hudson.UDPBroadcastThread run
master57169|WARNING: UDP handling problem
master57169|java.net.SocketException: Can't assign requested address
master57169|	at java.net.PlainDatagramSocketImpl.join(Native Method)
master57169|	at java.net.AbstractPlainDatagramSocketImpl.join(AbstractPlainDatagramSocketImpl.java:179)
master57169|	at java.net.MulticastSocket.joinGroup(MulticastSocket.java:323)
master57169|	at hudson.UDPBroadcastThread.run(UDPBroadcastThread.java:77)
master57169|
master57169|Oct 01, 2015 7:39:48 PM hudson.WebAppMain$3 run
master57169|INFO: Jenkins is fully up and running
master57169|Oct 01, 2015 7:39:51 PM hudson.model.UpdateSite updateData
master57169|INFO: Obtained the latest update center data file for UpdateSource default
master57169|Oct 01, 2015 7:39:51 PM hudson.model.DownloadService$Downloadable load
master57169|INFO: Obtained the updated data file for hudson.tasks.Maven.MavenInstaller
master57169|Oct 01, 2015 7:39:52 PM hudson.model.DownloadService$Downloadable load
master57169|INFO: Obtained the updated data file for hudson.tasks.Ant.AntInstaller
master57169|Oct 01, 2015 7:39:52 PM hudson.model.DownloadService$Downloadable load
master57169|INFO: Obtained the updated data file for hudson.tools.JDKInstaller
master57169|Oct 01, 2015 7:39:52 PM hudson.model.AsyncPeriodicWork$1 run
master57169|INFO: Finished Download metadata. 4,683 ms
Jenkins is stopped
]]></system-out>
    <system-err><![CDATA[Oct 01, 2015 7:39:03 PM org.jenkinsci.test.acceptance.controller.LocalController startNow
INFO: Waiting for Jenkins to become running in http://127.0.0.1:57169/
Oct 01, 2015 7:39:48 PM org.jenkinsci.test.acceptance.controller.LocalController startNow
INFO: Jenkins is running in http://127.0.0.1:57169/
Oct 01, 2015 7:39:55 PM org.jenkinsci.test.acceptance.po.PluginManager installationStatus
INFO: analysis-collector is not installed
Oct 01, 2015 7:39:55 PM org.jenkinsci.test.acceptance.po.PluginManager installationStatus
INFO: analysis-collector is not installed
Oct 01, 2015 7:39:56 PM org.jenkinsci.test.acceptance.po.PluginManager installationStatus
INFO: script-security has version 1.13 but 1.15 was requested
]]></system-err>
  </testcase>
  <testcase name="should_set_build_result_to_unstable" classname="plugins.AnalysisCollectorPluginTest" time="66.448">
    <error message="org.apache.http.entity.ContentType.create(Ljava/lang/String;[Lorg/apache/http/NameValuePair;)Lorg/apache/http/entity/ContentType;" type="java.lang.NoSuchMethodError">java.lang.NoSuchMethodError: org.apache.http.entity.ContentType.create(Ljava/lang/String;[Lorg/apache/http/NameValuePair;)Lorg/apache/http/entity/ContentType;
	at org.apache.http.entity.mime.MultipartEntityBuilder.buildEntity(MultipartEntityBuilder.java:209)
	at org.apache.http.entity.mime.MultipartEntityBuilder.build(MultipartEntityBuilder.java:230)
	at org.jenkinsci.test.acceptance.update_center.PluginMetadata.uploadTo(PluginMetadata.java:65)
	at org.jenkinsci.test.acceptance.po.PluginManager.installPlugins(PluginManager.java:173)
	at org.jenkinsci.test.acceptance.junit.WithPlugins$RuleImpl$1.doInstall(WithPlugins.java:139)
	at org.jenkinsci.test.acceptance.junit.WithPlugins$RuleImpl$1.installPlugins(WithPlugins.java:119)
	at org.jenkinsci.test.acceptance.junit.WithPlugins$RuleImpl$1.evaluate(WithPlugins.java:92)
	at org.jenkinsci.test.acceptance.junit.JenkinsAcceptanceTestRule$1$2$1.evaluate(JenkinsAcceptanceTestRule.java:129)
	at org.jenkinsci.test.acceptance.junit.FilterRule$1.evaluate(FilterRule.java:62)
	at org.jenkinsci.test.acceptance.junit.JenkinsAcceptanceTestRule$1.evaluate(JenkinsAcceptanceTestRule.java:55)
	at org.junit.runners.ParentRunner.runLeaf(ParentRunner.java:271)
	at org.junit.runners.BlockJUnit4ClassRunner.runChild(BlockJUnit4ClassRunner.java:70)
	at org.junit.runners.BlockJUnit4ClassRunner.runChild(BlockJUnit4ClassRunner.java:50)
	at org.junit.runners.ParentRunner$3.run(ParentRunner.java:238)
	at org.junit.runners.ParentRunner$1.schedule(ParentRunner.java:63)
	at org.junit.runners.ParentRunner.runChildren(ParentRunner.java:236)
	at org.junit.runners.ParentRunner.access$000(ParentRunner.java:53)
	at org.junit.runners.ParentRunner$2.evaluate(ParentRunner.java:229)
	at org.junit.runners.ParentRunner.run(ParentRunner.java:309)
	at org.apache.maven.surefire.junit4.JUnit4Provider.execute(JUnit4Provider.java:264)
	at org.apache.maven.surefire.junit4.JUnit4Provider.executeTestSet(JUnit4Provider.java:153)
	at org.apache.maven.surefire.junit4.JUnit4Provider.invoke(JUnit4Provider.java:124)
	at org.apache.maven.surefire.booter.ForkedBooter.invokeProviderInSameClassLoader(ForkedBooter.java:200)
	at org.apache.maven.surefire.booter.ForkedBooter.runSuitesInProcess(ForkedBooter.java:153)
	at org.apache.maven.surefire.booter.ForkedBooter.main(ForkedBooter.java:103)
</error>
    <system-out><![CDATA[testCaseResult=ru.yandex.qatools.allure.model.TestCaseResult@38811103[
  name=should_compute_all_new_open_tasks
  title=<null>
  description=<null>
  failure=ru.yandex.qatools.allure.model.Failure@787d1f9c
  start=1443742743346
  stop=1443742797424
  status=BROKEN
  severity=<null>
  steps=[]
  attachments=[]
  labels=[ru.yandex.qatools.allure.model.Label@2becfd4c, ru.yandex.qatools.allure.model.Label@7c71c889]
  parameters=<null>
]
testCaseResult={
   "start" : 1443742743346,
   "stop" : 1443742797424,
   "status" : "broken",
   "name" : "should_compute_all_new_open_tasks",
   "failure" : {
      "message" : "NoSuchMethodError: org.apache.http.entity.ContentType.create(Ljava/lang/String;[Lorg/apache/http/NameValuePair;)Lorg/apache/http/entity/ContentType;",
      "stack-trace" : "java.lang.NoSuchMethodError: org.apache.http.entity.ContentType.create(Ljava/lang/String;[Lorg/apache/http/NameValuePair;)Lorg/apache/http/entity/ContentType;\n\tat org.apache.http.entity.mime.MultipartEntityBuilder.buildEntity(MultipartEntityBuilder.java:209)\n\tat org.apache.http.entity.mime.MultipartEntityBuilder.build(MultipartEntityBuilder.java:230)\n\tat org.jenkinsci.test.acceptance.update_center.PluginMetadata.uploadTo(PluginMetadata.java:65)\n\tat org.jenkinsci.test.acceptance.po.PluginManager.installPlugins(PluginManager.java:173)\n\tat org.jenkinsci.test.acceptance.junit.WithPlugins$RuleImpl$1.doInstall(WithPlugins.java:139)\n\tat org.jenkinsci.test.acceptance.junit.WithPlugins$RuleImpl$1.installPlugins(WithPlugins.java:119)\n\tat org.jenkinsci.test.acceptance.junit.WithPlugins$RuleImpl$1.evaluate(WithPlugins.java:92)\n\tat org.jenkinsci.test.acceptance.junit.JenkinsAcceptanceTestRule$1$2$1.evaluate(JenkinsAcceptanceTestRule.java:129)\n\tat org.jenkinsci.test.acceptance.junit.FilterRule$1.evaluate(FilterRule.java:62)\n\tat org.jenkinsci.test.acceptance.junit.JenkinsAcceptanceTestRule$1.evaluate(JenkinsAcceptanceTestRule.java:55)\n\tat org.junit.runners.ParentRunner.runLeaf(ParentRunner.java:271)\n\tat org.junit.runners.BlockJUnit4ClassRunner.runChild(BlockJUnit4ClassRunner.java:70)\n\tat org.junit.runners.BlockJUnit4ClassRunner.runChild(BlockJUnit4ClassRunner.java:50)\n\tat org.junit.runners.ParentRunner$3.run(ParentRunner.java:238)\n\tat org.junit.runners.ParentRunner$1.schedule(ParentRunner.java:63)\n\tat org.junit.runners.ParentRunner.runChildren(ParentRunner.java:236)\n\tat org.junit.runners.ParentRunner.access$000(ParentRunner.java:53)\n\tat org.junit.runners.ParentRunner$2.evaluate(ParentRunner.java:229)\n\tat org.junit.runners.ParentRunner.run(ParentRunner.java:309)\n\tat org.apache.maven.surefire.junit4.JUnit4Provider.execute(JUnit4Provider.java:264)\n\tat org.apache.maven.surefire.junit4.JUnit4Provider.executeTestSet(JUnit4Provider.java:153)\n\tat org.apache.maven.surefire.junit4.JUnit4Provider.invoke(JUnit4Provider.java:124)\n\tat org.apache.maven.surefire.booter.ForkedBooter.invokeProviderInSameClassLoader(ForkedBooter.java:200)\n\tat org.apache.maven.surefire.booter.ForkedBooter.runSuitesInProcess(ForkedBooter.java:153)\n\tat org.apache.maven.surefire.booter.ForkedBooter.main(ForkedBooter.java:103)\n"
   },
   "steps" : {
      "step" : [ ]
   },
   "attachments" : {
      "attachment" : [ ]
   },
   "labels" : {
      "label" : [ {
         "name" : "host",
         "value" : "Abduls-MBP.home"
      }, {
         "name" : "thread",
         "value" : "35250@Abduls-MBP.home.main(1)"
      } ]
   }
}
testCase=ru.yandex.qatools.allure.model.TestCase@4cc8d70d[
  _id=6fef7314-6120-4155-abb9-fad94ca8f243
  executionId=27f47f39-aa42-4a27-8553-fee0eadcf4f3
  result=ru.yandex.qatools.allure.model.TestCaseResult@38811103
]
testCase={
   "_id" : "6fef7314-6120-4155-abb9-fad94ca8f243",
   "executionId" : "27f47f39-aa42-4a27-8553-fee0eadcf4f3",
   "result" : {
      "start" : 1443742743346,
      "stop" : 1443742797424,
[...]
         }, {
            "name" : "thread",
            "value" : "35250@Abduls-MBP.home.main(1)"
         } ]
      }
   }
}
>>>REQUEST: /testdb/TestCase
[WARN] [10/01/2015 19:44:58.682] [default-akka.actor.default-dispatcher-44] [ActorSystem(default)] Illegal response header: Illegal 'etag' header: Invalid input '5', expected 'W' or '"' (line 1, column 1): 560dc57afbeaf7a200c9beaa
^
<<<RESPONSE (201 Created): /testdb/TestCase
running with given plugins: []
=== Starting should_navigate_to_result_action_from_job(plugins.AnalysisCollectorPluginTest)
Starting Jenkins: JAVA_HOME=/Library/Java/JavaVirtualMachines/jdk1.8.0_60.jdk/Contents/Home JENKINS_HOME=/Users/abduljewel/Documents/c/spiderqa/sample-test-projects/acceptance-test-harness/target/jenkins9097327819261064556home /Library/Java/JavaVirtualMachines/jdk1.8.0_60.jdk/Contents/Home/bin/java -Duser.language=en -jar ./jenkins.war --ajp13Port=-1 --httpPort=65003
master65003|Running from: /Users/abduljewel/Documents/c/spiderqa/sample-test-projects/acceptance-test-harness/jenkins.war
master65003|webroot: EnvVars.masterEnvVars.get("JENKINS_HOME")
master65003|Oct 01, 2015 7:44:59 PM winstone.Logger logInternal
master65003|INFO: Beginning extraction from war file
master65003|Oct 01, 2015 7:45:04 PM org.eclipse.jetty.util.log.JavaUtilLog info
master65003|INFO: jetty-winstone-2.8
master65003|Oct 01, 2015 7:45:09 PM org.eclipse.jetty.util.log.JavaUtilLog info
master65003|INFO: NO JSP Support for , did not find org.apache.jasper.servlet.JspServlet
master65003|Jenkins home directory: /Users/abduljewel/Documents/c/spiderqa/sample-test-projects/acceptance-test-harness/target/jenkins9097327819261064556home found at: EnvVars.masterEnvVars.get("JENKINS_HOME")
master65003|Oct 01, 2015 7:45:13 PM org.eclipse.jetty.util.log.JavaUtilLog info
master65003|INFO: Started SelectChannelConnector@0.0.0.0:65003
master65003|Oct 01, 2015 7:45:13 PM winstone.Logger logInternal
master65003|INFO: Winstone Servlet Engine v2.0 running: controlPort=disabled
master65003|Oct 01, 2015 7:45:14 PM jenkins.InitReactorRunner$1 onAttained
master65003|INFO: Started initialization
master65003|Oct 01, 2015 7:45:45 PM jenkins.InitReactorRunner$1 onAttained
master65003|INFO: Listed all plugins
master65003|Oct 01, 2015 7:45:45 PM jenkins.InitReactorRunner$1 onAttained
master65003|INFO: Prepared all plugins
master65003|Oct 01, 2015 7:45:46 PM jenkins.InitReactorRunner$1 onAttained
master65003|INFO: Started all plugins
master65003|Oct 01, 2015 7:45:46 PM jenkins.InitReactorRunner$1 onAttained
master65003|INFO: Augmented all extensions
master65003|Oct 01, 2015 7:45:51 PM jenkins.InitReactorRunner$1 onAttained
master65003|INFO: Loaded all jobs
master65003|Oct 01, 2015 7:45:56 PM hudson.model.AsyncPeriodicWork$1 run
master65003|INFO: Started Download metadata
master65003|Oct 01, 2015 7:45:56 PM org.jenkinsci.main.modules.sshd.SSHD start
master65003|INFO: Started SSHD at port 49476
master65003|Oct 01, 2015 7:45:56 PM jenkins.InitReactorRunner$1 onAttained
master65003|INFO: Completed initialization
master65003|Oct 01, 2015 7:45:56 PM hudson.UDPBroadcastThread run
master65003|WARNING: UDP handling problem
master65003|java.net.SocketException: Can't assign requested address
master65003|	at java.net.PlainDatagramSocketImpl.join(Native Method)
master65003|	at java.net.AbstractPlainDatagramSocketImpl.join(AbstractPlainDatagramSocketImpl.java:179)
master65003|	at java.net.MulticastSocket.joinGroup(MulticastSocket.java:323)
master65003|	at hudson.UDPBroadcastThread.run(UDPBroadcastThread.java:77)
master65003|
master65003|Oct 01, 2015 7:45:56 PM hudson.WebAppMain$3 run
master65003|INFO: Jenkins is fully up and running
master65003|Oct 01, 2015 7:46:00 PM hudson.model.UpdateSite updateData
master65003|INFO: Obtained the latest update center data file for UpdateSource default
master65003|Oct 01, 2015 7:46:00 PM hudson.model.DownloadService$Downloadable load
master65003|INFO: Obtained the updated data file for hudson.tasks.Maven.MavenInstaller
master65003|Oct 01, 2015 7:46:00 PM hudson.model.DownloadService$Downloadable load
master65003|INFO: Obtained the updated data file for hudson.tasks.Ant.AntInstaller
master65003|Oct 01, 2015 7:46:01 PM hudson.model.DownloadService$Downloadable load
master65003|INFO: Obtained the updated data file for hudson.tools.JDKInstaller
master65003|Oct 01, 2015 7:46:01 PM hudson.model.AsyncPeriodicWork$1 run
master65003|INFO: Finished Download metadata. 5,584 ms
Jenkins is stopped
]]></system-out>
    <system-err><![CDATA[Oct 01, 2015 7:44:58 PM org.jenkinsci.test.acceptance.controller.LocalController startNow
INFO: Waiting for Jenkins to become running in http://127.0.0.1:65003/
Oct 01, 2015 7:45:56 PM org.jenkinsci.test.acceptance.controller.LocalController startNow
INFO: Jenkins is running in http://127.0.0.1:65003/
Oct 01, 2015 7:46:03 PM org.jenkinsci.test.acceptance.po.PluginManager installationStatus
INFO: analysis-collector is not installed
Oct 01, 2015 7:46:03 PM org.jenkinsci.test.acceptance.po.PluginManager installationStatus
INFO: analysis-collector is not installed
Oct 01, 2015 7:46:05 PM org.jenkinsci.test.acceptance.po.PluginManager installationStatus
INFO: script-security has version 1.13 but 1.15 was requested
]]></system-err>
  </testcase>
  <testcase name="should_show_build_health" classname="plugins.AnalysisCollectorPluginTest" time="60.063">
    <error message="org.apache.http.entity.ContentType.create(Ljava/lang/String;[Lorg/apache/http/NameValuePair;)Lorg/apache/http/entity/ContentType;" type="java.lang.NoSuchMethodError">java.lang.NoSuchMethodError: org.apache.http.entity.ContentType.create(Ljava/lang/String;[Lorg/apache/http/NameValuePair;)Lorg/apache/http/entity/ContentType;
	at org.apache.http.entity.mime.MultipartEntityBuilder.buildEntity(MultipartEntityBuilder.java:209)
	at org.apache.http.entity.mime.MultipartEntityBuilder.build(MultipartEntityBuilder.java:230)
	at org.jenkinsci.test.acceptance.update_center.PluginMetadata.uploadTo(PluginMetadata.java:65)
	at org.jenkinsci.test.acceptance.po.PluginManager.installPlugins(PluginManager.java:173)
	at org.jenkinsci.test.acceptance.junit.WithPlugins$RuleImpl$1.doInstall(WithPlugins.java:139)
	at org.jenkinsci.test.acceptance.junit.WithPlugins$RuleImpl$1.installPlugins(WithPlugins.java:119)
	at org.jenkinsci.test.acceptance.junit.WithPlugins$RuleImpl$1.evaluate(WithPlugins.java:92)
	at org.jenkinsci.test.acceptance.junit.JenkinsAcceptanceTestRule$1$2$1.evaluate(JenkinsAcceptanceTestRule.java:129)
	at org.jenkinsci.test.acceptance.junit.FilterRule$1.evaluate(FilterRule.java:62)
	at org.jenkinsci.test.acceptance.junit.JenkinsAcceptanceTestRule$1.evaluate(JenkinsAcceptanceTestRule.java:55)
	at org.junit.runners.ParentRunner.runLeaf(ParentRunner.java:271)
	at org.junit.runners.BlockJUnit4ClassRunner.runChild(BlockJUnit4ClassRunner.java:70)
	at org.junit.runners.BlockJUnit4ClassRunner.runChild(BlockJUnit4ClassRunner.java:50)
	at org.junit.runners.ParentRunner$3.run(ParentRunner.java:238)
	at org.junit.runners.ParentRunner$1.schedule(ParentRunner.java:63)
	at org.junit.runners.ParentRunner.runChildren(ParentRunner.java:236)
	at org.junit.runners.ParentRunner.access$000(ParentRunner.java:53)
	at org.junit.runners.ParentRunner$2.evaluate(ParentRunner.java:229)
	at org.junit.runners.ParentRunner.run(ParentRunner.java:309)
	at org.apache.maven.surefire.junit4.JUnit4Provider.execute(JUnit4Provider.java:264)
	at org.apache.maven.surefire.junit4.JUnit4Provider.executeTestSet(JUnit4Provider.java:153)
	at org.apache.maven.surefire.junit4.JUnit4Provider.invoke(JUnit4Provider.java:124)
	at org.apache.maven.surefire.booter.ForkedBooter.invokeProviderInSameClassLoader(ForkedBooter.java:200)
	at org.apache.maven.surefire.booter.ForkedBooter.runSuitesInProcess(ForkedBooter.java:153)
	at org.apache.maven.surefire.booter.ForkedBooter.main(ForkedBooter.java:103)
</error>
    <system-out><![CDATA[testCaseResult=ru.yandex.qatools.allure.model.TestCaseResult@734ce281[
  name=should_navigate_to_result_action_from_job
  title=<null>
  description=<null>
  failure=ru.yandex.qatools.allure.model.Failure@49b89425
  start=1443743098677
  stop=1443743165960
  status=BROKEN
  severity=<null>
  steps=[]
  attachments=[]
  labels=[ru.yandex.qatools.allure.model.Label@59328218, ru.yandex.qatools.allure.model.Label@5345dfe8]
  parameters=<null>
]
testCaseResult={
   "start" : 1443743098677,
   "stop" : 1443743165960,
   "status" : "broken",
   "name" : "should_navigate_to_result_action_from_job",
   "failure" : {
      "message" : "NoSuchMethodError: org.apache.http.entity.ContentType.create(Ljava/lang/String;[Lorg/apache/http/NameValuePair;)Lorg/apache/http/entity/ContentType;",
      "stack-trace" : "java.lang.NoSuchMethodError: org.apache.http.entity.ContentType.create(Ljava/lang/String;[Lorg/apache/http/NameValuePair;)Lorg/apache/http/entity/ContentType;\n\tat org.apache.http.entity.mime.MultipartEntityBuilder.buildEntity(MultipartEntityBuilder.java:209)\n\tat org.apache.http.entity.mime.MultipartEntityBuilder.build(MultipartEntityBuilder.java:230)\n\tat org.jenkinsci.test.acceptance.update_center.PluginMetadata.uploadTo(PluginMetadata.java:65)\n\tat org.jenkinsci.test.acceptance.po.PluginManager.installPlugins(PluginManager.java:173)\n\tat org.jenkinsci.test.acceptance.junit.WithPlugins$RuleImpl$1.doInstall(WithPlugins.java:139)\n\tat org.jenkinsci.test.acceptance.junit.WithPlugins$RuleImpl$1.installPlugins(WithPlugins.java:119)\n\tat org.jenkinsci.test.acceptance.junit.WithPlugins$RuleImpl$1.evaluate(WithPlugins.java:92)\n\tat org.jenkinsci.test.acceptance.junit.JenkinsAcceptanceTestRule$1$2$1.evaluate(JenkinsAcceptanceTestRule.java:129)\n\tat org.jenkinsci.test.acceptance.junit.FilterRule$1.evaluate(FilterRule.java:62)\n\tat org.jenkinsci.test.acceptance.junit.JenkinsAcceptanceTestRule$1.evaluate(JenkinsAcceptanceTestRule.java:55)\n\tat org.junit.runners.ParentRunner.runLeaf(ParentRunner.java:271)\n\tat org.junit.runners.BlockJUnit4ClassRunner.runChild(BlockJUnit4ClassRunner.java:70)\n\tat org.junit.runners.BlockJUnit4ClassRunner.runChild(BlockJUnit4ClassRunner.java:50)\n\tat org.junit.runners.ParentRunner$3.run(ParentRunner.java:238)\n\tat org.junit.runners.ParentRunner$1.schedule(ParentRunner.java:63)\n\tat org.junit.runners.ParentRunner.runChildren(ParentRunner.java:236)\n\tat org.junit.runners.ParentRunner.access$000(ParentRunner.java:53)\n\tat org.junit.runners.ParentRunner$2.evaluate(ParentRunner.java:229)\n\tat org.junit.runners.ParentRunner.run(ParentRunner.java:309)\n\tat org.apache.maven.surefire.junit4.JUnit4Provider.execute(JUnit4Provider.java:264)\n\tat org.apache.maven.surefire.junit4.JUnit4Provider.executeTestSet(JUnit4Provider.java:153)\n\tat org.apache.maven.surefire.junit4.JUnit4Provider.invoke(JUnit4Provider.java:124)\n\tat org.apache.maven.surefire.booter.ForkedBooter.invokeProviderInSameClassLoader(ForkedBooter.java:200)\n\tat org.apache.maven.surefire.booter.ForkedBooter.runSuitesInProcess(ForkedBooter.java:153)\n\tat org.apache.maven.surefire.booter.ForkedBooter.main(ForkedBooter.java:103)\n"
   },
   "steps" : {
      "step" : [ ]
   },
   "attachments" : {
      "attachment" : [ ]
   },
   "labels" : {
      "label" : [ {
         "name" : "host",
         "value" : "Abduls-MBP.home"
      }, {
         "name" : "thread",
         "value" : "35250@Abduls-MBP.home.main(1)"
      } ]
   }
}
testCase=ru.yandex.qatools.allure.model.TestCase@478967eb[
  _id=a6f216e6-27a5-4e15-81f1-67e42dde5839
  executionId=27f47f39-aa42-4a27-8553-fee0eadcf4f3
  result=ru.yandex.qatools.allure.model.TestCaseResult@734ce281
]
testCase={
   "_id" : "a6f216e6-27a5-4e15-81f1-67e42dde5839",
   "executionId" : "27f47f39-aa42-4a27-8553-fee0eadcf4f3",
   "result" : {
      "start" : 1443743098677,
      "stop" : 1443743165960,
      "status" : "broken",
      "name" : "should_navigate_to_result_action_from_job",
      "failure" : {
         "message" : "NoSuchMethodError: org.apache.http.entity.ContentType.create(Ljava/lang/String;[Lorg/apache/http/NameValuePair;)Lorg/apache/http/entity/ContentType;",
         "stack-trace" : "java.lang.NoSuchMethodError: org.apache.http.entity.ContentType.create(Ljava/lang/String;[Lorg/apache/http/NameValuePair;)Lorg/apache/http/entity/ContentType;\n\tat org.apache.http.entity.mime.MultipartEntityBuilder.buildEntity(MultipartEntityBuilder.java:209)\n\tat org.apache.http.entity.mime.MultipartEntityBuilder.build(MultipartEntityBuilder.java:230)\n\tat org.jenkinsci.test.acceptance.update_center.PluginMetadata.uploadTo(PluginMetadata.java:65)\n\tat org.jenkinsci.test.acceptance.po.PluginManager.installPlugins(PluginManager.java:173)\n\tat org.jenkinsci.test.acceptance.junit.WithPlugins$RuleImpl$1.doInstall(WithPlugins.java:139)\n\tat org.jenkinsci.test.acceptance.junit.WithPlugins$RuleImpl$1.installPlugins(WithPlugins.java:119)\n\tat org.jenkinsci.test.acceptance.junit.WithPlugins$RuleImpl$1.evaluate(WithPlugins.java:92)\n\tat org.jenkinsci.test.acceptance.junit.JenkinsAcceptanceTestRule$1$2$1.evaluate(JenkinsAcceptanceTestRule.java:129)\n\tat org.jenkinsci.test.acceptance.junit.FilterRule$1.evaluate(FilterRule.java:62)\n\tat org.jenkinsci.test.acceptance.junit.JenkinsAcceptanceTestRule$1.evaluate(JenkinsAcceptanceTestRule.java:55)\n\tat org.junit.runners.ParentRunner.runLeaf(ParentRunner.java:271)\n\tat org.junit.runners.BlockJUnit4ClassRunner.runChild(BlockJUnit4ClassRunner.java:70)\n\tat org.junit.runners.BlockJUnit4ClassRunner.runChild(BlockJUnit4ClassRunner.java:50)\n\tat org.junit.runners.ParentRunner$3.run(ParentRunner.java:238)\n\tat org.junit.runners.ParentRunner$1.schedule(ParentRunner.java:63)\n\tat org.junit.runners.ParentRunner.runChildren(ParentRunner.java:236)\n\tat org.junit.runners.ParentRunner.access$000(ParentRunner.java:53)\n\tat org.junit.runners.ParentRunner$2.evaluate(ParentRunner.java:229)\n\tat org.junit.runners.ParentRunner.run(ParentRunner.java:309)\n\tat org.apache.maven.surefire.junit4.JUnit4Provider.execute(JUnit4Provider.java:264)\n\tat org.apache.maven.surefire.junit4.JUnit4Provider.executeTestSet(JUnit4Provider.java:153)\n\tat org.apache.maven.surefire.junit4.JUnit4Provider.invoke(JUnit4Provider.java:124)\n\tat org.apache.maven.surefire.booter.ForkedBooter.invokeProviderInSameClassLoader(ForkedBooter.java:200)\n\tat org.apache.maven.surefire.booter.ForkedBooter.runSuitesInProcess(ForkedBooter.java:153)\n\tat org.apache.maven.surefire.booter.ForkedBooter.main(ForkedBooter.java:103)\n"
      },
      "steps" : {
         "step" : [ ]
      },
      "attachments" : {
         "attachment" : [ ]
      },
      "labels" : {
         "label" : [ {
            "name" : "host",
            "value" : "Abduls-MBP.home"
         }, {
            "name" : "thread",
            "value" : "35250@Abduls-MBP.home.main(1)"
         } ]
      }
   }
}
>>>REQUEST: /testdb/TestCase
[WARN] [10/01/2015 19:46:06.018] [default-akka.actor.default-dispatcher-3] [ActorSystem(default)] Illegal response header: Illegal 'etag' header: Invalid input '5', expected 'W' or '"' (line 1, column 1): 560dc5befbeaf7a200c9beb8
^
<<<RESPONSE (201 Created): /testdb/TestCase
running with given plugins: []
=== Starting should_show_build_health(plugins.AnalysisCollectorPluginTest)
Starting Jenkins: JAVA_HOME=/Library/Java/JavaVirtualMachines/jdk1.8.0_60.jdk/Contents/Home JENKINS_HOME=/Users/abduljewel/Documents/c/spiderqa/sample-test-projects/acceptance-test-harness/target/jenkins5614823192673223394home /Library/Java/JavaVirtualMachines/jdk1.8.0_60.jdk/Contents/Home/bin/java -Duser.language=en -jar ./jenkins.war --ajp13Port=-1 --httpPort=61360
master61360|Running from: /Users/abduljewel/Documents/c/spiderqa/sample-test-projects/acceptance-test-harness/jenkins.war
master61360|webroot: EnvVars.masterEnvVars.get("JENKINS_HOME")
master61360|Oct 01, 2015 7:46:06 PM winstone.Logger logInternal
master61360|INFO: Beginning extraction from war file
master61360|Oct 01, 2015 7:46:11 PM org.eclipse.jetty.util.log.JavaUtilLog info
master61360|INFO: jetty-winstone-2.8
master61360|Oct 01, 2015 7:46:15 PM org.eclipse.jetty.util.log.JavaUtilLog info
master61360|INFO: NO JSP Support for , did not find org.apache.jasper.servlet.JspServlet
master61360|Jenkins home directory: /Users/abduljewel/Documents/c/spiderqa/sample-test-projects/acceptance-test-harness/target/jenkins5614823192673223394home found at: EnvVars.masterEnvVars.get("JENKINS_HOME")
master61360|Oct 01, 2015 7:46:18 PM org.eclipse.jetty.util.log.JavaUtilLog info
master61360|INFO: Started SelectChannelConnector@0.0.0.0:61360
master61360|Oct 01, 2015 7:46:18 PM winstone.Logger logInternal
master61360|INFO: Winstone Servlet Engine v2.0 running: controlPort=disabled
master61360|Oct 01, 2015 7:46:18 PM jenkins.InitReactorRunner$1 onAttained
master61360|INFO: Started initialization
master61360|Oct 01, 2015 7:46:49 PM jenkins.InitReactorRunner$1 onAttained
master61360|INFO: Listed all plugins
master61360|Oct 01, 2015 7:46:49 PM jenkins.InitReactorRunner$1 onAttained
master61360|INFO: Prepared all plugins
master61360|Oct 01, 2015 7:46:49 PM jenkins.InitReactorRunner$1 onAttained
master61360|INFO: Started all plugins
master61360|Oct 01, 2015 7:46:49 PM jenkins.InitReactorRunner$1 onAttained
master61360|INFO: Augmented all extensions
master61360|Oct 01, 2015 7:46:54 PM jenkins.InitReactorRunner$1 onAttained
master61360|INFO: Loaded all jobs
master61360|Oct 01, 2015 7:46:57 PM hudson.model.AsyncPeriodicWork$1 run
master61360|INFO: Started Download metadata
master61360|Oct 01, 2015 7:46:58 PM org.jenkinsci.main.modules.sshd.SSHD start
master61360|INFO: Started SSHD at port 49980
master61360|Oct 01, 2015 7:46:58 PM jenkins.InitReactorRunner$1 onAttained
master61360|INFO: Completed initialization
master61360|Oct 01, 2015 7:46:58 PM hudson.UDPBroadcastThread run
master61360|WARNING: UDP handling problem
master61360|java.net.SocketException: Can't assign requested address
master61360|	at java.net.PlainDatagramSocketImpl.join(Native Method)
master61360|	at java.net.AbstractPlainDatagramSocketImpl.join(AbstractPlainDatagramSocketImpl.java:179)
master61360|	at java.net.MulticastSocket.joinGroup(MulticastSocket.java:323)
master61360|	at hudson.UDPBroadcastThread.run(UDPBroadcastThread.java:77)
master61360|
master61360|Oct 01, 2015 7:46:58 PM hudson.WebAppMain$3 run
master61360|INFO: Jenkins is fully up and running
master61360|Oct 01, 2015 7:47:01 PM hudson.model.UpdateSite updateData
master61360|INFO: Obtained the latest update center data file for UpdateSource default
master61360|Oct 01, 2015 7:47:02 PM hudson.model.DownloadService$Downloadable load
master61360|INFO: Obtained the updated data file for hudson.tasks.Maven.MavenInstaller
master61360|Oct 01, 2015 7:47:03 PM hudson.model.DownloadService$Downloadable load
master61360|INFO: Obtained the updated data file for hudson.tasks.Ant.AntInstaller
master61360|Oct 01, 2015 7:47:04 PM hudson.model.DownloadService$Downloadable load
master61360|INFO: Obtained the updated data file for hudson.tools.JDKInstaller
master61360|Oct 01, 2015 7:47:04 PM hudson.model.AsyncPeriodicWork$1 run
master61360|INFO: Finished Download metadata. 6,419 ms
Jenkins is stopped
]]></system-out>
    <system-err><![CDATA[Oct 01, 2015 7:46:06 PM org.jenkinsci.test.acceptance.controller.LocalController startNow
INFO: Waiting for Jenkins to become running in http://127.0.0.1:61360/
Oct 01, 2015 7:46:58 PM org.jenkinsci.test.acceptance.controller.LocalController startNow
INFO: Jenkins is running in http://127.0.0.1:61360/
Oct 01, 2015 7:47:04 PM org.jenkinsci.test.acceptance.po.PluginManager installationStatus
INFO: analysis-collector is not installed
Oct 01, 2015 7:47:04 PM org.jenkinsci.test.acceptance.po.PluginManager installationStatus
INFO: analysis-collector is not installed
Oct 01, 2015 7:47:05 PM org.jenkinsci.test.acceptance.po.PluginManager installationStatus
INFO: script-security has version 1.13 but 1.15 was requested
]]></system-err>
  </testcase>
</testsuite>