<?xml version="1.0" encoding="UTF-8"?>
<testsuite name="plugins.NestedViewPluginTest" time="51.368" tests="3" errors="3" skipped="0" failures="0">
  <properties>
[...]
</properties>
  <testcase name="create_nested_view" classname="plugins.NestedViewPluginTest" time="16.612">
    <error message="org.apache.http.entity.ContentType.create(Ljava/lang/String;[Lorg/apache/http/NameValuePair;)Lorg/apache/http/entity/ContentType;" type="java.lang.NoSuchMethodError">java.lang.NoSuchMethodError: org.apache.http.entity.ContentType.create(Ljava/lang/String;[Lorg/apache/http/NameValuePair;)Lorg/apache/http/entity/ContentType;
	at org.apache.http.entity.mime.MultipartEntityBuilder.buildEntity(MultipartEntityBuilder.java:209)
	at org.apache.http.entity.mime.MultipartEntityBuilder.build(MultipartEntityBuilder.java:230)
	at org.jenkinsci.test.acceptance.update_center.PluginMetadata.uploadTo(PluginMetadata.java:65)
	at org.jenkinsci.test.acceptance.po.PluginManager.installPlugins(PluginManager.java:173)
	at org.jenkinsci.test.acceptance.junit.WithPlugins$RuleImpl$1.doInstall(WithPlugins.java:139)
	at org.jenkinsci.test.acceptance.junit.WithPlugins$RuleImpl$1.installPlugins(WithPlugins.java:119)
	at org.jenkinsci.test.acceptance.junit.WithPlugins$RuleImpl$1.evaluate(WithPlugins.java:92)
	at org.jenkinsci.test.acceptance.junit.JenkinsAcceptanceTestRule$1$2$1.evaluate(JenkinsAcceptanceTestRule.java:129)
	at org.jenkinsci.test.acceptance.junit.FilterRule$1.evaluate(FilterRule.java:62)
	at org.jenkinsci.test.acceptance.junit.JenkinsAcceptanceTestRule$1.evaluate(JenkinsAcceptanceTestRule.java:55)
	at org.junit.runners.ParentRunner.runLeaf(ParentRunner.java:271)
	at org.junit.runners.BlockJUnit4ClassRunner.runChild(BlockJUnit4ClassRunner.java:70)
	at org.junit.runners.BlockJUnit4ClassRunner.runChild(BlockJUnit4ClassRunner.java:50)
	at org.junit.runners.ParentRunner$3.run(ParentRunner.java:238)
	at org.junit.runners.ParentRunner$1.schedule(ParentRunner.java:63)
	at org.junit.runners.ParentRunner.runChildren(ParentRunner.java:236)
	at org.junit.runners.ParentRunner.access$000(ParentRunner.java:53)
	at org.junit.runners.ParentRunner$2.evaluate(ParentRunner.java:229)
	at org.junit.runners.ParentRunner.run(ParentRunner.java:309)
	at org.apache.maven.surefire.junit4.JUnit4Provider.execute(JUnit4Provider.java:264)
	at org.apache.maven.surefire.junit4.JUnit4Provider.executeTestSet(JUnit4Provider.java:153)
	at org.apache.maven.surefire.junit4.JUnit4Provider.invoke(JUnit4Provider.java:124)
	at org.apache.maven.surefire.booter.ForkedBooter.invokeProviderInSameClassLoader(ForkedBooter.java:200)
	at org.apache.maven.surefire.booter.ForkedBooter.runSuitesInProcess(ForkedBooter.java:153)
	at org.apache.maven.surefire.booter.ForkedBooter.main(ForkedBooter.java:103)
</error>
    <system-out><![CDATA[testCaseResult=ru.yandex.qatools.allure.model.TestCaseResult@5ca918b9[
  name=poll_for_changes
  title=<null>
  description=<null>
  failure=ru.yandex.qatools.allure.model.Failure@6439a587
  start=1444529310586
  stop=1444529328668
  status=BROKEN
  severity=<null>
  steps=[]
  attachments=[]
  labels=[ru.yandex.qatools.allure.model.Label@794dd471, ru.yandex.qatools.allure.model.Label@13f2f345]
  parameters=<null>
]
testCaseResult={
   "start" : 1444529310586,
   "stop" : 1444529328668,
   "status" : "broken",
   "name" : "poll_for_changes",
   "failure" : {
      "message" : "NoSuchMethodError: org.apache.http.entity.ContentType.create(Ljava/lang/String;[Lorg/apache/http/NameValuePair;)Lorg/apache/http/entity/ContentType;",
      "stack-trace" : "java.lang.NoSuchMethodError: org.apache.http.entity.ContentType.create(Ljava/lang/String;[Lorg/apache/http/NameValuePair;)Lorg/apache/http/entity/ContentType;\n\tat org.apache.http.entity.mime.MultipartEntityBuilder.buildEntity(MultipartEntityBuilder.java:209)\n\tat org.apache.http.entity.mime.MultipartEntityBuilder.build(MultipartEntityBuilder.java:230)\n\tat org.jenkinsci.test.acceptance.update_center.PluginMetadata.uploadTo(PluginMetadata.java:65)\n\tat org.jenkinsci.test.acceptance.po.PluginManager.installPlugins(PluginManager.java:173)\n\tat org.jenkinsci.test.acceptance.junit.WithPlugins$RuleImpl$1.doInstall(WithPlugins.java:139)\n\tat org.jenkinsci.test.acceptance.junit.WithPlugins$RuleImpl$1.installPlugins(WithPlugins.java:119)\n\tat org.jenkinsci.test.acceptance.junit.WithPlugins$RuleImpl$1.evaluate(WithPlugins.java:92)\n\tat org.jenkinsci.test.acceptance.junit.JenkinsAcceptanceTestRule$1$2$1.evaluate(JenkinsAcceptanceTestRule.java:129)\n\tat org.jenkinsci.test.acceptance.junit.FilterRule$1.evaluate(FilterRule.java:62)\n\tat org.jenkinsci.test.acceptance.junit.JenkinsAcceptanceTestRule$1.evaluate(JenkinsAcceptanceTestRule.java:55)\n\tat org.junit.runners.ParentRunner.runLeaf(ParentRunner.java:271)\n\tat org.junit.runners.BlockJUnit4ClassRunner.runChild(BlockJUnit4ClassRunner.java:70)\n\tat org.junit.runners.BlockJUnit4ClassRunner.runChild(BlockJUnit4ClassRunner.java:50)\n\tat org.junit.runners.ParentRunner$3.run(ParentRunner.java:238)\n\tat org.junit.runners.ParentRunner$1.schedule(ParentRunner.java:63)\n\tat org.junit.runners.ParentRunner.runChildren(ParentRunner.java:236)\n\tat org.junit.runners.ParentRunner.access$000(ParentRunner.java:53)\n\tat org.junit.runners.ParentRunner$2.evaluate(ParentRunner.java:229)\n\tat org.junit.runners.ParentRunner.run(ParentRunner.java:309)\n\tat org.apache.maven.surefire.junit4.JUnit4Provider.execute(JUnit4Provider.java:264)\n\tat org.apache.maven.surefire.junit4.JUnit4Provider.executeTestSet(JUnit4Provider.java:153)\n\tat org.apache.maven.surefire.junit4.JUnit4Provider.invoke(JUnit4Provider.java:124)\n\tat org.apache.maven.surefire.booter.ForkedBooter.invokeProviderInSameClassLoader(ForkedBooter.java:200)\n\tat org.apache.maven.surefire.booter.ForkedBooter.runSuitesInProcess(ForkedBooter.java:153)\n\tat org.apache.maven.surefire.booter.ForkedBooter.main(ForkedBooter.java:103)\n"
   },
   "steps" : {
      "step" : [ ]
   },
   "attachments" : {
      "attachment" : [ ]
   },
   "labels" : {
      "label" : [ {
         "name" : "host",
         "value" : "MacBook-Pro-2.home"
      }, {
         "name" : "thread",
         "value" : "3426@MacBook-Pro-2.home.main(1)"
      } ]
   }
}
testCase=ru.yandex.qatools.allure.model.TestCase@78a4d52[
  _id=cdb526ad-7e43-4037-b56d-74df28e6567e
  executionId=8e6dd7ca-e27b-4013-bda8-bc2788640ddd
  threadName=dc7331de-b740-4ba3-9907-ee3762987799
  result=ru.yandex.qatools.allure.model.TestCaseResult@5ca918b9
]
testCase={
   "_id" : "cdb526ad-7e43-4037-b56d-74df28e6567e",
   "executionId" : "8e6dd7ca-e27b-4013-bda8-bc2788640ddd",
   "threadName" : "dc7331de-b740-4ba3-9907-ee3762987799",
   "result" : {
      "start" : 1444529310586,
      "stop" : 1444529328668,
      "status" : "broken",
      "name" : "poll_for_changes",
      "failure" : {
         "message" : "NoSuchMethodError: org.apache.http.entity.ContentType.create(Ljava/lang/String;[Lorg/apache/http/NameValuePair;)Lorg/apache/http/entity/ContentType;",
         "stack-trace" : "java.lang.NoSuchMethodError: org.apache.http.entity.ContentType.create(Ljava/lang/String;[Lorg/apache/http/NameValuePair;)Lorg/apache/http/entity/ContentType;\n\tat org.apache.http.entity.mime.MultipartEntityBuilder.buildEntity(MultipartEntityBuilder.java:209)\n\tat org.apache.http.entity.mime.MultipartEntityBuilder.build(MultipartEntityBuilder.java:230)\n\tat org.jenkinsci.test.acceptance.update_center.PluginMetadata.uploadTo(PluginMetadata.java:65)\n\tat org.jenkinsci.test.acceptance.po.PluginManager.installPlugins(PluginManager.java:173)\n\tat org.jenkinsci.test.acceptance.junit.WithPlugins$RuleImpl$1.doInstall(WithPlugins.java:139)\n\tat org.jenkinsci.test.acceptance.junit.WithPlugins$RuleImpl$1.installPlugins(WithPlugins.java:119)\n\tat org.jenkinsci.test.acceptance.junit.WithPlugins$RuleImpl$1.evaluate(WithPlugins.java:92)\n\tat org.jenkinsci.test.acceptance.junit.JenkinsAcceptanceTestRule$1$2$1.evaluate(JenkinsAcceptanceTestRule.java:129)\n\tat org.jenkinsci.test.acceptance.junit.FilterRule$1.evaluate(FilterRule.java:62)\n\tat org.jenkinsci.test.acceptance.junit.JenkinsAcceptanceTestRule$1.evaluate(JenkinsAcceptanceTestRule.java:55)\n\tat org.junit.runners.ParentRunner.runLeaf(ParentRunner.java:271)\n\tat org.junit.runners.BlockJUnit4ClassRunner.runChild(BlockJUnit4ClassRunner.java:70)\n\tat org.junit.runners.BlockJUnit4ClassRunner.runChild(BlockJUnit4ClassRunner.java:50)\n\tat org.junit.runners.ParentRunner$3.run(ParentRunner.java:238)\n\tat org.junit.runners.ParentRunner$1.schedule(ParentRunner.java:63)\n\tat org.junit.runners.ParentRunner.runChildren(ParentRunner.java:236)\n\tat org.junit.runners.ParentRunner.access$000(ParentRunner.java:53)\n\tat org.junit.runners.ParentRunner$2.evaluate(ParentRunner.java:229)\n\tat org.junit.runners.ParentRunner.run(ParentRunner.java:309)\n\tat org.apache.maven.surefire.junit4.JUnit4Provider.execute(JUnit4Provider.java:264)\n\tat org.apache.maven.surefire.junit4.JUnit4Provider.executeTestSet(JUnit4Provider.java:153)\n\tat org.apache.maven.surefire.junit4.JUnit4Provider.invoke(JUnit4Provider.java:124)\n\tat org.apache.maven.surefire.booter.ForkedBooter.invokeProviderInSameClassLoader(ForkedBooter.java:200)\n\tat org.apache.maven.surefire.booter.ForkedBooter.runSuitesInProcess(ForkedBooter.java:153)\n\tat org.apache.maven.surefire.booter.ForkedBooter.main(ForkedBooter.java:103)\n"
      },
      "steps" : {
         "step" : [ ]
      },
      "attachments" : {
         "attachment" : [ ]
      },
      "labels" : {
         "label" : [ {
            "name" : "host",
            "value" : "MacBook-Pro-2.home"
         }, {
            "name" : "thread",
            "value" : "3426@MacBook-Pro-2.home.main(1)"
         } ]
      }
   }
}
>>>REQUEST: /testaspect/TestCase/cdb526ad-7e43-4037-b56d-74df28e6567e
<<<RESPONSE (201 Created): /testaspect/TestCase/cdb526ad-7e43-4037-b56d-74df28e6567e
running with given plugins: []
=== Starting create_nested_view(plugins.NestedViewPluginTest)
Starting Jenkins: JAVA_HOME=/Library/Java/JavaVirtualMachines/jdk1.8.0_60.jdk/Contents/Home JENKINS_HOME=/Users/abduljewel/Documents/c/spiderqa/sample-test-projects/acceptance-test-harness/target/jenkins7389641834506885341home /Library/Java/JavaVirtualMachines/jdk1.8.0_60.jdk/Contents/Home/bin/java -Duser.language=en -jar ./jenkins.war --ajp13Port=-1 --httpPort=56281
master56281|Running from: /Users/abduljewel/Documents/c/spiderqa/sample-test-projects/acceptance-test-harness/jenkins.war
master56281|webroot: EnvVars.masterEnvVars.get("JENKINS_HOME")
master56281|Oct 10, 2015 10:08:48 PM winstone.Logger logInternal
master56281|INFO: Beginning extraction from war file
master56281|Oct 10, 2015 10:08:49 PM org.eclipse.jetty.util.log.JavaUtilLog info
master56281|INFO: jetty-winstone-2.8
master56281|Oct 10, 2015 10:08:50 PM org.eclipse.jetty.util.log.JavaUtilLog info
master56281|INFO: NO JSP Support for , did not find org.apache.jasper.servlet.JspServlet
master56281|Jenkins home directory: /Users/abduljewel/Documents/c/spiderqa/sample-test-projects/acceptance-test-harness/target/jenkins7389641834506885341home found at: EnvVars.masterEnvVars.get("JENKINS_HOME")
master56281|Oct 10, 2015 10:08:51 PM org.eclipse.jetty.util.log.JavaUtilLog info
master56281|INFO: Started SelectChannelConnector@0.0.0.0:56281
master56281|Oct 10, 2015 10:08:51 PM winstone.Logger logInternal
master56281|INFO: Winstone Servlet Engine v2.0 running: controlPort=disabled
master56281|Oct 10, 2015 10:08:52 PM jenkins.InitReactorRunner$1 onAttained
master56281|INFO: Started initialization
master56281|Oct 10, 2015 10:09:00 PM jenkins.InitReactorRunner$1 onAttained
master56281|INFO: Listed all plugins
master56281|Oct 10, 2015 10:09:00 PM jenkins.InitReactorRunner$1 onAttained
master56281|INFO: Prepared all plugins
master56281|Oct 10, 2015 10:09:00 PM jenkins.InitReactorRunner$1 onAttained
master56281|INFO: Started all plugins
master56281|Oct 10, 2015 10:09:00 PM jenkins.InitReactorRunner$1 onAttained
master56281|INFO: Augmented all extensions
master56281|Oct 10, 2015 10:09:01 PM jenkins.InitReactorRunner$1 onAttained
master56281|INFO: Loaded all jobs
master56281|Oct 10, 2015 10:09:02 PM hudson.model.AsyncPeriodicWork$1 run
master56281|INFO: Started Download metadata
master56281|Oct 10, 2015 10:09:03 PM org.jenkinsci.main.modules.sshd.SSHD start
master56281|INFO: Started SSHD at port 65334
master56281|Oct 10, 2015 10:09:03 PM jenkins.InitReactorRunner$1 onAttained
master56281|INFO: Completed initialization
master56281|Oct 10, 2015 10:09:03 PM hudson.WebAppMain$3 run
master56281|INFO: Jenkins is fully up and running
master56281|Oct 10, 2015 10:09:04 PM hudson.model.UpdateSite updateData
master56281|INFO: Obtained the latest update center data file for UpdateSource default
master56281|Oct 10, 2015 10:09:04 PM hudson.model.DownloadService$Downloadable load
master56281|INFO: Obtained the updated data file for hudson.tasks.Maven.MavenInstaller
master56281|Oct 10, 2015 10:09:04 PM hudson.model.DownloadService$Downloadable load
master56281|INFO: Obtained the updated data file for hudson.tasks.Ant.AntInstaller
Jenkins is stopped
]]></system-out>
    <system-err><![CDATA[Oct 10, 2015 10:08:48 PM org.jenkinsci.test.acceptance.controller.LocalController startNow
INFO: Waiting for Jenkins to become running in http://127.0.0.1:56281/
Oct 10, 2015 10:09:03 PM org.jenkinsci.test.acceptance.controller.LocalController startNow
INFO: Jenkins is running in http://127.0.0.1:56281/
Oct 10, 2015 10:09:03 PM org.openqa.selenium.phantomjs.PhantomJSDriverService <init>
INFO: executable: /usr/local/bin/phantomjs
Oct 10, 2015 10:09:03 PM org.openqa.selenium.phantomjs.PhantomJSDriverService <init>
INFO: port: 33174
Oct 10, 2015 10:09:03 PM org.openqa.selenium.phantomjs.PhantomJSDriverService <init>
INFO: arguments: [--webdriver=33174, --webdriver-logfile=/Users/abduljewel/Documents/c/spiderqa/sample-test-projects/acceptance-test-harness/phantomjsdriver.log]
Oct 10, 2015 10:09:03 PM org.openqa.selenium.phantomjs.PhantomJSDriverService <init>
INFO: environment: {}
[INFO  - 2015-10-11T02:09:03.409Z] GhostDriver - Main - running on port 33174
[INFO  - 2015-10-11T02:09:03.669Z] Session [0b78db00-6fbd-11e5-8ae0-1512248c3e1a] - page.settings - {"XSSAuditingEnabled":false,"javascriptCanCloseWindows":true,"javascriptCanOpenWindows":true,"javascriptEnabled":true,"loadImages":true,"localToRemoteUrlAccessEnabled":false,"userAgent":"Mozilla/5.0 (Macintosh; Intel Mac OS X) AppleWebKit/538.1 (KHTML, like Gecko) PhantomJS/2.0.0 Safari/538.1","webSecurityEnabled":true}
[INFO  - 2015-10-11T02:09:03.669Z] Session [0b78db00-6fbd-11e5-8ae0-1512248c3e1a] - page.customHeaders:  - {"Accept-Language":"en"}
[INFO  - 2015-10-11T02:09:03.671Z] Session [0b78db00-6fbd-11e5-8ae0-1512248c3e1a] - Session.negotiatedCapabilities - {"browserName":"phantomjs","version":"2.0.0","driverName":"ghostdriver","driverVersion":"1.2.0","platform":"mac-10.9 (Mavericks)-64bit","javascriptEnabled":true,"takesScreenshot":true,"handlesAlerts":false,"databaseEnabled":false,"locationContextEnabled":false,"applicationCacheEnabled":false,"browserConnectionEnabled":false,"cssSelectorsEnabled":true,"webStorageEnabled":false,"rotatable":false,"acceptSslCerts":false,"nativeEvents":true,"proxy":{"proxyType":"direct"},"phantomjs.page.customHeaders.Accept-Language":"en"}
[INFO  - 2015-10-11T02:09:03.671Z] SessionManagerReqHand - _postNewSessionCommand - New Session Created: 0b78db00-6fbd-11e5-8ae0-1512248c3e1a
Oct 10, 2015 10:09:04 PM org.jenkinsci.test.acceptance.po.PluginManager installationStatus
INFO: nested-view is not installed
Oct 10, 2015 10:09:04 PM org.jenkinsci.test.acceptance.po.PluginManager installationStatus
INFO: nested-view is not installed
Oct 10, 2015 10:09:04 PM org.jenkinsci.test.acceptance.po.PluginManager installationStatus
INFO: nested-view@1.14 is not installed
[INFO  - 2015-10-11T02:09:04.629Z] ShutdownReqHand - _handle - About to shutdown
]]></system-err>
  </testcase>
  <testcase name="add_subviews_to_a_nested_view" classname="plugins.NestedViewPluginTest" time="16.893">
    <error message="org.apache.http.entity.ContentType.create(Ljava/lang/String;[Lorg/apache/http/NameValuePair;)Lorg/apache/http/entity/ContentType;" type="java.lang.NoSuchMethodError">java.lang.NoSuchMethodError: org.apache.http.entity.ContentType.create(Ljava/lang/String;[Lorg/apache/http/NameValuePair;)Lorg/apache/http/entity/ContentType;
	at org.apache.http.entity.mime.MultipartEntityBuilder.buildEntity(MultipartEntityBuilder.java:209)
	at org.apache.http.entity.mime.MultipartEntityBuilder.build(MultipartEntityBuilder.java:230)
	at org.jenkinsci.test.acceptance.update_center.PluginMetadata.uploadTo(PluginMetadata.java:65)
	at org.jenkinsci.test.acceptance.po.PluginManager.installPlugins(PluginManager.java:173)
	at org.jenkinsci.test.acceptance.junit.WithPlugins$RuleImpl$1.doInstall(WithPlugins.java:139)
	at org.jenkinsci.test.acceptance.junit.WithPlugins$RuleImpl$1.installPlugins(WithPlugins.java:119)
	at org.jenkinsci.test.acceptance.junit.WithPlugins$RuleImpl$1.evaluate(WithPlugins.java:92)
	at org.jenkinsci.test.acceptance.junit.JenkinsAcceptanceTestRule$1$2$1.evaluate(JenkinsAcceptanceTestRule.java:129)
	at org.jenkinsci.test.acceptance.junit.FilterRule$1.evaluate(FilterRule.java:62)
	at org.jenkinsci.test.acceptance.junit.JenkinsAcceptanceTestRule$1.evaluate(JenkinsAcceptanceTestRule.java:55)
	at org.junit.runners.ParentRunner.runLeaf(ParentRunner.java:271)
	at org.junit.runners.BlockJUnit4ClassRunner.runChild(BlockJUnit4ClassRunner.java:70)
	at org.junit.runners.BlockJUnit4ClassRunner.runChild(BlockJUnit4ClassRunner.java:50)
	at org.junit.runners.ParentRunner$3.run(ParentRunner.java:238)
	at org.junit.runners.ParentRunner$1.schedule(ParentRunner.java:63)
	at org.junit.runners.ParentRunner.runChildren(ParentRunner.java:236)
	at org.junit.runners.ParentRunner.access$000(ParentRunner.java:53)
	at org.junit.runners.ParentRunner$2.evaluate(ParentRunner.java:229)
	at org.junit.runners.ParentRunner.run(ParentRunner.java:309)
	at org.apache.maven.surefire.junit4.JUnit4Provider.execute(JUnit4Provider.java:264)
	at org.apache.maven.surefire.junit4.JUnit4Provider.executeTestSet(JUnit4Provider.java:153)
	at org.apache.maven.surefire.junit4.JUnit4Provider.invoke(JUnit4Provider.java:124)
	at org.apache.maven.surefire.booter.ForkedBooter.invokeProviderInSameClassLoader(ForkedBooter.java:200)
	at org.apache.maven.surefire.booter.ForkedBooter.runSuitesInProcess(ForkedBooter.java:153)
	at org.apache.maven.surefire.booter.ForkedBooter.main(ForkedBooter.java:103)
</error>
    <system-out><![CDATA[testCaseResult=ru.yandex.qatools.allure.model.TestCaseResult@8c35c69[
  name=create_nested_view
  title=<null>
  description=<null>
  failure=ru.yandex.qatools.allure.model.Failure@6bfe9e3f
  start=1444529328672
  stop=1444529345310
  status=BROKEN
  severity=<null>
  steps=[]
  attachments=[]
  labels=[ru.yandex.qatools.allure.model.Label@35718a0c, ru.yandex.qatools.allure.model.Label@6b4f4d4a]
  parameters=<null>
]
testCaseResult={
   "start" : 1444529328672,
   "stop" : 1444529345310,
   "status" : "broken",
   "name" : "create_nested_view",
   "failure" : {
      "message" : "NoSuchMethodError: org.apache.http.entity.ContentType.create(Ljava/lang/String;[Lorg/apache/http/NameValuePair;)Lorg/apache/http/entity/ContentType;",
      "stack-trace" : "java.lang.NoSuchMethodError: org.apache.http.entity.ContentType.create(Ljava/lang/String;[Lorg/apache/http/NameValuePair;)Lorg/apache/http/entity/ContentType;\n\tat org.apache.http.entity.mime.MultipartEntityBuilder.buildEntity(MultipartEntityBuilder.java:209)\n\tat org.apache.http.entity.mime.MultipartEntityBuilder.build(MultipartEntityBuilder.java:230)\n\tat org.jenkinsci.test.acceptance.update_center.PluginMetadata.uploadTo(PluginMetadata.java:65)\n\tat org.jenkinsci.test.acceptance.po.PluginManager.installPlugins(PluginManager.java:173)\n\tat org.jenkinsci.test.acceptance.junit.WithPlugins$RuleImpl$1.doInstall(WithPlugins.java:139)\n\tat org.jenkinsci.test.acceptance.junit.WithPlugins$RuleImpl$1.installPlugins(WithPlugins.java:119)\n\tat org.jenkinsci.test.acceptance.junit.WithPlugins$RuleImpl$1.evaluate(WithPlugins.java:92)\n\tat org.jenkinsci.test.acceptance.junit.JenkinsAcceptanceTestRule$1$2$1.evaluate(JenkinsAcceptanceTestRule.java:129)\n\tat org.jenkinsci.test.acceptance.junit.FilterRule$1.evaluate(FilterRule.java:62)\n\tat org.jenkinsci.test.acceptance.junit.JenkinsAcceptanceTestRule$1.evaluate(JenkinsAcceptanceTestRule.java:55)\n\tat org.junit.runners.ParentRunner.runLeaf(ParentRunner.java:271)\n\tat org.junit.runners.BlockJUnit4ClassRunner.runChild(BlockJUnit4ClassRunner.java:70)\n\tat org.junit.runners.BlockJUnit4ClassRunner.runChild(BlockJUnit4ClassRunner.java:50)\n\tat org.junit.runners.ParentRunner$3.run(ParentRunner.java:238)\n\tat org.junit.runners.ParentRunner$1.schedule(ParentRunner.java:63)\n\tat org.junit.runners.ParentRunner.runChildren(ParentRunner.java:236)\n\tat org.junit.runners.ParentRunner.access$000(ParentRunner.java:53)\n\tat org.junit.runners.ParentRunner$2.evaluate(ParentRunner.java:229)\n\tat org.junit.runners.ParentRunner.run(ParentRunner.java:309)\n\tat org.apache.maven.surefire.junit4.JUnit4Provider.execute(JUnit4Provider.java:264)\n\tat org.apache.maven.surefire.junit4.JUnit4Provider.executeTestSet(JUnit4Provider.java:153)\n\tat org.apache.maven.surefire.junit4.JUnit4Provider.invoke(JUnit4Provider.java:124)\n\tat org.apache.maven.surefire.booter.ForkedBooter.invokeProviderInSameClassLoader(ForkedBooter.java:200)\n\tat org.apache.maven.surefire.booter.ForkedBooter.runSuitesInProcess(ForkedBooter.java:153)\n\tat org.apache.maven.surefire.booter.ForkedBooter.main(ForkedBooter.java:103)\n"
   },
   "steps" : {
      "step" : [ ]
   },
   "attachments" : {
      "attachment" : [ ]
   },
   "labels" : {
      "label" : [ {
         "name" : "host",
         "value" : "MacBook-Pro-2.home"
      }, {
         "name" : "thread",
         "value" : "3426@MacBook-Pro-2.home.main(1)"
      } ]
   }
}
testCase=ru.yandex.qatools.allure.model.TestCase@79fd645e[
  _id=8716e851-4cc1-431b-984e-4f70d6d10727
  executionId=8e6dd7ca-e27b-4013-bda8-bc2788640ddd
  threadName=dc7331de-b740-4ba3-9907-ee3762987799
  result=ru.yandex.qatools.allure.model.TestCaseResult@8c35c69
]
testCase={
   "_id" : "8716e851-4cc1-431b-984e-4f70d6d10727",
   "executionId" : "8e6dd7ca-e27b-4013-bda8-bc2788640ddd",
   "threadName" : "dc7331de-b740-4ba3-9907-ee3762987799",
   "result" : {
      "start" : 1444529328672,
      "stop" : 1444529345310,
      "status" : "broken",
      "name" : "create_nested_view",
      "failure" : {
         "message" : "NoSuchMethodError: org.apache.http.entity.ContentType.create(Ljava/lang/String;[Lorg/apache/http/NameValuePair;)Lorg/apache/http/entity/ContentType;",
         "stack-trace" : "java.lang.NoSuchMethodError: org.apache.http.entity.ContentType.create(Ljava/lang/String;[Lorg/apache/http/NameValuePair;)Lorg/apache/http/entity/ContentType;\n\tat org.apache.http.entity.mime.MultipartEntityBuilder.buildEntity(MultipartEntityBuilder.java:209)\n\tat org.apache.http.entity.mime.MultipartEntityBuilder.build(MultipartEntityBuilder.java:230)\n\tat org.jenkinsci.test.acceptance.update_center.PluginMetadata.uploadTo(PluginMetadata.java:65)\n\tat org.jenkinsci.test.acceptance.po.PluginManager.installPlugins(PluginManager.java:173)\n\tat org.jenkinsci.test.acceptance.junit.WithPlugins$RuleImpl$1.doInstall(WithPlugins.java:139)\n\tat org.jenkinsci.test.acceptance.junit.WithPlugins$RuleImpl$1.installPlugins(WithPlugins.java:119)\n\tat org.jenkinsci.test.acceptance.junit.WithPlugins$RuleImpl$1.evaluate(WithPlugins.java:92)\n\tat org.jenkinsci.test.acceptance.junit.JenkinsAcceptanceTestRule$1$2$1.evaluate(JenkinsAcceptanceTestRule.java:129)\n\tat org.jenkinsci.test.acceptance.junit.FilterRule$1.evaluate(FilterRule.java:62)\n\tat org.jenkinsci.test.acceptance.junit.JenkinsAcceptanceTestRule$1.evaluate(JenkinsAcceptanceTestRule.java:55)\n\tat org.junit.runners.ParentRunner.runLeaf(ParentRunner.java:271)\n\tat org.junit.runners.BlockJUnit4ClassRunner.runChild(BlockJUnit4ClassRunner.java:70)\n\tat org.junit.runners.BlockJUnit4ClassRunner.runChild(BlockJUnit4ClassRunner.java:50)\n\tat org.junit.runners.ParentRunner$3.run(ParentRunner.java:238)\n\tat org.junit.runners.ParentRunner$1.schedule(ParentRunner.java:63)\n\tat org.junit.runners.ParentRunner.runChildren(ParentRunner.java:236)\n\tat org.junit.runners.ParentRunner.access$000(ParentRunner.java:53)\n\tat org.junit.runners.ParentRunner$2.evaluate(ParentRunner.java:229)\n\tat org.junit.runners.ParentRunner.run(ParentRunner.java:309)\n\tat org.apache.maven.surefire.junit4.JUnit4Provider.execute(JUnit4Provider.java:264)\n\tat org.apache.maven.surefire.junit4.JUnit4Provider.executeTestSet(JUnit4Provider.java:153)\n\tat org.apache.maven.surefire.junit4.JUnit4Provider.invoke(JUnit4Provider.java:124)\n\tat org.apache.maven.surefire.booter.ForkedBooter.invokeProviderInSameClassLoader(ForkedBooter.java:200)\n\tat org.apache.maven.surefire.booter.ForkedBooter.runSuitesInProcess(ForkedBooter.java:153)\n\tat org.apache.maven.surefire.booter.ForkedBooter.main(ForkedBooter.java:103)\n"
      },
      "steps" : {
         "step" : [ ]
      },
      "attachments" : {
         "attachment" : [ ]
      },
      "labels" : {
         "label" : [ {
            "name" : "host",
            "value" : "MacBook-Pro-2.home"
         }, {
            "name" : "thread",
            "value" : "3426@MacBook-Pro-2.home.main(1)"
         } ]
      }
   }
}
>>>REQUEST: /testaspect/TestCase/8716e851-4cc1-431b-984e-4f70d6d10727
running with given plugins: []
<<<RESPONSE (201 Created): /testaspect/TestCase/8716e851-4cc1-431b-984e-4f70d6d10727
=== Starting add_subviews_to_a_nested_view(plugins.NestedViewPluginTest)
Starting Jenkins: JAVA_HOME=/Library/Java/JavaVirtualMachines/jdk1.8.0_60.jdk/Contents/Home JENKINS_HOME=/Users/abduljewel/Documents/c/spiderqa/sample-test-projects/acceptance-test-harness/target/jenkins7147524867645526773home /Library/Java/JavaVirtualMachines/jdk1.8.0_60.jdk/Contents/Home/bin/java -Duser.language=en -jar ./jenkins.war --ajp13Port=-1 --httpPort=61521
master61521|Running from: /Users/abduljewel/Documents/c/spiderqa/sample-test-projects/acceptance-test-harness/jenkins.war
master61521|webroot: EnvVars.masterEnvVars.get("JENKINS_HOME")
master61521|Oct 10, 2015 10:09:05 PM winstone.Logger logInternal
master61521|INFO: Beginning extraction from war file
master61521|Oct 10, 2015 10:09:06 PM org.eclipse.jetty.util.log.JavaUtilLog info
master61521|INFO: jetty-winstone-2.8
master61521|Oct 10, 2015 10:09:07 PM org.eclipse.jetty.util.log.JavaUtilLog info
master61521|INFO: NO JSP Support for , did not find org.apache.jasper.servlet.JspServlet
master61521|Jenkins home directory: /Users/abduljewel/Documents/c/spiderqa/sample-test-projects/acceptance-test-harness/target/jenkins7147524867645526773home found at: EnvVars.masterEnvVars.get("JENKINS_HOME")
master61521|Oct 10, 2015 10:09:08 PM org.eclipse.jetty.util.log.JavaUtilLog info
master61521|INFO: Started SelectChannelConnector@0.0.0.0:61521
master61521|Oct 10, 2015 10:09:08 PM winstone.Logger logInternal
master61521|INFO: Winstone Servlet Engine v2.0 running: controlPort=disabled
master61521|Oct 10, 2015 10:09:08 PM jenkins.InitReactorRunner$1 onAttained
master61521|INFO: Started initialization
master61521|Oct 10, 2015 10:09:17 PM jenkins.InitReactorRunner$1 onAttained
master61521|INFO: Listed all plugins
master61521|Oct 10, 2015 10:09:17 PM jenkins.InitReactorRunner$1 onAttained
master61521|INFO: Prepared all plugins
master61521|Oct 10, 2015 10:09:17 PM jenkins.InitReactorRunner$1 onAttained
master61521|INFO: Started all plugins
master61521|Oct 10, 2015 10:09:17 PM jenkins.InitReactorRunner$1 onAttained
master61521|INFO: Augmented all extensions
master61521|Oct 10, 2015 10:09:18 PM jenkins.InitReactorRunner$1 onAttained
master61521|INFO: Loaded all jobs
master61521|Oct 10, 2015 10:09:18 PM hudson.model.AsyncPeriodicWork$1 run
master61521|INFO: Started Download metadata
master61521|Oct 10, 2015 10:09:20 PM org.jenkinsci.main.modules.sshd.SSHD start
master61521|INFO: Started SSHD at port 65358
master61521|Oct 10, 2015 10:09:20 PM jenkins.InitReactorRunner$1 onAttained
master61521|INFO: Completed initialization
master61521|Oct 10, 2015 10:09:20 PM hudson.WebAppMain$3 run
master61521|INFO: Jenkins is fully up and running
master61521|Oct 10, 2015 10:09:20 PM hudson.model.UpdateSite updateData
master61521|INFO: Obtained the latest update center data file for UpdateSource default
master61521|Oct 10, 2015 10:09:21 PM hudson.model.DownloadService$Downloadable load
master61521|INFO: Obtained the updated data file for hudson.tasks.Maven.MavenInstaller
master61521|Oct 10, 2015 10:09:21 PM hudson.model.DownloadService$Downloadable load
master61521|INFO: Obtained the updated data file for hudson.tasks.Ant.AntInstaller
Jenkins is stopped
]]></system-out>
    <system-err><![CDATA[Oct 10, 2015 10:09:05 PM org.jenkinsci.test.acceptance.controller.LocalController startNow
INFO: Waiting for Jenkins to become running in http://127.0.0.1:61521/
Oct 10, 2015 10:09:20 PM org.jenkinsci.test.acceptance.controller.LocalController startNow
INFO: Jenkins is running in http://127.0.0.1:61521/
Oct 10, 2015 10:09:20 PM org.openqa.selenium.phantomjs.PhantomJSDriverService <init>
INFO: executable: /usr/local/bin/phantomjs
Oct 10, 2015 10:09:20 PM org.openqa.selenium.phantomjs.PhantomJSDriverService <init>
INFO: port: 41885
Oct 10, 2015 10:09:20 PM org.openqa.selenium.phantomjs.PhantomJSDriverService <init>
INFO: arguments: [--webdriver=41885, --webdriver-logfile=/Users/abduljewel/Documents/c/spiderqa/sample-test-projects/acceptance-test-harness/phantomjsdriver.log]
Oct 10, 2015 10:09:20 PM org.openqa.selenium.phantomjs.PhantomJSDriverService <init>
INFO: environment: {}
[INFO  - 2015-10-11T02:09:20.410Z] GhostDriver - Main - running on port 41885
[INFO  - 2015-10-11T02:09:20.640Z] Session [15966cb0-6fbd-11e5-8d12-b71d4b4e5218] - page.settings - {"XSSAuditingEnabled":false,"javascriptCanCloseWindows":true,"javascriptCanOpenWindows":true,"javascriptEnabled":true,"loadImages":true,"localToRemoteUrlAccessEnabled":false,"userAgent":"Mozilla/5.0 (Macintosh; Intel Mac OS X) AppleWebKit/538.1 (KHTML, like Gecko) PhantomJS/2.0.0 Safari/538.1","webSecurityEnabled":true}
[INFO  - 2015-10-11T02:09:20.640Z] Session [15966cb0-6fbd-11e5-8d12-b71d4b4e5218] - page.customHeaders:  - {"Accept-Language":"en"}
[INFO  - 2015-10-11T02:09:20.640Z] Session [15966cb0-6fbd-11e5-8d12-b71d4b4e5218] - Session.negotiatedCapabilities - {"browserName":"phantomjs","version":"2.0.0","driverName":"ghostdriver","driverVersion":"1.2.0","platform":"mac-10.9 (Mavericks)-64bit","javascriptEnabled":true,"takesScreenshot":true,"handlesAlerts":false,"databaseEnabled":false,"locationContextEnabled":false,"applicationCacheEnabled":false,"browserConnectionEnabled":false,"cssSelectorsEnabled":true,"webStorageEnabled":false,"rotatable":false,"acceptSslCerts":false,"nativeEvents":true,"proxy":{"proxyType":"direct"},"phantomjs.page.customHeaders.Accept-Language":"en"}
[INFO  - 2015-10-11T02:09:20.640Z] SessionManagerReqHand - _postNewSessionCommand - New Session Created: 15966cb0-6fbd-11e5-8d12-b71d4b4e5218
Oct 10, 2015 10:09:21 PM org.jenkinsci.test.acceptance.po.PluginManager installationStatus
INFO: nested-view is not installed
Oct 10, 2015 10:09:21 PM org.jenkinsci.test.acceptance.po.PluginManager installationStatus
INFO: nested-view is not installed
Oct 10, 2015 10:09:21 PM org.jenkinsci.test.acceptance.po.PluginManager installationStatus
INFO: nested-view@1.14 is not installed
[INFO  - 2015-10-11T02:09:21.533Z] ShutdownReqHand - _handle - About to shutdown
]]></system-err>
  </testcase>
  <testcase name="set_default_view_of_a_nested_view" classname="plugins.NestedViewPluginTest" time="17.863">
    <error message="org.apache.http.entity.ContentType.create(Ljava/lang/String;[Lorg/apache/http/NameValuePair;)Lorg/apache/http/entity/ContentType;" type="java.lang.NoSuchMethodError">java.lang.NoSuchMethodError: org.apache.http.entity.ContentType.create(Ljava/lang/String;[Lorg/apache/http/NameValuePair;)Lorg/apache/http/entity/ContentType;
	at org.apache.http.entity.mime.MultipartEntityBuilder.buildEntity(MultipartEntityBuilder.java:209)
	at org.apache.http.entity.mime.MultipartEntityBuilder.build(MultipartEntityBuilder.java:230)
	at org.jenkinsci.test.acceptance.update_center.PluginMetadata.uploadTo(PluginMetadata.java:65)
	at org.jenkinsci.test.acceptance.po.PluginManager.installPlugins(PluginManager.java:173)
	at org.jenkinsci.test.acceptance.junit.WithPlugins$RuleImpl$1.doInstall(WithPlugins.java:139)
	at org.jenkinsci.test.acceptance.junit.WithPlugins$RuleImpl$1.installPlugins(WithPlugins.java:119)
	at org.jenkinsci.test.acceptance.junit.WithPlugins$RuleImpl$1.evaluate(WithPlugins.java:92)
	at org.jenkinsci.test.acceptance.junit.JenkinsAcceptanceTestRule$1$2$1.evaluate(JenkinsAcceptanceTestRule.java:129)
	at org.jenkinsci.test.acceptance.junit.FilterRule$1.evaluate(FilterRule.java:62)
	at org.jenkinsci.test.acceptance.junit.JenkinsAcceptanceTestRule$1.evaluate(JenkinsAcceptanceTestRule.java:55)
	at org.junit.runners.ParentRunner.runLeaf(ParentRunner.java:271)
	at org.junit.runners.BlockJUnit4ClassRunner.runChild(BlockJUnit4ClassRunner.java:70)
	at org.junit.runners.BlockJUnit4ClassRunner.runChild(BlockJUnit4ClassRunner.java:50)
	at org.junit.runners.ParentRunner$3.run(ParentRunner.java:238)
	at org.junit.runners.ParentRunner$1.schedule(ParentRunner.java:63)
	at org.junit.runners.ParentRunner.runChildren(ParentRunner.java:236)
	at org.junit.runners.ParentRunner.access$000(ParentRunner.java:53)
	at org.junit.runners.ParentRunner$2.evaluate(ParentRunner.java:229)
	at org.junit.runners.ParentRunner.run(ParentRunner.java:309)
	at org.apache.maven.surefire.junit4.JUnit4Provider.execute(JUnit4Provider.java:264)
	at org.apache.maven.surefire.junit4.JUnit4Provider.executeTestSet(JUnit4Provider.java:153)
	at org.apache.maven.surefire.junit4.JUnit4Provider.invoke(JUnit4Provider.java:124)
	at org.apache.maven.surefire.booter.ForkedBooter.invokeProviderInSameClassLoader(ForkedBooter.java:200)
	at org.apache.maven.surefire.booter.ForkedBooter.runSuitesInProcess(ForkedBooter.java:153)
	at org.apache.maven.surefire.booter.ForkedBooter.main(ForkedBooter.java:103)
</error>
    <system-out><![CDATA[testCaseResult=ru.yandex.qatools.allure.model.TestCaseResult@48d72a79[
  name=add_subviews_to_a_nested_view
  title=<null>
  description=<null>
  failure=ru.yandex.qatools.allure.model.Failure@70579b55
  start=1444529345312
  stop=1444529362204
  status=BROKEN
  severity=<null>
  steps=[]
  attachments=[]
  labels=[ru.yandex.qatools.allure.model.Label@2315f94d, ru.yandex.qatools.allure.model.Label@4ce79aae]
  parameters=<null>
]
testCaseResult={
   "start" : 1444529345312,
   "stop" : 1444529362204,
   "status" : "broken",
   "name" : "add_subviews_to_a_nested_view",
   "failure" : {
      "message" : "NoSuchMethodError: org.apache.http.entity.ContentType.create(Ljava/lang/String;[Lorg/apache/http/NameValuePair;)Lorg/apache/http/entity/ContentType;",
      "stack-trace" : "java.lang.NoSuchMethodError: org.apache.http.entity.ContentType.create(Ljava/lang/String;[Lorg/apache/http/NameValuePair;)Lorg/apache/http/entity/ContentType;\n\tat org.apache.http.entity.mime.MultipartEntityBuilder.buildEntity(MultipartEntityBuilder.java:209)\n\tat org.apache.http.entity.mime.MultipartEntityBuilder.build(MultipartEntityBuilder.java:230)\n\tat org.jenkinsci.test.acceptance.update_center.PluginMetadata.uploadTo(PluginMetadata.java:65)\n\tat org.jenkinsci.test.acceptance.po.PluginManager.installPlugins(PluginManager.java:173)\n\tat org.jenkinsci.test.acceptance.junit.WithPlugins$RuleImpl$1.doInstall(WithPlugins.java:139)\n\tat org.jenkinsci.test.acceptance.junit.WithPlugins$RuleImpl$1.installPlugins(WithPlugins.java:119)\n\tat org.jenkinsci.test.acceptance.junit.WithPlugins$RuleImpl$1.evaluate(WithPlugins.java:92)\n\tat org.jenkinsci.test.acceptance.junit.JenkinsAcceptanceTestRule$1$2$1.evaluate(JenkinsAcceptanceTestRule.java:129)\n\tat org.jenkinsci.test.acceptance.junit.FilterRule$1.evaluate(FilterRule.java:62)\n\tat org.jenkinsci.test.acceptance.junit.JenkinsAcceptanceTestRule$1.evaluate(JenkinsAcceptanceTestRule.java:55)\n\tat org.junit.runners.ParentRunner.runLeaf(ParentRunner.java:271)\n\tat org.junit.runners.BlockJUnit4ClassRunner.runChild(BlockJUnit4ClassRunner.java:70)\n\tat org.junit.runners.BlockJUnit4ClassRunner.runChild(BlockJUnit4ClassRunner.java:50)\n\tat org.junit.runners.ParentRunner$3.run(ParentRunner.java:238)\n\tat org.junit.runners.ParentRunner$1.schedule(ParentRunner.java:63)\n\tat org.junit.runners.ParentRunner.runChildren(ParentRunner.java:236)\n\tat org.junit.runners.ParentRunner.access$000(ParentRunner.java:53)\n\tat org.junit.runners.ParentRunner$2.evaluate(ParentRunner.java:229)\n\tat org.junit.runners.ParentRunner.run(ParentRunner.java:309)\n\tat org.apache.maven.surefire.junit4.JUnit4Provider.execute(JUnit4Provider.java:264)\n\tat org.apache.maven.surefire.junit4.JUnit4Provider.executeTestSet(JUnit4Provider.java:153)\n\tat org.apache.maven.surefire.junit4.JUnit4Provider.invoke(JUnit4Provider.java:124)\n\tat org.apache.maven.surefire.booter.ForkedBooter.invokeProviderInSameClassLoader(ForkedBooter.java:200)\n\tat org.apache.maven.surefire.booter.ForkedBooter.runSuitesInProcess(ForkedBooter.java:153)\n\tat org.apache.maven.surefire.booter.ForkedBooter.main(ForkedBooter.java:103)\n"
   },
   "steps" : {
      "step" : [ ]
   },
   "attachments" : {
      "attachment" : [ ]
   },
   "labels" : {
      "label" : [ {
         "name" : "host",
         "value" : "MacBook-Pro-2.home"
      }, {
         "name" : "thread",
         "value" : "3426@MacBook-Pro-2.home.main(1)"
      } ]
   }
}
testCase=ru.yandex.qatools.allure.model.TestCase@3d92f5a9[
  _id=2cb4b3f1-f5fb-4217-add8-bc787c696b7a
  executionId=8e6dd7ca-e27b-4013-bda8-bc2788640ddd
  threadName=dc7331de-b740-4ba3-9907-ee3762987799
  result=ru.yandex.qatools.allure.model.TestCaseResult@48d72a79
]
testCase={
   "_id" : "2cb4b3f1-f5fb-4217-add8-bc787c696b7a",
   "executionId" : "8e6dd7ca-e27b-4013-bda8-bc2788640ddd",
   "threadName" : "dc7331de-b740-4ba3-9907-ee3762987799",
   "result" : {
      "start" : 1444529345312,
      "stop" : 1444529362204,
      "status" : "broken",
      "name" : "add_subviews_to_a_nested_view",
      "failure" : {
         "message" : "NoSuchMethodError: org.apache.http.entity.ContentType.create(Ljava/lang/String;[Lorg/apache/http/NameValuePair;)Lorg/apache/http/entity/ContentType;",
         "stack-trace" : "java.lang.NoSuchMethodError: org.apache.http.entity.ContentType.create(Ljava/lang/String;[Lorg/apache/http/NameValuePair;)Lorg/apache/http/entity/ContentType;\n\tat org.apache.http.entity.mime.MultipartEntityBuilder.buildEntity(MultipartEntityBuilder.java:209)\n\tat org.apache.http.entity.mime.MultipartEntityBuilder.build(MultipartEntityBuilder.java:230)\n\tat org.jenkinsci.test.acceptance.update_center.PluginMetadata.uploadTo(PluginMetadata.java:65)\n\tat org.jenkinsci.test.acceptance.po.PluginManager.installPlugins(PluginManager.java:173)\n\tat org.jenkinsci.test.acceptance.junit.WithPlugins$RuleImpl$1.doInstall(WithPlugins.java:139)\n\tat org.jenkinsci.test.acceptance.junit.WithPlugins$RuleImpl$1.installPlugins(WithPlugins.java:119)\n\tat org.jenkinsci.test.acceptance.junit.WithPlugins$RuleImpl$1.evaluate(WithPlugins.java:92)\n\tat org.jenkinsci.test.acceptance.junit.JenkinsAcceptanceTestRule$1$2$1.evaluate(JenkinsAcceptanceTestRule.java:129)\n\tat org.jenkinsci.test.acceptance.junit.FilterRule$1.evaluate(FilterRule.java:62)\n\tat org.jenkinsci.test.acceptance.junit.JenkinsAcceptanceTestRule$1.evaluate(JenkinsAcceptanceTestRule.java:55)\n\tat org.junit.runners.ParentRunner.runLeaf(ParentRunner.java:271)\n\tat org.junit.runners.BlockJUnit4ClassRunner.runChild(BlockJUnit4ClassRunner.java:70)\n\tat org.junit.runners.BlockJUnit4ClassRunner.runChild(BlockJUnit4ClassRunner.java:50)\n\tat org.junit.runners.ParentRunner$3.run(ParentRunner.java:238)\n\tat org.junit.runners.ParentRunner$1.schedule(ParentRunner.java:63)\n\tat org.junit.runners.ParentRunner.runChildren(ParentRunner.java:236)\n\tat org.junit.runners.ParentRunner.access$000(ParentRunner.java:53)\n\tat org.junit.runners.ParentRunner$2.evaluate(ParentRunner.java:229)\n\tat org.junit.runners.ParentRunner.run(ParentRunner.java:309)\n\tat org.apache.maven.surefire.junit4.JUnit4Provider.execute(JUnit4Provider.java:264)\n\tat org.apache.maven.surefire.junit4.JUnit4Provider.executeTestSet(JUnit4Provider.java:153)\n\tat org.apache.maven.surefire.junit4.JUnit4Provider.invoke(JUnit4Provider.java:124)\n\tat org.apache.maven.surefire.booter.ForkedBooter.invokeProviderInSameClassLoader(ForkedBooter.java:200)\n\tat org.apache.maven.surefire.booter.ForkedBooter.runSuitesInProcess(ForkedBooter.java:153)\n\tat org.apache.maven.surefire.booter.ForkedBooter.main(ForkedBooter.java:103)\n"
      },
      "steps" : {
         "step" : [ ]
      },
      "attachments" : {
         "attachment" : [ ]
      },
      "labels" : {
         "label" : [ {
            "name" : "host",
            "value" : "MacBook-Pro-2.home"
         }, {
            "name" : "thread",
            "value" : "3426@MacBook-Pro-2.home.main(1)"
         } ]
      }
   }
}
>>>REQUEST: /testaspect/TestCase/2cb4b3f1-f5fb-4217-add8-bc787c696b7a
running with given plugins: []
<<<RESPONSE (201 Created): /testaspect/TestCase/2cb4b3f1-f5fb-4217-add8-bc787c696b7a
=== Starting set_default_view_of_a_nested_view(plugins.NestedViewPluginTest)
Starting Jenkins: JAVA_HOME=/Library/Java/JavaVirtualMachines/jdk1.8.0_60.jdk/Contents/Home JENKINS_HOME=/Users/abduljewel/Documents/c/spiderqa/sample-test-projects/acceptance-test-harness/target/jenkins6211606848015141991home /Library/Java/JavaVirtualMachines/jdk1.8.0_60.jdk/Contents/Home/bin/java -Duser.language=en -jar ./jenkins.war --ajp13Port=-1 --httpPort=55728
master55728|Running from: /Users/abduljewel/Documents/c/spiderqa/sample-test-projects/acceptance-test-harness/jenkins.war
master55728|webroot: EnvVars.masterEnvVars.get("JENKINS_HOME")
master55728|Oct 10, 2015 10:09:22 PM winstone.Logger logInternal
master55728|INFO: Beginning extraction from war file
master55728|Oct 10, 2015 10:09:23 PM org.eclipse.jetty.util.log.JavaUtilLog info
master55728|INFO: jetty-winstone-2.8
master55728|Oct 10, 2015 10:09:24 PM org.eclipse.jetty.util.log.JavaUtilLog info
master55728|INFO: NO JSP Support for , did not find org.apache.jasper.servlet.JspServlet
master55728|Jenkins home directory: /Users/abduljewel/Documents/c/spiderqa/sample-test-projects/acceptance-test-harness/target/jenkins6211606848015141991home found at: EnvVars.masterEnvVars.get("JENKINS_HOME")
master55728|Oct 10, 2015 10:09:25 PM org.eclipse.jetty.util.log.JavaUtilLog info
master55728|INFO: Started SelectChannelConnector@0.0.0.0:55728
master55728|Oct 10, 2015 10:09:25 PM winstone.Logger logInternal
master55728|INFO: Winstone Servlet Engine v2.0 running: controlPort=disabled
master55728|Oct 10, 2015 10:09:25 PM jenkins.InitReactorRunner$1 onAttained
master55728|INFO: Started initialization
master55728|Oct 10, 2015 10:09:34 PM jenkins.InitReactorRunner$1 onAttained
master55728|INFO: Listed all plugins
master55728|Oct 10, 2015 10:09:34 PM jenkins.InitReactorRunner$1 onAttained
master55728|INFO: Prepared all plugins
master55728|Oct 10, 2015 10:09:34 PM jenkins.InitReactorRunner$1 onAttained
master55728|INFO: Started all plugins
master55728|Oct 10, 2015 10:09:34 PM jenkins.InitReactorRunner$1 onAttained
master55728|INFO: Augmented all extensions
master55728|Oct 10, 2015 10:09:35 PM jenkins.InitReactorRunner$1 onAttained
master55728|INFO: Loaded all jobs
master55728|Oct 10, 2015 10:09:37 PM hudson.model.AsyncPeriodicWork$1 run
master55728|INFO: Started Download metadata
master55728|Oct 10, 2015 10:09:37 PM org.jenkinsci.main.modules.sshd.SSHD start
master55728|INFO: Started SSHD at port 65378
master55728|Oct 10, 2015 10:09:37 PM jenkins.InitReactorRunner$1 onAttained
master55728|INFO: Completed initialization
master55728|Oct 10, 2015 10:09:37 PM hudson.WebAppMain$3 run
master55728|INFO: Jenkins is fully up and running
master55728|Oct 10, 2015 10:09:39 PM hudson.model.UpdateSite updateData
master55728|INFO: Obtained the latest update center data file for UpdateSource default
master55728|Oct 10, 2015 10:09:39 PM hudson.model.DownloadService$Downloadable load
master55728|INFO: Obtained the updated data file for hudson.tasks.Maven.MavenInstaller
master55728|Oct 10, 2015 10:09:39 PM hudson.model.DownloadService$Downloadable load
master55728|INFO: Obtained the updated data file for hudson.tasks.Ant.AntInstaller
Jenkins is stopped
]]></system-out>
    <system-err><![CDATA[Oct 10, 2015 10:09:22 PM org.jenkinsci.test.acceptance.controller.LocalController startNow
INFO: Waiting for Jenkins to become running in http://127.0.0.1:55728/
Oct 10, 2015 10:09:37 PM org.jenkinsci.test.acceptance.controller.LocalController startNow
INFO: Jenkins is running in http://127.0.0.1:55728/
Oct 10, 2015 10:09:37 PM org.openqa.selenium.phantomjs.PhantomJSDriverService <init>
INFO: executable: /usr/local/bin/phantomjs
Oct 10, 2015 10:09:37 PM org.openqa.selenium.phantomjs.PhantomJSDriverService <init>
INFO: port: 13031
Oct 10, 2015 10:09:37 PM org.openqa.selenium.phantomjs.PhantomJSDriverService <init>
INFO: arguments: [--webdriver=13031, --webdriver-logfile=/Users/abduljewel/Documents/c/spiderqa/sample-test-projects/acceptance-test-harness/phantomjsdriver.log]
Oct 10, 2015 10:09:37 PM org.openqa.selenium.phantomjs.PhantomJSDriverService <init>
INFO: environment: {}
[INFO  - 2015-10-11T02:09:38.049Z] GhostDriver - Main - running on port 13031
[INFO  - 2015-10-11T02:09:38.308Z] Session [201e58f0-6fbd-11e5-8835-652435ce816d] - page.settings - {"XSSAuditingEnabled":false,"javascriptCanCloseWindows":true,"javascriptCanOpenWindows":true,"javascriptEnabled":true,"loadImages":true,"localToRemoteUrlAccessEnabled":false,"userAgent":"Mozilla/5.0 (Macintosh; Intel Mac OS X) AppleWebKit/538.1 (KHTML, like Gecko) PhantomJS/2.0.0 Safari/538.1","webSecurityEnabled":true}
[INFO  - 2015-10-11T02:09:38.308Z] Session [201e58f0-6fbd-11e5-8835-652435ce816d] - page.customHeaders:  - {"Accept-Language":"en"}
[INFO  - 2015-10-11T02:09:38.308Z] Session [201e58f0-6fbd-11e5-8835-652435ce816d] - Session.negotiatedCapabilities - {"browserName":"phantomjs","version":"2.0.0","driverName":"ghostdriver","driverVersion":"1.2.0","platform":"mac-10.9 (Mavericks)-64bit","javascriptEnabled":true,"takesScreenshot":true,"handlesAlerts":false,"databaseEnabled":false,"locationContextEnabled":false,"applicationCacheEnabled":false,"browserConnectionEnabled":false,"cssSelectorsEnabled":true,"webStorageEnabled":false,"rotatable":false,"acceptSslCerts":false,"nativeEvents":true,"proxy":{"proxyType":"direct"},"phantomjs.page.customHeaders.Accept-Language":"en"}
[INFO  - 2015-10-11T02:09:38.309Z] SessionManagerReqHand - _postNewSessionCommand - New Session Created: 201e58f0-6fbd-11e5-8835-652435ce816d
Oct 10, 2015 10:09:39 PM org.jenkinsci.test.acceptance.po.PluginManager installationStatus
INFO: nested-view is not installed
Oct 10, 2015 10:09:39 PM org.jenkinsci.test.acceptance.po.PluginManager installationStatus
INFO: nested-view is not installed
Oct 10, 2015 10:09:39 PM org.jenkinsci.test.acceptance.po.PluginManager installationStatus
INFO: nested-view@1.14 is not installed
[INFO  - 2015-10-11T02:09:39.386Z] ShutdownReqHand - _handle - About to shutdown
]]></system-err>
  </testcase>
</testsuite>