<?xml version="1.0" encoding="UTF-8"?>
<testsuite name="plugins.CompressArtifactsPluginTest" time="296.102" tests="4" errors="4" skipped="0" failures="0">
  <properties>
    <property name="java.runtime.name" value="Java(TM) SE Runtime Environment"/>
    <property name="sun.boot.library.path" value="/Library/Java/JavaVirtualMachines/jdk1.8.0_60.jdk/Contents/Home/jre/lib"/>
    <property name="java.vm.version" value="25.60-b23"/>
    <property name="gopherProxySet" value="false"/>
    <property name="java.vm.vendor" value="Oracle Corporation"/>
    <property name="maven.multiModuleProjectDirectory" value="/Users/abduljewel/Documents/c/spiderqa/sample-test-projects/acceptance-test-harness"/>
    <property name="java.vendor.url" value="http://java.oracle.com/"/>
    <property name="path.separator" value=":"/>
    <property name="guice.disable.misplaced.annotation.check" value="true"/>
    <property name="java.vm.name" value="Java HotSpot(TM) 64-Bit Server VM"/>
    <property name="file.encoding.pkg" value="sun.io"/>
    <property name="user.country" value="US"/>
    <property name="sun.java.launcher" value="SUN_STANDARD"/>
    <property name="sun.os.patch.level" value="unknown"/>
    <property name="java.vm.specification.name" value="Java Virtual Machine Specification"/>
    <property name="user.dir" value="/Users/abduljewel/Documents/c/spiderqa/sample-test-projects/acceptance-test-harness"/>
    <property name="java.runtime.version" value="1.8.0_60-b27"/>
    <property name="java.awt.graphicsenv" value="sun.awt.CGraphicsEnvironment"/>
    <property name="java.endorsed.dirs" value="/Library/Java/JavaVirtualMachines/jdk1.8.0_60.jdk/Contents/Home/jre/lib/endorsed"/>
    <property name="os.arch" value="x86_64"/>
    <property name="java.io.tmpdir" value="/var/folders/lk/l859yg616c9cbtgfnt9szgjc0000gn/T/"/>
    <property name="line.separator" value="&#10;"/>
    <property name="java.vm.specification.vendor" value="Oracle Corporation"/>
    <property name="os.name" value="Mac OS X"/>
    <property name="classworlds.conf" value="/usr/local/Cellar/maven/3.3.3/libexec/bin/m2.conf"/>
    <property name="sun.jnu.encoding" value="UTF-8"/>
    <property name="java.library.path" value="/Users/abduljewel/Library/Java/Extensions:/Library/Java/Extensions:/Network/Library/Java/Extensions:/System/Library/Java/Extensions:/usr/lib/java:."/>
    <property name="java.specification.name" value="Java Platform API Specification"/>
    <property name="java.class.version" value="52.0"/>
    <property name="sun.management.compiler" value="HotSpot 64-Bit Tiered Compilers"/>
    <property name="os.version" value="10.10.5"/>
    <property name="http.nonProxyHosts" value="local|*.local|169.254/16|*.169.254/16"/>
    <property name="user.home" value="/Users/abduljewel"/>
    <property name="user.timezone" value="America/New_York"/>
    <property name="java.awt.printerjob" value="sun.lwawt.macosx.CPrinterJob"/>
    <property name="java.specification.version" value="1.8"/>
    <property name="file.encoding" value="UTF-8"/>
    <property name="user.name" value="abduljewel"/>
    <property name="java.class.path" value="/usr/local/Cellar/maven/3.3.3/libexec/boot/plexus-classworlds-2.5.2.jar"/>
    <property name="java.vm.specification.version" value="1.8"/>
    <property name="sun.arch.data.model" value="64"/>
    <property name="java.home" value="/Library/Java/JavaVirtualMachines/jdk1.8.0_60.jdk/Contents/Home/jre"/>
    <property name="sun.java.command" value="org.codehaus.plexus.classworlds.launcher.Launcher clean test"/>
    <property name="java.specification.vendor" value="Oracle Corporation"/>
    <property name="user.language" value="en"/>
    <property name="awt.toolkit" value="sun.lwawt.macosx.LWCToolkit"/>
    <property name="java.vm.info" value="mixed mode"/>
    <property name="java.version" value="1.8.0_60"/>
    <property name="java.ext.dirs" value="/Users/abduljewel/Library/Java/Extensions:/Library/Java/JavaVirtualMachines/jdk1.8.0_60.jdk/Contents/Home/jre/lib/ext:/Library/Java/Extensions:/Network/Library/Java/Extensions:/System/Library/Java/Extensions:/usr/lib/java"/>
    <property name="sun.boot.class.path" value="/Library/Java/JavaVirtualMachines/jdk1.8.0_60.jdk/Contents/Home/jre/lib/resources.jar:/Library/Java/JavaVirtualMachines/jdk1.8.0_60.jdk/Contents/Home/jre/lib/rt.jar:/Library/Java/JavaVirtualMachines/jdk1.8.0_60.jdk/Contents/Home/jre/lib/sunrsasign.jar:/Library/Java/JavaVirtualMachines/jdk1.8.0_60.jdk/Contents/Home/jre/lib/jsse.jar:/Library/Java/JavaVirtualMachines/jdk1.8.0_60.jdk/Contents/Home/jre/lib/jce.jar:/Library/Java/JavaVirtualMachines/jdk1.8.0_60.jdk/Contents/Home/jre/lib/charsets.jar:/Library/Java/JavaVirtualMachines/jdk1.8.0_60.jdk/Contents/Home/jre/lib/jfr.jar:/Library/Java/JavaVirtualMachines/jdk1.8.0_60.jdk/Contents/Home/jre/classes"/>
    <property name="java.vendor" value="Oracle Corporation"/>
    <property name="maven.home" value="/usr/local/Cellar/maven/3.3.3/libexec"/>
    <property name="file.separator" value="/"/>
    <property name="java.vendor.url.bug" value="http://bugreport.sun.com/bugreport/"/>
    <property name="sun.cpu.endian" value="little"/>
    <property name="sun.io.unicode.encoding" value="UnicodeBig"/>
    <property name="socksNonProxyHosts" value="local|*.local|169.254/16|*.169.254/16"/>
    <property name="ftp.nonProxyHosts" value="local|*.local|169.254/16|*.169.254/16"/>
    <property name="sun.cpu.isalist" value=""/>
  </properties>
  <testcase name="access_uncompressed_artifact_after_plugin_was_installed" classname="plugins.CompressArtifactsPluginTest" time="73.955">
    <error message="org.apache.http.entity.ContentType.create(Ljava/lang/String;[Lorg/apache/http/NameValuePair;)Lorg/apache/http/entity/ContentType;" type="java.lang.NoSuchMethodError">java.lang.NoSuchMethodError: org.apache.http.entity.ContentType.create(Ljava/lang/String;[Lorg/apache/http/NameValuePair;)Lorg/apache/http/entity/ContentType;
	at org.apache.http.entity.mime.MultipartEntityBuilder.buildEntity(MultipartEntityBuilder.java:209)
	at org.apache.http.entity.mime.MultipartEntityBuilder.build(MultipartEntityBuilder.java:230)
	at org.jenkinsci.test.acceptance.update_center.PluginMetadata.uploadTo(PluginMetadata.java:65)
	at org.jenkinsci.test.acceptance.po.PluginManager.installPlugins(PluginManager.java:173)
	at org.jenkinsci.test.acceptance.junit.WithPlugins$RuleImpl$1.doInstall(WithPlugins.java:139)
	at org.jenkinsci.test.acceptance.junit.WithPlugins$RuleImpl$1.installPlugins(WithPlugins.java:119)
	at org.jenkinsci.test.acceptance.junit.WithPlugins$RuleImpl$1.evaluate(WithPlugins.java:92)
	at org.jenkinsci.test.acceptance.junit.Since$RuleImpl$1.evaluate(Since.java:47)
	at org.jenkinsci.test.acceptance.junit.JenkinsAcceptanceTestRule$1$2$1.evaluate(JenkinsAcceptanceTestRule.java:129)
	at org.jenkinsci.test.acceptance.junit.FilterRule$1.evaluate(FilterRule.java:62)
	at org.jenkinsci.test.acceptance.junit.JenkinsAcceptanceTestRule$1.evaluate(JenkinsAcceptanceTestRule.java:55)
	at org.junit.runners.ParentRunner.runLeaf(ParentRunner.java:271)
	at org.junit.runners.BlockJUnit4ClassRunner.runChild(BlockJUnit4ClassRunner.java:70)
	at org.junit.runners.BlockJUnit4ClassRunner.runChild(BlockJUnit4ClassRunner.java:50)
	at org.junit.runners.ParentRunner$3.run(ParentRunner.java:238)
	at org.junit.runners.ParentRunner$1.schedule(ParentRunner.java:63)
	at org.junit.runners.ParentRunner.runChildren(ParentRunner.java:236)
	at org.junit.runners.ParentRunner.access$000(ParentRunner.java:53)
	at org.junit.runners.ParentRunner$2.evaluate(ParentRunner.java:229)
	at org.junit.runners.ParentRunner.run(ParentRunner.java:309)
	at org.apache.maven.surefire.junit4.JUnit4Provider.execute(JUnit4Provider.java:264)
	at org.apache.maven.surefire.junit4.JUnit4Provider.executeTestSet(JUnit4Provider.java:153)
	at org.apache.maven.surefire.junit4.JUnit4Provider.invoke(JUnit4Provider.java:124)
	at org.apache.maven.surefire.booter.ForkedBooter.invokeProviderInSameClassLoader(ForkedBooter.java:200)
	at org.apache.maven.surefire.booter.ForkedBooter.runSuitesInProcess(ForkedBooter.java:153)
	at org.apache.maven.surefire.booter.ForkedBooter.main(ForkedBooter.java:103)
</error>
    <system-out><![CDATA[testCaseResult=ru.yandex.qatools.allure.model.TestCaseResult@71039ce1[
  name=trigger_batch_task
  title=<null>
  description=<null>
  failure=ru.yandex.qatools.allure.model.Failure@3348c987
  start=1443742813621
  stop=1443742877207
  status=BROKEN
  severity=<null>
  steps=[]
  attachments=[]
  labels=[ru.yandex.qatools.allure.model.Label@44aed6a4, ru.yandex.qatools.allure.model.Label@31ab4859]
  parameters=<null>
]
testCaseResult={
   "start" : 1443742813621,
   "stop" : 1443742877207,
   "status" : "broken",
   "name" : "trigger_batch_task",
   "failure" : {
      "message" : "NoSuchMethodError: org.apache.http.entity.ContentType.create(Ljava/lang/String;[Lorg/apache/http/NameValuePair;)Lorg/apache/http/entity/ContentType;",
      "stack-trace" : "java.lang.NoSuchMethodError: org.apache.http.entity.ContentType.create(Ljava/lang/String;[Lorg/apache/http/NameValuePair;)Lorg/apache/http/entity/ContentType;\n\tat org.apache.http.entity.mime.MultipartEntityBuilder.buildEntity(MultipartEntityBuilder.java:209)\n\tat org.apache.http.entity.mime.MultipartEntityBuilder.build(MultipartEntityBuilder.java:230)\n\tat org.jenkinsci.test.acceptance.update_center.PluginMetadata.uploadTo(PluginMetadata.java:65)\n\tat org.jenkinsci.test.acceptance.po.PluginManager.installPlugins(PluginManager.java:173)\n\tat org.jenkinsci.test.acceptance.junit.WithPlugins$RuleImpl$1.doInstall(WithPlugins.java:139)\n\tat org.jenkinsci.test.acceptance.junit.WithPlugins$RuleImpl$1.installPlugins(WithPlugins.java:119)\n\tat org.jenkinsci.test.acceptance.junit.WithPlugins$RuleImpl$1.evaluate(WithPlugins.java:92)\n\tat org.jenkinsci.test.acceptance.junit.JenkinsAcceptanceTestRule$1$2$1.evaluate(JenkinsAcceptanceTestRule.java:129)\n\tat org.jenkinsci.test.acceptance.junit.FilterRule$1.evaluate(FilterRule.java:62)\n\tat org.jenkinsci.test.acceptance.junit.JenkinsAcceptanceTestRule$1.evaluate(JenkinsAcceptanceTestRule.java:55)\n\tat org.junit.runners.ParentRunner.runLeaf(ParentRunner.java:271)\n\tat org.junit.runners.BlockJUnit4ClassRunner.runChild(BlockJUnit4ClassRunner.java:70)\n\tat org.junit.runners.BlockJUnit4ClassRunner.runChild(BlockJUnit4ClassRunner.java:50)\n\tat org.junit.runners.ParentRunner$3.run(ParentRunner.java:238)\n\tat org.junit.runners.ParentRunner$1.schedule(ParentRunner.java:63)\n\tat org.junit.runners.ParentRunner.runChildren(ParentRunner.java:236)\n\tat org.junit.runners.ParentRunner.access$000(ParentRunner.java:53)\n\tat org.junit.runners.ParentRunner$2.evaluate(ParentRunner.java:229)\n\tat org.junit.runners.ParentRunner.run(ParentRunner.java:309)\n\tat org.apache.maven.surefire.junit4.JUnit4Provider.execute(JUnit4Provider.java:264)\n\tat org.apache.maven.surefire.junit4.JUnit4Provider.executeTestSet(JUnit4Provider.java:153)\n\tat org.apache.maven.surefire.junit4.JUnit4Provider.invoke(JUnit4Provider.java:124)\n\tat org.apache.maven.surefire.booter.ForkedBooter.invokeProviderInSameClassLoader(ForkedBooter.java:200)\n\tat org.apache.maven.surefire.booter.ForkedBooter.runSuitesInProcess(ForkedBooter.java:153)\n\tat org.apache.maven.surefire.booter.ForkedBooter.main(ForkedBooter.java:103)\n"
   },
   "steps" : {
      "step" : [ ]
   },
   "attachments" : {
      "attachment" : [ ]
   },
   "labels" : {
      "label" : [ {
         "name" : "host",
         "value" : "Abduls-MBP.home"
      }, {
         "name" : "thread",
         "value" : "35252@Abduls-MBP.home.main(1)"
      } ]
   }
}
testCase=ru.yandex.qatools.allure.model.TestCase@5ca22e19[
  _id=94baba9e-e9b8-4ade-8c6a-64bf3f8670a3
  executionId=7701d757-07c3-4ee5-9df4-52c16ef79685
  result=ru.yandex.qatools.allure.model.TestCaseResult@71039ce1
]
testCase={
   "_id" : "94baba9e-e9b8-4ade-8c6a-64bf3f8670a3",
   "executionId" : "7701d757-07c3-4ee5-9df4-52c16ef79685",
   "result" : {
      "start" : 1443742813621,
      "stop" : 1443742877207,
      "status" : "broken",
      "name" : "trigger_batch_task",
      "failure" : {
         "message" : "NoSuchMethodError: org.apache.http.entity.ContentType.create(Ljava/lang/String;[Lorg/apache/http/NameValuePair;)Lorg/apache/http/entity/ContentType;",
         "stack-trace" : "java.lang.NoSuchMethodError: org.apache.http.entity.ContentType.create(Ljava/lang/String;[Lorg/apache/http/NameValuePair;)Lorg/apache/http/entity/ContentType;\n\tat org.apache.http.entity.mime.MultipartEntityBuilder.buildEntity(MultipartEntityBuilder.java:209)\n\tat org.apache.http.entity.mime.MultipartEntityBuilder.build(MultipartEntityBuilder.java:230)\n\tat org.jenkinsci.test.acceptance.update_center.PluginMetadata.uploadTo(PluginMetadata.java:65)\n\tat org.jenkinsci.test.acceptance.po.PluginManager.installPlugins(PluginManager.java:173)\n\tat org.jenkinsci.test.acceptance.junit.WithPlugins$RuleImpl$1.doInstall(WithPlugins.java:139)\n\tat org.jenkinsci.test.acceptance.junit.WithPlugins$RuleImpl$1.installPlugins(WithPlugins.java:119)\n\tat org.jenkinsci.test.acceptance.junit.WithPlugins$RuleImpl$1.evaluate(WithPlugins.java:92)\n\tat org.jenkinsci.test.acceptance.junit.JenkinsAcceptanceTestRule$1$2$1.evaluate(JenkinsAcceptanceTestRule.java:129)\n\tat org.jenkinsci.test.acceptance.junit.FilterRule$1.evaluate(FilterRule.java:62)\n\tat org.jenkinsci.test.acceptance.junit.JenkinsAcceptanceTestRule$1.evaluate(JenkinsAcceptanceTestRule.java:55)\n\tat org.junit.runners.ParentRunner.runLeaf(ParentRunner.java:271)\n\tat org.junit.runners.BlockJUnit4ClassRunner.runChild(BlockJUnit4ClassRunner.java:70)\n\tat org.junit.runners.BlockJUnit4ClassRunner.runChild(BlockJUnit4ClassRunner.java:50)\n\tat org.junit.runners.ParentRunner$3.run(ParentRunner.java:238)\n\tat org.junit.runners.ParentRunner$1.schedule(ParentRunner.java:63)\n\tat org.junit.runners.ParentRunner.runChildren(ParentRunner.java:236)\n\tat org.junit.runners.ParentRunner.access$000(ParentRunner.java:53)\n\tat org.junit.runners.ParentRunner$2.evaluate(ParentRunner.java:229)\n\tat org.junit.runners.ParentRunner.run(ParentRunner.java:309)\n\tat org.apache.maven.surefire.junit4.JUnit4Provider.execute(JUnit4Provider.java:264)\n\tat org.apache.maven.surefire.junit4.JUnit4Provider.executeTestSet(JUnit4Provider.java:153)\n\tat org.apache.maven.surefire.junit4.JUnit4Provider.invoke(JUnit4Provider.java:124)\n\tat org.apache.maven.surefire.booter.ForkedBooter.invokeProviderInSameClassLoader(ForkedBooter.java:200)\n\tat org.apache.maven.surefire.booter.ForkedBooter.runSuitesInProcess(ForkedBooter.java:153)\n\tat org.apache.maven.surefire.booter.ForkedBooter.main(ForkedBooter.java:103)\n"
      },
      "steps" : {
         "step" : [ ]
      },
      "attachments" : {
         "attachment" : [ ]
      },
      "labels" : {
         "label" : [ {
            "name" : "host",
            "value" : "Abduls-MBP.home"
         }, {
            "name" : "thread",
            "value" : "35252@Abduls-MBP.home.main(1)"
         } ]
      }
   }
}
>>>REQUEST: /testdb/TestCase
[WARN] [10/01/2015 19:41:17.234] [default-akka.actor.default-dispatcher-2] [ActorSystem(default)] Illegal response header: Illegal 'etag' header: Invalid input '5', expected 'W' or '"' (line 1, column 1): 560dc49dfbeaf7a200c9be91
^
<<<RESPONSE (201 Created): /testdb/TestCase
running with given plugins: []
=== Starting access_uncompressed_artifact_after_plugin_was_installed(plugins.CompressArtifactsPluginTest)
Starting Jenkins: JAVA_HOME=/Library/Java/JavaVirtualMachines/jdk1.8.0_60.jdk/Contents/Home JENKINS_HOME=/Users/abduljewel/Documents/c/spiderqa/sample-test-projects/acceptance-test-harness/target/jenkins8713667071774454571home /Library/Java/JavaVirtualMachines/jdk1.8.0_60.jdk/Contents/Home/bin/java -Duser.language=en -jar ./jenkins.war --ajp13Port=-1 --httpPort=51414
master51414|Running from: /Users/abduljewel/Documents/c/spiderqa/sample-test-projects/acceptance-test-harness/jenkins.war
master51414|webroot: EnvVars.masterEnvVars.get("JENKINS_HOME")
master51414|Oct 01, 2015 7:41:18 PM winstone.Logger logInternal
master51414|INFO: Beginning extraction from war file
master51414|Oct 01, 2015 7:41:21 PM org.eclipse.jetty.util.log.JavaUtilLog info
master51414|INFO: jetty-winstone-2.8
master51414|Oct 01, 2015 7:41:24 PM org.eclipse.jetty.util.log.JavaUtilLog info
master51414|INFO: NO JSP Support for , did not find org.apache.jasper.servlet.JspServlet
master51414|Jenkins home directory: /Users/abduljewel/Documents/c/spiderqa/sample-test-projects/acceptance-test-harness/target/jenkins8713667071774454571home found at: EnvVars.masterEnvVars.get("JENKINS_HOME")
master51414|Oct 01, 2015 7:41:28 PM org.eclipse.jetty.util.log.JavaUtilLog info
master51414|INFO: Started SelectChannelConnector@0.0.0.0:51414
master51414|Oct 01, 2015 7:41:28 PM winstone.Logger logInternal
master51414|INFO: Winstone Servlet Engine v2.0 running: controlPort=disabled
master51414|Oct 01, 2015 7:41:29 PM jenkins.InitReactorRunner$1 onAttained
master51414|INFO: Started initialization
master51414|Oct 01, 2015 7:42:10 PM jenkins.InitReactorRunner$1 onAttained
master51414|INFO: Listed all plugins
master51414|Oct 01, 2015 7:42:10 PM jenkins.InitReactorRunner$1 onAttained
master51414|INFO: Prepared all plugins
master51414|Oct 01, 2015 7:42:10 PM jenkins.InitReactorRunner$1 onAttained
master51414|INFO: Started all plugins
master51414|Oct 01, 2015 7:42:10 PM jenkins.InitReactorRunner$1 onAttained
master51414|INFO: Augmented all extensions
master51414|Oct 01, 2015 7:42:17 PM jenkins.InitReactorRunner$1 onAttained
master51414|INFO: Loaded all jobs
master51414|Oct 01, 2015 7:42:21 PM hudson.model.AsyncPeriodicWork$1 run
master51414|INFO: Started Download metadata
master51414|Oct 01, 2015 7:42:22 PM org.jenkinsci.main.modules.sshd.SSHD start
master51414|INFO: Started SSHD at port 64870
master51414|Oct 01, 2015 7:42:22 PM jenkins.InitReactorRunner$1 onAttained
master51414|INFO: Completed initialization
master51414|Oct 01, 2015 7:42:22 PM hudson.UDPBroadcastThread run
master51414|WARNING: UDP handling problem
master51414|java.net.SocketException: Can't assign requested address
master51414|	at java.net.PlainDatagramSocketImpl.join(Native Method)
master51414|	at java.net.AbstractPlainDatagramSocketImpl.join(AbstractPlainDatagramSocketImpl.java:179)
master51414|	at java.net.MulticastSocket.joinGroup(MulticastSocket.java:323)
master51414|	at hudson.UDPBroadcastThread.run(UDPBroadcastThread.java:77)
master51414|
master51414|Oct 01, 2015 7:42:22 PM hudson.WebAppMain$3 run
master51414|INFO: Jenkins is fully up and running
master51414|Oct 01, 2015 7:42:26 PM hudson.model.UpdateSite updateData
master51414|INFO: Obtained the latest update center data file for UpdateSource default
master51414|Oct 01, 2015 7:42:26 PM hudson.model.DownloadService$Downloadable load
master51414|INFO: Obtained the updated data file for hudson.tasks.Maven.MavenInstaller
master51414|Oct 01, 2015 7:42:26 PM hudson.model.DownloadService$Downloadable load
master51414|INFO: Obtained the updated data file for hudson.tasks.Ant.AntInstaller
master51414|Oct 01, 2015 7:42:28 PM hudson.model.DownloadService$Downloadable load
master51414|INFO: Obtained the updated data file for hudson.tools.JDKInstaller
master51414|Oct 01, 2015 7:42:28 PM hudson.model.AsyncPeriodicWork$1 run
master51414|INFO: Finished Download metadata. 6,529 ms
Version check: actual=1.630, expected=1.532
Jenkins is stopped
]]></system-out>
    <system-err><![CDATA[Oct 01, 2015 7:41:17 PM org.jenkinsci.test.acceptance.controller.LocalController startNow
INFO: Waiting for Jenkins to become running in http://127.0.0.1:51414/
Oct 01, 2015 7:42:22 PM org.jenkinsci.test.acceptance.controller.LocalController startNow
INFO: Jenkins is running in http://127.0.0.1:51414/
Oct 01, 2015 7:42:31 PM org.jenkinsci.test.acceptance.po.PluginManager installationStatus
INFO: compress-artifacts is not installed
Oct 01, 2015 7:42:31 PM org.jenkinsci.test.acceptance.po.PluginManager installationStatus
INFO: compress-artifacts is not installed
Oct 01, 2015 7:42:31 PM org.jenkinsci.test.acceptance.po.PluginManager installationStatus
INFO: compress-artifacts@1.7 is not installed
]]></system-err>
  </testcase>
  <testcase name="archive_compressed_artifacts" classname="plugins.CompressArtifactsPluginTest" time="90.105">
    <error message="org.apache.http.entity.ContentType.create(Ljava/lang/String;[Lorg/apache/http/NameValuePair;)Lorg/apache/http/entity/ContentType;" type="java.lang.NoSuchMethodError">java.lang.NoSuchMethodError: org.apache.http.entity.ContentType.create(Ljava/lang/String;[Lorg/apache/http/NameValuePair;)Lorg/apache/http/entity/ContentType;
	at org.apache.http.entity.mime.MultipartEntityBuilder.buildEntity(MultipartEntityBuilder.java:209)
	at org.apache.http.entity.mime.MultipartEntityBuilder.build(MultipartEntityBuilder.java:230)
	at org.jenkinsci.test.acceptance.update_center.PluginMetadata.uploadTo(PluginMetadata.java:65)
	at org.jenkinsci.test.acceptance.po.PluginManager.installPlugins(PluginManager.java:173)
	at org.jenkinsci.test.acceptance.junit.WithPlugins$RuleImpl$1.doInstall(WithPlugins.java:139)
	at org.jenkinsci.test.acceptance.junit.WithPlugins$RuleImpl$1.installPlugins(WithPlugins.java:119)
	at org.jenkinsci.test.acceptance.junit.WithPlugins$RuleImpl$1.evaluate(WithPlugins.java:92)
	at org.jenkinsci.test.acceptance.junit.Since$RuleImpl$1.evaluate(Since.java:47)
	at org.jenkinsci.test.acceptance.junit.JenkinsAcceptanceTestRule$1$2$1.evaluate(JenkinsAcceptanceTestRule.java:129)
	at org.jenkinsci.test.acceptance.junit.FilterRule$1.evaluate(FilterRule.java:62)
	at org.jenkinsci.test.acceptance.junit.JenkinsAcceptanceTestRule$1.evaluate(JenkinsAcceptanceTestRule.java:55)
	at org.junit.runners.ParentRunner.runLeaf(ParentRunner.java:271)
	at org.junit.runners.BlockJUnit4ClassRunner.runChild(BlockJUnit4ClassRunner.java:70)
	at org.junit.runners.BlockJUnit4ClassRunner.runChild(BlockJUnit4ClassRunner.java:50)
	at org.junit.runners.ParentRunner$3.run(ParentRunner.java:238)
	at org.junit.runners.ParentRunner$1.schedule(ParentRunner.java:63)
	at org.junit.runners.ParentRunner.runChildren(ParentRunner.java:236)
	at org.junit.runners.ParentRunner.access$000(ParentRunner.java:53)
	at org.junit.runners.ParentRunner$2.evaluate(ParentRunner.java:229)
	at org.junit.runners.ParentRunner.run(ParentRunner.java:309)
	at org.apache.maven.surefire.junit4.JUnit4Provider.execute(JUnit4Provider.java:264)
	at org.apache.maven.surefire.junit4.JUnit4Provider.executeTestSet(JUnit4Provider.java:153)
	at org.apache.maven.surefire.junit4.JUnit4Provider.invoke(JUnit4Provider.java:124)
	at org.apache.maven.surefire.booter.ForkedBooter.invokeProviderInSameClassLoader(ForkedBooter.java:200)
	at org.apache.maven.surefire.booter.ForkedBooter.runSuitesInProcess(ForkedBooter.java:153)
	at org.apache.maven.surefire.booter.ForkedBooter.main(ForkedBooter.java:103)
</error>
    <system-out><![CDATA[testCaseResult=ru.yandex.qatools.allure.model.TestCaseResult@4a833595[
  name=access_uncompressed_artifact_after_plugin_was_installed
  title=<null>
  description=<null>
  failure=ru.yandex.qatools.allure.model.Failure@31006a75
  start=1443742877824
  stop=1443742951779
  status=BROKEN
  severity=<null>
  steps=[]
  attachments=[]
  labels=[ru.yandex.qatools.allure.model.Label@49122853, ru.yandex.qatools.allure.model.Label@e97f115]
  parameters=<null>
]
testCaseResult={
   "start" : 1443742877824,
   "stop" : 1443742951779,
   "status" : "broken",
   "name" : "access_uncompressed_artifact_after_plugin_was_installed",
   "failure" : {
      "message" : "NoSuchMethodError: org.apache.http.entity.ContentType.create(Ljava/lang/String;[Lorg/apache/http/NameValuePair;)Lorg/apache/http/entity/ContentType;",
      "stack-trace" : "java.lang.NoSuchMethodError: org.apache.http.entity.ContentType.create(Ljava/lang/String;[Lorg/apache/http/NameValuePair;)Lorg/apache/http/entity/ContentType;\n\tat org.apache.http.entity.mime.MultipartEntityBuilder.buildEntity(MultipartEntityBuilder.java:209)\n\tat org.apache.http.entity.mime.MultipartEntityBuilder.build(MultipartEntityBuilder.java:230)\n\tat org.jenkinsci.test.acceptance.update_center.PluginMetadata.uploadTo(PluginMetadata.java:65)\n\tat org.jenkinsci.test.acceptance.po.PluginManager.installPlugins(PluginManager.java:173)\n\tat org.jenkinsci.test.acceptance.junit.WithPlugins$RuleImpl$1.doInstall(WithPlugins.java:139)\n\tat org.jenkinsci.test.acceptance.junit.WithPlugins$RuleImpl$1.installPlugins(WithPlugins.java:119)\n\tat org.jenkinsci.test.acceptance.junit.WithPlugins$RuleImpl$1.evaluate(WithPlugins.java:92)\n\tat org.jenkinsci.test.acceptance.junit.Since$RuleImpl$1.evaluate(Since.java:47)\n\tat org.jenkinsci.test.acceptance.junit.JenkinsAcceptanceTestRule$1$2$1.evaluate(JenkinsAcceptanceTestRule.java:129)\n\tat org.jenkinsci.test.acceptance.junit.FilterRule$1.evaluate(FilterRule.java:62)\n\tat org.jenkinsci.test.acceptance.junit.JenkinsAcceptanceTestRule$1.evaluate(JenkinsAcceptanceTestRule.java:55)\n\tat org.junit.runners.ParentRunner.runLeaf(ParentRunner.java:271)\n\tat org.junit.runners.BlockJUnit4ClassRunner.runChild(BlockJUnit4ClassRunner.java:70)\n\tat org.junit.runners.BlockJUnit4ClassRunner.runChild(BlockJUnit4ClassRunner.java:50)\n\tat org.junit.runners.ParentRunner$3.run(ParentRunner.java:238)\n\tat org.junit.runners.ParentRunner$1.schedule(ParentRunner.java:63)\n\tat org.junit.runners.ParentRunner.runChildren(ParentRunner.java:236)\n\tat org.junit.runners.ParentRunner.access$000(ParentRunner.java:53)\n\tat org.junit.runners.ParentRunner$2.evaluate(ParentRunner.java:229)\n\tat org.junit.runners.ParentRunner.run(ParentRunner.java:309)\n\tat org.apache.maven.surefire.junit4.JUnit4Provider.execute(JUnit4Provider.java:264)\n\tat org.apache.maven.surefire.junit4.JUnit4Provider.executeTestSet(JUnit4Provider.java:153)\n\tat org.apache.maven.surefire.junit4.JUnit4Provider.invoke(JUnit4Provider.java:124)\n\tat org.apache.maven.surefire.booter.ForkedBooter.invokeProviderInSameClassLoader(ForkedBooter.java:200)\n\tat org.apache.maven.surefire.booter.ForkedBooter.runSuitesInProcess(ForkedBooter.java:153)\n\tat org.apache.maven.surefire.booter.ForkedBooter.main(ForkedBooter.java:103)\n"
   },
   "steps" : {
      "step" : [ ]
   },
   "attachments" : {
      "attachment" : [ ]
   },
   "labels" : {
      "label" : [ {
         "name" : "host",
         "value" : "Abduls-MBP.home"
      }, {
         "name" : "thread",
         "value" : "35252@Abduls-MBP.home.main(1)"
      } ]
   }
}
testCase=ru.yandex.qatools.allure.model.TestCase@5d6b42cf[
  _id=4d1f842d-f33e-4b3e-8757-de3319711876
  executionId=7701d757-07c3-4ee5-9df4-52c16ef79685
  result=ru.yandex.qatools.allure.model.TestCaseResult@4a833595
]
testCase={
   "_id" : "4d1f842d-f33e-4b3e-8757-de3319711876",
   "executionId" : "7701d757-07c3-4ee5-9df4-52c16ef79685",
   "result" : {
      "start" : 1443742877824,
      "stop" : 1443742951779,
      "status" : "broken",
      "name" : "access_uncompressed_artifact_after_plugin_was_installed",
      "failure" : {
         "message" : "NoSuchMethodError: org.apache.http.entity.ContentType.create(Ljava/lang/String;[Lorg/apache/http/NameValuePair;)Lorg/apache/http/entity/ContentType;",
         "stack-trace" : "java.lang.NoSuchMethodError: org.apache.http.entity.ContentType.create(Ljava/lang/String;[Lorg/apache/http/NameValuePair;)Lorg/apache/http/entity/ContentType;\n\tat org.apache.http.entity.mime.MultipartEntityBuilder.buildEntity(MultipartEntityBuilder.java:209)\n\tat org.apache.http.entity.mime.MultipartEntityBuilder.build(MultipartEntityBuilder.java:230)\n\tat org.jenkinsci.test.acceptance.update_center.PluginMetadata.uploadTo(PluginMetadata.java:65)\n\tat org.jenkinsci.test.acceptance.po.PluginManager.installPlugins(PluginManager.java:173)\n\tat org.jenkinsci.test.acceptance.junit.WithPlugins$RuleImpl$1.doInstall(WithPlugins.java:139)\n\tat org.jenkinsci.test.acceptance.junit.WithPlugins$RuleImpl$1.installPlugins(WithPlugins.java:119)\n\tat org.jenkinsci.test.acceptance.junit.WithPlugins$RuleImpl$1.evaluate(WithPlugins.java:92)\n\tat org.jenkinsci.test.acceptance.junit.Since$RuleImpl$1.evaluate(Since.java:47)\n\tat org.jenkinsci.test.acceptance.junit.JenkinsAcceptanceTestRule$1$2$1.evaluate(JenkinsAcceptanceTestRule.java:129)\n\tat org.jenkinsci.test.acceptance.junit.FilterRule$1.evaluate(FilterRule.java:62)\n\tat org.jenkinsci.test.acceptance.junit.JenkinsAcceptanceTestRule$1.evaluate(JenkinsAcceptanceTestRule.java:55)\n\tat org.junit.runners.ParentRunner.runLeaf(ParentRunner.java:271)\n\tat org.junit.runners.BlockJUnit4ClassRunner.runChild(BlockJUnit4ClassRunner.java:70)\n\tat org.junit.runners.BlockJUnit4ClassRunner.runChild(BlockJUnit4ClassRunner.java:50)\n\tat org.junit.runners.ParentRunner$3.run(ParentRunner.java:238)\n\tat org.junit.runners.ParentRunner$1.schedule(ParentRunner.java:63)\n\tat org.junit.runners.ParentRunner.runChildren(ParentRunner.java:236)\n\tat org.junit.runners.ParentRunner.access$000(ParentRunner.java:53)\n\tat org.junit.runners.ParentRunner$2.evaluate(ParentRunner.java:229)\n\tat org.junit.runners.ParentRunner.run(ParentRunner.java:309)\n\tat org.apache.maven.surefire.junit4.JUnit4Provider.execute(JUnit4Provider.java:264)\n\tat org.apache.maven.surefire.junit4.JUnit4Provider.executeTestSet(JUnit4Provider.java:153)\n\tat org.apache.maven.surefire.junit4.JUnit4Provider.invoke(JUnit4Provider.java:124)\n\tat org.apache.maven.surefire.booter.ForkedBooter.invokeProviderInSameClassLoader(ForkedBooter.java:200)\n\tat org.apache.maven.surefire.booter.ForkedBooter.runSuitesInProcess(ForkedBooter.java:153)\n\tat org.apache.maven.surefire.booter.ForkedBooter.main(ForkedBooter.java:103)\n"
      },
      "steps" : {
         "step" : [ ]
      },
      "attachments" : {
         "attachment" : [ ]
      },
      "labels" : {
         "label" : [ {
            "name" : "host",
            "value" : "Abduls-MBP.home"
         }, {
            "name" : "thread",
            "value" : "35252@Abduls-MBP.home.main(1)"
         } ]
      }
   }
}
>>>REQUEST: /testdb/TestCase
[WARN] [10/01/2015 19:42:31.795] [default-akka.actor.default-dispatcher-54] [ActorSystem(default)] Illegal response header: Illegal 'etag' header: Invalid input '5', expected 'W' or '"' (line 1, column 1): 560dc4e7fbeaf7a200c9bea0
^
running with given plugins: []
=== Starting archive_compressed_artifacts(plugins.CompressArtifactsPluginTest)
<<<RESPONSE (201 Created): /testdb/TestCase
Starting Jenkins: JAVA_HOME=/Library/Java/JavaVirtualMachines/jdk1.8.0_60.jdk/Contents/Home JENKINS_HOME=/Users/abduljewel/Documents/c/spiderqa/sample-test-projects/acceptance-test-harness/target/jenkins6201158255966812839home /Library/Java/JavaVirtualMachines/jdk1.8.0_60.jdk/Contents/Home/bin/java -Duser.language=en -jar ./jenkins.war --ajp13Port=-1 --httpPort=57504
master57504|Running from: /Users/abduljewel/Documents/c/spiderqa/sample-test-projects/acceptance-test-harness/jenkins.war
master57504|webroot: EnvVars.masterEnvVars.get("JENKINS_HOME")
master57504|Oct 01, 2015 7:42:33 PM winstone.Logger logInternal
master57504|INFO: Beginning extraction from war file
master57504|Oct 01, 2015 7:42:37 PM org.eclipse.jetty.util.log.JavaUtilLog info
master57504|INFO: jetty-winstone-2.8
master57504|Oct 01, 2015 7:42:42 PM org.eclipse.jetty.util.log.JavaUtilLog info
master57504|INFO: NO JSP Support for , did not find org.apache.jasper.servlet.JspServlet
master57504|Jenkins home directory: /Users/abduljewel/Documents/c/spiderqa/sample-test-projects/acceptance-test-harness/target/jenkins6201158255966812839home found at: EnvVars.masterEnvVars.get("JENKINS_HOME")
master57504|Oct 01, 2015 7:42:46 PM org.eclipse.jetty.util.log.JavaUtilLog info
master57504|INFO: Started SelectChannelConnector@0.0.0.0:57504
master57504|Oct 01, 2015 7:42:46 PM winstone.Logger logInternal
master57504|INFO: Winstone Servlet Engine v2.0 running: controlPort=disabled
master57504|Oct 01, 2015 7:42:47 PM jenkins.InitReactorRunner$1 onAttained
master57504|INFO: Started initialization
master57504|Oct 01, 2015 7:43:32 PM jenkins.InitReactorRunner$1 onAttained
master57504|INFO: Listed all plugins
master57504|Oct 01, 2015 7:43:32 PM jenkins.InitReactorRunner$1 onAttained
master57504|INFO: Prepared all plugins
master57504|Oct 01, 2015 7:43:32 PM jenkins.InitReactorRunner$1 onAttained
master57504|INFO: Started all plugins
master57504|Oct 01, 2015 7:43:32 PM jenkins.InitReactorRunner$1 onAttained
master57504|INFO: Augmented all extensions
master57504|Oct 01, 2015 7:43:41 PM jenkins.InitReactorRunner$1 onAttained
master57504|INFO: Loaded all jobs
master57504|Oct 01, 2015 7:43:48 PM hudson.model.AsyncPeriodicWork$1 run
master57504|INFO: Started Download metadata
master57504|Oct 01, 2015 7:43:49 PM org.jenkinsci.main.modules.sshd.SSHD start
master57504|INFO: Started SSHD at port 65222
master57504|Oct 01, 2015 7:43:49 PM jenkins.InitReactorRunner$1 onAttained
master57504|INFO: Completed initialization
master57504|Oct 01, 2015 7:43:49 PM hudson.UDPBroadcastThread run
master57504|WARNING: UDP handling problem
master57504|java.net.SocketException: Can't assign requested address
master57504|	at java.net.PlainDatagramSocketImpl.join(Native Method)
master57504|	at java.net.AbstractPlainDatagramSocketImpl.join(AbstractPlainDatagramSocketImpl.java:179)
master57504|	at java.net.MulticastSocket.joinGroup(MulticastSocket.java:323)
master57504|	at hudson.UDPBroadcastThread.run(UDPBroadcastThread.java:77)
master57504|
master57504|Oct 01, 2015 7:43:49 PM hudson.WebAppMain$3 run
master57504|INFO: Jenkins is fully up and running
master57504|Oct 01, 2015 7:43:54 PM hudson.model.UpdateSite updateData
master57504|INFO: Obtained the latest update center data file for UpdateSource default
master57504|Oct 01, 2015 7:43:54 PM hudson.model.DownloadService$Downloadable load
master57504|INFO: Obtained the updated data file for hudson.tasks.Maven.MavenInstaller
master57504|Oct 01, 2015 7:43:54 PM hudson.model.DownloadService$Downloadable load
master57504|INFO: Obtained the updated data file for hudson.tasks.Ant.AntInstaller
master57504|Oct 01, 2015 7:43:55 PM hudson.model.DownloadService$Downloadable load
master57504|INFO: Obtained the updated data file for hudson.tools.JDKInstaller
master57504|Oct 01, 2015 7:43:55 PM hudson.model.AsyncPeriodicWork$1 run
master57504|INFO: Finished Download metadata. 7,515 ms
Version check: actual=1.630, expected=1.532
master57504|Oct 01, 2015 7:44:01 PM winstone.Logger logInternal
master57504|INFO: JVM is terminating. Shutting down Winstone
Jenkins is stopped
]]></system-out>
    <system-err><![CDATA[Oct 01, 2015 7:42:31 PM org.jenkinsci.test.acceptance.controller.LocalController startNow
INFO: Waiting for Jenkins to become running in http://127.0.0.1:57504/
Oct 01, 2015 7:43:49 PM org.jenkinsci.test.acceptance.controller.LocalController startNow
INFO: Jenkins is running in http://127.0.0.1:57504/
Oct 01, 2015 7:44:01 PM org.jenkinsci.test.acceptance.po.PluginManager installationStatus
INFO: compress-artifacts is not installed
Oct 01, 2015 7:44:01 PM org.jenkinsci.test.acceptance.po.PluginManager installationStatus
INFO: compress-artifacts is not installed
Oct 01, 2015 7:44:01 PM org.jenkinsci.test.acceptance.po.PluginManager installationStatus
INFO: compress-artifacts@1.7 is not installed
]]></system-err>
  </testcase>
  <testcase name="archiveMavenProject" classname="plugins.CompressArtifactsPluginTest" time="69.972">
    <error message="org.apache.http.entity.ContentType.create(Ljava/lang/String;[Lorg/apache/http/NameValuePair;)Lorg/apache/http/entity/ContentType;" type="java.lang.NoSuchMethodError">java.lang.NoSuchMethodError: org.apache.http.entity.ContentType.create(Ljava/lang/String;[Lorg/apache/http/NameValuePair;)Lorg/apache/http/entity/ContentType;
	at org.apache.http.entity.mime.MultipartEntityBuilder.buildEntity(MultipartEntityBuilder.java:209)
	at org.apache.http.entity.mime.MultipartEntityBuilder.build(MultipartEntityBuilder.java:230)
	at org.jenkinsci.test.acceptance.update_center.PluginMetadata.uploadTo(PluginMetadata.java:65)
	at org.jenkinsci.test.acceptance.po.PluginManager.installPlugins(PluginManager.java:173)
	at org.jenkinsci.test.acceptance.junit.WithPlugins$RuleImpl$1.doInstall(WithPlugins.java:139)
	at org.jenkinsci.test.acceptance.junit.WithPlugins$RuleImpl$1.installPlugins(WithPlugins.java:119)
	at org.jenkinsci.test.acceptance.junit.WithPlugins$RuleImpl$1.evaluate(WithPlugins.java:92)
	at org.jenkinsci.test.acceptance.junit.Since$RuleImpl$1.evaluate(Since.java:47)
	at org.jenkinsci.test.acceptance.junit.JenkinsAcceptanceTestRule$1$2$1.evaluate(JenkinsAcceptanceTestRule.java:129)
	at org.jenkinsci.test.acceptance.junit.FilterRule$1.evaluate(FilterRule.java:62)
	at org.jenkinsci.test.acceptance.junit.JenkinsAcceptanceTestRule$1.evaluate(JenkinsAcceptanceTestRule.java:55)
	at org.junit.runners.ParentRunner.runLeaf(ParentRunner.java:271)
	at org.junit.runners.BlockJUnit4ClassRunner.runChild(BlockJUnit4ClassRunner.java:70)
	at org.junit.runners.BlockJUnit4ClassRunner.runChild(BlockJUnit4ClassRunner.java:50)
	at org.junit.runners.ParentRunner$3.run(ParentRunner.java:238)
	at org.junit.runners.ParentRunner$1.schedule(ParentRunner.java:63)
	at org.junit.runners.ParentRunner.runChildren(ParentRunner.java:236)
	at org.junit.runners.ParentRunner.access$000(ParentRunner.java:53)
	at org.junit.runners.ParentRunner$2.evaluate(ParentRunner.java:229)
	at org.junit.runners.ParentRunner.run(ParentRunner.java:309)
	at org.apache.maven.surefire.junit4.JUnit4Provider.execute(JUnit4Provider.java:264)
	at org.apache.maven.surefire.junit4.JUnit4Provider.executeTestSet(JUnit4Provider.java:153)
	at org.apache.maven.surefire.junit4.JUnit4Provider.invoke(JUnit4Provider.java:124)
	at org.apache.maven.surefire.booter.ForkedBooter.invokeProviderInSameClassLoader(ForkedBooter.java:200)
	at org.apache.maven.surefire.booter.ForkedBooter.runSuitesInProcess(ForkedBooter.java:153)
	at org.apache.maven.surefire.booter.ForkedBooter.main(ForkedBooter.java:103)
</error>
    <system-out><![CDATA[testCaseResult=ru.yandex.qatools.allure.model.TestCaseResult@6a4a2090[
  name=archive_compressed_artifacts
  title=<null>
  description=<null>
  failure=ru.yandex.qatools.allure.model.Failure@778c2e7c
  start=1443742951788
  stop=1443743042026
  status=BROKEN
  severity=<null>
  steps=[]
  attachments=[]
  labels=[ru.yandex.qatools.allure.model.Label@b70fa38, ru.yandex.qatools.allure.model.Label@45c423b3]
  parameters=<null>
]
testCaseResult={
   "start" : 1443742951788,
   "stop" : 1443743042026,
   "status" : "broken",
   "name" : "archive_compressed_artifacts",
   "failure" : {
      "message" : "NoSuchMethodError: org.apache.http.entity.ContentType.create(Ljava/lang/String;[Lorg/apache/http/NameValuePair;)Lorg/apache/http/entity/ContentType;",
      "stack-trace" : "java.lang.NoSuchMethodError: org.apache.http.entity.ContentType.create(Ljava/lang/String;[Lorg/apache/http/NameValuePair;)Lorg/apache/http/entity/ContentType;\n\tat org.apache.http.entity.mime.MultipartEntityBuilder.buildEntity(MultipartEntityBuilder.java:209)\n\tat org.apache.http.entity.mime.MultipartEntityBuilder.build(MultipartEntityBuilder.java:230)\n\tat org.jenkinsci.test.acceptance.update_center.PluginMetadata.uploadTo(PluginMetadata.java:65)\n\tat org.jenkinsci.test.acceptance.po.PluginManager.installPlugins(PluginManager.java:173)\n\tat org.jenkinsci.test.acceptance.junit.WithPlugins$RuleImpl$1.doInstall(WithPlugins.java:139)\n\tat org.jenkinsci.test.acceptance.junit.WithPlugins$RuleImpl$1.installPlugins(WithPlugins.java:119)\n\tat org.jenkinsci.test.acceptance.junit.WithPlugins$RuleImpl$1.evaluate(WithPlugins.java:92)\n\tat org.jenkinsci.test.acceptance.junit.Since$RuleImpl$1.evaluate(Since.java:47)\n\tat org.jenkinsci.test.acceptance.junit.JenkinsAcceptanceTestRule$1$2$1.evaluate(JenkinsAcceptanceTestRule.java:129)\n\tat org.jenkinsci.test.acceptance.junit.FilterRule$1.evaluate(FilterRule.java:62)\n\tat org.jenkinsci.test.acceptance.junit.JenkinsAcceptanceTestRule$1.evaluate(JenkinsAcceptanceTestRule.java:55)\n\tat org.junit.runners.ParentRunner.runLeaf(ParentRunner.java:271)\n\tat org.junit.runners.BlockJUnit4ClassRunner.runChild(BlockJUnit4ClassRunner.java:70)\n\tat org.junit.runners.BlockJUnit4ClassRunner.runChild(BlockJUnit4ClassRunner.java:50)\n\tat org.junit.runners.ParentRunner$3.run(ParentRunner.java:238)\n\tat org.junit.runners.ParentRunner$1.schedule(ParentRunner.java:63)\n\tat org.junit.runners.ParentRunner.runChildren(ParentRunner.java:236)\n\tat org.junit.runners.ParentRunner.access$000(ParentRunner.java:53)\n\tat org.junit.runners.ParentRunner$2.evaluate(ParentRunner.java:229)\n\tat org.junit.runners.ParentRunner.run(ParentRunner.java:309)\n\tat org.apache.maven.surefire.junit4.JUnit4Provider.execute(JUnit4Provider.java:264)\n\tat org.apache.maven.surefire.junit4.JUnit4Provider.executeTestSet(JUnit4Provider.java:153)\n\tat org.apache.maven.surefire.junit4.JUnit4Provider.invoke(JUnit4Provider.java:124)\n\tat org.apache.maven.surefire.booter.ForkedBooter.invokeProviderInSameClassLoader(ForkedBooter.java:200)\n\tat org.apache.maven.surefire.booter.ForkedBooter.runSuitesInProcess(ForkedBooter.java:153)\n\tat org.apache.maven.surefire.booter.ForkedBooter.main(ForkedBooter.java:103)\n"
   },
   "steps" : {
      "step" : [ ]
   },
   "attachments" : {
      "attachment" : [ ]
   },
   "labels" : {
      "label" : [ {
         "name" : "host",
         "value" : "Abduls-MBP.home"
      }, {
         "name" : "thread",
         "value" : "35252@Abduls-MBP.home.main(1)"
      } ]
   }
}
testCase=ru.yandex.qatools.allure.model.TestCase@7e31d53b[
  _id=f78fe273-e8f7-4ca2-a79b-f873f8c6832e
  executionId=7701d757-07c3-4ee5-9df4-52c16ef79685
  result=ru.yandex.qatools.allure.model.TestCaseResult@6a4a2090
]
testCase={
   "_id" : "f78fe273-e8f7-4ca2-a79b-f873f8c6832e",
   "executionId" : "7701d757-07c3-4ee5-9df4-52c16ef79685",
   "result" : {
      "start" : 1443742951788,
      "stop" : 1443743042026,
      "status" : "broken",
      "name" : "archive_compressed_artifacts",
      "failure" : {
         "message" : "NoSuchMethodError: org.apache.http.entity.ContentType.create(Ljava/lang/String;[Lorg/apache/http/NameValuePair;)Lorg/apache/http/entity/ContentType;",
         "stack-trace" : "java.lang.NoSuchMethodError: org.apache.http.entity.ContentType.create(Ljava/lang/String;[Lorg/apache/http/NameValuePair;)Lorg/apache/http/entity/ContentType;\n\tat org.apache.http.entity.mime.MultipartEntityBuilder.buildEntity(MultipartEntityBuilder.java:209)\n\tat org.apache.http.entity.mime.MultipartEntityBuilder.build(MultipartEntityBuilder.java:230)\n\tat org.jenkinsci.test.acceptance.update_center.PluginMetadata.uploadTo(PluginMetadata.java:65)\n\tat org.jenkinsci.test.acceptance.po.PluginManager.installPlugins(PluginManager.java:173)\n\tat org.jenkinsci.test.acceptance.junit.WithPlugins$RuleImpl$1.doInstall(WithPlugins.java:139)\n\tat org.jenkinsci.test.acceptance.junit.WithPlugins$RuleImpl$1.installPlugins(WithPlugins.java:119)\n\tat org.jenkinsci.test.acceptance.junit.WithPlugins$RuleImpl$1.evaluate(WithPlugins.java:92)\n\tat org.jenkinsci.test.acceptance.junit.Since$RuleImpl$1.evaluate(Since.java:47)\n\tat org.jenkinsci.test.acceptance.junit.JenkinsAcceptanceTestRule$1$2$1.evaluate(JenkinsAcceptanceTestRule.java:129)\n\tat org.jenkinsci.test.acceptance.junit.FilterRule$1.evaluate(FilterRule.java:62)\n\tat org.jenkinsci.test.acceptance.junit.JenkinsAcceptanceTestRule$1.evaluate(JenkinsAcceptanceTestRule.java:55)\n\tat org.junit.runners.ParentRunner.runLeaf(ParentRunner.java:271)\n\tat org.junit.runners.BlockJUnit4ClassRunner.runChild(BlockJUnit4ClassRunner.java:70)\n\tat org.junit.runners.BlockJUnit4ClassRunner.runChild(BlockJUnit4ClassRunner.java:50)\n\tat org.junit.runners.ParentRunner$3.run(ParentRunner.java:238)\n\tat org.junit.runners.ParentRunner$1.schedule(ParentRunner.java:63)\n\tat org.junit.runners.ParentRunner.runChildren(ParentRunner.java:236)\n\tat org.junit.runners.ParentRunner.access$000(ParentRunner.java:53)\n\tat org.junit.runners.ParentRunner$2.evaluate(ParentRunner.java:229)\n\tat org.junit.runners.ParentRunner.run(ParentRunner.java:309)\n\tat org.apache.maven.surefire.junit4.JUnit4Provider.execute(JUnit4Provider.java:264)\n\tat org.apache.maven.surefire.junit4.JUnit4Provider.executeTestSet(JUnit4Provider.java:153)\n\tat org.apache.maven.surefire.junit4.JUnit4Provider.invoke(JUnit4Provider.java:124)\n\tat org.apache.maven.surefire.booter.ForkedBooter.invokeProviderInSameClassLoader(ForkedBooter.java:200)\n\tat org.apache.maven.surefire.booter.ForkedBooter.runSuitesInProcess(ForkedBooter.java:153)\n\tat org.apache.maven.surefire.booter.ForkedBooter.main(ForkedBooter.java:103)\n"
      },
      "steps" : {
         "step" : [ ]
      },
      "attachments" : {
         "attachment" : [ ]
      },
      "labels" : {
         "label" : [ {
            "name" : "host",
            "value" : "Abduls-MBP.home"
         }, {
            "name" : "thread",
            "value" : "35252@Abduls-MBP.home.main(1)"
         } ]
      }
   }
}
>>>REQUEST: /testdb/TestCase
[WARN] [10/01/2015 19:44:02.060] [default-akka.actor.default-dispatcher-20] [ActorSystem(default)] Illegal response header: Illegal 'etag' header: Invalid input '5', expected 'W' or '"' (line 1, column 1): 560dc542fbeaf7a200c9bea5
^
<<<RESPONSE (201 Created): /testdb/TestCase
running with given plugins: []
=== Starting archiveMavenProject(plugins.CompressArtifactsPluginTest)
Starting Jenkins: JAVA_HOME=/Library/Java/JavaVirtualMachines/jdk1.8.0_60.jdk/Contents/Home JENKINS_HOME=/Users/abduljewel/Documents/c/spiderqa/sample-test-projects/acceptance-test-harness/target/jenkins1156563864052509004home /Library/Java/JavaVirtualMachines/jdk1.8.0_60.jdk/Contents/Home/bin/java -Duser.language=en -jar ./jenkins.war --ajp13Port=-1 --httpPort=49517
master49517|Running from: /Users/abduljewel/Documents/c/spiderqa/sample-test-projects/acceptance-test-harness/jenkins.war
master49517|webroot: EnvVars.masterEnvVars.get("JENKINS_HOME")
master49517|Oct 01, 2015 7:44:03 PM winstone.Logger logInternal
master49517|INFO: Beginning extraction from war file
master49517|Oct 01, 2015 7:44:07 PM org.eclipse.jetty.util.log.JavaUtilLog info
master49517|INFO: jetty-winstone-2.8
master49517|Oct 01, 2015 7:44:11 PM org.eclipse.jetty.util.log.JavaUtilLog info
master49517|INFO: NO JSP Support for , did not find org.apache.jasper.servlet.JspServlet
master49517|Jenkins home directory: /Users/abduljewel/Documents/c/spiderqa/sample-test-projects/acceptance-test-harness/target/jenkins1156563864052509004home found at: EnvVars.masterEnvVars.get("JENKINS_HOME")
master49517|Oct 01, 2015 7:44:15 PM org.eclipse.jetty.util.log.JavaUtilLog info
master49517|INFO: Started SelectChannelConnector@0.0.0.0:49517
master49517|Oct 01, 2015 7:44:15 PM winstone.Logger logInternal
master49517|INFO: Winstone Servlet Engine v2.0 running: controlPort=disabled
master49517|Oct 01, 2015 7:44:15 PM jenkins.InitReactorRunner$1 onAttained
master49517|INFO: Started initialization
master49517|Oct 01, 2015 7:44:51 PM jenkins.InitReactorRunner$1 onAttained
master49517|INFO: Listed all plugins
master49517|Oct 01, 2015 7:44:51 PM jenkins.InitReactorRunner$1 onAttained
master49517|INFO: Prepared all plugins
master49517|Oct 01, 2015 7:44:51 PM jenkins.InitReactorRunner$1 onAttained
master49517|INFO: Started all plugins
master49517|Oct 01, 2015 7:44:51 PM jenkins.InitReactorRunner$1 onAttained
master49517|INFO: Augmented all extensions
master49517|Oct 01, 2015 7:44:57 PM jenkins.InitReactorRunner$1 onAttained
master49517|INFO: Loaded all jobs
master49517|Oct 01, 2015 7:45:02 PM hudson.model.AsyncPeriodicWork$1 run
master49517|INFO: Started Download metadata
master49517|Oct 01, 2015 7:45:02 PM org.jenkinsci.main.modules.sshd.SSHD start
master49517|INFO: Started SSHD at port 65516
master49517|Oct 01, 2015 7:45:02 PM jenkins.InitReactorRunner$1 onAttained
master49517|INFO: Completed initialization
master49517|Oct 01, 2015 7:45:02 PM hudson.UDPBroadcastThread run
master49517|WARNING: UDP handling problem
master49517|java.net.SocketException: Can't assign requested address
master49517|	at java.net.PlainDatagramSocketImpl.join(Native Method)
master49517|	at java.net.AbstractPlainDatagramSocketImpl.join(AbstractPlainDatagramSocketImpl.java:179)
master49517|	at java.net.MulticastSocket.joinGroup(MulticastSocket.java:323)
master49517|	at hudson.UDPBroadcastThread.run(UDPBroadcastThread.java:77)
master49517|
master49517|Oct 01, 2015 7:45:02 PM hudson.WebAppMain$3 run
master49517|INFO: Jenkins is fully up and running
master49517|Oct 01, 2015 7:45:06 PM hudson.model.UpdateSite updateData
master49517|INFO: Obtained the latest update center data file for UpdateSource default
master49517|Oct 01, 2015 7:45:06 PM hudson.model.DownloadService$Downloadable load
master49517|INFO: Obtained the updated data file for hudson.tasks.Maven.MavenInstaller
master49517|Oct 01, 2015 7:45:06 PM hudson.model.DownloadService$Downloadable load
master49517|INFO: Obtained the updated data file for hudson.tasks.Ant.AntInstaller
master49517|Oct 01, 2015 7:45:07 PM hudson.model.DownloadService$Downloadable load
master49517|INFO: Obtained the updated data file for hudson.tools.JDKInstaller
master49517|Oct 01, 2015 7:45:07 PM hudson.model.AsyncPeriodicWork$1 run
master49517|INFO: Finished Download metadata. 5,557 ms
Version check: actual=1.630, expected=1.532
Jenkins is stopped
]]></system-out>
    <system-err><![CDATA[Oct 01, 2015 7:44:02 PM org.jenkinsci.test.acceptance.controller.LocalController startNow
INFO: Waiting for Jenkins to become running in http://127.0.0.1:49517/
Oct 01, 2015 7:45:02 PM org.jenkinsci.test.acceptance.controller.LocalController startNow
INFO: Jenkins is running in http://127.0.0.1:49517/
Oct 01, 2015 7:45:12 PM org.jenkinsci.test.acceptance.po.PluginManager installationStatus
INFO: maven-plugin is up to date
Oct 01, 2015 7:45:12 PM org.jenkinsci.test.acceptance.po.PluginManager installationStatus
INFO: compress-artifacts is not installed
Oct 01, 2015 7:45:12 PM org.jenkinsci.test.acceptance.po.PluginManager installationStatus
INFO: compress-artifacts is not installed
Oct 01, 2015 7:45:12 PM org.jenkinsci.test.acceptance.po.PluginManager installationStatus
INFO: compress-artifacts@1.7 is not installed
]]></system-err>
  </testcase>
  <testcase name="archiveLargerThan4GInTotal" classname="plugins.CompressArtifactsPluginTest" time="62.07">
    <error message="org.apache.http.entity.ContentType.create(Ljava/lang/String;[Lorg/apache/http/NameValuePair;)Lorg/apache/http/entity/ContentType;" type="java.lang.NoSuchMethodError">java.lang.NoSuchMethodError: org.apache.http.entity.ContentType.create(Ljava/lang/String;[Lorg/apache/http/NameValuePair;)Lorg/apache/http/entity/ContentType;
	at org.apache.http.entity.mime.MultipartEntityBuilder.buildEntity(MultipartEntityBuilder.java:209)
	at org.apache.http.entity.mime.MultipartEntityBuilder.build(MultipartEntityBuilder.java:230)
	at org.jenkinsci.test.acceptance.update_center.PluginMetadata.uploadTo(PluginMetadata.java:65)
	at org.jenkinsci.test.acceptance.po.PluginManager.installPlugins(PluginManager.java:173)
	at org.jenkinsci.test.acceptance.junit.WithPlugins$RuleImpl$1.doInstall(WithPlugins.java:139)
	at org.jenkinsci.test.acceptance.junit.WithPlugins$RuleImpl$1.installPlugins(WithPlugins.java:119)
	at org.jenkinsci.test.acceptance.junit.WithPlugins$RuleImpl$1.evaluate(WithPlugins.java:92)
	at org.jenkinsci.test.acceptance.junit.Since$RuleImpl$1.evaluate(Since.java:47)
	at org.jenkinsci.test.acceptance.junit.JenkinsAcceptanceTestRule$1$2$1.evaluate(JenkinsAcceptanceTestRule.java:129)
	at org.jenkinsci.test.acceptance.junit.FilterRule$1.evaluate(FilterRule.java:62)
	at org.jenkinsci.test.acceptance.junit.JenkinsAcceptanceTestRule$1.evaluate(JenkinsAcceptanceTestRule.java:55)
	at org.junit.runners.ParentRunner.runLeaf(ParentRunner.java:271)
	at org.junit.runners.BlockJUnit4ClassRunner.runChild(BlockJUnit4ClassRunner.java:70)
	at org.junit.runners.BlockJUnit4ClassRunner.runChild(BlockJUnit4ClassRunner.java:50)
	at org.junit.runners.ParentRunner$3.run(ParentRunner.java:238)
	at org.junit.runners.ParentRunner$1.schedule(ParentRunner.java:63)
	at org.junit.runners.ParentRunner.runChildren(ParentRunner.java:236)
	at org.junit.runners.ParentRunner.access$000(ParentRunner.java:53)
	at org.junit.runners.ParentRunner$2.evaluate(ParentRunner.java:229)
	at org.junit.runners.ParentRunner.run(ParentRunner.java:309)
	at org.apache.maven.surefire.junit4.JUnit4Provider.execute(JUnit4Provider.java:264)
	at org.apache.maven.surefire.junit4.JUnit4Provider.executeTestSet(JUnit4Provider.java:153)
	at org.apache.maven.surefire.junit4.JUnit4Provider.invoke(JUnit4Provider.java:124)
	at org.apache.maven.surefire.booter.ForkedBooter.invokeProviderInSameClassLoader(ForkedBooter.java:200)
	at org.apache.maven.surefire.booter.ForkedBooter.runSuitesInProcess(ForkedBooter.java:153)
	at org.apache.maven.surefire.booter.ForkedBooter.main(ForkedBooter.java:103)
</error>
    <system-out><![CDATA[testCaseResult=ru.yandex.qatools.allure.model.TestCaseResult@59d5c537[
  name=archiveMavenProject
  title=<null>
  description=<null>
  failure=ru.yandex.qatools.allure.model.Failure@5464b97c
  start=1443743042061
  stop=1443743113146
  status=BROKEN
  severity=<null>
  steps=[]
  attachments=[]
  labels=[ru.yandex.qatools.allure.model.Label@3355168, ru.yandex.qatools.allure.model.Label@2f07930a]
  parameters=<null>
]
testCaseResult={
   "start" : 1443743042061,
   "stop" : 1443743113146,
   "status" : "broken",
   "name" : "archiveMavenProject",
   "failure" : {
      "message" : "NoSuchMethodError: org.apache.http.entity.ContentType.create(Ljava/lang/String;[Lorg/apache/http/NameValuePair;)Lorg/apache/http/entity/ContentType;",
      "stack-trace" : "java.lang.NoSuchMethodError: org.apache.http.entity.ContentType.create(Ljava/lang/String;[Lorg/apache/http/NameValuePair;)Lorg/apache/http/entity/ContentType;\n\tat org.apache.http.entity.mime.MultipartEntityBuilder.buildEntity(MultipartEntityBuilder.java:209)\n\tat org.apache.http.entity.mime.MultipartEntityBuilder.build(MultipartEntityBuilder.java:230)\n\tat org.jenkinsci.test.acceptance.update_center.PluginMetadata.uploadTo(PluginMetadata.java:65)\n\tat org.jenkinsci.test.acceptance.po.PluginManager.installPlugins(PluginManager.java:173)\n\tat org.jenkinsci.test.acceptance.junit.WithPlugins$RuleImpl$1.doInstall(WithPlugins.java:139)\n\tat org.jenkinsci.test.acceptance.junit.WithPlugins$RuleImpl$1.installPlugins(WithPlugins.java:119)\n\tat org.jenkinsci.test.acceptance.junit.WithPlugins$RuleImpl$1.evaluate(WithPlugins.java:92)\n\tat org.jenkinsci.test.acceptance.junit.Since$RuleImpl$1.evaluate(Since.java:47)\n\tat org.jenkinsci.test.acceptance.junit.JenkinsAcceptanceTestRule$1$2$1.evaluate(JenkinsAcceptanceTestRule.java:129)\n\tat org.jenkinsci.test.acceptance.junit.FilterRule$1.evaluate(FilterRule.java:62)\n\tat org.jenkinsci.test.acceptance.junit.JenkinsAcceptanceTestRule$1.evaluate(JenkinsAcceptanceTestRule.java:55)\n\tat org.junit.runners.ParentRunner.runLeaf(ParentRunner.java:271)\n\tat org.junit.runners.BlockJUnit4ClassRunner.runChild(BlockJUnit4ClassRunner.java:70)\n\tat org.junit.runners.BlockJUnit4ClassRunner.runChild(BlockJUnit4ClassRunner.java:50)\n\tat org.junit.runners.ParentRunner$3.run(ParentRunner.java:238)\n\tat org.junit.runners.ParentRunner$1.schedule(ParentRunner.java:63)\n\tat org.junit.runners.ParentRunner.runChildren(ParentRunner.java:236)\n\tat org.junit.runners.ParentRunner.access$000(ParentRunner.java:53)\n\tat org.junit.runners.ParentRunner$2.evaluate(ParentRunner.java:229)\n\tat org.junit.runners.ParentRunner.run(ParentRunner.java:309)\n\tat org.apache.maven.surefire.junit4.JUnit4Provider.execute(JUnit4Provider.java:264)\n\tat org.apache.maven.surefire.junit4.JUnit4Provider.executeTestSet(JUnit4Provider.java:153)\n\tat org.apache.maven.surefire.junit4.JUnit4Provider.invoke(JUnit4Provider.java:124)\n\tat org.apache.maven.surefire.booter.ForkedBooter.invokeProviderInSameClassLoader(ForkedBooter.java:200)\n\tat org.apache.maven.surefire.booter.ForkedBooter.runSuitesInProcess(ForkedBooter.java:153)\n\tat org.apache.maven.surefire.booter.ForkedBooter.main(ForkedBooter.java:103)\n"
   },
   "steps" : {
      "step" : [ ]
   },
   "attachments" : {
      "attachment" : [ ]
   },
   "labels" : {
      "label" : [ {
         "name" : "host",
         "value" : "Abduls-MBP.home"
      }, {
         "name" : "thread",
         "value" : "35252@Abduls-MBP.home.main(1)"
      } ]
   }
}
testCase=ru.yandex.qatools.allure.model.TestCase@580c17a0[
  _id=affb2a8e-df20-4959-afa9-50cc4f730cef
  executionId=7701d757-07c3-4ee5-9df4-52c16ef79685
  result=ru.yandex.qatools.allure.model.TestCaseResult@59d5c537
]
testCase={
   "_id" : "affb2a8e-df20-4959-afa9-50cc4f730cef",
   "executionId" : "7701d757-07c3-4ee5-9df4-52c16ef79685",
   "result" : {
      "start" : 1443743042061,
      "stop" : 1443743113146,
      "status" : "broken",
      "name" : "archiveMavenProject",
      "failure" : {
         "message" : "NoSuchMethodError: org.apache.http.entity.ContentType.create(Ljava/lang/String;[Lorg/apache/http/NameValuePair;)Lorg/apache/http/entity/ContentType;",
         "stack-trace" : "java.lang.NoSuchMethodError: org.apache.http.entity.ContentType.create(Ljava/lang/String;[Lorg/apache/http/NameValuePair;)Lorg/apache/http/entity/ContentType;\n\tat org.apache.http.entity.mime.MultipartEntityBuilder.buildEntity(MultipartEntityBuilder.java:209)\n\tat org.apache.http.entity.mime.MultipartEntityBuilder.build(MultipartEntityBuilder.java:230)\n\tat org.jenkinsci.test.acceptance.update_center.PluginMetadata.uploadTo(PluginMetadata.java:65)\n\tat org.jenkinsci.test.acceptance.po.PluginManager.installPlugins(PluginManager.java:173)\n\tat org.jenkinsci.test.acceptance.junit.WithPlugins$RuleImpl$1.doInstall(WithPlugins.java:139)\n\tat org.jenkinsci.test.acceptance.junit.WithPlugins$RuleImpl$1.installPlugins(WithPlugins.java:119)\n\tat org.jenkinsci.test.acceptance.junit.WithPlugins$RuleImpl$1.evaluate(WithPlugins.java:92)\n\tat org.jenkinsci.test.acceptance.junit.Since$RuleImpl$1.evaluate(Since.java:47)\n\tat org.jenkinsci.test.acceptance.junit.JenkinsAcceptanceTestRule$1$2$1.evaluate(JenkinsAcceptanceTestRule.java:129)\n\tat org.jenkinsci.test.acceptance.junit.FilterRule$1.evaluate(FilterRule.java:62)\n\tat org.jenkinsci.test.acceptance.junit.JenkinsAcceptanceTestRule$1.evaluate(JenkinsAcceptanceTestRule.java:55)\n\tat org.junit.runners.ParentRunner.runLeaf(ParentRunner.java:271)\n\tat org.junit.runners.BlockJUnit4ClassRunner.runChild(BlockJUnit4ClassRunner.java:70)\n\tat org.junit.runners.BlockJUnit4ClassRunner.runChild(BlockJUnit4ClassRunner.java:50)\n\tat org.junit.runners.ParentRunner$3.run(ParentRunner.java:238)\n\tat org.junit.runners.ParentRunner$1.schedule(ParentRunner.java:63)\n\tat org.junit.runners.ParentRunner.runChildren(ParentRunner.java:236)\n\tat org.junit.runners.ParentRunner.access$000(ParentRunner.java:53)\n\tat org.junit.runners.ParentRunner$2.evaluate(ParentRunner.java:229)\n\tat org.junit.runners.ParentRunner.run(ParentRunner.java:309)\n\tat org.apache.maven.surefire.junit4.JUnit4Provider.execute(JUnit4Provider.java:264)\n\tat org.apache.maven.surefire.junit4.JUnit4Provider.executeTestSet(JUnit4Provider.java:153)\n\tat org.apache.maven.surefire.junit4.JUnit4Provider.invoke(JUnit4Provider.java:124)\n\tat org.apache.maven.surefire.booter.ForkedBooter.invokeProviderInSameClassLoader(ForkedBooter.java:200)\n\tat org.apache.maven.surefire.booter.ForkedBooter.runSuitesInProcess(ForkedBooter.java:153)\n\tat org.apache.maven.surefire.booter.ForkedBooter.main(ForkedBooter.java:103)\n"
      },
      "steps" : {
         "step" : [ ]
      },
      "attachments" : {
         "attachment" : [ ]
      },
      "labels" : {
         "label" : [ {
            "name" : "host",
            "value" : "Abduls-MBP.home"
         }, {
            "name" : "thread",
            "value" : "35252@Abduls-MBP.home.main(1)"
         } ]
      }
   }
}
>>>REQUEST: /testdb/TestCase
[WARN] [10/01/2015 19:45:13.186] [default-akka.actor.default-dispatcher-63] [ActorSystem(default)] Illegal response header: Illegal 'etag' header: Invalid input '5', expected 'W' or '"' (line 1, column 1): 560dc589fbeaf7a200c9beab
^
<<<RESPONSE (201 Created): /testdb/TestCase
running with given plugins: []
=== Starting archiveLargerThan4GInTotal(plugins.CompressArtifactsPluginTest)
Starting Jenkins: JAVA_HOME=/Library/Java/JavaVirtualMachines/jdk1.8.0_60.jdk/Contents/Home JENKINS_HOME=/Users/abduljewel/Documents/c/spiderqa/sample-test-projects/acceptance-test-harness/target/jenkins8428738714293640939home /Library/Java/JavaVirtualMachines/jdk1.8.0_60.jdk/Contents/Home/bin/java -Duser.language=en -jar ./jenkins.war --ajp13Port=-1 --httpPort=53622
master53622|Running from: /Users/abduljewel/Documents/c/spiderqa/sample-test-projects/acceptance-test-harness/jenkins.war
master53622|webroot: EnvVars.masterEnvVars.get("JENKINS_HOME")
master53622|Oct 01, 2015 7:45:14 PM winstone.Logger logInternal
master53622|INFO: Beginning extraction from war file
master53622|Oct 01, 2015 7:45:18 PM org.eclipse.jetty.util.log.JavaUtilLog info
master53622|INFO: jetty-winstone-2.8
master53622|Oct 01, 2015 7:45:22 PM org.eclipse.jetty.util.log.JavaUtilLog info
master53622|INFO: NO JSP Support for , did not find org.apache.jasper.servlet.JspServlet
master53622|Jenkins home directory: /Users/abduljewel/Documents/c/spiderqa/sample-test-projects/acceptance-test-harness/target/jenkins8428738714293640939home found at: EnvVars.masterEnvVars.get("JENKINS_HOME")
master53622|Oct 01, 2015 7:45:25 PM org.eclipse.jetty.util.log.JavaUtilLog info
master53622|INFO: Started SelectChannelConnector@0.0.0.0:53622
master53622|Oct 01, 2015 7:45:25 PM winstone.Logger logInternal
master53622|INFO: Winstone Servlet Engine v2.0 running: controlPort=disabled
master53622|Oct 01, 2015 7:45:25 PM jenkins.InitReactorRunner$1 onAttained
master53622|INFO: Started initialization
master53622|Oct 01, 2015 7:45:57 PM jenkins.InitReactorRunner$1 onAttained
master53622|INFO: Listed all plugins
master53622|Oct 01, 2015 7:45:57 PM jenkins.InitReactorRunner$1 onAttained
master53622|INFO: Prepared all plugins
master53622|Oct 01, 2015 7:45:57 PM jenkins.InitReactorRunner$1 onAttained
master53622|INFO: Started all plugins
master53622|Oct 01, 2015 7:45:57 PM jenkins.InitReactorRunner$1 onAttained
master53622|INFO: Augmented all extensions
master53622|Oct 01, 2015 7:46:03 PM jenkins.InitReactorRunner$1 onAttained
master53622|INFO: Loaded all jobs
master53622|Oct 01, 2015 7:46:07 PM hudson.model.AsyncPeriodicWork$1 run
master53622|INFO: Started Download metadata
master53622|Oct 01, 2015 7:46:08 PM org.jenkinsci.main.modules.sshd.SSHD start
master53622|INFO: Started SSHD at port 49545
master53622|Oct 01, 2015 7:46:08 PM jenkins.InitReactorRunner$1 onAttained
master53622|INFO: Completed initialization
master53622|Oct 01, 2015 7:46:08 PM hudson.UDPBroadcastThread run
master53622|WARNING: UDP handling problem
master53622|java.net.SocketException: Can't assign requested address
master53622|	at java.net.PlainDatagramSocketImpl.join(Native Method)
master53622|	at java.net.AbstractPlainDatagramSocketImpl.join(AbstractPlainDatagramSocketImpl.java:179)
master53622|	at java.net.MulticastSocket.joinGroup(MulticastSocket.java:323)
master53622|	at hudson.UDPBroadcastThread.run(UDPBroadcastThread.java:77)
master53622|
master53622|Oct 01, 2015 7:46:08 PM hudson.WebAppMain$3 run
master53622|INFO: Jenkins is fully up and running
master53622|Oct 01, 2015 7:46:12 PM hudson.model.UpdateSite updateData
master53622|INFO: Obtained the latest update center data file for UpdateSource default
master53622|Oct 01, 2015 7:46:12 PM hudson.model.DownloadService$Downloadable load
master53622|INFO: Obtained the updated data file for hudson.tasks.Maven.MavenInstaller
master53622|Oct 01, 2015 7:46:12 PM hudson.model.DownloadService$Downloadable load
master53622|INFO: Obtained the updated data file for hudson.tasks.Ant.AntInstaller
master53622|Oct 01, 2015 7:46:14 PM hudson.model.DownloadService$Downloadable load
master53622|INFO: Obtained the updated data file for hudson.tools.JDKInstaller
master53622|Oct 01, 2015 7:46:14 PM hudson.model.AsyncPeriodicWork$1 run
master53622|INFO: Finished Download metadata. 6,126 ms
Version check: actual=1.630, expected=1.532
Jenkins is stopped
]]></system-out>
    <system-err><![CDATA[Oct 01, 2015 7:45:13 PM org.jenkinsci.test.acceptance.controller.LocalController startNow
INFO: Waiting for Jenkins to become running in http://127.0.0.1:53622/
Oct 01, 2015 7:46:08 PM org.jenkinsci.test.acceptance.controller.LocalController startNow
INFO: Jenkins is running in http://127.0.0.1:53622/
Oct 01, 2015 7:46:14 PM org.jenkinsci.test.acceptance.po.PluginManager installationStatus
INFO: compress-artifacts is not installed
Oct 01, 2015 7:46:14 PM org.jenkinsci.test.acceptance.po.PluginManager installationStatus
INFO: compress-artifacts is not installed
Oct 01, 2015 7:46:14 PM org.jenkinsci.test.acceptance.po.PluginManager installationStatus
INFO: compress-artifacts@1.7 is not installed
]]></system-err>
  </testcase>
</testsuite>