<?xml version="1.0" encoding="UTF-8"?>
<testsuite name="plugins.ActiveDirectoryTest" time="55.214" tests="3" errors="3" skipped="0" failures="0">
  <properties>
[...]
</properties>
  <testcase name="user_can_login_to_Jenkins_as_admin_group_member_after_AD_security_configured" classname="plugins.ActiveDirectoryTest" time="18.677">
    <error message="org.apache.http.entity.ContentType.create(Ljava/lang/String;[Lorg/apache/http/NameValuePair;)Lorg/apache/http/entity/ContentType;" type="java.lang.NoSuchMethodError">java.lang.NoSuchMethodError: org.apache.http.entity.ContentType.create(Ljava/lang/String;[Lorg/apache/http/NameValuePair;)Lorg/apache/http/entity/ContentType;
	at org.apache.http.entity.mime.MultipartEntityBuilder.buildEntity(MultipartEntityBuilder.java:209)
	at org.apache.http.entity.mime.MultipartEntityBuilder.build(MultipartEntityBuilder.java:230)
	at org.jenkinsci.test.acceptance.update_center.PluginMetadata.uploadTo(PluginMetadata.java:65)
	at org.jenkinsci.test.acceptance.po.PluginManager.installPlugins(PluginManager.java:173)
	at org.jenkinsci.test.acceptance.junit.WithPlugins$RuleImpl$1.doInstall(WithPlugins.java:139)
	at org.jenkinsci.test.acceptance.junit.WithPlugins$RuleImpl$1.installPlugins(WithPlugins.java:119)
	at org.jenkinsci.test.acceptance.junit.WithPlugins$RuleImpl$1.evaluate(WithPlugins.java:92)
	at org.jenkinsci.test.acceptance.junit.JenkinsAcceptanceTestRule$1$2$1.evaluate(JenkinsAcceptanceTestRule.java:129)
	at org.jenkinsci.test.acceptance.junit.FilterRule$1.evaluate(FilterRule.java:62)
	at org.jenkinsci.test.acceptance.junit.JenkinsAcceptanceTestRule$1.evaluate(JenkinsAcceptanceTestRule.java:55)
	at org.junit.runners.ParentRunner.runLeaf(ParentRunner.java:271)
	at org.junit.runners.BlockJUnit4ClassRunner.runChild(BlockJUnit4ClassRunner.java:70)
	at org.junit.runners.BlockJUnit4ClassRunner.runChild(BlockJUnit4ClassRunner.java:50)
	at org.junit.runners.ParentRunner$3.run(ParentRunner.java:238)
	at org.junit.runners.ParentRunner$1.schedule(ParentRunner.java:63)
	at org.junit.runners.ParentRunner.runChildren(ParentRunner.java:236)
	at org.junit.runners.ParentRunner.access$000(ParentRunner.java:53)
	at org.junit.runners.ParentRunner$2.evaluate(ParentRunner.java:229)
	at org.junit.runners.ParentRunner.run(ParentRunner.java:309)
	at org.apache.maven.surefire.junit4.JUnit4Provider.execute(JUnit4Provider.java:264)
	at org.apache.maven.surefire.junit4.JUnit4Provider.executeTestSet(JUnit4Provider.java:153)
	at org.apache.maven.surefire.junit4.JUnit4Provider.invoke(JUnit4Provider.java:124)
	at org.apache.maven.surefire.booter.ForkedBooter.invokeProviderInSameClassLoader(ForkedBooter.java:200)
	at org.apache.maven.surefire.booter.ForkedBooter.runSuitesInProcess(ForkedBooter.java:153)
	at org.apache.maven.surefire.booter.ForkedBooter.main(ForkedBooter.java:103)
</error>
    <system-out><![CDATA[testCaseResult=ru.yandex.qatools.allure.model.TestCaseResult@1fcba616[
  name=should_load_fixture_from_location
  title=<null>
  description=<null>
  failure=<null>
  start=1445037201325
  stop=1445037201328
  status=PASSED
  severity=<null>
  steps=[]
  attachments=[]
  labels=[ru.yandex.qatools.allure.model.Label@8c4f7f, ru.yandex.qatools.allure.model.Label@77811548]
  parameters=<null>
]
testCaseResult={
   "start" : 1445037201325,
   "stop" : 1445037201328,
   "status" : "passed",
   "name" : "should_load_fixture_from_location",
   "steps" : {
      "step" : [ ]
   },
   "attachments" : {
      "attachment" : [ ]
   },
   "labels" : {
      "label" : [ {
         "name" : "host",
         "value" : "MacBook-Pro-2.home"
      }, {
         "name" : "thread",
         "value" : "1771@MacBook-Pro-2.home.main(1)"
      } ]
   }
}
testCase=ru.yandex.qatools.allure.model.TestCase@596e51d[
  _id=cf995ef2-edc1-4fe1-8869-80333ecd2bbc
  executionId=7a8626ac-7b8d-4761-8bff-776519219d78
  threadName=thread_15005794375463
  name=should_load_fixture_from_location
  title=<null>
  description=<null>
  failure=<null>
  start=1445037201325
  stop=1445037201328
  status=PASSED
  severity=<null>
  steps=[]
  attachments=[]
  labels=[ru.yandex.qatools.allure.model.Label@8c4f7f, ru.yandex.qatools.allure.model.Label@77811548]
  parameters=<null>
]
testCase={
   "start" : 1445037201325,
   "stop" : 1445037201328,
   "status" : "passed",
   "_id" : "cf995ef2-edc1-4fe1-8869-80333ecd2bbc",
   "executionId" : "7a8626ac-7b8d-4761-8bff-776519219d78",
   "threadName" : "thread_15005794375463",
   "name" : "should_load_fixture_from_location",
   "steps" : {
      "step" : [ ]
   },
   "attachments" : {
      "attachment" : [ ]
   },
   "labels" : {
      "label" : [ {
         "name" : "host",
         "value" : "MacBook-Pro-2.home"
      }, {
         "name" : "thread",
         "value" : "1771@MacBook-Pro-2.home.main(1)"
      } ]
   }
}
>>>REQUEST: /testaspect/TestCase/cf995ef2-edc1-4fe1-8869-80333ecd2bbc
<<<RESPONSE (201 Created): /testaspect/TestCase/cf995ef2-edc1-4fe1-8869-80333ecd2bbc
running with given plugins: []
=== Starting user_can_login_to_Jenkins_as_admin_group_member_after_AD_security_configured(plugins.ActiveDirectoryTest)
Starting Jenkins: JAVA_HOME=/Library/Java/JavaVirtualMachines/jdk1.8.0_60.jdk/Contents/Home JENKINS_HOME=/Users/abduljewel/Documents/c/spiderqa/sample-test-projects/acceptance-test-harness/target/jenkins4792580612131528062home /Library/Java/JavaVirtualMachines/jdk1.8.0_60.jdk/Contents/Home/bin/java -Duser.language=en -jar ./jenkins.war --ajp13Port=-1 --httpPort=57664
master57664|Running from: /Users/abduljewel/Documents/c/spiderqa/sample-test-projects/acceptance-test-harness/jenkins.war
master57664|webroot: EnvVars.masterEnvVars.get("JENKINS_HOME")
master57664|Oct 16, 2015 7:13:21 PM winstone.Logger logInternal
master57664|INFO: Beginning extraction from war file
master57664|Oct 16, 2015 7:13:22 PM org.eclipse.jetty.util.log.JavaUtilLog info
master57664|INFO: jetty-winstone-2.8
master57664|Oct 16, 2015 7:13:23 PM org.eclipse.jetty.util.log.JavaUtilLog info
master57664|INFO: NO JSP Support for , did not find org.apache.jasper.servlet.JspServlet
master57664|Jenkins home directory: /Users/abduljewel/Documents/c/spiderqa/sample-test-projects/acceptance-test-harness/target/jenkins4792580612131528062home found at: EnvVars.masterEnvVars.get("JENKINS_HOME")
master57664|Oct 16, 2015 7:13:24 PM org.eclipse.jetty.util.log.JavaUtilLog info
master57664|INFO: Started SelectChannelConnector@0.0.0.0:57664
master57664|Oct 16, 2015 7:13:24 PM winstone.Logger logInternal
master57664|INFO: Winstone Servlet Engine v2.0 running: controlPort=disabled
master57664|Oct 16, 2015 7:13:24 PM jenkins.InitReactorRunner$1 onAttained
master57664|INFO: Started initialization
master57664|Oct 16, 2015 7:13:34 PM jenkins.InitReactorRunner$1 onAttained
master57664|INFO: Listed all plugins
master57664|Oct 16, 2015 7:13:34 PM jenkins.InitReactorRunner$1 onAttained
master57664|INFO: Prepared all plugins
master57664|Oct 16, 2015 7:13:34 PM jenkins.InitReactorRunner$1 onAttained
master57664|INFO: Started all plugins
master57664|Oct 16, 2015 7:13:34 PM jenkins.InitReactorRunner$1 onAttained
master57664|INFO: Augmented all extensions
master57664|Oct 16, 2015 7:13:36 PM jenkins.InitReactorRunner$1 onAttained
master57664|INFO: Loaded all jobs
master57664|Oct 16, 2015 7:13:36 PM hudson.model.AsyncPeriodicWork$1 run
master57664|INFO: Started Download metadata
master57664|Oct 16, 2015 7:13:37 PM org.jenkinsci.main.modules.sshd.SSHD start
master57664|INFO: Started SSHD at port 55069
master57664|Oct 16, 2015 7:13:37 PM jenkins.InitReactorRunner$1 onAttained
master57664|INFO: Completed initialization
master57664|Oct 16, 2015 7:13:37 PM hudson.UDPBroadcastThread run
master57664|WARNING: UDP handling problem
master57664|java.net.SocketException: Can't assign requested address
master57664|	at java.net.PlainDatagramSocketImpl.join(Native Method)
master57664|	at java.net.AbstractPlainDatagramSocketImpl.join(AbstractPlainDatagramSocketImpl.java:179)
master57664|	at java.net.MulticastSocket.joinGroup(MulticastSocket.java:323)
master57664|	at hudson.UDPBroadcastThread.run(UDPBroadcastThread.java:77)
master57664|
master57664|Oct 16, 2015 7:13:37 PM hudson.WebAppMain$3 run
master57664|INFO: Jenkins is fully up and running
master57664|Oct 16, 2015 7:13:38 PM hudson.model.UpdateSite updateData
master57664|INFO: Obtained the latest update center data file for UpdateSource default
master57664|Oct 16, 2015 7:13:38 PM hudson.model.DownloadService$Downloadable load
master57664|INFO: Obtained the updated data file for hudson.tasks.Maven.MavenInstaller
master57664|Oct 16, 2015 7:13:38 PM hudson.model.DownloadService$Downloadable load
master57664|INFO: Obtained the updated data file for hudson.tasks.Ant.AntInstaller
master57664|Oct 16, 2015 7:13:39 PM hudson.model.DownloadService$Downloadable load
master57664|INFO: Obtained the updated data file for hudson.tools.JDKInstaller
master57664|Oct 16, 2015 7:13:39 PM hudson.model.AsyncPeriodicWork$1 run
master57664|INFO: Finished Download metadata. 2,695 ms
Jenkins is stopped
]]></system-out>
    <system-err><![CDATA[Oct 16, 2015 7:13:21 PM org.jenkinsci.test.acceptance.controller.LocalController startNow
INFO: Waiting for Jenkins to become running in http://127.0.0.1:57664/
Oct 16, 2015 7:13:37 PM org.jenkinsci.test.acceptance.controller.LocalController startNow
INFO: Jenkins is running in http://127.0.0.1:57664/
Oct 16, 2015 7:13:37 PM org.openqa.selenium.phantomjs.PhantomJSDriverService <init>
INFO: executable: /usr/local/bin/phantomjs
Oct 16, 2015 7:13:37 PM org.openqa.selenium.phantomjs.PhantomJSDriverService <init>
INFO: port: 26902
Oct 16, 2015 7:13:37 PM org.openqa.selenium.phantomjs.PhantomJSDriverService <init>
INFO: arguments: [--webdriver=26902, --webdriver-logfile=/Users/abduljewel/Documents/c/spiderqa/sample-test-projects/acceptance-test-harness/phantomjsdriver.log]
Oct 16, 2015 7:13:37 PM org.openqa.selenium.phantomjs.PhantomJSDriverService <init>
INFO: environment: {}
[INFO  - 2015-10-16T23:13:37.404Z] GhostDriver - Main - running on port 26902
[INFO  - 2015-10-16T23:13:37.660Z] Session [87f5ff80-745b-11e5-a627-e5e3748c229a] - page.settings - {"XSSAuditingEnabled":false,"javascriptCanCloseWindows":true,"javascriptCanOpenWindows":true,"javascriptEnabled":true,"loadImages":true,"localToRemoteUrlAccessEnabled":false,"userAgent":"Mozilla/5.0 (Macintosh; Intel Mac OS X) AppleWebKit/538.1 (KHTML, like Gecko) PhantomJS/2.0.0 Safari/538.1","webSecurityEnabled":true}
[INFO  - 2015-10-16T23:13:37.660Z] Session [87f5ff80-745b-11e5-a627-e5e3748c229a] - page.customHeaders:  - {"Accept-Language":"en"}
[INFO  - 2015-10-16T23:13:37.660Z] Session [87f5ff80-745b-11e5-a627-e5e3748c229a] - Session.negotiatedCapabilities - {"browserName":"phantomjs","version":"2.0.0","driverName":"ghostdriver","driverVersion":"1.2.0","platform":"mac-10.9 (Mavericks)-64bit","javascriptEnabled":true,"takesScreenshot":true,"handlesAlerts":false,"databaseEnabled":false,"locationContextEnabled":false,"applicationCacheEnabled":false,"browserConnectionEnabled":false,"cssSelectorsEnabled":true,"webStorageEnabled":false,"rotatable":false,"acceptSslCerts":false,"nativeEvents":true,"proxy":{"proxyType":"direct"},"phantomjs.page.customHeaders.Accept-Language":"en"}
[INFO  - 2015-10-16T23:13:37.660Z] SessionManagerReqHand - _postNewSessionCommand - New Session Created: 87f5ff80-745b-11e5-a627-e5e3748c229a
Oct 16, 2015 7:13:38 PM org.jenkinsci.test.acceptance.po.PluginManager installationStatus
INFO: active-directory@1.38 is not installed
Oct 16, 2015 7:13:38 PM org.jenkinsci.test.acceptance.po.PluginManager installationStatus
INFO: active-directory@1.38 is not installed
Oct 16, 2015 7:13:39 PM org.jenkinsci.test.acceptance.po.PluginManager installationStatus
INFO: mailer has version 1.11 but 1.15 was requested
[INFO  - 2015-10-16T23:13:39.347Z] ShutdownReqHand - _handle - About to shutdown
]]></system-err>
  </testcase>
  <testcase name="wannabe_cannot_login_to_Jenkins_after_AD_security_configured" classname="plugins.ActiveDirectoryTest" time="18.097">
    <error message="org.apache.http.entity.ContentType.create(Ljava/lang/String;[Lorg/apache/http/NameValuePair;)Lorg/apache/http/entity/ContentType;" type="java.lang.NoSuchMethodError">java.lang.NoSuchMethodError: org.apache.http.entity.ContentType.create(Ljava/lang/String;[Lorg/apache/http/NameValuePair;)Lorg/apache/http/entity/ContentType;
	at org.apache.http.entity.mime.MultipartEntityBuilder.buildEntity(MultipartEntityBuilder.java:209)
	at org.apache.http.entity.mime.MultipartEntityBuilder.build(MultipartEntityBuilder.java:230)
	at org.jenkinsci.test.acceptance.update_center.PluginMetadata.uploadTo(PluginMetadata.java:65)
	at org.jenkinsci.test.acceptance.po.PluginManager.installPlugins(PluginManager.java:173)
	at org.jenkinsci.test.acceptance.junit.WithPlugins$RuleImpl$1.doInstall(WithPlugins.java:139)
	at org.jenkinsci.test.acceptance.junit.WithPlugins$RuleImpl$1.installPlugins(WithPlugins.java:119)
	at org.jenkinsci.test.acceptance.junit.WithPlugins$RuleImpl$1.evaluate(WithPlugins.java:92)
	at org.jenkinsci.test.acceptance.junit.JenkinsAcceptanceTestRule$1$2$1.evaluate(JenkinsAcceptanceTestRule.java:129)
	at org.jenkinsci.test.acceptance.junit.FilterRule$1.evaluate(FilterRule.java:62)
	at org.jenkinsci.test.acceptance.junit.JenkinsAcceptanceTestRule$1.evaluate(JenkinsAcceptanceTestRule.java:55)
	at org.junit.runners.ParentRunner.runLeaf(ParentRunner.java:271)
	at org.junit.runners.BlockJUnit4ClassRunner.runChild(BlockJUnit4ClassRunner.java:70)
	at org.junit.runners.BlockJUnit4ClassRunner.runChild(BlockJUnit4ClassRunner.java:50)
	at org.junit.runners.ParentRunner$3.run(ParentRunner.java:238)
	at org.junit.runners.ParentRunner$1.schedule(ParentRunner.java:63)
	at org.junit.runners.ParentRunner.runChildren(ParentRunner.java:236)
	at org.junit.runners.ParentRunner.access$000(ParentRunner.java:53)
	at org.junit.runners.ParentRunner$2.evaluate(ParentRunner.java:229)
	at org.junit.runners.ParentRunner.run(ParentRunner.java:309)
	at org.apache.maven.surefire.junit4.JUnit4Provider.execute(JUnit4Provider.java:264)
	at org.apache.maven.surefire.junit4.JUnit4Provider.executeTestSet(JUnit4Provider.java:153)
	at org.apache.maven.surefire.junit4.JUnit4Provider.invoke(JUnit4Provider.java:124)
	at org.apache.maven.surefire.booter.ForkedBooter.invokeProviderInSameClassLoader(ForkedBooter.java:200)
	at org.apache.maven.surefire.booter.ForkedBooter.runSuitesInProcess(ForkedBooter.java:153)
	at org.apache.maven.surefire.booter.ForkedBooter.main(ForkedBooter.java:103)
</error>
    <system-out><![CDATA[testCaseResult=ru.yandex.qatools.allure.model.TestCaseResult@73615021[
  name=user_can_login_to_Jenkins_as_admin_group_member_after_AD_security_configured
  title=<null>
  description=<null>
  failure=ru.yandex.qatools.allure.model.Failure@6343d04b
  start=1445037201332
  stop=1445037220009
  status=BROKEN
  severity=<null>
  steps=[]
  attachments=[]
  labels=[ru.yandex.qatools.allure.model.Label@40d90c31, ru.yandex.qatools.allure.model.Label@387353c7]
  parameters=<null>
]
testCaseResult={
   "start" : 1445037201332,
   "stop" : 1445037220009,
   "status" : "broken",
   "name" : "user_can_login_to_Jenkins_as_admin_group_member_after_AD_security_configured",
   "failure" : {
      "message" : "NoSuchMethodError: org.apache.http.entity.ContentType.create(Ljava/lang/String;[Lorg/apache/http/NameValuePair;)Lorg/apache/http/entity/ContentType;",
      "stack-trace" : "java.lang.NoSuchMethodError: org.apache.http.entity.ContentType.create(Ljava/lang/String;[Lorg/apache/http/NameValuePair;)Lorg/apache/http/entity/ContentType;\n\tat org.apache.http.entity.mime.MultipartEntityBuilder.buildEntity(MultipartEntityBuilder.java:209)\n\tat org.apache.http.entity.mime.MultipartEntityBuilder.build(MultipartEntityBuilder.java:230)\n\tat org.jenkinsci.test.acceptance.update_center.PluginMetadata.uploadTo(PluginMetadata.java:65)\n\tat org.jenkinsci.test.acceptance.po.PluginManager.installPlugins(PluginManager.java:173)\n\tat org.jenkinsci.test.acceptance.junit.WithPlugins$RuleImpl$1.doInstall(WithPlugins.java:139)\n\tat org.jenkinsci.test.acceptance.junit.WithPlugins$RuleImpl$1.installPlugins(WithPlugins.java:119)\n\tat org.jenkinsci.test.acceptance.junit.WithPlugins$RuleImpl$1.evaluate(WithPlugins.java:92)\n\tat org.jenkinsci.test.acceptance.junit.JenkinsAcceptanceTestRule$1$2$1.evaluate(JenkinsAcceptanceTestRule.java:129)\n\tat org.jenkinsci.test.acceptance.junit.FilterRule$1.evaluate(FilterRule.java:62)\n\tat org.jenkinsci.test.acceptance.junit.JenkinsAcceptanceTestRule$1.evaluate(JenkinsAcceptanceTestRule.java:55)\n\tat org.junit.runners.ParentRunner.runLeaf(ParentRunner.java:271)\n\tat org.junit.runners.BlockJUnit4ClassRunner.runChild(BlockJUnit4ClassRunner.java:70)\n\tat org.junit.runners.BlockJUnit4ClassRunner.runChild(BlockJUnit4ClassRunner.java:50)\n\tat org.junit.runners.ParentRunner$3.run(ParentRunner.java:238)\n\tat org.junit.runners.ParentRunner$1.schedule(ParentRunner.java:63)\n\tat org.junit.runners.ParentRunner.runChildren(ParentRunner.java:236)\n\tat org.junit.runners.ParentRunner.access$000(ParentRunner.java:53)\n\tat org.junit.runners.ParentRunner$2.evaluate(ParentRunner.java:229)\n\tat org.junit.runners.ParentRunner.run(ParentRunner.java:309)\n\tat org.apache.maven.surefire.junit4.JUnit4Provider.execute(JUnit4Provider.java:264)\n\tat org.apache.maven.surefire.junit4.JUnit4Provider.executeTestSet(JUnit4Provider.java:153)\n\tat org.apache.maven.surefire.junit4.JUnit4Provider.invoke(JUnit4Provider.java:124)\n\tat org.apache.maven.surefire.booter.ForkedBooter.invokeProviderInSameClassLoader(ForkedBooter.java:200)\n\tat org.apache.maven.surefire.booter.ForkedBooter.runSuitesInProcess(ForkedBooter.java:153)\n\tat org.apache.maven.surefire.booter.ForkedBooter.main(ForkedBooter.java:103)\n"
   },
   "steps" : {
      "step" : [ ]
   },
   "attachments" : {
      "attachment" : [ ]
   },
   "labels" : {
      "label" : [ {
         "name" : "host",
         "value" : "MacBook-Pro-2.home"
      }, {
         "name" : "thread",
         "value" : "1771@MacBook-Pro-2.home.main(1)"
      } ]
   }
}
testCase=ru.yandex.qatools.allure.model.TestCase@41eafcb0[
  _id=0ba91c36-62d6-4262-8217-bbaa1209376f
  executionId=7a8626ac-7b8d-4761-8bff-776519219d78
  threadName=thread_15005794375463
  name=user_can_login_to_Jenkins_as_admin_group_member_after_AD_security_configured
  title=<null>
  description=<null>
  failure=ru.yandex.qatools.allure.model.Failure@6343d04b
  start=1445037201332
  stop=1445037220009
  status=BROKEN
  severity=<null>
  steps=[]
  attachments=[]
  labels=[ru.yandex.qatools.allure.model.Label@40d90c31, ru.yandex.qatools.allure.model.Label@387353c7]
  parameters=<null>
]
testCase={
   "start" : 1445037201332,
   "stop" : 1445037220009,
   "status" : "broken",
   "_id" : "0ba91c36-62d6-4262-8217-bbaa1209376f",
   "executionId" : "7a8626ac-7b8d-4761-8bff-776519219d78",
   "threadName" : "thread_15005794375463",
   "name" : "user_can_login_to_Jenkins_as_admin_group_member_after_AD_security_configured",
   "failure" : {
      "message" : "NoSuchMethodError: org.apache.http.entity.ContentType.create(Ljava/lang/String;[Lorg/apache/http/NameValuePair;)Lorg/apache/http/entity/ContentType;",
      "stack-trace" : "java.lang.NoSuchMethodError: org.apache.http.entity.ContentType.create(Ljava/lang/String;[Lorg/apache/http/NameValuePair;)Lorg/apache/http/entity/ContentType;\n\tat org.apache.http.entity.mime.MultipartEntityBuilder.buildEntity(MultipartEntityBuilder.java:209)\n\tat org.apache.http.entity.mime.MultipartEntityBuilder.build(MultipartEntityBuilder.java:230)\n\tat org.jenkinsci.test.acceptance.update_center.PluginMetadata.uploadTo(PluginMetadata.java:65)\n\tat org.jenkinsci.test.acceptance.po.PluginManager.installPlugins(PluginManager.java:173)\n\tat org.jenkinsci.test.acceptance.junit.WithPlugins$RuleImpl$1.doInstall(WithPlugins.java:139)\n\tat org.jenkinsci.test.acceptance.junit.WithPlugins$RuleImpl$1.installPlugins(WithPlugins.java:119)\n\tat org.jenkinsci.test.acceptance.junit.WithPlugins$RuleImpl$1.evaluate(WithPlugins.java:92)\n\tat org.jenkinsci.test.acceptance.junit.JenkinsAcceptanceTestRule$1$2$1.evaluate(JenkinsAcceptanceTestRule.java:129)\n\tat org.jenkinsci.test.acceptance.junit.FilterRule$1.evaluate(FilterRule.java:62)\n\tat org.jenkinsci.test.acceptance.junit.JenkinsAcceptanceTestRule$1.evaluate(JenkinsAcceptanceTestRule.java:55)\n\tat org.junit.runners.ParentRunner.runLeaf(ParentRunner.java:271)\n\tat org.junit.runners.BlockJUnit4ClassRunner.runChild(BlockJUnit4ClassRunner.java:70)\n\tat org.junit.runners.BlockJUnit4ClassRunner.runChild(BlockJUnit4ClassRunner.java:50)\n\tat org.junit.runners.ParentRunner$3.run(ParentRunner.java:238)\n\tat org.junit.runners.ParentRunner$1.schedule(ParentRunner.java:63)\n\tat org.junit.runners.ParentRunner.runChildren(ParentRunner.java:236)\n\tat org.junit.runners.ParentRunner.access$000(ParentRunner.java:53)\n\tat org.junit.runners.ParentRunner$2.evaluate(ParentRunner.java:229)\n\tat org.junit.runners.ParentRunner.run(ParentRunner.java:309)\n\tat org.apache.maven.surefire.junit4.JUnit4Provider.execute(JUnit4Provider.java:264)\n\tat org.apache.maven.surefire.junit4.JUnit4Provider.executeTestSet(JUnit4Provider.java:153)\n\tat org.apache.maven.surefire.junit4.JUnit4Provider.invoke(JUnit4Provider.java:124)\n\tat org.apache.maven.surefire.booter.ForkedBooter.invokeProviderInSameClassLoader(ForkedBooter.java:200)\n\tat org.apache.maven.surefire.booter.ForkedBooter.runSuitesInProcess(ForkedBooter.java:153)\n\tat org.apache.maven.surefire.booter.ForkedBooter.main(ForkedBooter.java:103)\n"
   },
   "steps" : {
      "step" : [ ]
   },
   "attachments" : {
      "attachment" : [ ]
   },
   "labels" : {
      "label" : [ {
         "name" : "host",
         "value" : "MacBook-Pro-2.home"
      }, {
         "name" : "thread",
         "value" : "1771@MacBook-Pro-2.home.main(1)"
      } ]
   }
}
>>>REQUEST: /testaspect/TestCase/0ba91c36-62d6-4262-8217-bbaa1209376f
<<<RESPONSE (201 Created): /testaspect/TestCase/0ba91c36-62d6-4262-8217-bbaa1209376f
running with given plugins: []
=== Starting wannabe_cannot_login_to_Jenkins_after_AD_security_configured(plugins.ActiveDirectoryTest)
Starting Jenkins: JAVA_HOME=/Library/Java/JavaVirtualMachines/jdk1.8.0_60.jdk/Contents/Home JENKINS_HOME=/Users/abduljewel/Documents/c/spiderqa/sample-test-projects/acceptance-test-harness/target/jenkins5043086944391636835home /Library/Java/JavaVirtualMachines/jdk1.8.0_60.jdk/Contents/Home/bin/java -Duser.language=en -jar ./jenkins.war --ajp13Port=-1 --httpPort=51607
master51607|Running from: /Users/abduljewel/Documents/c/spiderqa/sample-test-projects/acceptance-test-harness/jenkins.war
master51607|webroot: EnvVars.masterEnvVars.get("JENKINS_HOME")
master51607|Oct 16, 2015 7:13:40 PM winstone.Logger logInternal
master51607|INFO: Beginning extraction from war file
master51607|Oct 16, 2015 7:13:41 PM org.eclipse.jetty.util.log.JavaUtilLog info
master51607|INFO: jetty-winstone-2.8
master51607|Oct 16, 2015 7:13:42 PM org.eclipse.jetty.util.log.JavaUtilLog info
master51607|INFO: NO JSP Support for , did not find org.apache.jasper.servlet.JspServlet
master51607|Jenkins home directory: /Users/abduljewel/Documents/c/spiderqa/sample-test-projects/acceptance-test-harness/target/jenkins5043086944391636835home found at: EnvVars.masterEnvVars.get("JENKINS_HOME")
master51607|Oct 16, 2015 7:13:43 PM org.eclipse.jetty.util.log.JavaUtilLog info
master51607|INFO: Started SelectChannelConnector@0.0.0.0:51607
master51607|Oct 16, 2015 7:13:43 PM winstone.Logger logInternal
master51607|INFO: Winstone Servlet Engine v2.0 running: controlPort=disabled
master51607|Oct 16, 2015 7:13:43 PM jenkins.InitReactorRunner$1 onAttained
master51607|INFO: Started initialization
master51607|Oct 16, 2015 7:13:52 PM jenkins.InitReactorRunner$1 onAttained
master51607|INFO: Listed all plugins
master51607|Oct 16, 2015 7:13:53 PM jenkins.InitReactorRunner$1 onAttained
master51607|INFO: Prepared all plugins
master51607|Oct 16, 2015 7:13:53 PM jenkins.InitReactorRunner$1 onAttained
master51607|INFO: Started all plugins
master51607|Oct 16, 2015 7:13:53 PM jenkins.InitReactorRunner$1 onAttained
master51607|INFO: Augmented all extensions
master51607|Oct 16, 2015 7:13:54 PM jenkins.InitReactorRunner$1 onAttained
master51607|INFO: Loaded all jobs
master51607|Oct 16, 2015 7:13:55 PM hudson.model.AsyncPeriodicWork$1 run
master51607|INFO: Started Download metadata
master51607|Oct 16, 2015 7:13:55 PM org.jenkinsci.main.modules.sshd.SSHD start
master51607|INFO: Started SSHD at port 55091
master51607|Oct 16, 2015 7:13:55 PM jenkins.InitReactorRunner$1 onAttained
master51607|INFO: Completed initialization
master51607|Oct 16, 2015 7:13:55 PM hudson.UDPBroadcastThread run
master51607|WARNING: UDP handling problem
master51607|java.net.SocketException: Can't assign requested address
master51607|	at java.net.PlainDatagramSocketImpl.join(Native Method)
master51607|	at java.net.AbstractPlainDatagramSocketImpl.join(AbstractPlainDatagramSocketImpl.java:179)
master51607|	at java.net.MulticastSocket.joinGroup(MulticastSocket.java:323)
master51607|	at hudson.UDPBroadcastThread.run(UDPBroadcastThread.java:77)
master51607|
master51607|Oct 16, 2015 7:13:55 PM hudson.WebAppMain$3 run
master51607|INFO: Jenkins is fully up and running
Jenkins is stopped
]]></system-out>
    <system-err><![CDATA[Oct 16, 2015 7:13:40 PM org.jenkinsci.test.acceptance.controller.LocalController startNow
INFO: Waiting for Jenkins to become running in http://127.0.0.1:51607/
Oct 16, 2015 7:13:55 PM org.jenkinsci.test.acceptance.controller.LocalController startNow
INFO: Jenkins is running in http://127.0.0.1:51607/
Oct 16, 2015 7:13:55 PM org.openqa.selenium.phantomjs.PhantomJSDriverService <init>
INFO: executable: /usr/local/bin/phantomjs
Oct 16, 2015 7:13:55 PM org.openqa.selenium.phantomjs.PhantomJSDriverService <init>
INFO: port: 9679
Oct 16, 2015 7:13:55 PM org.openqa.selenium.phantomjs.PhantomJSDriverService <init>
INFO: arguments: [--webdriver=9679, --webdriver-logfile=/Users/abduljewel/Documents/c/spiderqa/sample-test-projects/acceptance-test-harness/phantomjsdriver.log]
Oct 16, 2015 7:13:55 PM org.openqa.selenium.phantomjs.PhantomJSDriverService <init>
INFO: environment: {}
[INFO  - 2015-10-16T23:13:56.195Z] GhostDriver - Main - running on port 9679
[INFO  - 2015-10-16T23:13:56.492Z] Session [932f8880-745b-11e5-93e9-411368e6cdd5] - page.settings - {"XSSAuditingEnabled":false,"javascriptCanCloseWindows":true,"javascriptCanOpenWindows":true,"javascriptEnabled":true,"loadImages":true,"localToRemoteUrlAccessEnabled":false,"userAgent":"Mozilla/5.0 (Macintosh; Intel Mac OS X) AppleWebKit/538.1 (KHTML, like Gecko) PhantomJS/2.0.0 Safari/538.1","webSecurityEnabled":true}
[INFO  - 2015-10-16T23:13:56.492Z] Session [932f8880-745b-11e5-93e9-411368e6cdd5] - page.customHeaders:  - {"Accept-Language":"en"}
[INFO  - 2015-10-16T23:13:56.492Z] Session [932f8880-745b-11e5-93e9-411368e6cdd5] - Session.negotiatedCapabilities - {"browserName":"phantomjs","version":"2.0.0","driverName":"ghostdriver","driverVersion":"1.2.0","platform":"mac-10.9 (Mavericks)-64bit","javascriptEnabled":true,"takesScreenshot":true,"handlesAlerts":false,"databaseEnabled":false,"locationContextEnabled":false,"applicationCacheEnabled":false,"browserConnectionEnabled":false,"cssSelectorsEnabled":true,"webStorageEnabled":false,"rotatable":false,"acceptSslCerts":false,"nativeEvents":true,"proxy":{"proxyType":"direct"},"phantomjs.page.customHeaders.Accept-Language":"en"}
[INFO  - 2015-10-16T23:13:56.492Z] SessionManagerReqHand - _postNewSessionCommand - New Session Created: 932f8880-745b-11e5-93e9-411368e6cdd5
Oct 16, 2015 7:13:57 PM org.jenkinsci.test.acceptance.po.PluginManager installationStatus
INFO: active-directory@1.38 is not installed
Oct 16, 2015 7:13:57 PM org.jenkinsci.test.acceptance.po.PluginManager installationStatus
INFO: active-directory@1.38 is not installed
Oct 16, 2015 7:13:57 PM org.jenkinsci.test.acceptance.po.PluginManager installationStatus
INFO: mailer has version 1.11 but 1.15 was requested
[INFO  - 2015-10-16T23:13:57.410Z] ShutdownReqHand - _handle - About to shutdown
]]></system-err>
  </testcase>
  <testcase name="user_can_login_to_Jenkins_as_admin_after_AD_security_configured" classname="plugins.ActiveDirectoryTest" time="18.44">
    <error message="org.apache.http.entity.ContentType.create(Ljava/lang/String;[Lorg/apache/http/NameValuePair;)Lorg/apache/http/entity/ContentType;" type="java.lang.NoSuchMethodError">java.lang.NoSuchMethodError: org.apache.http.entity.ContentType.create(Ljava/lang/String;[Lorg/apache/http/NameValuePair;)Lorg/apache/http/entity/ContentType;
	at org.apache.http.entity.mime.MultipartEntityBuilder.buildEntity(MultipartEntityBuilder.java:209)
	at org.apache.http.entity.mime.MultipartEntityBuilder.build(MultipartEntityBuilder.java:230)
	at org.jenkinsci.test.acceptance.update_center.PluginMetadata.uploadTo(PluginMetadata.java:65)
	at org.jenkinsci.test.acceptance.po.PluginManager.installPlugins(PluginManager.java:173)
	at org.jenkinsci.test.acceptance.junit.WithPlugins$RuleImpl$1.doInstall(WithPlugins.java:139)
	at org.jenkinsci.test.acceptance.junit.WithPlugins$RuleImpl$1.installPlugins(WithPlugins.java:119)
	at org.jenkinsci.test.acceptance.junit.WithPlugins$RuleImpl$1.evaluate(WithPlugins.java:92)
	at org.jenkinsci.test.acceptance.junit.JenkinsAcceptanceTestRule$1$2$1.evaluate(JenkinsAcceptanceTestRule.java:129)
	at org.jenkinsci.test.acceptance.junit.FilterRule$1.evaluate(FilterRule.java:62)
	at org.jenkinsci.test.acceptance.junit.JenkinsAcceptanceTestRule$1.evaluate(JenkinsAcceptanceTestRule.java:55)
	at org.junit.runners.ParentRunner.runLeaf(ParentRunner.java:271)
	at org.junit.runners.BlockJUnit4ClassRunner.runChild(BlockJUnit4ClassRunner.java:70)
	at org.junit.runners.BlockJUnit4ClassRunner.runChild(BlockJUnit4ClassRunner.java:50)
	at org.junit.runners.ParentRunner$3.run(ParentRunner.java:238)
	at org.junit.runners.ParentRunner$1.schedule(ParentRunner.java:63)
	at org.junit.runners.ParentRunner.runChildren(ParentRunner.java:236)
	at org.junit.runners.ParentRunner.access$000(ParentRunner.java:53)
	at org.junit.runners.ParentRunner$2.evaluate(ParentRunner.java:229)
	at org.junit.runners.ParentRunner.run(ParentRunner.java:309)
	at org.apache.maven.surefire.junit4.JUnit4Provider.execute(JUnit4Provider.java:264)
	at org.apache.maven.surefire.junit4.JUnit4Provider.executeTestSet(JUnit4Provider.java:153)
	at org.apache.maven.surefire.junit4.JUnit4Provider.invoke(JUnit4Provider.java:124)
	at org.apache.maven.surefire.booter.ForkedBooter.invokeProviderInSameClassLoader(ForkedBooter.java:200)
	at org.apache.maven.surefire.booter.ForkedBooter.runSuitesInProcess(ForkedBooter.java:153)
	at org.apache.maven.surefire.booter.ForkedBooter.main(ForkedBooter.java:103)
</error>
    <system-out><![CDATA[testCaseResult=ru.yandex.qatools.allure.model.TestCaseResult@1443530f[
  name=wannabe_cannot_login_to_Jenkins_after_AD_security_configured
  title=<null>
  description=<null>
  failure=ru.yandex.qatools.allure.model.Failure@75327a6e
  start=1445037220012
  stop=1445037238121
  status=BROKEN
  severity=<null>
  steps=[]
  attachments=[]
  labels=[ru.yandex.qatools.allure.model.Label@515b78e0, ru.yandex.qatools.allure.model.Label@5f4708c]
  parameters=<null>
]
testCaseResult={
   "start" : 1445037220012,
   "stop" : 1445037238121,
   "status" : "broken",
   "name" : "wannabe_cannot_login_to_Jenkins_after_AD_security_configured",
   "failure" : {
      "message" : "NoSuchMethodError: org.apache.http.entity.ContentType.create(Ljava/lang/String;[Lorg/apache/http/NameValuePair;)Lorg/apache/http/entity/ContentType;",
      "stack-trace" : "java.lang.NoSuchMethodError: org.apache.http.entity.ContentType.create(Ljava/lang/String;[Lorg/apache/http/NameValuePair;)Lorg/apache/http/entity/ContentType;\n\tat org.apache.http.entity.mime.MultipartEntityBuilder.buildEntity(MultipartEntityBuilder.java:209)\n\tat org.apache.http.entity.mime.MultipartEntityBuilder.build(MultipartEntityBuilder.java:230)\n\tat org.jenkinsci.test.acceptance.update_center.PluginMetadata.uploadTo(PluginMetadata.java:65)\n\tat org.jenkinsci.test.acceptance.po.PluginManager.installPlugins(PluginManager.java:173)\n\tat org.jenkinsci.test.acceptance.junit.WithPlugins$RuleImpl$1.doInstall(WithPlugins.java:139)\n\tat org.jenkinsci.test.acceptance.junit.WithPlugins$RuleImpl$1.installPlugins(WithPlugins.java:119)\n\tat org.jenkinsci.test.acceptance.junit.WithPlugins$RuleImpl$1.evaluate(WithPlugins.java:92)\n\tat org.jenkinsci.test.acceptance.junit.JenkinsAcceptanceTestRule$1$2$1.evaluate(JenkinsAcceptanceTestRule.java:129)\n\tat org.jenkinsci.test.acceptance.junit.FilterRule$1.evaluate(FilterRule.java:62)\n\tat org.jenkinsci.test.acceptance.junit.JenkinsAcceptanceTestRule$1.evaluate(JenkinsAcceptanceTestRule.java:55)\n\tat org.junit.runners.ParentRunner.runLeaf(ParentRunner.java:271)\n\tat org.junit.runners.BlockJUnit4ClassRunner.runChild(BlockJUnit4ClassRunner.java:70)\n\tat org.junit.runners.BlockJUnit4ClassRunner.runChild(BlockJUnit4ClassRunner.java:50)\n\tat org.junit.runners.ParentRunner$3.run(ParentRunner.java:238)\n\tat org.junit.runners.ParentRunner$1.schedule(ParentRunner.java:63)\n\tat org.junit.runners.ParentRunner.runChildren(ParentRunner.java:236)\n\tat org.junit.runners.ParentRunner.access$000(ParentRunner.java:53)\n\tat org.junit.runners.ParentRunner$2.evaluate(ParentRunner.java:229)\n\tat org.junit.runners.ParentRunner.run(ParentRunner.java:309)\n\tat org.apache.maven.surefire.junit4.JUnit4Provider.execute(JUnit4Provider.java:264)\n\tat org.apache.maven.surefire.junit4.JUnit4Provider.executeTestSet(JUnit4Provider.java:153)\n\tat org.apache.maven.surefire.junit4.JUnit4Provider.invoke(JUnit4Provider.java:124)\n\tat org.apache.maven.surefire.booter.ForkedBooter.invokeProviderInSameClassLoader(ForkedBooter.java:200)\n\tat org.apache.maven.surefire.booter.ForkedBooter.runSuitesInProcess(ForkedBooter.java:153)\n\tat org.apache.maven.surefire.booter.ForkedBooter.main(ForkedBooter.java:103)\n"
   },
   "steps" : {
      "step" : [ ]
   },
   "attachments" : {
      "attachment" : [ ]
   },
   "labels" : {
      "label" : [ {
         "name" : "host",
         "value" : "MacBook-Pro-2.home"
      }, {
         "name" : "thread",
         "value" : "1771@MacBook-Pro-2.home.main(1)"
      } ]
   }
}
testCase=ru.yandex.qatools.allure.model.TestCase@b218016[
  _id=532bbb7b-f792-4a9b-9867-df477d08f26c
  executionId=7a8626ac-7b8d-4761-8bff-776519219d78
  threadName=thread_15005794375463
  name=wannabe_cannot_login_to_Jenkins_after_AD_security_configured
  title=<null>
  description=<null>
  failure=ru.yandex.qatools.allure.model.Failure@75327a6e
  start=1445037220012
  stop=1445037238121
  status=BROKEN
  severity=<null>
  steps=[]
  attachments=[]
  labels=[ru.yandex.qatools.allure.model.Label@515b78e0, ru.yandex.qatools.allure.model.Label@5f4708c]
  parameters=<null>
]
testCase={
   "start" : 1445037220012,
   "stop" : 1445037238121,
   "status" : "broken",
   "_id" : "532bbb7b-f792-4a9b-9867-df477d08f26c",
   "executionId" : "7a8626ac-7b8d-4761-8bff-776519219d78",
   "threadName" : "thread_15005794375463",
   "name" : "wannabe_cannot_login_to_Jenkins_after_AD_security_configured",
   "failure" : {
      "message" : "NoSuchMethodError: org.apache.http.entity.ContentType.create(Ljava/lang/String;[Lorg/apache/http/NameValuePair;)Lorg/apache/http/entity/ContentType;",
      "stack-trace" : "java.lang.NoSuchMethodError: org.apache.http.entity.ContentType.create(Ljava/lang/String;[Lorg/apache/http/NameValuePair;)Lorg/apache/http/entity/ContentType;\n\tat org.apache.http.entity.mime.MultipartEntityBuilder.buildEntity(MultipartEntityBuilder.java:209)\n\tat org.apache.http.entity.mime.MultipartEntityBuilder.build(MultipartEntityBuilder.java:230)\n\tat org.jenkinsci.test.acceptance.update_center.PluginMetadata.uploadTo(PluginMetadata.java:65)\n\tat org.jenkinsci.test.acceptance.po.PluginManager.installPlugins(PluginManager.java:173)\n\tat org.jenkinsci.test.acceptance.junit.WithPlugins$RuleImpl$1.doInstall(WithPlugins.java:139)\n\tat org.jenkinsci.test.acceptance.junit.WithPlugins$RuleImpl$1.installPlugins(WithPlugins.java:119)\n\tat org.jenkinsci.test.acceptance.junit.WithPlugins$RuleImpl$1.evaluate(WithPlugins.java:92)\n\tat org.jenkinsci.test.acceptance.junit.JenkinsAcceptanceTestRule$1$2$1.evaluate(JenkinsAcceptanceTestRule.java:129)\n\tat org.jenkinsci.test.acceptance.junit.FilterRule$1.evaluate(FilterRule.java:62)\n\tat org.jenkinsci.test.acceptance.junit.JenkinsAcceptanceTestRule$1.evaluate(JenkinsAcceptanceTestRule.java:55)\n\tat org.junit.runners.ParentRunner.runLeaf(ParentRunner.java:271)\n\tat org.junit.runners.BlockJUnit4ClassRunner.runChild(BlockJUnit4ClassRunner.java:70)\n\tat org.junit.runners.BlockJUnit4ClassRunner.runChild(BlockJUnit4ClassRunner.java:50)\n\tat org.junit.runners.ParentRunner$3.run(ParentRunner.java:238)\n\tat org.junit.runners.ParentRunner$1.schedule(ParentRunner.java:63)\n\tat org.junit.runners.ParentRunner.runChildren(ParentRunner.java:236)\n\tat org.junit.runners.ParentRunner.access$000(ParentRunner.java:53)\n\tat org.junit.runners.ParentRunner$2.evaluate(ParentRunner.java:229)\n\tat org.junit.runners.ParentRunner.run(ParentRunner.java:309)\n\tat org.apache.maven.surefire.junit4.JUnit4Provider.execute(JUnit4Provider.java:264)\n\tat org.apache.maven.surefire.junit4.JUnit4Provider.executeTestSet(JUnit4Provider.java:153)\n\tat org.apache.maven.surefire.junit4.JUnit4Provider.invoke(JUnit4Provider.java:124)\n\tat org.apache.maven.surefire.booter.ForkedBooter.invokeProviderInSameClassLoader(ForkedBooter.java:200)\n\tat org.apache.maven.surefire.booter.ForkedBooter.runSuitesInProcess(ForkedBooter.java:153)\n\tat org.apache.maven.surefire.booter.ForkedBooter.main(ForkedBooter.java:103)\n"
   },
   "steps" : {
      "step" : [ ]
   },
   "attachments" : {
      "attachment" : [ ]
   },
   "labels" : {
      "label" : [ {
         "name" : "host",
         "value" : "MacBook-Pro-2.home"
      }, {
         "name" : "thread",
         "value" : "1771@MacBook-Pro-2.home.main(1)"
      } ]
   }
}
>>>REQUEST: /testaspect/TestCase/532bbb7b-f792-4a9b-9867-df477d08f26c
<<<RESPONSE (201 Created): /testaspect/TestCase/532bbb7b-f792-4a9b-9867-df477d08f26c
running with given plugins: []
=== Starting user_can_login_to_Jenkins_as_admin_after_AD_security_configured(plugins.ActiveDirectoryTest)
Starting Jenkins: JAVA_HOME=/Library/Java/JavaVirtualMachines/jdk1.8.0_60.jdk/Contents/Home JENKINS_HOME=/Users/abduljewel/Documents/c/spiderqa/sample-test-projects/acceptance-test-harness/target/jenkins4766234888178464422home /Library/Java/JavaVirtualMachines/jdk1.8.0_60.jdk/Contents/Home/bin/java -Duser.language=en -jar ./jenkins.war --ajp13Port=-1 --httpPort=59770
master59770|Running from: /Users/abduljewel/Documents/c/spiderqa/sample-test-projects/acceptance-test-harness/jenkins.war
master59770|webroot: EnvVars.masterEnvVars.get("JENKINS_HOME")
master59770|Oct 16, 2015 7:13:58 PM winstone.Logger logInternal
master59770|INFO: Beginning extraction from war file
master59770|Oct 16, 2015 7:13:59 PM org.eclipse.jetty.util.log.JavaUtilLog info
master59770|INFO: jetty-winstone-2.8
master59770|Oct 16, 2015 7:14:00 PM org.eclipse.jetty.util.log.JavaUtilLog info
master59770|INFO: NO JSP Support for , did not find org.apache.jasper.servlet.JspServlet
master59770|Jenkins home directory: /Users/abduljewel/Documents/c/spiderqa/sample-test-projects/acceptance-test-harness/target/jenkins4766234888178464422home found at: EnvVars.masterEnvVars.get("JENKINS_HOME")
master59770|Oct 16, 2015 7:14:01 PM org.eclipse.jetty.util.log.JavaUtilLog info
master59770|INFO: Started SelectChannelConnector@0.0.0.0:59770
master59770|Oct 16, 2015 7:14:01 PM winstone.Logger logInternal
master59770|INFO: Winstone Servlet Engine v2.0 running: controlPort=disabled
master59770|Oct 16, 2015 7:14:01 PM jenkins.InitReactorRunner$1 onAttained
master59770|INFO: Started initialization
master59770|Oct 16, 2015 7:14:11 PM jenkins.InitReactorRunner$1 onAttained
master59770|INFO: Listed all plugins
master59770|Oct 16, 2015 7:14:11 PM jenkins.InitReactorRunner$1 onAttained
master59770|INFO: Prepared all plugins
master59770|Oct 16, 2015 7:14:11 PM jenkins.InitReactorRunner$1 onAttained
master59770|INFO: Started all plugins
master59770|Oct 16, 2015 7:14:11 PM jenkins.InitReactorRunner$1 onAttained
master59770|INFO: Augmented all extensions
master59770|Oct 16, 2015 7:14:12 PM jenkins.InitReactorRunner$1 onAttained
master59770|INFO: Loaded all jobs
master59770|Oct 16, 2015 7:14:13 PM hudson.model.AsyncPeriodicWork$1 run
master59770|INFO: Started Download metadata
master59770|Oct 16, 2015 7:14:13 PM org.jenkinsci.main.modules.sshd.SSHD start
master59770|INFO: Started SSHD at port 55112
master59770|Oct 16, 2015 7:14:13 PM jenkins.InitReactorRunner$1 onAttained
master59770|INFO: Completed initialization
master59770|Oct 16, 2015 7:14:13 PM hudson.UDPBroadcastThread run
master59770|WARNING: UDP handling problem
master59770|java.net.SocketException: Can't assign requested address
master59770|	at java.net.PlainDatagramSocketImpl.join(Native Method)
master59770|	at java.net.AbstractPlainDatagramSocketImpl.join(AbstractPlainDatagramSocketImpl.java:179)
master59770|	at java.net.MulticastSocket.joinGroup(MulticastSocket.java:323)
master59770|	at hudson.UDPBroadcastThread.run(UDPBroadcastThread.java:77)
master59770|
master59770|Oct 16, 2015 7:14:13 PM hudson.WebAppMain$3 run
master59770|INFO: Jenkins is fully up and running
master59770|Oct 16, 2015 7:14:14 PM hudson.model.UpdateSite updateData
master59770|INFO: Obtained the latest update center data file for UpdateSource default
master59770|Oct 16, 2015 7:14:15 PM hudson.model.DownloadService$Downloadable load
master59770|INFO: Obtained the updated data file for hudson.tasks.Maven.MavenInstaller
master59770|Oct 16, 2015 7:14:15 PM hudson.model.DownloadService$Downloadable load
master59770|INFO: Obtained the updated data file for hudson.tasks.Ant.AntInstaller
master59770|Oct 16, 2015 7:14:16 PM hudson.model.DownloadService$Downloadable load
master59770|INFO: Obtained the updated data file for hudson.tools.JDKInstaller
master59770|Oct 16, 2015 7:14:16 PM hudson.model.AsyncPeriodicWork$1 run
master59770|INFO: Finished Download metadata. 2,877 ms
Jenkins is stopped
]]></system-out>
    <system-err><![CDATA[Oct 16, 2015 7:13:58 PM org.jenkinsci.test.acceptance.controller.LocalController startNow
INFO: Waiting for Jenkins to become running in http://127.0.0.1:59770/
Oct 16, 2015 7:14:13 PM org.jenkinsci.test.acceptance.controller.LocalController startNow
INFO: Jenkins is running in http://127.0.0.1:59770/
Oct 16, 2015 7:14:13 PM org.openqa.selenium.phantomjs.PhantomJSDriverService <init>
INFO: executable: /usr/local/bin/phantomjs
Oct 16, 2015 7:14:13 PM org.openqa.selenium.phantomjs.PhantomJSDriverService <init>
INFO: port: 9410
Oct 16, 2015 7:14:13 PM org.openqa.selenium.phantomjs.PhantomJSDriverService <init>
INFO: arguments: [--webdriver=9410, --webdriver-logfile=/Users/abduljewel/Documents/c/spiderqa/sample-test-projects/acceptance-test-harness/phantomjsdriver.log]
Oct 16, 2015 7:14:13 PM org.openqa.selenium.phantomjs.PhantomJSDriverService <init>
INFO: environment: {}
[INFO  - 2015-10-16T23:14:13.927Z] GhostDriver - Main - running on port 9410
[INFO  - 2015-10-16T23:14:14.201Z] Session [9dbd8f40-745b-11e5-88b1-b7456ded090f] - page.settings - {"XSSAuditingEnabled":false,"javascriptCanCloseWindows":true,"javascriptCanOpenWindows":true,"javascriptEnabled":true,"loadImages":true,"localToRemoteUrlAccessEnabled":false,"userAgent":"Mozilla/5.0 (Macintosh; Intel Mac OS X) AppleWebKit/538.1 (KHTML, like Gecko) PhantomJS/2.0.0 Safari/538.1","webSecurityEnabled":true}
[INFO  - 2015-10-16T23:14:14.201Z] Session [9dbd8f40-745b-11e5-88b1-b7456ded090f] - page.customHeaders:  - {"Accept-Language":"en"}
[INFO  - 2015-10-16T23:14:14.201Z] Session [9dbd8f40-745b-11e5-88b1-b7456ded090f] - Session.negotiatedCapabilities - {"browserName":"phantomjs","version":"2.0.0","driverName":"ghostdriver","driverVersion":"1.2.0","platform":"mac-10.9 (Mavericks)-64bit","javascriptEnabled":true,"takesScreenshot":true,"handlesAlerts":false,"databaseEnabled":false,"locationContextEnabled":false,"applicationCacheEnabled":false,"browserConnectionEnabled":false,"cssSelectorsEnabled":true,"webStorageEnabled":false,"rotatable":false,"acceptSslCerts":false,"nativeEvents":true,"proxy":{"proxyType":"direct"},"phantomjs.page.customHeaders.Accept-Language":"en"}
[INFO  - 2015-10-16T23:14:14.201Z] SessionManagerReqHand - _postNewSessionCommand - New Session Created: 9dbd8f40-745b-11e5-88b1-b7456ded090f
Oct 16, 2015 7:14:15 PM org.jenkinsci.test.acceptance.po.PluginManager installationStatus
INFO: active-directory@1.38 is not installed
Oct 16, 2015 7:14:15 PM org.jenkinsci.test.acceptance.po.PluginManager installationStatus
INFO: active-directory@1.38 is not installed
Oct 16, 2015 7:14:15 PM org.jenkinsci.test.acceptance.po.PluginManager installationStatus
INFO: mailer has version 1.11 but 1.15 was requested
[INFO  - 2015-10-16T23:14:15.898Z] ShutdownReqHand - _handle - About to shutdown
]]></system-err>
  </testcase>
</testsuite>