<?xml version="1.0" encoding="UTF-8"?>
<testsuite name="plugins.PlotPluginTest" time="125.139" tests="2" errors="2" skipped="0" failures="0">
  <properties>
    <property name="java.runtime.name" value="Java(TM) SE Runtime Environment"/>
    <property name="sun.boot.library.path" value="/Library/Java/JavaVirtualMachines/jdk1.8.0_60.jdk/Contents/Home/jre/lib"/>
    <property name="java.vm.version" value="25.60-b23"/>
    <property name="gopherProxySet" value="false"/>
    <property name="java.vm.vendor" value="Oracle Corporation"/>
    <property name="maven.multiModuleProjectDirectory" value="/Users/abduljewel/Documents/c/spiderqa/sample-test-projects/acceptance-test-harness"/>
    <property name="java.vendor.url" value="http://java.oracle.com/"/>
    <property name="path.separator" value=":"/>
    <property name="guice.disable.misplaced.annotation.check" value="true"/>
    <property name="java.vm.name" value="Java HotSpot(TM) 64-Bit Server VM"/>
    <property name="file.encoding.pkg" value="sun.io"/>
    <property name="user.country" value="US"/>
    <property name="sun.java.launcher" value="SUN_STANDARD"/>
    <property name="sun.os.patch.level" value="unknown"/>
    <property name="java.vm.specification.name" value="Java Virtual Machine Specification"/>
    <property name="user.dir" value="/Users/abduljewel/Documents/c/spiderqa/sample-test-projects/acceptance-test-harness"/>
    <property name="java.runtime.version" value="1.8.0_60-b27"/>
    <property name="java.awt.graphicsenv" value="sun.awt.CGraphicsEnvironment"/>
    <property name="java.endorsed.dirs" value="/Library/Java/JavaVirtualMachines/jdk1.8.0_60.jdk/Contents/Home/jre/lib/endorsed"/>
    <property name="os.arch" value="x86_64"/>
    <property name="java.io.tmpdir" value="/var/folders/lk/l859yg616c9cbtgfnt9szgjc0000gn/T/"/>
    <property name="line.separator" value="&#10;"/>
    <property name="java.vm.specification.vendor" value="Oracle Corporation"/>
    <property name="os.name" value="Mac OS X"/>
    <property name="classworlds.conf" value="/usr/local/Cellar/maven/3.3.3/libexec/bin/m2.conf"/>
    <property name="sun.jnu.encoding" value="UTF-8"/>
    <property name="java.library.path" value="/Users/abduljewel/Library/Java/Extensions:/Library/Java/Extensions:/Network/Library/Java/Extensions:/System/Library/Java/Extensions:/usr/lib/java:."/>
    <property name="java.specification.name" value="Java Platform API Specification"/>
    <property name="java.class.version" value="52.0"/>
    <property name="sun.management.compiler" value="HotSpot 64-Bit Tiered Compilers"/>
    <property name="os.version" value="10.10.5"/>
    <property name="http.nonProxyHosts" value="local|*.local|169.254/16|*.169.254/16"/>
    <property name="user.home" value="/Users/abduljewel"/>
    <property name="user.timezone" value="America/New_York"/>
    <property name="java.awt.printerjob" value="sun.lwawt.macosx.CPrinterJob"/>
    <property name="java.specification.version" value="1.8"/>
    <property name="file.encoding" value="UTF-8"/>
    <property name="user.name" value="abduljewel"/>
    <property name="java.class.path" value="/usr/local/Cellar/maven/3.3.3/libexec/boot/plexus-classworlds-2.5.2.jar"/>
    <property name="java.vm.specification.version" value="1.8"/>
    <property name="sun.arch.data.model" value="64"/>
    <property name="java.home" value="/Library/Java/JavaVirtualMachines/jdk1.8.0_60.jdk/Contents/Home/jre"/>
    <property name="sun.java.command" value="org.codehaus.plexus.classworlds.launcher.Launcher clean test"/>
    <property name="java.specification.vendor" value="Oracle Corporation"/>
    <property name="user.language" value="en"/>
    <property name="awt.toolkit" value="sun.lwawt.macosx.LWCToolkit"/>
    <property name="java.vm.info" value="mixed mode"/>
    <property name="java.version" value="1.8.0_60"/>
    <property name="java.ext.dirs" value="/Users/abduljewel/Library/Java/Extensions:/Library/Java/JavaVirtualMachines/jdk1.8.0_60.jdk/Contents/Home/jre/lib/ext:/Library/Java/Extensions:/Network/Library/Java/Extensions:/System/Library/Java/Extensions:/usr/lib/java"/>
    <property name="sun.boot.class.path" value="/Library/Java/JavaVirtualMachines/jdk1.8.0_60.jdk/Contents/Home/jre/lib/resources.jar:/Library/Java/JavaVirtualMachines/jdk1.8.0_60.jdk/Contents/Home/jre/lib/rt.jar:/Library/Java/JavaVirtualMachines/jdk1.8.0_60.jdk/Contents/Home/jre/lib/sunrsasign.jar:/Library/Java/JavaVirtualMachines/jdk1.8.0_60.jdk/Contents/Home/jre/lib/jsse.jar:/Library/Java/JavaVirtualMachines/jdk1.8.0_60.jdk/Contents/Home/jre/lib/jce.jar:/Library/Java/JavaVirtualMachines/jdk1.8.0_60.jdk/Contents/Home/jre/lib/charsets.jar:/Library/Java/JavaVirtualMachines/jdk1.8.0_60.jdk/Contents/Home/jre/lib/jfr.jar:/Library/Java/JavaVirtualMachines/jdk1.8.0_60.jdk/Contents/Home/jre/classes"/>
    <property name="java.vendor" value="Oracle Corporation"/>
    <property name="maven.home" value="/usr/local/Cellar/maven/3.3.3/libexec"/>
    <property name="file.separator" value="/"/>
    <property name="java.vendor.url.bug" value="http://bugreport.sun.com/bugreport/"/>
    <property name="sun.cpu.endian" value="little"/>
    <property name="sun.io.unicode.encoding" value="UnicodeBig"/>
    <property name="socksNonProxyHosts" value="local|*.local|169.254/16|*.169.254/16"/>
    <property name="ftp.nonProxyHosts" value="local|*.local|169.254/16|*.169.254/16"/>
    <property name="sun.cpu.isalist" value=""/>
  </properties>
  <testcase name="generate_simple_plot" classname="plugins.PlotPluginTest" time="64.578">
    <error message="org.apache.http.entity.ContentType.create(Ljava/lang/String;[Lorg/apache/http/NameValuePair;)Lorg/apache/http/entity/ContentType;" type="java.lang.NoSuchMethodError">java.lang.NoSuchMethodError: org.apache.http.entity.ContentType.create(Ljava/lang/String;[Lorg/apache/http/NameValuePair;)Lorg/apache/http/entity/ContentType;
	at org.apache.http.entity.mime.MultipartEntityBuilder.buildEntity(MultipartEntityBuilder.java:209)
	at org.apache.http.entity.mime.MultipartEntityBuilder.build(MultipartEntityBuilder.java:230)
	at org.jenkinsci.test.acceptance.update_center.PluginMetadata.uploadTo(PluginMetadata.java:65)
	at org.jenkinsci.test.acceptance.po.PluginManager.installPlugins(PluginManager.java:173)
	at org.jenkinsci.test.acceptance.junit.WithPlugins$RuleImpl$1.doInstall(WithPlugins.java:139)
	at org.jenkinsci.test.acceptance.junit.WithPlugins$RuleImpl$1.installPlugins(WithPlugins.java:119)
	at org.jenkinsci.test.acceptance.junit.WithPlugins$RuleImpl$1.evaluate(WithPlugins.java:92)
	at org.jenkinsci.test.acceptance.junit.JenkinsAcceptanceTestRule$1$2$1.evaluate(JenkinsAcceptanceTestRule.java:129)
	at org.jenkinsci.test.acceptance.junit.FilterRule$1.evaluate(FilterRule.java:62)
	at org.jenkinsci.test.acceptance.junit.JenkinsAcceptanceTestRule$1.evaluate(JenkinsAcceptanceTestRule.java:55)
	at org.junit.runners.ParentRunner.runLeaf(ParentRunner.java:271)
	at org.junit.runners.BlockJUnit4ClassRunner.runChild(BlockJUnit4ClassRunner.java:70)
	at org.junit.runners.BlockJUnit4ClassRunner.runChild(BlockJUnit4ClassRunner.java:50)
	at org.junit.runners.ParentRunner$3.run(ParentRunner.java:238)
	at org.junit.runners.ParentRunner$1.schedule(ParentRunner.java:63)
	at org.junit.runners.ParentRunner.runChildren(ParentRunner.java:236)
	at org.junit.runners.ParentRunner.access$000(ParentRunner.java:53)
	at org.junit.runners.ParentRunner$2.evaluate(ParentRunner.java:229)
	at org.junit.runners.ParentRunner.run(ParentRunner.java:309)
	at org.apache.maven.surefire.junit4.JUnit4Provider.execute(JUnit4Provider.java:264)
	at org.apache.maven.surefire.junit4.JUnit4Provider.executeTestSet(JUnit4Provider.java:153)
	at org.apache.maven.surefire.junit4.JUnit4Provider.invoke(JUnit4Provider.java:124)
	at org.apache.maven.surefire.booter.ForkedBooter.invokeProviderInSameClassLoader(ForkedBooter.java:200)
	at org.apache.maven.surefire.booter.ForkedBooter.runSuitesInProcess(ForkedBooter.java:153)
	at org.apache.maven.surefire.booter.ForkedBooter.main(ForkedBooter.java:103)
</error>
    <system-out><![CDATA[testCaseResult=ru.yandex.qatools.allure.model.TestCaseResult@9c0d0bd[
  name=always_checkout_fresh_copy
  title=<null>
  description=<null>
  failure=<null>
  start=1443744463200
  stop=1443744561873
  status=PASSED
  severity=<null>
  steps=[]
  attachments=[]
  labels=[ru.yandex.qatools.allure.model.Label@176333ee, ru.yandex.qatools.allure.model.Label@18e6b72b]
  parameters=<null>
]
testCaseResult={
   "start" : 1443744463200,
   "stop" : 1443744561873,
   "status" : "passed",
   "name" : "always_checkout_fresh_copy",
   "steps" : {
      "step" : [ ]
   },
   "attachments" : {
      "attachment" : [ ]
   },
   "labels" : {
      "label" : [ {
         "name" : "host",
         "value" : "Abduls-MBP.home"
      }, {
         "name" : "thread",
         "value" : "35249@Abduls-MBP.home.main(1)"
      } ]
   }
}
testCase=ru.yandex.qatools.allure.model.TestCase@316d30ad[
  _id=069c9b58-aee2-455c-bb16-aa9d0ed7524f
  executionId=745bfd3b-0516-4592-8852-a31b4b74d11f
  result=ru.yandex.qatools.allure.model.TestCaseResult@9c0d0bd
]
testCase={
   "_id" : "069c9b58-aee2-455c-bb16-aa9d0ed7524f",
   "executionId" : "745bfd3b-0516-4592-8852-a31b4b74d11f",
   "result" : {
      "start" : 1443744463200,
      "stop" : 1443744561873,
      "status" : "passed",
      "name" : "always_checkout_fresh_copy",
      "steps" : {
         "step" : [ ]
      },
      "attachments" : {
         "attachment" : [ ]
      },
      "labels" : {
         "label" : [ {
            "name" : "host",
            "value" : "Abduls-MBP.home"
         }, {
            "name" : "thread",
            "value" : "35249@Abduls-MBP.home.main(1)"
         } ]
      }
   }
}
>>>REQUEST: /testdb/TestCase
[WARN] [10/01/2015 20:09:21.886] [default-akka.actor.default-dispatcher-111] [ActorSystem(default)] Illegal response header: Illegal 'etag' header: Invalid input '5', expected 'W' or '"' (line 1, column 1): 560dcb31fbeaf7a200c9bf96
^
<<<RESPONSE (201 Created): /testdb/TestCase
running with given plugins: []
=== Starting generate_simple_plot(plugins.PlotPluginTest)
Starting Jenkins: JAVA_HOME=/Library/Java/JavaVirtualMachines/jdk1.8.0_60.jdk/Contents/Home JENKINS_HOME=/Users/abduljewel/Documents/c/spiderqa/sample-test-projects/acceptance-test-harness/target/jenkins5743391755606821765home /Library/Java/JavaVirtualMachines/jdk1.8.0_60.jdk/Contents/Home/bin/java -Duser.language=en -jar ./jenkins.war --ajp13Port=-1 --httpPort=59029
master59029|Running from: /Users/abduljewel/Documents/c/spiderqa/sample-test-projects/acceptance-test-harness/jenkins.war
master59029|webroot: EnvVars.masterEnvVars.get("JENKINS_HOME")
master59029|Oct 01, 2015 8:09:22 PM winstone.Logger logInternal
master59029|INFO: Beginning extraction from war file
master59029|Oct 01, 2015 8:09:27 PM org.eclipse.jetty.util.log.JavaUtilLog info
master59029|INFO: jetty-winstone-2.8
master59029|Oct 01, 2015 8:09:30 PM org.eclipse.jetty.util.log.JavaUtilLog info
master59029|INFO: NO JSP Support for , did not find org.apache.jasper.servlet.JspServlet
master59029|Jenkins home directory: /Users/abduljewel/Documents/c/spiderqa/sample-test-projects/acceptance-test-harness/target/jenkins5743391755606821765home found at: EnvVars.masterEnvVars.get("JENKINS_HOME")
master59029|Oct 01, 2015 8:09:33 PM org.eclipse.jetty.util.log.JavaUtilLog info
master59029|INFO: Started SelectChannelConnector@0.0.0.0:59029
master59029|Oct 01, 2015 8:09:33 PM winstone.Logger logInternal
master59029|INFO: Winstone Servlet Engine v2.0 running: controlPort=disabled
master59029|Oct 01, 2015 8:09:33 PM jenkins.InitReactorRunner$1 onAttained
master59029|INFO: Started initialization
master59029|Oct 01, 2015 8:10:00 PM jenkins.InitReactorRunner$1 onAttained
master59029|INFO: Listed all plugins
master59029|Oct 01, 2015 8:10:00 PM jenkins.InitReactorRunner$1 onAttained
master59029|INFO: Prepared all plugins
master59029|Oct 01, 2015 8:10:00 PM jenkins.InitReactorRunner$1 onAttained
master59029|INFO: Started all plugins
master59029|Oct 01, 2015 8:10:00 PM jenkins.InitReactorRunner$1 onAttained
master59029|INFO: Augmented all extensions
master59029|Oct 01, 2015 8:10:05 PM jenkins.InitReactorRunner$1 onAttained
master59029|INFO: Loaded all jobs
master59029|Oct 01, 2015 8:10:12 PM hudson.model.AsyncPeriodicWork$1 run
master59029|INFO: Started Download metadata
master59029|Oct 01, 2015 8:10:14 PM org.jenkinsci.main.modules.sshd.SSHD start
master59029|INFO: Started SSHD at port 61987
master59029|Oct 01, 2015 8:10:14 PM jenkins.InitReactorRunner$1 onAttained
master59029|INFO: Completed initialization
master59029|Oct 01, 2015 8:10:14 PM hudson.UDPBroadcastThread run
master59029|WARNING: UDP handling problem
master59029|java.net.SocketException: Can't assign requested address
master59029|	at java.net.PlainDatagramSocketImpl.join(Native Method)
master59029|	at java.net.AbstractPlainDatagramSocketImpl.join(AbstractPlainDatagramSocketImpl.java:179)
master59029|	at java.net.MulticastSocket.joinGroup(MulticastSocket.java:323)
master59029|	at hudson.UDPBroadcastThread.run(UDPBroadcastThread.java:77)
master59029|
master59029|Oct 01, 2015 8:10:14 PM hudson.WebAppMain$3 run
master59029|INFO: Jenkins is fully up and running
master59029|Oct 01, 2015 8:10:18 PM hudson.model.UpdateSite updateData
master59029|INFO: Obtained the latest update center data file for UpdateSource default
master59029|Oct 01, 2015 8:10:18 PM hudson.model.DownloadService$Downloadable load
master59029|INFO: Obtained the updated data file for hudson.tasks.Maven.MavenInstaller
master59029|Oct 01, 2015 8:10:18 PM hudson.model.DownloadService$Downloadable load
master59029|INFO: Obtained the updated data file for hudson.tasks.Ant.AntInstaller
master59029|Oct 01, 2015 8:10:20 PM hudson.model.DownloadService$Downloadable load
master59029|INFO: Obtained the updated data file for hudson.tools.JDKInstaller
master59029|Oct 01, 2015 8:10:20 PM hudson.model.AsyncPeriodicWork$1 run
master59029|INFO: Finished Download metadata. 7,244 ms
Jenkins is stopped
]]></system-out>
    <system-err><![CDATA[Oct 01, 2015 8:09:21 PM org.jenkinsci.test.acceptance.controller.LocalController startNow
INFO: Waiting for Jenkins to become running in http://127.0.0.1:59029/
Oct 01, 2015 8:10:14 PM org.jenkinsci.test.acceptance.controller.LocalController startNow
INFO: Jenkins is running in http://127.0.0.1:59029/
Oct 01, 2015 8:10:25 PM org.jenkinsci.test.acceptance.po.PluginManager installationStatus
INFO: plot is not installed
Oct 01, 2015 8:10:25 PM org.jenkinsci.test.acceptance.po.PluginManager installationStatus
INFO: plot is not installed
Oct 01, 2015 8:10:25 PM org.jenkinsci.test.acceptance.po.PluginManager installationStatus
INFO: plot@1.9 is not installed
]]></system-err>
  </testcase>
  <testcase name="postbuild_rendering_should_work" classname="plugins.PlotPluginTest" time="60.561">
    <error message="org.apache.http.entity.ContentType.create(Ljava/lang/String;[Lorg/apache/http/NameValuePair;)Lorg/apache/http/entity/ContentType;" type="java.lang.NoSuchMethodError">java.lang.NoSuchMethodError: org.apache.http.entity.ContentType.create(Ljava/lang/String;[Lorg/apache/http/NameValuePair;)Lorg/apache/http/entity/ContentType;
	at org.apache.http.entity.mime.MultipartEntityBuilder.buildEntity(MultipartEntityBuilder.java:209)
	at org.apache.http.entity.mime.MultipartEntityBuilder.build(MultipartEntityBuilder.java:230)
	at org.jenkinsci.test.acceptance.update_center.PluginMetadata.uploadTo(PluginMetadata.java:65)
	at org.jenkinsci.test.acceptance.po.PluginManager.installPlugins(PluginManager.java:173)
	at org.jenkinsci.test.acceptance.junit.WithPlugins$RuleImpl$1.doInstall(WithPlugins.java:139)
	at org.jenkinsci.test.acceptance.junit.WithPlugins$RuleImpl$1.installPlugins(WithPlugins.java:119)
	at org.jenkinsci.test.acceptance.junit.WithPlugins$RuleImpl$1.evaluate(WithPlugins.java:92)
	at org.jenkinsci.test.acceptance.junit.JenkinsAcceptanceTestRule$1$2$1.evaluate(JenkinsAcceptanceTestRule.java:129)
	at org.jenkinsci.test.acceptance.junit.FilterRule$1.evaluate(FilterRule.java:62)
	at org.jenkinsci.test.acceptance.junit.JenkinsAcceptanceTestRule$1.evaluate(JenkinsAcceptanceTestRule.java:55)
	at org.junit.runners.ParentRunner.runLeaf(ParentRunner.java:271)
	at org.junit.runners.BlockJUnit4ClassRunner.runChild(BlockJUnit4ClassRunner.java:70)
	at org.junit.runners.BlockJUnit4ClassRunner.runChild(BlockJUnit4ClassRunner.java:50)
	at org.junit.runners.ParentRunner$3.run(ParentRunner.java:238)
	at org.junit.runners.ParentRunner$1.schedule(ParentRunner.java:63)
	at org.junit.runners.ParentRunner.runChildren(ParentRunner.java:236)
	at org.junit.runners.ParentRunner.access$000(ParentRunner.java:53)
	at org.junit.runners.ParentRunner$2.evaluate(ParentRunner.java:229)
	at org.junit.runners.ParentRunner.run(ParentRunner.java:309)
	at org.apache.maven.surefire.junit4.JUnit4Provider.execute(JUnit4Provider.java:264)
	at org.apache.maven.surefire.junit4.JUnit4Provider.executeTestSet(JUnit4Provider.java:153)
	at org.apache.maven.surefire.junit4.JUnit4Provider.invoke(JUnit4Provider.java:124)
	at org.apache.maven.surefire.booter.ForkedBooter.invokeProviderInSameClassLoader(ForkedBooter.java:200)
	at org.apache.maven.surefire.booter.ForkedBooter.runSuitesInProcess(ForkedBooter.java:153)
	at org.apache.maven.surefire.booter.ForkedBooter.main(ForkedBooter.java:103)
</error>
    <system-out><![CDATA[testCaseResult=ru.yandex.qatools.allure.model.TestCaseResult@1fb6b8fb[
  name=generate_simple_plot
  title=<null>
  description=<null>
  failure=ru.yandex.qatools.allure.model.Failure@149d7cc6
  start=1443744561901
  stop=1443744626473
  status=BROKEN
  severity=<null>
  steps=[]
  attachments=[]
  labels=[ru.yandex.qatools.allure.model.Label@1a10c47e, ru.yandex.qatools.allure.model.Label@d49e8c6]
  parameters=<null>
]
testCaseResult={
   "start" : 1443744561901,
   "stop" : 1443744626473,
   "status" : "broken",
   "name" : "generate_simple_plot",
   "failure" : {
      "message" : "NoSuchMethodError: org.apache.http.entity.ContentType.create(Ljava/lang/String;[Lorg/apache/http/NameValuePair;)Lorg/apache/http/entity/ContentType;",
      "stack-trace" : "java.lang.NoSuchMethodError: org.apache.http.entity.ContentType.create(Ljava/lang/String;[Lorg/apache/http/NameValuePair;)Lorg/apache/http/entity/ContentType;\n\tat org.apache.http.entity.mime.MultipartEntityBuilder.buildEntity(MultipartEntityBuilder.java:209)\n\tat org.apache.http.entity.mime.MultipartEntityBuilder.build(MultipartEntityBuilder.java:230)\n\tat org.jenkinsci.test.acceptance.update_center.PluginMetadata.uploadTo(PluginMetadata.java:65)\n\tat org.jenkinsci.test.acceptance.po.PluginManager.installPlugins(PluginManager.java:173)\n\tat org.jenkinsci.test.acceptance.junit.WithPlugins$RuleImpl$1.doInstall(WithPlugins.java:139)\n\tat org.jenkinsci.test.acceptance.junit.WithPlugins$RuleImpl$1.installPlugins(WithPlugins.java:119)\n\tat org.jenkinsci.test.acceptance.junit.WithPlugins$RuleImpl$1.evaluate(WithPlugins.java:92)\n\tat org.jenkinsci.test.acceptance.junit.JenkinsAcceptanceTestRule$1$2$1.evaluate(JenkinsAcceptanceTestRule.java:129)\n\tat org.jenkinsci.test.acceptance.junit.FilterRule$1.evaluate(FilterRule.java:62)\n\tat org.jenkinsci.test.acceptance.junit.JenkinsAcceptanceTestRule$1.evaluate(JenkinsAcceptanceTestRule.java:55)\n\tat org.junit.runners.ParentRunner.runLeaf(ParentRunner.java:271)\n\tat org.junit.runners.BlockJUnit4ClassRunner.runChild(BlockJUnit4ClassRunner.java:70)\n\tat org.junit.runners.BlockJUnit4ClassRunner.runChild(BlockJUnit4ClassRunner.java:50)\n\tat org.junit.runners.ParentRunner$3.run(ParentRunner.java:238)\n\tat org.junit.runners.ParentRunner$1.schedule(ParentRunner.java:63)\n\tat org.junit.runners.ParentRunner.runChildren(ParentRunner.java:236)\n\tat org.junit.runners.ParentRunner.access$000(ParentRunner.java:53)\n\tat org.junit.runners.ParentRunner$2.evaluate(ParentRunner.java:229)\n\tat org.junit.runners.ParentRunner.run(ParentRunner.java:309)\n\tat org.apache.maven.surefire.junit4.JUnit4Provider.execute(JUnit4Provider.java:264)\n\tat org.apache.maven.surefire.junit4.JUnit4Provider.executeTestSet(JUnit4Provider.java:153)\n\tat org.apache.maven.surefire.junit4.JUnit4Provider.invoke(JUnit4Provider.java:124)\n\tat org.apache.maven.surefire.booter.ForkedBooter.invokeProviderInSameClassLoader(ForkedBooter.java:200)\n\tat org.apache.maven.surefire.booter.ForkedBooter.runSuitesInProcess(ForkedBooter.java:153)\n\tat org.apache.maven.surefire.booter.ForkedBooter.main(ForkedBooter.java:103)\n"
   },
   "steps" : {
      "step" : [ ]
   },
   "attachments" : {
      "attachment" : [ ]
   },
   "labels" : {
      "label" : [ {
         "name" : "host",
         "value" : "Abduls-MBP.home"
      }, {
         "name" : "thread",
         "value" : "35249@Abduls-MBP.home.main(1)"
      } ]
   }
}
testCase=ru.yandex.qatools.allure.model.TestCase@2712e8f4[
  _id=e66acf66-eb33-4702-8b2d-cd8e35729e5c
  executionId=745bfd3b-0516-4592-8852-a31b4b74d11f
  result=ru.yandex.qatools.allure.model.TestCaseResult@1fb6b8fb
]
testCase={
   "_id" : "e66acf66-eb33-4702-8b2d-cd8e35729e5c",
   "executionId" : "745bfd3b-0516-4592-8852-a31b4b74d11f",
   "result" : {
      "start" : 1443744561901,
      "stop" : 1443744626473,
      "status" : "broken",
      "name" : "generate_simple_plot",
      "failure" : {
         "message" : "NoSuchMethodError: org.apache.http.entity.ContentType.create(Ljava/lang/String;[Lorg/apache/http/NameValuePair;)Lorg/apache/http/entity/ContentType;",
         "stack-trace" : "java.lang.NoSuchMethodError: org.apache.http.entity.ContentType.create(Ljava/lang/String;[Lorg/apache/http/NameValuePair;)Lorg/apache/http/entity/ContentType;\n\tat org.apache.http.entity.mime.MultipartEntityBuilder.buildEntity(MultipartEntityBuilder.java:209)\n\tat org.apache.http.entity.mime.MultipartEntityBuilder.build(MultipartEntityBuilder.java:230)\n\tat org.jenkinsci.test.acceptance.update_center.PluginMetadata.uploadTo(PluginMetadata.java:65)\n\tat org.jenkinsci.test.acceptance.po.PluginManager.installPlugins(PluginManager.java:173)\n\tat org.jenkinsci.test.acceptance.junit.WithPlugins$RuleImpl$1.doInstall(WithPlugins.java:139)\n\tat org.jenkinsci.test.acceptance.junit.WithPlugins$RuleImpl$1.installPlugins(WithPlugins.java:119)\n\tat org.jenkinsci.test.acceptance.junit.WithPlugins$RuleImpl$1.evaluate(WithPlugins.java:92)\n\tat org.jenkinsci.test.acceptance.junit.JenkinsAcceptanceTestRule$1$2$1.evaluate(JenkinsAcceptanceTestRule.java:129)\n\tat org.jenkinsci.test.acceptance.junit.FilterRule$1.evaluate(FilterRule.java:62)\n\tat org.jenkinsci.test.acceptance.junit.JenkinsAcceptanceTestRule$1.evaluate(JenkinsAcceptanceTestRule.java:55)\n\tat org.junit.runners.ParentRunner.runLeaf(ParentRunner.java:271)\n\tat org.junit.runners.BlockJUnit4ClassRunner.runChild(BlockJUnit4ClassRunner.java:70)\n\tat org.junit.runners.BlockJUnit4ClassRunner.runChild(BlockJUnit4ClassRunner.java:50)\n\tat org.junit.runners.ParentRunner$3.run(ParentRunner.java:238)\n\tat org.junit.runners.ParentRunner$1.schedule(ParentRunner.java:63)\n\tat org.junit.runners.ParentRunner.runChildren(ParentRunner.java:236)\n\tat org.junit.runners.ParentRunner.access$000(ParentRunner.java:53)\n\tat org.junit.runners.ParentRunner$2.evaluate(ParentRunner.java:229)\n\tat org.junit.runners.ParentRunner.run(ParentRunner.java:309)\n\tat org.apache.maven.surefire.junit4.JUnit4Provider.execute(JUnit4Provider.java:264)\n\tat org.apache.maven.surefire.junit4.JUnit4Provider.executeTestSet(JUnit4Provider.java:153)\n\tat org.apache.maven.surefire.junit4.JUnit4Provider.invoke(JUnit4Provider.java:124)\n\tat org.apache.maven.surefire.booter.ForkedBooter.invokeProviderInSameClassLoader(ForkedBooter.java:200)\n\tat org.apache.maven.surefire.booter.ForkedBooter.runSuitesInProcess(ForkedBooter.java:153)\n\tat org.apache.maven.surefire.booter.ForkedBooter.main(ForkedBooter.java:103)\n"
      },
      "steps" : {
         "step" : [ ]
      },
      "attachments" : {
         "attachment" : [ ]
      },
      "labels" : {
         "label" : [ {
            "name" : "host",
            "value" : "Abduls-MBP.home"
         }, {
            "name" : "thread",
            "value" : "35249@Abduls-MBP.home.main(1)"
         } ]
      }
   }
}
>>>REQUEST: /testdb/TestCase
[WARN] [10/01/2015 20:10:26.488] [default-akka.actor.default-dispatcher-142] [ActorSystem(default)] Illegal response header: Illegal 'etag' header: Invalid input '5', expected 'W' or '"' (line 1, column 1): 560dcb72fbeaf7a200c9bf9a
^
<<<RESPONSE (201 Created): /testdb/TestCase
running with given plugins: []
=== Starting postbuild_rendering_should_work(plugins.PlotPluginTest)
Starting Jenkins: JAVA_HOME=/Library/Java/JavaVirtualMachines/jdk1.8.0_60.jdk/Contents/Home JENKINS_HOME=/Users/abduljewel/Documents/c/spiderqa/sample-test-projects/acceptance-test-harness/target/jenkins2178614864147814102home /Library/Java/JavaVirtualMachines/jdk1.8.0_60.jdk/Contents/Home/bin/java -Duser.language=en -jar ./jenkins.war --ajp13Port=-1 --httpPort=65492
master65492|Running from: /Users/abduljewel/Documents/c/spiderqa/sample-test-projects/acceptance-test-harness/jenkins.war
master65492|webroot: EnvVars.masterEnvVars.get("JENKINS_HOME")
master65492|Oct 01, 2015 8:10:27 PM winstone.Logger logInternal
master65492|INFO: Beginning extraction from war file
master65492|Oct 01, 2015 8:10:31 PM org.eclipse.jetty.util.log.JavaUtilLog info
master65492|INFO: jetty-winstone-2.8
master65492|Oct 01, 2015 8:10:35 PM org.eclipse.jetty.util.log.JavaUtilLog info
master65492|INFO: NO JSP Support for , did not find org.apache.jasper.servlet.JspServlet
master65492|Jenkins home directory: /Users/abduljewel/Documents/c/spiderqa/sample-test-projects/acceptance-test-harness/target/jenkins2178614864147814102home found at: EnvVars.masterEnvVars.get("JENKINS_HOME")
master65492|Oct 01, 2015 8:10:38 PM org.eclipse.jetty.util.log.JavaUtilLog info
master65492|INFO: Started SelectChannelConnector@0.0.0.0:65492
master65492|Oct 01, 2015 8:10:38 PM winstone.Logger logInternal
master65492|INFO: Winstone Servlet Engine v2.0 running: controlPort=disabled
master65492|Oct 01, 2015 8:10:38 PM jenkins.InitReactorRunner$1 onAttained
master65492|INFO: Started initialization
master65492|Oct 01, 2015 8:11:08 PM jenkins.InitReactorRunner$1 onAttained
master65492|INFO: Listed all plugins
master65492|Oct 01, 2015 8:11:08 PM jenkins.InitReactorRunner$1 onAttained
master65492|INFO: Prepared all plugins
master65492|Oct 01, 2015 8:11:08 PM jenkins.InitReactorRunner$1 onAttained
master65492|INFO: Started all plugins
master65492|Oct 01, 2015 8:11:08 PM jenkins.InitReactorRunner$1 onAttained
master65492|INFO: Augmented all extensions
master65492|Oct 01, 2015 8:11:13 PM jenkins.InitReactorRunner$1 onAttained
master65492|INFO: Loaded all jobs
master65492|Oct 01, 2015 8:11:17 PM hudson.model.AsyncPeriodicWork$1 run
master65492|INFO: Started Download metadata
master65492|Oct 01, 2015 8:11:18 PM org.jenkinsci.main.modules.sshd.SSHD start
master65492|INFO: Started SSHD at port 62471
master65492|Oct 01, 2015 8:11:18 PM jenkins.InitReactorRunner$1 onAttained
master65492|INFO: Completed initialization
master65492|Oct 01, 2015 8:11:18 PM hudson.UDPBroadcastThread run
master65492|WARNING: UDP handling problem
master65492|java.net.SocketException: Can't assign requested address
master65492|	at java.net.PlainDatagramSocketImpl.join(Native Method)
master65492|	at java.net.AbstractPlainDatagramSocketImpl.join(AbstractPlainDatagramSocketImpl.java:179)
master65492|	at java.net.MulticastSocket.joinGroup(MulticastSocket.java:323)
master65492|	at hudson.UDPBroadcastThread.run(UDPBroadcastThread.java:77)
master65492|
master65492|Oct 01, 2015 8:11:18 PM hudson.WebAppMain$3 run
master65492|INFO: Jenkins is fully up and running
master65492|Oct 01, 2015 8:11:21 PM hudson.model.UpdateSite updateData
master65492|INFO: Obtained the latest update center data file for UpdateSource default
master65492|Oct 01, 2015 8:11:22 PM hudson.model.DownloadService$Downloadable load
master65492|INFO: Obtained the updated data file for hudson.tasks.Maven.MavenInstaller
master65492|Oct 01, 2015 8:11:22 PM hudson.model.DownloadService$Downloadable load
master65492|INFO: Obtained the updated data file for hudson.tasks.Ant.AntInstaller
master65492|Oct 01, 2015 8:11:23 PM hudson.model.DownloadService$Downloadable load
master65492|INFO: Obtained the updated data file for hudson.tools.JDKInstaller
master65492|Oct 01, 2015 8:11:23 PM hudson.model.AsyncPeriodicWork$1 run
master65492|INFO: Finished Download metadata. 5,984 ms
Jenkins is stopped
]]></system-out>
    <system-err><![CDATA[Oct 01, 2015 8:10:26 PM org.jenkinsci.test.acceptance.controller.LocalController startNow
INFO: Waiting for Jenkins to become running in http://127.0.0.1:65492/
Oct 01, 2015 8:11:18 PM org.jenkinsci.test.acceptance.controller.LocalController startNow
INFO: Jenkins is running in http://127.0.0.1:65492/
Oct 01, 2015 8:11:26 PM org.jenkinsci.test.acceptance.po.PluginManager installationStatus
INFO: plot is not installed
Oct 01, 2015 8:11:26 PM org.jenkinsci.test.acceptance.po.PluginManager installationStatus
INFO: plot is not installed
Oct 01, 2015 8:11:26 PM org.jenkinsci.test.acceptance.po.PluginManager installationStatus
INFO: plot@1.9 is not installed
]]></system-err>
  </testcase>
</testsuite>